Fold 0
Model 0 best validation mae = 5.665683 on epoch 281
Model 0 test mae = 6.575450
Ensemble test mae = 6.575450
Fold 1
Model 0 best validation mae = 6.083319 on epoch 229
Model 0 test mae = 6.350785
Ensemble test mae = 6.350785
Fold 2
Model 0 best validation mae = 5.984271 on epoch 288
Model 0 test mae = 5.757579
Ensemble test mae = 5.757579
Fold 3
Model 0 best validation mae = 5.881069 on epoch 272
Model 0 test mae = 5.705163
Ensemble test mae = 5.705163
Fold 4
Model 0 best validation mae = 6.035405 on epoch 271
Model 0 test mae = 6.182460
Ensemble test mae = 6.182460
Fold 5
Model 0 best validation mae = 5.864258 on epoch 291
Model 0 test mae = 5.817459
Ensemble test mae = 5.817459
Fold 6
Model 0 best validation mae = 5.553770 on epoch 156
Model 0 test mae = 5.988870
Ensemble test mae = 5.988870
Fold 7
Model 0 best validation mae = 6.037285 on epoch 206
Model 0 test mae = 6.035619
Ensemble test mae = 6.035619
Fold 8
Model 0 best validation mae = 5.870072 on epoch 222
Model 0 test mae = 6.525843
Ensemble test mae = 6.525843
Fold 9
Model 0 best validation mae = 5.754417 on epoch 292
Model 0 test mae = 6.222907
Ensemble test mae = 6.222907
10-fold cross validation
	Seed 0 ==> test mae = 6.575450
	Seed 1 ==> test mae = 6.350785
	Seed 2 ==> test mae = 5.757579
	Seed 3 ==> test mae = 5.705163
	Seed 4 ==> test mae = 6.182460
	Seed 5 ==> test mae = 5.817459
	Seed 6 ==> test mae = 5.988870
	Seed 7 ==> test mae = 6.035619
	Seed 8 ==> test mae = 6.525843
	Seed 9 ==> test mae = 6.222907
Overall test mae = 6.116213 +/- 0.293093
Elapsed time = 20:21:56
