Fold 0
Model 0 best validation mae = 4.976483 on epoch 273
Model 0 test mae = 3.816653
Ensemble test mae = 3.816653
Fold 1
Model 0 best validation mae = 4.639098 on epoch 268
Model 0 test mae = 5.427804
Ensemble test mae = 5.427804
Fold 2
Model 0 best validation mae = 4.547215 on epoch 285
Model 0 test mae = 5.288988
Ensemble test mae = 5.288988
Fold 3
Model 0 best validation mae = 4.914147 on epoch 126
Model 0 test mae = 5.465622
Ensemble test mae = 5.465622
Fold 4
Model 0 best validation mae = 5.047479 on epoch 126
Model 0 test mae = 4.809232
Ensemble test mae = 4.809232
Fold 5
Model 0 best validation mae = 3.984270 on epoch 237
Model 0 test mae = 5.175433
Ensemble test mae = 5.175433
Fold 6
Model 0 best validation mae = 4.928123 on epoch 200
Model 0 test mae = 5.258535
Ensemble test mae = 5.258535
Fold 7
Model 0 best validation mae = 6.144496 on epoch 293
Model 0 test mae = 5.051001
Ensemble test mae = 5.051001
Fold 8
Model 0 best validation mae = 4.490161 on epoch 269
Model 0 test mae = 4.681768
Ensemble test mae = 4.681768
Fold 9
Model 0 best validation mae = 4.570001 on epoch 242
Model 0 test mae = 5.495190
Ensemble test mae = 5.495190
10-fold cross validation
	Seed 0 ==> test mae = 3.816653
	Seed 1 ==> test mae = 5.427804
	Seed 2 ==> test mae = 5.288988
	Seed 3 ==> test mae = 5.465622
	Seed 4 ==> test mae = 4.809232
	Seed 5 ==> test mae = 5.175433
	Seed 6 ==> test mae = 5.258535
	Seed 7 ==> test mae = 5.051001
	Seed 8 ==> test mae = 4.681768
	Seed 9 ==> test mae = 5.495190
Overall test mae = 5.047023 +/- 0.484214
Elapsed time = 20:24:19
