Fold 0
Model 0 best validation mae = 1.289680 on epoch 25
Model 0 test mae = 1.730642
Ensemble test mae = 1.730642
Fold 1
Model 0 best validation mae = 1.441136 on epoch 10
Model 0 test mae = 1.708888
Ensemble test mae = 1.708888
Fold 2
Model 0 best validation mae = 1.501262 on epoch 11
Model 0 test mae = 1.612162
Ensemble test mae = 1.612162
Fold 3
Model 0 best validation mae = 1.705615 on epoch 102
Model 0 test mae = 1.595649
Ensemble test mae = 1.595649
Fold 4
Model 0 best validation mae = 1.290955 on epoch 118
Model 0 test mae = 1.447467
Ensemble test mae = 1.447467
Fold 5
Model 0 best validation mae = 1.548443 on epoch 40
Model 0 test mae = 1.504733
Ensemble test mae = 1.504733
Fold 6
Model 0 best validation mae = 1.399854 on epoch 11
Model 0 test mae = 1.769032
Ensemble test mae = 1.769032
Fold 7
Model 0 best validation mae = 1.697561 on epoch 20
Model 0 test mae = 1.563495
Ensemble test mae = 1.563495
Fold 8
Model 0 best validation mae = 1.528104 on epoch 33
Model 0 test mae = 1.570753
Ensemble test mae = 1.570753
Fold 9
Model 0 best validation mae = 1.479442 on epoch 33
Model 0 test mae = 1.551501
Ensemble test mae = 1.551501
10-fold cross validation
	Seed 0 ==> test mae = 1.730642
	Seed 1 ==> test mae = 1.708888
	Seed 2 ==> test mae = 1.612162
	Seed 3 ==> test mae = 1.595649
	Seed 4 ==> test mae = 1.447467
	Seed 5 ==> test mae = 1.504733
	Seed 6 ==> test mae = 1.769032
	Seed 7 ==> test mae = 1.563495
	Seed 8 ==> test mae = 1.570753
	Seed 9 ==> test mae = 1.551501
Overall test mae = 1.605432 +/- 0.097082
Elapsed time = 1:36:09
