Fold 0
Model 0 best validation mae = 1.297023 on epoch 30
Model 0 test mae = 1.736917
Ensemble test mae = 1.736917
Fold 1
Model 0 best validation mae = 1.429076 on epoch 34
Model 0 test mae = 1.765671
Ensemble test mae = 1.765671
Fold 2
Model 0 best validation mae = 1.513803 on epoch 19
Model 0 test mae = 1.631982
Ensemble test mae = 1.631982
Fold 3
Model 0 best validation mae = 1.701007 on epoch 129
Model 0 test mae = 1.580302
Ensemble test mae = 1.580302
Fold 4
Model 0 best validation mae = 1.284950 on epoch 81
Model 0 test mae = 1.301684
Ensemble test mae = 1.301684
Fold 5
Model 0 best validation mae = 1.538222 on epoch 59
Model 0 test mae = 1.505001
Ensemble test mae = 1.505001
Fold 6
Model 0 best validation mae = 1.398968 on epoch 18
Model 0 test mae = 1.780454
Ensemble test mae = 1.780454
Fold 7
Model 0 best validation mae = 1.745282 on epoch 64
Model 0 test mae = 1.376393
Ensemble test mae = 1.376393
Fold 8
Model 0 best validation mae = 1.505650 on epoch 60
Model 0 test mae = 1.663202
Ensemble test mae = 1.663202
Fold 9
Model 0 best validation mae = 1.484380 on epoch 22
Model 0 test mae = 1.532198
Ensemble test mae = 1.532198
10-fold cross validation
	Seed 0 ==> test mae = 1.736917
	Seed 1 ==> test mae = 1.765671
	Seed 2 ==> test mae = 1.631982
	Seed 3 ==> test mae = 1.580302
	Seed 4 ==> test mae = 1.301684
	Seed 5 ==> test mae = 1.505001
	Seed 6 ==> test mae = 1.780454
	Seed 7 ==> test mae = 1.376393
	Seed 8 ==> test mae = 1.663202
	Seed 9 ==> test mae = 1.532198
Overall test mae = 1.587380 +/- 0.153357
Elapsed time = 1:59:12
