Fold 0
Model 0 best validation mae = 1.288946 on epoch 49
Model 0 test mae = 1.761678
Ensemble test mae = 1.761678
Fold 1
Model 0 best validation mae = 1.455786 on epoch 41
Model 0 test mae = 1.753159
Ensemble test mae = 1.753159
Fold 2
Model 0 best validation mae = 1.507026 on epoch 9
Model 0 test mae = 1.615819
Ensemble test mae = 1.615819
Fold 3
Model 0 best validation mae = 1.715799 on epoch 158
Model 0 test mae = 1.595756
Ensemble test mae = 1.595756
Fold 4
Model 0 best validation mae = 1.274667 on epoch 3
Model 0 test mae = 1.357425
Ensemble test mae = 1.357425
Fold 5
Model 0 best validation mae = 1.549265 on epoch 45
Model 0 test mae = 1.496507
Ensemble test mae = 1.496507
Fold 6
Model 0 best validation mae = 1.419370 on epoch 12
Model 0 test mae = 1.707355
Ensemble test mae = 1.707355
Fold 7
Model 0 best validation mae = 1.680374 on epoch 12
Model 0 test mae = 1.474529
Ensemble test mae = 1.474529
Fold 8
Model 0 best validation mae = 1.493812 on epoch 16
Model 0 test mae = 1.577777
Ensemble test mae = 1.577777
Fold 9
Model 0 best validation mae = 1.484870 on epoch 9
Model 0 test mae = 1.461532
Ensemble test mae = 1.461532
10-fold cross validation
	Seed 0 ==> test mae = 1.761678
	Seed 1 ==> test mae = 1.753159
	Seed 2 ==> test mae = 1.615819
	Seed 3 ==> test mae = 1.595756
	Seed 4 ==> test mae = 1.357425
	Seed 5 ==> test mae = 1.496507
	Seed 6 ==> test mae = 1.707355
	Seed 7 ==> test mae = 1.474529
	Seed 8 ==> test mae = 1.577777
	Seed 9 ==> test mae = 1.461532
Overall test mae = 1.580154 +/- 0.127442
Elapsed time = 1:02:12
