Fold 0
Model 0 best validation mae = 4.189200 on epoch 272
Model 0 test mae = 4.661370
Ensemble test mae = 4.661370
Fold 1
Model 0 best validation mae = 4.197776 on epoch 182
Model 0 test mae = 4.411236
Ensemble test mae = 4.411236
Fold 2
Model 0 best validation mae = 4.132297 on epoch 203
Model 0 test mae = 4.433746
Ensemble test mae = 4.433746
Fold 3
Model 0 best validation mae = 4.269689 on epoch 274
Model 0 test mae = 4.196192
Ensemble test mae = 4.196192
Fold 4
Model 0 best validation mae = 4.289097 on epoch 299
Model 0 test mae = 4.198015
Ensemble test mae = 4.198015
Fold 5
Model 0 best validation mae = 3.828430 on epoch 267
Model 0 test mae = 4.219058
Ensemble test mae = 4.219058
Fold 6
Model 0 best validation mae = 4.079296 on epoch 231
Model 0 test mae = 4.469078
Ensemble test mae = 4.469078
Fold 7
Model 0 best validation mae = 4.393229 on epoch 239
Model 0 test mae = 4.353791
Ensemble test mae = 4.353791
Fold 8
Model 0 best validation mae = 4.308829 on epoch 281
Model 0 test mae = 4.380550
Ensemble test mae = 4.380550
Fold 9
Model 0 best validation mae = 4.498907 on epoch 222
Model 0 test mae = 4.669266
Ensemble test mae = 4.669266
10-fold cross validation
	Seed 0 ==> test mae = 4.661370
	Seed 1 ==> test mae = 4.411236
	Seed 2 ==> test mae = 4.433746
	Seed 3 ==> test mae = 4.196192
	Seed 4 ==> test mae = 4.198015
	Seed 5 ==> test mae = 4.219058
	Seed 6 ==> test mae = 4.469078
	Seed 7 ==> test mae = 4.353791
	Seed 8 ==> test mae = 4.380550
	Seed 9 ==> test mae = 4.669266
Overall test mae = 4.399230 +/- 0.162616
Elapsed time = 1 day, 3:25:55
