Fold 0
Model 0 best validation mae = 2.398974 on epoch 45
Model 0 test mae = 2.667031
Ensemble test mae = 2.667031
Fold 1
Model 0 best validation mae = 2.817769 on epoch 25
Model 0 test mae = 2.673552
Ensemble test mae = 2.673552
Fold 2
Model 0 best validation mae = 2.613200 on epoch 33
Model 0 test mae = 2.840436
Ensemble test mae = 2.840436
Fold 3
Model 0 best validation mae = 2.254394 on epoch 43
Model 0 test mae = 2.886673
Ensemble test mae = 2.886673
Fold 4
Model 0 best validation mae = 2.593956 on epoch 37
Model 0 test mae = 2.917355
Ensemble test mae = 2.917355
Fold 5
Model 0 best validation mae = 2.697077 on epoch 46
Model 0 test mae = 2.667454
Ensemble test mae = 2.667454
Fold 6
Model 0 best validation mae = 2.503734 on epoch 265
Model 0 test mae = 2.633515
Ensemble test mae = 2.633515
Fold 7
Model 0 best validation mae = 2.527216 on epoch 38
Model 0 test mae = 2.451798
Ensemble test mae = 2.451798
Fold 8
Model 0 best validation mae = 2.682658 on epoch 260
Model 0 test mae = 2.572086
Ensemble test mae = 2.572086
Fold 9
Model 0 best validation mae = 2.787810 on epoch 41
Model 0 test mae = 2.738410
Ensemble test mae = 2.738410
10-fold cross validation
	Seed 0 ==> test mae = 2.667031
	Seed 1 ==> test mae = 2.673552
	Seed 2 ==> test mae = 2.840436
	Seed 3 ==> test mae = 2.886673
	Seed 4 ==> test mae = 2.917355
	Seed 5 ==> test mae = 2.667454
	Seed 6 ==> test mae = 2.633515
	Seed 7 ==> test mae = 2.451798
	Seed 8 ==> test mae = 2.572086
	Seed 9 ==> test mae = 2.738410
Overall test mae = 2.704831 +/- 0.137218
Elapsed time = 4:25:09
