Fold 0
Model 0 best validation mae = 2.665100 on epoch 35
Model 0 test mae = 2.938911
Ensemble test mae = 2.938911
Fold 1
Model 0 best validation mae = 3.020880 on epoch 41
Model 0 test mae = 2.898344
Ensemble test mae = 2.898344
Fold 2
Model 0 best validation mae = 2.792128 on epoch 71
Model 0 test mae = 3.079478
Ensemble test mae = 3.079478
Fold 3
Model 0 best validation mae = 2.866980 on epoch 152
Model 0 test mae = 2.996638
Ensemble test mae = 2.996638
Fold 4
Model 0 best validation mae = 2.755856 on epoch 45
Model 0 test mae = 2.732714
Ensemble test mae = 2.732714
Fold 5
Model 0 best validation mae = 2.730197 on epoch 65
Model 0 test mae = 2.632453
Ensemble test mae = 2.632453
Fold 6
Model 0 best validation mae = 2.839041 on epoch 59
Model 0 test mae = 2.543033
Ensemble test mae = 2.543033
Fold 7
Model 0 best validation mae = 2.711350 on epoch 262
Model 0 test mae = 3.025245
Ensemble test mae = 3.025245
Fold 8
Model 0 best validation mae = 3.222057 on epoch 290
Model 0 test mae = 2.478233
Ensemble test mae = 2.478233
Fold 9
Model 0 best validation mae = 2.378830 on epoch 87
Model 0 test mae = 2.727530
Ensemble test mae = 2.727530
10-fold cross validation
	Seed 0 ==> test mae = 2.938911
	Seed 1 ==> test mae = 2.898344
	Seed 2 ==> test mae = 3.079478
	Seed 3 ==> test mae = 2.996638
	Seed 4 ==> test mae = 2.732714
	Seed 5 ==> test mae = 2.632453
	Seed 6 ==> test mae = 2.543033
	Seed 7 ==> test mae = 3.025245
	Seed 8 ==> test mae = 2.478233
	Seed 9 ==> test mae = 2.727530
Overall test mae = 2.805258 +/- 0.200903
Elapsed time = 4:25:44
