Fold 0
Model 0 best validation mae = 1.301724 on epoch 30
Model 0 test mae = 1.748623
Ensemble test mae = 1.748623
Fold 1
Model 0 best validation mae = 1.418427 on epoch 17
Model 0 test mae = 1.771804
Ensemble test mae = 1.771804
Fold 2
Model 0 best validation mae = 1.491684 on epoch 21
Model 0 test mae = 1.633040
Ensemble test mae = 1.633040
Fold 3
Model 0 best validation mae = 1.712589 on epoch 147
Model 0 test mae = 1.600356
Ensemble test mae = 1.600356
Fold 4
Model 0 best validation mae = 1.288804 on epoch 146
Model 0 test mae = 1.324849
Ensemble test mae = 1.324849
Fold 5
Model 0 best validation mae = 1.542866 on epoch 59
Model 0 test mae = 1.512917
Ensemble test mae = 1.512917
Fold 6
Model 0 best validation mae = 1.389244 on epoch 36
Model 0 test mae = 1.728046
Ensemble test mae = 1.728046
Fold 7
Model 0 best validation mae = 1.763649 on epoch 122
Model 0 test mae = 1.389622
Ensemble test mae = 1.389622
Fold 8
Model 0 best validation mae = 1.515318 on epoch 84
Model 0 test mae = 1.595748
Ensemble test mae = 1.595748
Fold 9
Model 0 best validation mae = 1.474703 on epoch 33
Model 0 test mae = 1.556465
Ensemble test mae = 1.556465
10-fold cross validation
	Seed 0 ==> test mae = 1.748623
	Seed 1 ==> test mae = 1.771804
	Seed 2 ==> test mae = 1.633040
	Seed 3 ==> test mae = 1.600356
	Seed 4 ==> test mae = 1.324849
	Seed 5 ==> test mae = 1.512917
	Seed 6 ==> test mae = 1.728046
	Seed 7 ==> test mae = 1.389622
	Seed 8 ==> test mae = 1.595748
	Seed 9 ==> test mae = 1.556465
Overall test mae = 1.586147 +/- 0.140228
Elapsed time = 3:11:16
