Fold 0
Model 0 best validation mae = 2.473583 on epoch 49
Model 0 test mae = 3.055176
Ensemble test mae = 3.055176
Fold 1
Model 0 best validation mae = 2.959408 on epoch 38
Model 0 test mae = 2.612873
Ensemble test mae = 2.612873
Fold 2
Model 0 best validation mae = 2.846989 on epoch 99
Model 0 test mae = 2.903886
Ensemble test mae = 2.903886
Fold 3
Model 0 best validation mae = 2.434907 on epoch 48
Model 0 test mae = 3.003397
Ensemble test mae = 3.003397
Fold 4
Model 0 best validation mae = 2.668290 on epoch 150
Model 0 test mae = 2.996859
Ensemble test mae = 2.996859
Fold 5
Model 0 best validation mae = 2.853963 on epoch 48
Model 0 test mae = 2.838062
Ensemble test mae = 2.838062
Fold 6
Model 0 best validation mae = 2.653554 on epoch 33
Model 0 test mae = 2.792220
Ensemble test mae = 2.792220
Fold 7
Model 0 best validation mae = 2.730033 on epoch 86
Model 0 test mae = 2.530836
Ensemble test mae = 2.530836
Fold 8
Model 0 best validation mae = 2.893419 on epoch 76
Model 0 test mae = 2.654851
Ensemble test mae = 2.654851
Fold 9
Model 0 best validation mae = 2.957979 on epoch 58
Model 0 test mae = 2.836755
Ensemble test mae = 2.836755
10-fold cross validation
	Seed 0 ==> test mae = 3.055176
	Seed 1 ==> test mae = 2.612873
	Seed 2 ==> test mae = 2.903886
	Seed 3 ==> test mae = 3.003397
	Seed 4 ==> test mae = 2.996859
	Seed 5 ==> test mae = 2.838062
	Seed 6 ==> test mae = 2.792220
	Seed 7 ==> test mae = 2.530836
	Seed 8 ==> test mae = 2.654851
	Seed 9 ==> test mae = 2.836755
Overall test mae = 2.822491 +/- 0.168037
Elapsed time = 7:39:18
