namespace(experiment_name='final-cv', wandb_name='cv10-LP-proparg-ns64-nv16-d16-layers3-vector-diff-node-truemapping', device='cuda', logdir='/scratch/izar/briling/cv', checkpoint=None, CV=1, num_epochs=512, seed=123, verbose=False, process=False, subset=None, max_neighbors=50, n_s=64, n_v=16, n_conv_layers=3, distance_emb_dim=16, radius=5.0, dropout_p=0.1, attention=None, sum_mode='node', graph_mode='vector', dataset='proparg', combine_mode='diff', atom_mapping=True, rxnmapper=False, random_baseline=False, two_layers_atom_diff=True, noH=False, reverse=False, split_complexes=False, xtb=False, lr=0.001, weight_decay=1e-05)

namespace(experiment_name=None, wandb_name=None, device='cuda', logdir='logs/evaluation', checkpoint='/home/briling/scratch/cv/final-cv-proparg/230928-010323.163867-briling.best_checkpoint.pt', CV=1, num_epochs=95, seed=123, verbose=False, process=False, subset=None, max_neighbors=50, n_s=64, n_v=16, n_conv_layers=3, distance_emb_dim=16, radius=5.0, dropout_p=0.1, attention=None, sum_mode='node', graph_mode='vector', dataset='proparg', combine_mode='diff', atom_mapping=True, rxnmapper=False, random_baseline=False, two_layers_atom_diff=True, noH=False, reverse=False, split_complexes=False, xtb=False, lr=0.001, weight_decay=1e-05, eval_on_test_split=True, semiempirical=False)

Running on device cuda:0
Loading data into memory...
dataset_prefix='data_fixarom_smiles'
Coords and graphs successfully read from data/proparg/processed//
Data stdev 2.1798

CV iter 1/1
Using random splits
total / train / test / val: 753 678 38 37
trainable params in model:  4329094
Log directory: logs/evaluation
checkpoint: /home/briling/scratch/cv/final-cv-proparg/230928-010323.163867-briling.best_checkpoint.pt
num epochs: 95
eval_per_epochs: 0
patience: 150
minimum_epochs: 0
models_to_save: []
clip_grad: 100
log_iterations: 100
lr: 0.001
weight decay: 1e-05
lr scheduler: <class 'torch.optim.lr_scheduler.ReduceLROnPlateau'>
factor: 0.6
min_lr: 8e-06
mode: max
lr_scheduler_patience: 60
lr_verbose: True
In trainer, metrics is {'mae': MAE()} and std is 2.1798295067663513
Statistics on val_best_checkpoint
mae: 0.34374816019878757
MSELoss: 0.09880509725771844
mean_pred: -0.06326891034841538
std_pred: 1.0180687427520752
mean_targets: -0.030800524353981017
std_targets: 1.106097400188446
Evaluating on test, with test size:  38
Statistics on test_split_1
mae: 0.30161687262379777
MSELoss: 0.034528961032629014
mean_pred: 0.21790266633033753
std_pred: 1.1300455451011657
mean_targets: 0.26718281507492064
std_targets: 1.1969885110855103
>>> 465 0.7463919 0.78999364
>>> 530 2.6719604 2.2296634
>>> 305 -0.5075737 -0.5933866
>>> 434 -1.307567 -1.1868932
>>> 537 0.10300043 0.20091873
>>> 357 -0.97104585 -0.5672453
>>> 186 1.6552004 1.7038922
>>> 555 2.1506262 1.9077544
>>> 129 -1.3447022 -1.2918869
>>> 359 -0.03690482 -0.13053727
>>> 244 -1.3343389 -1.3922615
>>> 255 -0.42121246 -0.4420094
>>> 390 0.6709697 0.7428935
>>> 154 -1.4549569 -1.2470913
>>> 371 -0.5317549 -0.5716382
>>> 751 0.79101187 1.0666718
>>> 582 0.6542732 0.7000466
>>> 712 1.9076631 1.4838817
>>> 158 -0.28303444 -0.25193954
>>> 708 0.044274773 0.07877648
>>> 271 -0.038919915 0.050700463
>>> 484 -0.9670157 -1.1625284
>>> 146 0.13639346 0.28556022
>>> 394 1.6649879 1.500512
>>> 418 -0.43359092 -0.43536592
>>> 576 1.9534346 1.7990466
>>> 744 -1.3280058 -1.4942666
>>> 680 -0.5464363 -0.56632096
>>> 588 -0.04064714 -0.01781968
>>> 290 1.3972679 1.4270093
>>> 411 0.46370268 0.13610855
>>> 630 1.5748843 1.3816185
>>> 213 0.024411682 -0.12271673
>>> 358 1.8152565 1.4347392
>>> 180 -1.1630558 -1.2344074
>>> 380 1.4571451 1.4898452
>>> 99 -1.285113 -1.275765
>>> 135 1.8880879 1.644992

Mean MAE across splits 0.30161687262379777 +- 0.0
delta MAE: 2.60e-08
