namespace(experiment_name='final-cv', wandb_name='cv10-LP-gdb-ns64-nv64-d48-layers3-vector-diff-node-truemapping', device='cuda', logdir='/scratch/izar/briling/cv', checkpoint=None, CV=1, num_epochs=512, seed=123, verbose=False, process=False, subset=None, max_neighbors=50, n_s=64, n_v=64, n_conv_layers=3, distance_emb_dim=48, radius=2.5, dropout_p=0.05, attention=None, sum_mode='node', graph_mode='vector', dataset='gdb', combine_mode='diff', atom_mapping=True, rxnmapper=False, random_baseline=False, two_layers_atom_diff=True, noH=False, reverse=False, split_complexes=False, xtb=False, semiempirical=False, lr=0.001, weight_decay=1e-05)

namespace(experiment_name=None, wandb_name=None, device='cuda', logdir='logs/evaluation', checkpoint='/home/briling/scratch/cv/final-cv-gdb/230929-105703.945829-briling.best_checkpoint.pt', CV=1, num_epochs=399, seed=123, verbose=False, process=False, subset=None, max_neighbors=50, n_s=64, n_v=64, n_conv_layers=3, distance_emb_dim=48, radius=2.5, dropout_p=0.05, attention=None, sum_mode='node', graph_mode='vector', dataset='gdb', combine_mode='diff', atom_mapping=True, rxnmapper=False, random_baseline=False, two_layers_atom_diff=True, noH=False, reverse=False, split_complexes=False, xtb=False, semiempirical=False, lr=0.001, weight_decay=1e-05, eval_on_test_split=True)

Running on device cuda:0
csv_path='data/gdb7-22-ts/ccsdtf12_dz_cleaned.csv'
dataset_prefix='ccsdtf12_dz_cleaned.v10'
Loading data into memory...
Coords and graphs successfully read from data/gdb7-22-ts/processed//
Data stdev 21.8149

CV iter 1/1
Using random splits
total / train / test / val: 11883 10695 594 594
trainable params in model:  14564742
Log directory: logs/evaluation
checkpoint: /home/briling/scratch/cv/final-cv-gdb/230929-105703.945829-briling.best_checkpoint.pt
num epochs: 399
eval_per_epochs: 0
patience: 150
minimum_epochs: 0
models_to_save: []
clip_grad: 100
log_iterations: 100
lr: 0.001
weight decay: 1e-05
lr scheduler: <class 'torch.optim.lr_scheduler.ReduceLROnPlateau'>
factor: 0.6
min_lr: 8e-06
mode: max
lr_scheduler_patience: 60
lr_verbose: True
In trainer, metrics is {'mae': MAE()} and std is 21.81486949294456
Statistics on val_best_checkpoint
mae: 4.819605432545584
MSELoss: 0.1535659776534885
mean_pred: -0.016752204646666845
std_pred: 0.8833168970048427
mean_targets: 0.00898733968536059
std_targets: 0.9710322751601537
Evaluating on test, with test size:  594
Statistics on test_split_1
mae: 4.423527014762959
MSELoss: 0.1274280784651637
mean_pred: -0.043614989717801415
std_pred: 0.8756844361623128
mean_targets: -0.02112169032295545
std_targets: 0.9307611461480458
>>> 10977 1.2106901 1.0572792
>>> 2934 1.1796814 1.2074517
>>> 5169 -1.7158455 -1.6175023
>>> 3207 0.70273244 0.5358474
>>> 8640 0.0401188 -0.19556198
>>> 11359 1.3016707 1.4225556
>>> 11324 0.29032567 -0.18735
>>> 8200 -0.91119885 -0.93383306
>>> 2105 0.2688802 0.3521101
>>> 9394 -0.05252764 -0.1759302
>>> 5766 -0.1755694 -0.20959972
>>> 11368 -0.39927873 -0.09649713
>>> 6163 -0.5495684 -0.8319805
>>> 676 1.7629051 1.4148959
>>> 2459 -1.1251602 -0.6090934
>>> 7678 0.6884491 0.67572993
>>> 6447 -0.3279164 -0.24136347
>>> 5011 -0.011985112 -0.04699132
>>> 526 -0.3058828 -0.28081274
>>> 3052 -0.9277412 -0.9278597
>>> 3199 1.1345439 1.2056978
>>> 4817 1.3646979 1.2090952
>>> 6980 1.5862817 0.64572513
>>> 5529 -1.1994128 -1.1627886
>>> 1874 1.8751149 1.3744068
>>> 7616 0.8934193 -0.092704475
>>> 11484 0.6927842 0.84933746
>>> 3579 0.6136276 0.5826652
>>> 11796 -0.68719155 -0.6258514
>>> 6122 0.034782987 0.012629464
>>> 6752 -1.1035099 -0.7714575
>>> 10385 0.44757894 0.4977628
>>> 4098 -0.020859335 -0.13239567
>>> 7346 -0.12547009 -0.058268785
>>> 5840 -0.64046925 -0.639386
>>> 3712 0.05404233 0.0167882
>>> 7045 0.32073885 0.08141203
>>> 4090 0.51054335 0.38417053
>>> 5506 1.4755461 1.4203948
>>> 7612 0.5814404 0.95204854
>>> 11218 2.3031592 1.9071556
>>> 9099 -0.7578346 -0.81629455
>>> 2944 -0.25623596 -0.16284692
>>> 3797 0.018838359 0.0042048544
>>> 2292 -0.11920739 -0.20125589
>>> 27 1.1990279 1.7242355
>>> 2888 -0.13412704 0.9361551
>>> 4674 0.08483967 0.047979638
>>> 10988 0.064738706 -0.1940575
>>> 8432 0.36677948 0.3217706
>>> 5201 3.3102374 1.764664
>>> 11318 0.42853644 0.17217354
>>> 274 -0.6015628 -0.5337493
>>> 2392 -0.3233278 -0.65673023
>>> 11180 -0.29007342 -0.2585097
>>> 11504 0.71132934 0.44528598
>>> 2103 0.61182517 0.6456027
>>> 8397 -0.7093255 -0.6766713
>>> 907 2.0475523 2.065798
>>> 3897 1.108778 1.2560048
>>> 9402 -1.638808 -1.5585643
>>> 7629 0.33292046 0.38860077
>>> 4788 -0.41672555 -0.4062535
>>> 4163 0.30391732 0.36099368
>>> 83 1.6590439 1.4412608
>>> 57 0.36522824 0.44327354
>>> 7828 -0.9943408 -1.0320524
>>> 6862 1.2359004 1.1616
>>> 9541 -0.09305367 -0.14428023
>>> 9213 -1.012499 -0.9933856
>>> 7333 0.16937055 -0.80878735
>>> 9944 0.027712582 -0.051892594
>>> 11669 -1.2482034 -1.1507363
>>> 1857 1.7360973 1.5772763
>>> 11774 -1.2941427 -1.0289401
>>> 10417 3.6842103 3.3930085
>>> 3458 1.1091869 1.17091
>>> 4053 -0.13452354 -0.19350639
>>> 1709 0.06676576 -0.019706458
>>> 7817 -0.6376304 -1.3184398
>>> 11280 -0.036423948 -0.0076649934
>>> 10062 -0.43228742 -0.4596324
>>> 962 1.0647873 1.0534251
>>> 11450 1.8182211 1.8194524
>>> 1634 -1.0408229 -0.9756819
>>> 1870 0.3027369 0.13758288
>>> 6614 0.21201532 0.20749398
>>> 10157 -0.56786466 -0.663367
>>> 4890 -0.17153317 -0.09691225
>>> 9887 -0.8656056 -0.96856534
>>> 1830 -0.06424305 0.03821473
>>> 359 1.7700058 1.5936759
>>> 2991 1.8209742 1.8213655
>>> 2817 0.9279449 0.99814165
>>> 8559 0.5087794 0.69648504
>>> 2043 0.31758735 0.41071337
>>> 7453 -0.888281 -0.7683714
>>> 6572 -0.8893972 -0.69106454
>>> 6227 -0.2257902 -0.8204748
>>> 2553 -1.4405001 -1.2718925
>>> 3542 -0.23900549 -0.26257923
>>> 7060 1.9558511 1.9170195
>>> 8194 1.4697006 0.48541844
>>> 10117 0.6979701 0.9586886
>>> 933 -1.7055272 -1.5397056
>>> 10177 0.14895786 0.16082664
>>> 7833 1.5488352 1.5398978
>>> 747 0.055294685 0.0668958
>>> 2275 0.19730286 0.08564387
>>> 531 -0.71842897 -0.72341883
>>> 1937 0.7402724 0.6944608
>>> 10440 -0.50719136 0.61497015
>>> 7669 0.02281913 0.3092245
>>> 3470 -1.9525166 -1.6964774
>>> 8583 0.96055156 1.2147417
>>> 1307 1.2240094 0.9320313
>>> 6034 0.14256406 0.08686699
>>> 8764 1.2490089 1.75661
>>> 1730 -1.5153221 -1.5349275
>>> 7654 0.966288 0.88682973
>>> 5399 -0.054953508 -0.0717902
>>> 2172 0.33114186 0.4117821
>>> 6031 1.1564789 1.0618266
>>> 3981 -0.90599644 -1.0380659
>>> 3601 -1.1220944 -1.0229963
>>> 11822 -0.33123386 -0.5486605
>>> 4984 -0.66796243 -1.1817595
>>> 3834 -0.33887085 -0.15705222
>>> 8108 -0.7044142 -0.60562253
>>> 3862 -1.6814904 -1.8004683
>>> 5034 0.38815022 0.392164
>>> 848 0.5333713 -0.47907722
>>> 9823 -0.1468523 -0.1755068
>>> 9376 -1.20421 -1.1112657
>>> 7460 -0.4318776 -0.5240076
>>> 8804 -1.5730754 -1.5241247
>>> 5060 -0.53372467 -0.5631435
>>> 11759 -1.892067 -1.7178026
>>> 8105 -1.2970728 -1.1338267
>>> 7780 0.2370487 0.2866279
>>> 4001 2.0615919 1.8891894
>>> 2365 0.09737791 0.2870475
>>> 9833 -0.23006801 -0.5107703
>>> 5596 -1.3855408 -1.3116629
>>> 2037 0.10413981 0.007156238
>>> 2462 1.3924276 1.0084928
>>> 9720 -0.8576771 -0.77956176
>>> 7355 -0.012402258 0.023565665
>>> 2920 -0.53946614 -0.49522448
>>> 7537 0.022878265 -0.21460587
>>> 4492 -0.85230184 -0.51670843
>>> 7448 -0.8642813 -0.12699611
>>> 51 -0.9289615 -0.95175093
>>> 3262 -0.4760617 -0.48495004
>>> 5919 1.3063748 1.2743394
>>> 10485 -2.0222354 -1.8299538
>>> 4790 0.015357248 -0.025223613
>>> 2575 -1.3995818 -1.4405684
>>> 1560 0.049143836 -0.033737704
>>> 201 -0.4893957 -0.4942599
>>> 7872 -0.15179984 -0.2492699
>>> 4297 -0.09217537 -0.017390698
>>> 3786 -0.5699857 -0.5810779
>>> 6736 -1.155855 -1.3267777
>>> 6416 -0.06587129 -0.38867742
>>> 4092 0.55327886 0.19887815
>>> 10951 -2.3751442 -2.0084288
>>> 3970 -0.022687903 -0.21891688
>>> 10068 0.8486274 0.3403061
>>> 1958 0.41504976 0.26987475
>>> 2021 1.3226991 1.1737567
>>> 11393 -0.2727412 -0.27025354
>>> 6395 -1.1861389 -1.233752
>>> 1718 -0.12791246 0.27213794
>>> 6770 0.88457537 0.879532
>>> 11191 -0.6136619 -0.6020458
>>> 4765 0.42409405 0.30881518
>>> 8648 -1.1203222 -1.5289623
>>> 1550 -0.19876643 -0.21130177
>>> 11784 -0.06536017 -0.16978441
>>> 3623 1.8313338 1.8812569
>>> 10168 0.7258703 0.77576184
>>> 4198 0.6047456 0.4708414
>>> 1911 1.806294 1.7250048
>>> 4256 0.14563078 0.17682235
>>> 4500 0.21860944 0.40703398
>>> 7457 -0.28347057 -0.48557302
>>> 11492 0.6500913 0.7018843
>>> 2278 0.17493464 0.15720423
>>> 2165 0.28036273 0.2835456
>>> 10602 0.050964154 -0.23117314
>>> 4224 -0.9175014 -0.8619543
>>> 2844 -0.82206607 -0.8451178
>>> 4034 0.48154157 0.3873397
>>> 10641 -1.1999867 -0.98303044
>>> 2387 -1.2159429 -1.147017
>>> 3315 -0.8764148 -0.9985223
>>> 3359 0.33467522 0.47609925
>>> 7028 0.83587146 0.60892415
>>> 11699 0.7260725 0.6127591
>>> 6714 -1.682999 -0.38262695
>>> 11221 -0.7704361 -0.61549985
>>> 6443 0.33774516 0.316639
>>> 4879 0.056792747 0.03697987
>>> 6808 -0.07884226 0.16823606
>>> 5035 0.46551168 0.42442626
>>> 1826 0.50176674 0.9189528
>>> 695 0.27006793 0.51353115
>>> 10577 -0.25633496 -0.18660603
>>> 1921 0.41531792 0.24763452
>>> 2618 0.5598336 0.3616575
>>> 705 -0.8872569 -0.73183525
>>> 3486 0.6246531 0.5193833
>>> 6641 -0.3283363 0.026654676
>>> 3634 -0.025347099 -0.008693904
>>> 8492 1.3224437 1.3362585
>>> 11775 -0.46791038 1.1140865
>>> 2065 0.13728693 0.10731451
>>> 10956 0.14809927 0.15067174
>>> 4580 0.48978272 0.95623994
>>> 5039 1.0985693 0.90141344
>>> 10613 -1.3133612 -1.1230291
>>> 2936 -0.48051506 -1.1086663
>>> 11057 1.3198537 1.4839139
>>> 1787 0.17930505 0.107861266
>>> 10719 0.40558282 -0.0044793934
>>> 2224 -1.6131682 -1.6279479
>>> 8708 -0.5310641 -0.5506597
>>> 11281 -0.43457988 0.98852456
>>> 9874 -0.55400854 -0.60271496
>>> 7174 0.05967335 0.27164245
>>> 7736 1.8376739 2.0687108
>>> 7964 0.5702127 0.7247708
>>> 3728 -1.1985826 -1.1772594
>>> 1517 -0.92825186 -0.86309433
>>> 11868 -0.28904337 -0.4937606
>>> 10658 0.6759516 0.8101976
>>> 109 -1.6996752 -1.6104823
>>> 2447 -0.91914755 -0.8640765
>>> 11787 -0.7129341 -0.6609893
>>> 1951 1.1321267 1.3418928
>>> 3946 -1.160217 -1.1201063
>>> 6224 -0.4767493 -0.5041786
>>> 699 -0.20904931 -0.1376054
>>> 6319 -0.82228565 -0.7857273
>>> 3741 2.3427303 2.312936
>>> 1950 -1.1083703 -1.1363093
>>> 11257 2.9170403 2.0248864
>>> 1601 -1.1904731 -1.0497959
>>> 9406 0.42778373 0.32237107
>>> 3444 0.59998786 0.6981943
>>> 1862 0.91250724 0.91315925
>>> 1267 1.3404231 1.3756704
>>> 8726 -0.4006113 -0.32899192
>>> 8034 -0.5897479 -0.40669948
>>> 5321 -0.052329153 -0.022836298
>>> 1444 -0.96367496 -0.9548288
>>> 2854 2.1192846 -0.30648026
>>> 9341 1.7176819 0.6215193
>>> 2212 0.048759237 -0.016638786
>>> 4229 -0.21458362 -0.121175095
>>> 8699 -1.4442761 -0.900917
>>> 8946 -0.96849185 -0.5139738
>>> 9124 1.5122142 1.155882
>>> 7915 0.10757875 0.006357774
>>> 3526 -0.92880565 -0.8704733
>>> 11805 0.12982458 0.13161014
>>> 3592 -0.262522 -0.45896754
>>> 1928 -0.1484214 -0.18752891
>>> 1359 0.71242034 1.5636061
>>> 7205 -0.49259216 -0.5642024
>>> 8828 -1.1950823 -1.1097525
>>> 592 -1.1759343 -1.0728314
>>> 9754 0.3103079 0.6153899
>>> 4188 0.41252854 -0.008484736
>>> 8880 -0.0006107599 0.0043482035
>>> 10138 -1.2410839 -1.1789206
>>> 10102 1.0276525 0.8585923
>>> 11223 -0.4213261 -0.41777527
>>> 3600 -0.9487214 -0.95866966
>>> 8282 1.5365087 1.3418314
>>> 9542 -1.0051705 -0.92757493
>>> 2110 -0.12751731 -0.33484566
>>> 1081 -1.3466734 -0.77508783
>>> 5672 0.07163125 0.046733156
>>> 1803 -1.1470504 -1.093442
>>> 7910 -1.3211211 -1.3443791
>>> 99 -1.2507544 -1.201847
>>> 10627 -0.3948359 -0.41300255
>>> 3093 -0.46813133 -0.49808663
>>> 7991 -0.18678011 -0.2290178
>>> 8634 -0.41458207 -0.3243303
>>> 5762 -1.6336528 -1.2505074
>>> 1919 0.69361067 0.05236785
>>> 10862 0.22310774 -0.12648526
>>> 3136 -0.34134075 -0.5738438
>>> 8897 -0.032409254 -0.11887264
>>> 5403 0.17952417 -1.1563988
>>> 6711 -1.6845832 -0.922996
>>> 5328 -1.1408986 -0.98507625
>>> 930 -0.8308422 -0.77775574
>>> 9069 -0.6593582 -0.5864376
>>> 3186 1.1488878 1.0609967
>>> 2170 -0.0010338657 0.07025997
>>> 8336 1.5178888 1.4359591
>>> 7064 0.03869775 0.048580185
>>> 4429 0.048535533 -0.12630263
>>> 11338 0.81575537 1.3678864
>>> 6805 1.7760192 1.8713561
>>> 5271 -0.75753665 -0.7813551
>>> 11262 0.60517603 0.60334367
>>> 4908 -0.19813521 -0.20770979
>>> 1575 -0.53231966 -0.55227137
>>> 2262 0.5016861 0.30007148
>>> 10937 0.107823536 0.18816175
>>> 8978 -0.4533657 -0.4811529
>>> 9531 1.2131686 1.2315795
>>> 6917 1.2258174 1.475147
>>> 11661 -1.3255423 -1.290704
>>> 8208 1.5839378 -0.7153917
>>> 10921 -0.47587055 -0.4840119
>>> 1585 -0.51066655 -0.41901022
>>> 2267 0.78144157 1.4404979
>>> 460 0.11156318 0.47937882
>>> 1960 1.5125227 1.4681085
>>> 9021 3.2925408 2.3779247
>>> 342 -0.5298021 -0.57031584
>>> 1406 -1.1678568 -1.220478
>>> 8811 0.2104164 0.034569934
>>> 10272 1.0257703 1.1833632
>>> 1899 0.6980301 0.8060335
>>> 10077 1.2383515 0.09582339
>>> 377 0.21783061 0.024190173
>>> 291 -0.13910162 -0.6744011
>>> 8075 0.48981574 0.1927085
>>> 7314 1.1012615 1.0474285
>>> 10414 0.3541257 0.32627118
>>> 2608 -0.0706726 -0.059062168
>>> 570 -0.26018876 -0.18020216
>>> 810 -1.4004724 -0.6640399
>>> 4647 -0.5363018 -0.7867972
>>> 5473 -0.21910714 -0.2688343
>>> 2393 -0.335938 -0.43370765
>>> 11028 0.2828271 0.19391643
>>> 4327 -0.93468374 -0.587067
>>> 7948 0.102911286 0.64660805
>>> 1782 1.4307253 1.1028137
>>> 3491 -1.9638226 -2.0486257
>>> 1763 1.3400527 1.4653053
>>> 5517 1.0810574 1.1003746
>>> 7063 0.5899557 0.54590154
>>> 5940 0.07357809 0.03677453
>>> 5418 1.0887389 1.0443965
>>> 11760 -1.4292904 -1.131174
>>> 2052 0.53773123 0.5688052
>>> 3035 -0.73905295 -0.71149766
>>> 8215 -0.9442978 -0.93092895
>>> 3373 -1.6124787 -0.51025033
>>> 3924 -1.0492648 -1.000998
>>> 10976 0.94813615 0.96064866
>>> 2994 -0.5555066 -0.49781978
>>> 1297 0.09885947 -0.05683936
>>> 4563 -1.6582072 -1.6336583
>>> 5947 0.7015319 0.15627848
>>> 5859 0.6189643 0.8556504
>>> 480 -0.9412554 -0.96108496
>>> 8219 0.6115726 0.34145623
>>> 1348 -0.5529239 -0.5303093
>>> 9549 -0.05957467 -0.48570502
>>> 1311 -0.09524942 -0.09555347
>>> 6070 -0.5676951 -0.48184294
>>> 2223 -1.6619569 -1.4797285
>>> 6068 1.0676014 0.84191597
>>> 11285 -1.045659 -0.7853248
>>> 7539 1.5676049 1.552834
>>> 7133 -1.0692754 -1.0252737
>>> 8759 -1.7291304 -1.705979
>>> 10780 -2.1161466 -1.911965
>>> 6946 1.2927259 -0.07379003
>>> 1190 -0.32740116 -0.553495
>>> 1487 0.8346544 1.1762514
>>> 5106 -0.5112464 -0.5267817
>>> 5907 1.1530459 0.43605435
>>> 4945 0.16862793 0.20975696
>>> 11352 -0.7582509 -0.7021445
>>> 9908 -0.73302954 -0.6226971
>>> 7222 2.1384697 1.5648141
>>> 9333 0.6082698 0.82591474
>>> 1197 -1.3072278 -1.2338572
>>> 2171 0.35126713 0.5640915
>>> 3871 0.021534227 0.058154657
>>> 3003 1.1161541 1.0648643
>>> 2777 0.95261014 0.8869941
>>> 5359 -0.37198496 -0.12897977
>>> 7330 0.7098826 0.8649999
>>> 9611 -0.5134023 -0.4058941
>>> 1904 0.20461164 0.23159648
>>> 8974 -1.8638624 -1.6840042
>>> 3767 -0.08102609 -0.1489752
>>> 4988 0.29241186 -0.028515562
>>> 5561 1.1097461 1.1591147
>>> 11510 -1.327105 -1.515298
>>> 6312 -1.4008603 -1.2220911
>>> 5055 -1.1530155 -1.2316289
>>> 6244 0.0019801334 0.14888279
>>> 10169 -1.4996369 -1.1081151
>>> 6841 -1.2011437 -0.91273427
>>> 2239 0.5479009 1.2242689
>>> 1687 -0.88914186 -0.9696859
>>> 1679 -0.21920249 -0.42116487
>>> 5334 -1.4982333 -1.1310735
>>> 3840 -0.17867188 -0.18776828
>>> 2643 -0.55810297 -0.5555227
>>> 4434 1.0318364 1.071069
>>> 1393 0.09049591 -0.23237026
>>> 3218 1.6153206 1.6450231
>>> 2489 -0.3484258 -0.24588785
>>> 6570 0.59867316 0.94736874
>>> 2192 -0.3438129 -0.42863977
>>> 9806 0.06768899 -0.005249575
>>> 760 -0.65737194 -0.67818
>>> 1056 -0.966551 -0.9492184
>>> 1944 -0.090506785 -0.1467472
>>> 6223 -1.0284991 -1.4952927
>>> 4017 0.10947241 0.14697312
>>> 6613 0.030435495 0.011982277
>>> 8682 1.0105816 1.1371274
>>> 1470 -0.92218584 -0.94446594
>>> 2379 -0.008586512 0.05220957
>>> 10600 -0.09145338 -0.24252644
>>> 3465 1.336921 1.2663069
>>> 4799 2.7511325 2.7082365
>>> 3349 -0.6400278 -0.57082087
>>> 5211 -0.13695583 -0.16344628
>>> 4266 -1.7686846 -1.6516984
>>> 272 0.40640703 0.38571054
>>> 7002 -0.041470047 -0.16592805
>>> 7243 -0.41721514 -0.44287652
>>> 10322 1.3275741 1.2481472
>>> 10564 -1.2515658 -1.2438877
>>> 6563 -0.5781228 -0.6238277
>>> 1163 1.2132893 1.310536
>>> 10050 0.31430656 0.24308278
>>> 1705 -0.17354831 -0.026019484
>>> 6200 -1.3881762 -1.3525796
>>> 17 1.3301536 1.0763924
>>> 7835 0.47721836 0.43553686
>>> 4203 -0.47708988 -0.41686535
>>> 5996 1.5513119 1.644722
>>> 10776 -2.0573194 -2.060468
>>> 6380 -1.6910444 -1.2283678
>>> 1735 0.302868 0.24801742
>>> 7666 0.45115998 -0.1997835
>>> 6413 -1.0573766 -1.1553707
>>> 4433 0.26453865 0.33975446
>>> 4365 1.6523846 -0.12174928
>>> 461 -1.0521903 -1.1755834
>>> 10314 -0.3546688 -0.38606712
>>> 6203 0.16810215 -0.11261961
>>> 10644 -0.45509663 -0.21320131
>>> 11577 0.46731046 0.27919877
>>> 492 -0.98959213 -1.0029519
>>> 6715 -0.7813145 -0.03468159
>>> 1192 0.21457778 0.26277637
>>> 11520 1.1543679 1.0405346
>>> 7749 -0.47072956 -0.60665655
>>> 1431 -0.36561316 -0.41616505
>>> 739 0.3999573 0.3015113
>>> 70 -0.96731013 -0.9657526
>>> 6155 -0.8261564 -0.7830552
>>> 7182 -0.11744254 -0.1919288
>>> 10008 -0.5810745 -0.61033916
>>> 10467 0.6696825 0.7441125
>>> 4419 -1.5016763 -1.6314737
>>> 6128 2.0674329 1.8446928
>>> 2074 -1.6148932 -1.4318674
>>> 6671 0.7930369 0.8069978
>>> 5987 -0.43601698 -0.057602793
>>> 6386 0.58937764 0.4022208
>>> 6871 -0.51650935 -0.59587336
>>> 8195 -0.7815744 -0.8281204
>>> 9593 -0.50384593 -0.44098127
>>> 7245 -0.087258995 -0.26236933
>>> 4973 -1.9920639 -1.6581204
>>> 3451 -1.0664145 -0.7403302
>>> 3469 0.3340894 0.4829926
>>> 8263 -0.7746933 -0.7993485
>>> 2623 -0.3967598 -0.46121866
>>> 11206 0.42817155 -0.8892155
>>> 8214 0.698825 0.14900197
>>> 505 2.644325 2.3439405
>>> 7806 -1.8994606 -1.8360201
>>> 3565 0.9948474 1.1952926
>>> 3119 0.5308928 1.2767191
>>> 22 1.2723018 1.2826743
>>> 7647 -0.53054655 -0.5632454
>>> 10027 -0.13943624 -1.3057227
>>> 2329 -1.9333136 -1.1892233
>>> 7650 -0.5293804 -0.52755266
>>> 10140 0.99388295 0.9709817
>>> 7406 -0.20440066 -0.2224254
>>> 2402 -0.6930884 -0.73968613
>>> 625 -0.5527291 -0.40122813
>>> 3926 0.12100766 0.18342818
>>> 9968 -0.31678364 -0.38048154
>>> 6631 -0.5596753 -0.6483011
>>> 11770 -0.95456743 -0.8689091
>>> 894 0.36992458 0.46571207
>>> 8555 0.33714876 -1.5401573
>>> 5221 -0.36332023 -0.39274654
>>> 10127 -0.80971986 -0.5540705
>>> 10791 -0.5779935 -0.7936063
>>> 199 -1.0262864 -1.0425489
>>> 11243 1.537205 2.4401808
>>> 9056 -0.2332915 -0.34892327
>>> 6670 -0.894193 -0.9003524
>>> 3058 0.5539353 -0.58349675
>>> 9134 -0.9319319 -0.55040145
>>> 3166 0.027630987 0.08015321
>>> 6428 0.7479823 0.44037235
>>> 8186 0.236577 0.45206755
>>> 3135 2.5055285 1.7388209
>>> 4461 0.2753432 0.30086076
>>> 7639 -0.291472 -0.54795176
>>> 1539 0.10324272 -0.00814496
>>> 430 1.1846904 0.7935884
>>> 3693 -0.3376648 -0.6450754
>>> 3017 -0.68646866 -0.6849673
>>> 6043 0.1696002 0.5734113
>>> 7677 1.2640184 1.4934938
>>> 496 -0.322598 -0.3405331
>>> 10460 -0.8759637 -0.9429547
>>> 8013 -0.66119874 -0.58423346
>>> 2757 -1.6182579 -1.0528789
>>> 9061 0.18090764 0.28071123
>>> 11720 -1.1185721 -1.332717
>>> 1978 0.3636912 0.40977257
>>> 7452 -0.29187357 -0.96165717
>>> 9065 -0.39754048 -0.25541925
>>> 4635 0.13181177 -0.21088202
>>> 690 0.011542418 -0.044464067
>>> 3707 -0.47442245 -0.7311734
>>> 4851 0.76998425 0.8556665
>>> 2480 0.9593991 1.0321634
>>> 9878 0.7578577 0.76378334
>>> 10028 0.20319426 0.1778083
>>> 4885 0.7003556 0.9952841
>>> 11058 0.08361482 -0.07215692
>>> 3313 -0.9633958 -0.8410909
>>> 5805 -0.028106226 -0.17926487
>>> 5895 0.15677546 0.11585723
>>> 8424 -0.18446058 0.25217962
>>> 4758 0.41600874 0.4056546
>>> 6040 -1.2986891 -0.936011
>>> 8737 0.8124113 1.2971201
>>> 341 -0.22925068 -0.47569633
>>> 9100 -0.6102037 -0.58906657
>>> 9559 0.19575897 0.22438161
>>> 5641 -0.5225025 -0.4703968
>>> 10494 -0.14280643 -0.074109256
>>> 1966 0.17928626 0.3651842
>>> 3355 -0.41017774 -0.4541454
>>> 11505 0.37605894 0.8315202
>>> 8274 1.6917546 1.28765
>>> 5184 0.0048075626 -0.1638811
>>> 8869 -1.0507207 -1.2186321
>>> 10219 0.77713263 0.57960814
>>> 10053 -0.5800862 -0.54139113
>>> 7938 1.9628468 1.6095663
>>> 5863 -0.23527639 -0.27155098
>>> 10705 1.2111475 1.0555605
>>> 8048 -1.0101465 -0.8213972
>>> 6775 1.3693539 1.418167
>>> 10184 -0.57006454 -0.5149343
>>> 7261 0.50663316 0.68171525
>>> 5235 1.3537636 1.3154154
>>> 7301 -2.1979675 -1.7998312
>>> 10904 -0.6790659 -0.6951188
>>> 622 0.25206688 0.34091038
>>> 5651 -0.036809463 -0.0052312165
>>> 2793 0.12295725 0.23493336
>>> 2169 0.6456663 0.5539058
>>> 7918 -0.8208178 -0.7679361
>>> 9686 0.82933825 0.77371764
>>> 703 0.042162817 -0.27022696
>>> 5543 -0.42751682 -0.61309576
>>> 11843 -1.4454395 -0.7934334
>>> 9054 -0.93768996 -1.0196322
>>> 5494 -0.59154665 -0.5820707
>>> 5015 0.06812401 -0.14325061
>>> 5046 0.64394224 0.79054797
>>> 3899 -0.4349842 -0.22726583
>>> 2741 -0.5221431 -0.7664164
>>> 5571 0.002537093 0.26816195

Mean MAE across splits 4.423527014762959 +- 0.0
delta MAE: 1.06e-07
