namespace(experiment_name='final-cv', wandb_name='cv10-LP-cyclo-subset4xtb-noH-ns64-nv48-d48-layers3-energy-mlp-both-crossattention', device='cuda', logdir='/scratch/izar/briling/cv', checkpoint=None, CV=1, num_epochs=512, seed=123, verbose=False, process=False, subset=None, max_neighbors=10, n_s=64, n_v=48, n_conv_layers=3, distance_emb_dim=48, radius=2.5, dropout_p=0.05, attention='cross', sum_mode='both', graph_mode='energy', dataset='cyclo', combine_mode='mlp', atom_mapping=False, rxnmapper=False, random_baseline=False, two_layers_atom_diff=False, noH=True, reverse=False, split_complexes=False, xtb=False, semiempirical=False, lr=0.0005, weight_decay=1e-05)

namespace(experiment_name=None, wandb_name=None, device='cuda', logdir='logs/evaluation', checkpoint='/home/briling/scratch/cv/final-cv-cyclo-subset4xtb/231005-222350.752229-briling.best_checkpoint.pt', CV=1, num_epochs=221, seed=123, verbose=False, process=False, subset=None, max_neighbors=10, n_s=64, n_v=48, n_conv_layers=3, distance_emb_dim=48, radius=2.5, dropout_p=0.05, attention='cross', sum_mode='both', graph_mode='energy', dataset='cyclo', combine_mode='mlp', atom_mapping=False, rxnmapper=False, random_baseline=False, two_layers_atom_diff=False, noH=True, reverse=False, split_complexes=False, xtb=False, semiempirical=False, lr=0.0005, weight_decay=1e-05, eval_on_test_split=True)

Running on device cuda:0
dataset_prefix='cyclo.rxn_smiles_mapped.xtb-subset.noH.v6a'
Loading data into memory...
Coords and graphs successfully read from data/cyclo/processed//
Data stdev 9.2056

CV iter 1/1
Using random splits
total / train / test / val: 4774 4297 239 238
trainable params in model:  10352166
Log directory: logs/evaluation
checkpoint: /home/briling/scratch/cv/final-cv-cyclo-subset4xtb/231005-222350.752229-briling.best_checkpoint.pt
num epochs: 221
eval_per_epochs: 0
patience: 150
minimum_epochs: 0
models_to_save: []
clip_grad: 100
log_iterations: 100
lr: 0.0005
weight decay: 1e-05
lr scheduler: <class 'torch.optim.lr_scheduler.ReduceLROnPlateau'>
factor: 0.6
min_lr: 8e-06
mode: max
lr_scheduler_patience: 60
lr_verbose: True
In trainer, metrics is {'mae': MAE()} and std is 9.205589010570657
Statistics on val_best_checkpoint
mae: 2.2317416548631823
MSELoss: 0.11143553207317988
mean_pred: -0.032255540539820986
std_pred: 0.8426371018091837
mean_targets: -0.018896354362368584
std_targets: 0.936119427283605
Evaluating on test, with test size:  239
Statistics on test_split_1
mae: 2.247395072205236
MSELoss: 0.11881158985197544
mean_pred: 0.028383316347996394
std_pred: 0.9825485825538636
mean_targets: 0.03807484780748685
std_targets: 1.0444153835376104
>>> 1873 -0.804314 -0.5881578
>>> 3891 0.5844579 0.7368807
>>> 389 -0.7753813 -0.6356417
>>> 1734 -1.0032009 -1.1884643
>>> 3741 0.440619 0.7060247
>>> 762 -0.5636414 -0.34682766
>>> 3708 0.16183676 0.28263146
>>> 1406 -0.96252686 -0.959027
>>> 2884 -1.0465598 -1.0586993
>>> 329 -0.20168936 -0.7588156
>>> 2397 3.243885 3.263851
>>> 4317 -1.0641034 -0.8738126
>>> 3753 0.048048876 -0.18418066
>>> 4118 -0.91082746 -0.8737478
>>> 34 -1.3283527 -1.2158611
>>> 3348 -0.63610536 -0.84640354
>>> 821 -1.0399052 -0.4435099
>>> 1438 1.1579788 1.5084591
>>> 287 0.5642161 0.28677747
>>> 2414 0.96883076 0.95914346
>>> 4731 1.4760131 1.2343571
>>> 3943 -0.4632675 -0.3744657
>>> 4413 -0.6153543 -1.0545558
>>> 2161 2.7869306 2.141316
>>> 2040 1.2396694 1.4038234
>>> 1656 -2.092463 -1.4136962
>>> 4102 -0.9908664 -1.0037028
>>> 2989 -0.015770208 0.04394784
>>> 581 -0.76243174 -0.77002615
>>> 1104 -0.62488604 -0.43723592
>>> 2080 2.2162127 2.1504245
>>> 2412 0.20095208 0.26849487
>>> 1439 1.7077768 1.5963792
>>> 1684 -0.21150896 -0.4375086
>>> 2240 1.0845501 1.3456315
>>> 1558 -1.0452496 -0.65772575
>>> 4277 2.5911071 2.2743762
>>> 4310 -0.23622583 -0.5331576
>>> 2533 -0.8236275 -0.1617189
>>> 1146 0.47433674 0.39665425
>>> 2856 -0.5063084 -0.70862305
>>> 416 -0.8424915 -0.7981966
>>> 3796 -0.49416366 -0.48087412
>>> 1602 -0.00540107 0.13233975
>>> 3356 0.28803214 0.5484704
>>> 3458 1.517466 1.8761458
>>> 2478 1.3284727 0.9230292
>>> 2495 0.3790082 0.16517031
>>> 3518 -0.5543066 -0.5118374
>>> 4589 1.201527 1.0927324
>>> 3866 -0.8928671 -0.23452975
>>> 60 -0.8041529 -0.9052806
>>> 2255 -0.55653214 -0.45445848
>>> 788 -0.6885363 -0.59808064
>>> 1118 -0.6767394 -0.8775341
>>> 1792 -0.24646327 -0.30904594
>>> 4104 -0.36181694 -0.5861078
>>> 713 1.3276731 1.1343803
>>> 3561 1.1067414 1.2635608
>>> 4410 -1.4161736 -1.3668998
>>> 4372 0.93627024 1.0156394
>>> 3727 -0.1570477 -0.03283804
>>> 2301 -0.3885044 -0.0111834
>>> 4557 -1.1161851 -1.0640908
>>> 3881 3.6827636 2.1288202
>>> 936 -1.1071701 -1.0714455
>>> 455 -0.8120595 -0.56434214
>>> 538 0.874878 0.52433735
>>> 874 0.6014724 0.8159277
>>> 268 -0.8192963 -0.83835644
>>> 3815 -1.5794114 -1.4623842
>>> 545 -0.5305388 -0.4832319
>>> 2388 0.8287904 1.2841941
>>> 4701 1.1278222 2.2070427
>>> 1551 -0.24893416 -0.23558925
>>> 1258 -0.9594762 -0.83685607
>>> 413 -0.6315382 -0.6445744
>>> 4489 0.060007297 -0.24348201
>>> 4011 -0.548491 -0.66922337
>>> 3556 0.2860971 0.018300848
>>> 3527 -0.6803107 -0.6232615
>>> 93 -1.51474 -1.5503772
>>> 1524 -0.5053028 -0.4824381
>>> 1007 -0.8441268 -0.96010053
>>> 2359 0.16999826 0.13359736
>>> 2023 0.09211625 0.75255173
>>> 2566 1.6088505 0.8424944
>>> 126 -1.0538303 -1.2256931
>>> 2201 -1.2115248 -1.4893373
>>> 443 1.5913395 1.45069
>>> 4477 -0.6345279 -0.59620094
>>> 3132 0.02297899 0.12548444
>>> 2578 2.163856 0.4061475
>>> 3095 0.8313305 0.8819569
>>> 3860 -0.99577105 -1.0053179
>>> 4321 -0.5251936 -0.20039187
>>> 3072 0.2771404 0.37563986
>>> 3656 1.0584921 1.1516021
>>> 1649 -1.1788175 -0.3920553
>>> 2483 -0.48046637 -0.1161945
>>> 2227 0.4091365 0.61610407
>>> 1647 -1.4550912 -1.5387223
>>> 434 -1.0769453 -0.85161537
>>> 508 0.71550345 0.40656346
>>> 4030 -0.9724724 -0.92688847
>>> 32 -1.0144738 -1.0359198
>>> 2378 1.2554752 1.1254032
>>> 2072 -0.29621848 -0.52301246
>>> 4295 -1.2732406 -1.2858598
>>> 2880 -0.84800845 -1.106479
>>> 3895 0.21886146 0.371594
>>> 3367 -0.6830394 -0.8191548
>>> 2819 0.9916661 1.0654567
>>> 180 -0.6034696 -0.7912358
>>> 2871 -0.02298058 -0.37759417
>>> 1282 -0.13555674 -0.038454704
>>> 4726 3.3202038 2.7857263
>>> 2046 -0.3958796 -0.7992666
>>> 4360 -0.20757169 -0.151447
>>> 2174 -0.8792157 -0.7503656
>>> 4391 -0.92508626 -0.90953183
>>> 719 0.05733386 0.07357688
>>> 3892 0.99644536 0.33764037
>>> 295 0.9211319 0.5081738
>>> 3963 0.2800864 0.18019378
>>> 794 -0.72247225 -0.78031355
>>> 3665 -1.074838 -0.700909
>>> 4201 1.6159328 0.5177445
>>> 3143 0.051522993 0.469014
>>> 3306 -0.6112049 -0.353783
>>> 2395 -1.1038252 -0.7132538
>>> 922 -0.41235054 -0.9204206
>>> 4007 0.023495713 -0.34705096
>>> 2467 -1.4061968 -1.4351989
>>> 2557 0.84699005 0.6181614
>>> 3121 -0.81999934 -0.600463
>>> 1326 0.29189464 0.41309148
>>> 4542 2.3729944 1.9790843
>>> 3273 -1.0975051 -1.1560452
>>> 915 -1.7742411 -1.478977
>>> 1425 1.2771043 1.2147925
>>> 231 -0.001554758 -0.12992513
>>> 2778 -0.15709233 -0.5689848
>>> 1474 0.5618798 0.06958098
>>> 1221 0.4606435 0.67729765
>>> 2751 -0.4219523 -0.28597018
>>> 2917 0.36709163 0.91228634
>>> 1100 -0.36901727 -0.8991847
>>> 1257 -0.40747365 -0.75064695
>>> 1888 0.41414487 0.95536405
>>> 1922 -0.011388625 -0.13093361
>>> 687 -0.6026876 -1.1596657
>>> 4610 -1.4597112 -1.5895898
>>> 2599 -0.7272424 -0.7213069
>>> 2795 -0.29068187 -0.39060465
>>> 4063 1.4626462 2.0552745
>>> 3092 1.1195902 1.6828705
>>> 4028 1.6125013 1.2499018
>>> 2625 1.2405812 0.94078183
>>> 89 0.5569525 0.2538846
>>> 2446 0.71012634 0.35216287
>>> 113 -1.1779362 -0.8863737
>>> 1235 -1.0765408 -1.1568246
>>> 3476 -0.1699354 -0.7174791
>>> 2936 -0.046598837 0.059842326
>>> 191 -1.0875645 -1.1202471
>>> 3839 -1.6475681 -1.5558248
>>> 2341 1.0695937 0.60563284
>>> 2945 -0.057609595 -0.39165896
>>> 16 -1.534198 -1.2522928
>>> 4576 3.9572244 3.6304893
>>> 3295 -0.20201539 0.030521214
>>> 4344 0.8414983 0.46753687
>>> 3261 -0.38751996 -0.27521205
>>> 3463 0.50136656 -0.38893968
>>> 1760 -0.41102144 -0.403354
>>> 4166 -0.2991508 -0.5406432
>>> 2747 2.3169615 2.457574
>>> 4254 -0.8023183 -0.7150782
>>> 1557 -0.27081808 -0.2697733
>>> 2159 2.4671519 2.664996
>>> 1755 -0.2257704 -0.036215637
>>> 3178 0.34864894 0.037823737
>>> 1871 -0.7672431 -0.6096098
>>> 1759 -0.46570793 -0.46063447
>>> 3486 0.5275994 0.5023929
>>> 1312 -0.6152286 -0.60939085
>>> 2425 -0.8782206 -0.033587635
>>> 2999 0.842043 0.7906968
>>> 4050 1.3270625 1.2514838
>>> 672 1.2893723 1.2515739
>>> 3310 -0.41426003 0.23593526
>>> 4462 1.2846575 1.3453041
>>> 3034 -0.11991107 -0.41679645
>>> 1248 -0.5823968 -0.6447074
>>> 1794 -1.3655338 -1.2061497
>>> 2213 0.9052141 1.683428
>>> 2654 0.5142607 0.0610881
>>> 1662 0.63029563 0.45784023
>>> 1128 0.5356618 0.92128116
>>> 3200 1.197928 0.91213894
>>> 4747 -0.6134806 -0.366269
>>> 3918 1.4647708 1.5546094
>>> 2289 -0.73930174 -0.7373784
>>> 845 0.22633392 -0.28570464
>>> 3655 0.9034063 0.952631
>>> 2010 -0.13900235 -0.2915705
>>> 3940 -0.7778068 -0.4840779
>>> 3078 0.36089557 0.20389925
>>> 4525 0.506575 0.7987583
>>> 1427 1.403242 1.7951154
>>> 2270 -0.07931965 -0.03653483
>>> 1105 -0.6805163 -0.59801304
>>> 361 -0.16465278 -0.12601203
>>> 892 1.4800932 1.4444708
>>> 2574 -0.6513742 -0.9141978
>>> 1061 -0.42918256 -0.39738294
>>> 14 0.3766624 0.30948842
>>> 2666 -1.1571989 -0.5720189
>>> 1543 1.1789078 0.9899437
>>> 1378 -0.045034282 0.17646486
>>> 3622 1.7089394 1.6226298
>>> 3539 -0.7119147 -0.39388257
>>> 3084 -0.56938964 -0.48699123
>>> 3230 0.86108834 0.60658085
>>> 464 0.7673291 0.466183
>>> 3358 0.012351639 -0.116021305
>>> 4501 -1.6101024 -1.2131537
>>> 2490 0.80881894 1.1829696
>>> 609 -1.3579831 -1.0835664
>>> 2637 1.1453823 0.7224037
>>> 133 1.0549593 0.9091527
>>> 4097 -0.56959474 -0.033614077
>>> 293 -1.3388032 -0.75871897
>>> 3101 0.62499917 0.4581166
>>> 3406 0.0786676 0.061635915
>>> 3573 0.38165322 0.34677765
>>> 3155 1.1103164 1.2007232
>>> 881 -0.9533992 -1.0231986

Mean MAE across splits 2.247395072205236 +- 0.0
delta MAE: 9.14e-09
