namespace(experiment_name='final-cv', wandb_name='cv10-LP-gdb-ns64-nv64-d48-layers3-vector-diff-node-noH-truemapping', device='cuda', logdir='/scratch/izar/briling/cv', checkpoint=None, CV=1, num_epochs=512, seed=123, verbose=False, process=False, subset=None, max_neighbors=50, n_s=64, n_v=64, n_conv_layers=3, distance_emb_dim=48, radius=2.5, dropout_p=0.05, attention=None, sum_mode='node', graph_mode='vector', dataset='gdb', combine_mode='diff', atom_mapping=True, rxnmapper=False, random_baseline=False, two_layers_atom_diff=True, noH=True, reverse=False, split_complexes=False, xtb=False, semiempirical=False, lr=0.001, weight_decay=1e-05)

namespace(experiment_name=None, wandb_name=None, device='cuda', logdir='logs/evaluation', checkpoint='/home/briling/scratch/cv/final-cv-gdb/230929-105710.520414-briling.best_checkpoint.pt', CV=1, num_epochs=292, seed=123, verbose=False, process=False, subset=None, max_neighbors=50, n_s=64, n_v=64, n_conv_layers=3, distance_emb_dim=48, radius=2.5, dropout_p=0.05, attention=None, sum_mode='node', graph_mode='vector', dataset='gdb', combine_mode='diff', atom_mapping=True, rxnmapper=False, random_baseline=False, two_layers_atom_diff=True, noH=True, reverse=False, split_complexes=False, xtb=False, semiempirical=False, lr=0.001, weight_decay=1e-05, eval_on_test_split=True)

Running on device cuda:0
csv_path='data/gdb7-22-ts/ccsdtf12_dz_cleaned.csv'
dataset_prefix='ccsdtf12_dz_cleaned.noH.v10'
Loading data into memory...
Coords and graphs successfully read from data/gdb7-22-ts/processed//
Data stdev 21.8149

CV iter 1/1
Using random splits
total / train / test / val: 11883 10695 594 594
trainable params in model:  14564742
Log directory: logs/evaluation
checkpoint: /home/briling/scratch/cv/final-cv-gdb/230929-105710.520414-briling.best_checkpoint.pt
num epochs: 292
eval_per_epochs: 0
patience: 150
minimum_epochs: 0
models_to_save: []
clip_grad: 100
log_iterations: 100
lr: 0.001
weight decay: 1e-05
lr scheduler: <class 'torch.optim.lr_scheduler.ReduceLROnPlateau'>
factor: 0.6
min_lr: 8e-06
mode: max
lr_scheduler_patience: 60
lr_verbose: True
In trainer, metrics is {'mae': MAE()} and std is 21.81486949294456
Statistics on val_best_checkpoint
mae: 4.469457870383504
MSELoss: 0.12693271276230614
mean_pred: -0.027011713882287344
std_pred: 0.8718401112159093
mean_targets: 0.00898733968536059
std_targets: 0.9710322751601537
Evaluating on test, with test size:  594
Statistics on test_split_1
mae: 4.770734035953846
MSELoss: 0.12526385825127362
mean_pred: -0.04991294930378596
std_pred: 0.8658449097474417
mean_targets: -0.02112169032295545
std_targets: 0.9307611461480458
>>> 10977 1.2106901 0.70075494
>>> 2934 1.1796814 1.1272229
>>> 5169 -1.7158455 -1.5932748
>>> 3207 0.70273244 0.40363252
>>> 8640 0.0401188 -0.41110927
>>> 11359 1.3016707 1.3654425
>>> 11324 0.29032567 0.04661168
>>> 8200 -0.91119885 -0.9177956
>>> 2105 0.2688802 0.21663396
>>> 9394 -0.05252764 -0.27148995
>>> 5766 -0.1755694 -0.084933
>>> 11368 -0.39927873 -0.08006905
>>> 6163 -0.5495684 -0.7597477
>>> 676 1.7629051 1.6180222
>>> 2459 -1.1251602 -0.7776488
>>> 7678 0.6884491 0.5817996
>>> 6447 -0.3279164 -0.53492534
>>> 5011 -0.011985112 -0.026399791
>>> 526 -0.3058828 -0.18312079
>>> 3052 -0.9277412 -1.0340322
>>> 3199 1.1345439 1.1700498
>>> 4817 1.3646979 0.9369994
>>> 6980 1.5862817 0.44298917
>>> 5529 -1.1994128 -1.1577228
>>> 1874 1.8751149 1.681429
>>> 7616 0.8934193 0.15219955
>>> 11484 0.6927842 0.45443815
>>> 3579 0.6136276 0.2843958
>>> 11796 -0.68719155 -0.7888661
>>> 6122 0.034782987 0.015430465
>>> 6752 -1.1035099 -1.1042155
>>> 10385 0.44757894 0.41648585
>>> 4098 -0.020859335 -0.017426461
>>> 7346 -0.12547009 -0.37610042
>>> 5840 -0.64046925 -0.88834417
>>> 3712 0.05404233 0.056175575
>>> 7045 0.32073885 0.0772859
>>> 4090 0.51054335 0.4419912
>>> 5506 1.4755461 1.2819599
>>> 7612 0.5814404 0.5207331
>>> 11218 2.3031592 1.4133892
>>> 9099 -0.7578346 -0.6850627
>>> 2944 -0.25623596 -0.145184
>>> 3797 0.018838359 -0.14639726
>>> 2292 -0.11920739 -0.43827617
>>> 27 1.1990279 1.5690634
>>> 2888 -0.13412704 0.6056603
>>> 4674 0.08483967 0.23964049
>>> 10988 0.064738706 -0.56264156
>>> 8432 0.36677948 0.044063404
>>> 5201 3.3102374 2.265121
>>> 11318 0.42853644 0.36753482
>>> 274 -0.6015628 -0.55647844
>>> 2392 -0.3233278 -0.6245409
>>> 11180 -0.29007342 0.011530235
>>> 11504 0.71132934 0.4427439
>>> 2103 0.61182517 0.67837125
>>> 8397 -0.7093255 -1.2098563
>>> 907 2.0475523 1.9175136
>>> 3897 1.108778 1.0995635
>>> 9402 -1.638808 -1.6765041
>>> 7629 0.33292046 0.34931123
>>> 4788 -0.41672555 -0.21793133
>>> 4163 0.30391732 0.0009224862
>>> 83 1.6590439 0.93045634
>>> 57 0.36522824 0.45994478
>>> 7828 -0.9943408 -1.0740197
>>> 6862 1.2359004 1.4161736
>>> 9541 -0.09305367 0.14916833
>>> 9213 -1.012499 -0.94676083
>>> 7333 0.16937055 -1.0988187
>>> 9944 0.027712582 0.028203323
>>> 11669 -1.2482034 -1.1786612
>>> 1857 1.7360973 1.2905614
>>> 11774 -1.2941427 -1.2720646
>>> 10417 3.6842103 3.2984626
>>> 3458 1.1091869 1.1496576
>>> 4053 -0.13452354 -0.14153826
>>> 1709 0.06676576 -0.024119824
>>> 7817 -0.6376304 -1.4805024
>>> 11280 -0.036423948 -0.043346807
>>> 10062 -0.43228742 -0.45330846
>>> 962 1.0647873 0.9828169
>>> 11450 1.8182211 1.6486608
>>> 1634 -1.0408229 -1.0091257
>>> 1870 0.3027369 0.21866207
>>> 6614 0.21201532 0.26199985
>>> 10157 -0.56786466 -0.59838885
>>> 4890 -0.17153317 0.10365616
>>> 9887 -0.8656056 -0.8931893
>>> 1830 -0.06424305 0.028948054
>>> 359 1.7700058 1.0792278
>>> 2991 1.8209742 1.8262613
>>> 2817 0.9279449 0.87415904
>>> 8559 0.5087794 0.5840556
>>> 2043 0.31758735 0.27220207
>>> 7453 -0.888281 -0.87715405
>>> 6572 -0.8893972 -0.7196637
>>> 6227 -0.2257902 -0.55896705
>>> 2553 -1.4405001 -1.3791425
>>> 3542 -0.23900549 -0.22224054
>>> 7060 1.9558511 1.8136487
>>> 8194 1.4697006 0.6449684
>>> 10117 0.6979701 1.0561976
>>> 933 -1.7055272 -1.5647
>>> 10177 0.14895786 0.03816004
>>> 7833 1.5488352 1.4276314
>>> 747 0.055294685 0.43524152
>>> 2275 0.19730286 0.10683553
>>> 531 -0.71842897 -0.7834736
>>> 1937 0.7402724 0.73196757
>>> 10440 -0.50719136 0.1016988
>>> 7669 0.02281913 0.390795
>>> 3470 -1.9525166 -1.8005491
>>> 8583 0.96055156 1.1397699
>>> 1307 1.2240094 0.9834965
>>> 6034 0.14256406 0.041047588
>>> 8764 1.2490089 1.3991226
>>> 1730 -1.5153221 -1.4857678
>>> 7654 0.966288 0.7495513
>>> 5399 -0.054953508 0.09589861
>>> 2172 0.33114186 0.32967407
>>> 6031 1.1564789 0.973357
>>> 3981 -0.90599644 -0.90332973
>>> 3601 -1.1220944 -1.2072133
>>> 11822 -0.33123386 -0.32994166
>>> 4984 -0.66796243 -1.1451538
>>> 3834 -0.33887085 -0.3095188
>>> 8108 -0.7044142 -0.69579715
>>> 3862 -1.6814904 -1.5720816
>>> 5034 0.38815022 0.40753466
>>> 848 0.5333713 -0.26897323
>>> 9823 -0.1468523 -0.13555682
>>> 9376 -1.20421 -1.1163232
>>> 7460 -0.4318776 -0.682025
>>> 8804 -1.5730754 -1.432811
>>> 5060 -0.53372467 -0.44486982
>>> 11759 -1.892067 -1.9708793
>>> 8105 -1.2970728 -1.1819694
>>> 7780 0.2370487 0.45733696
>>> 4001 2.0615919 2.0659862
>>> 2365 0.09737791 0.502764
>>> 9833 -0.23006801 -0.5721756
>>> 5596 -1.3855408 -1.1261704
>>> 2037 0.10413981 0.18711518
>>> 2462 1.3924276 0.4105596
>>> 9720 -0.8576771 -0.928334
>>> 7355 -0.012402258 0.019292861
>>> 2920 -0.53946614 -0.5923771
>>> 7537 0.022878265 -0.06089647
>>> 4492 -0.85230184 -0.53318924
>>> 7448 -0.8642813 -1.1349932
>>> 51 -0.9289615 -0.9794767
>>> 3262 -0.4760617 -0.5010757
>>> 5919 1.3063748 1.3199408
>>> 10485 -2.0222354 -1.7200388
>>> 4790 0.015357248 0.022258446
>>> 2575 -1.3995818 -1.4497025
>>> 1560 0.049143836 0.015307173
>>> 201 -0.4893957 -0.49895585
>>> 7872 -0.15179984 -0.19099145
>>> 4297 -0.09217537 -0.24095365
>>> 3786 -0.5699857 -0.592241
>>> 6736 -1.155855 -0.7728618
>>> 6416 -0.06587129 0.35701638
>>> 4092 0.55327886 0.4210595
>>> 10951 -2.3751442 -2.0881884
>>> 3970 -0.022687903 -0.27657333
>>> 10068 0.8486274 0.63592315
>>> 1958 0.41504976 0.16246341
>>> 2021 1.3226991 0.6366665
>>> 11393 -0.2727412 -0.36126485
>>> 6395 -1.1861389 -1.2025506
>>> 1718 -0.12791246 0.012711659
>>> 6770 0.88457537 0.9016928
>>> 11191 -0.6136619 -0.7325888
>>> 4765 0.42409405 0.4492854
>>> 8648 -1.1203222 -1.5460752
>>> 1550 -0.19876643 -0.20041399
>>> 11784 -0.06536017 -0.0722267
>>> 3623 1.8313338 1.5480429
>>> 10168 0.7258703 0.4298218
>>> 4198 0.6047456 0.50887084
>>> 1911 1.806294 1.769572
>>> 4256 0.14563078 0.12680753
>>> 4500 0.21860944 -0.10443853
>>> 7457 -0.28347057 -0.43902946
>>> 11492 0.6500913 0.537316
>>> 2278 0.17493464 0.177173
>>> 2165 0.28036273 0.18553574
>>> 10602 0.050964154 -0.16996445
>>> 4224 -0.9175014 -0.85996383
>>> 2844 -0.82206607 -0.9191284
>>> 4034 0.48154157 0.39729697
>>> 10641 -1.1999867 -1.2859578
>>> 2387 -1.2159429 -1.2227392
>>> 3315 -0.8764148 -0.92580307
>>> 3359 0.33467522 0.58430016
>>> 7028 0.83587146 1.2205915
>>> 11699 0.7260725 0.5386739
>>> 6714 -1.682999 -0.38892812
>>> 11221 -0.7704361 -0.35468203
>>> 6443 0.33774516 -0.10476597
>>> 4879 0.056792747 0.04816048
>>> 6808 -0.07884226 0.09850852
>>> 5035 0.46551168 0.339032
>>> 1826 0.50176674 0.6360854
>>> 695 0.27006793 0.39050215
>>> 10577 -0.25633496 -0.20380753
>>> 1921 0.41531792 -0.10591299
>>> 2618 0.5598336 0.34938174
>>> 705 -0.8872569 -0.85356796
>>> 3486 0.6246531 0.5370235
>>> 6641 -0.3283363 -0.34843025
>>> 3634 -0.025347099 -0.023982897
>>> 8492 1.3224437 1.1875453
>>> 11775 -0.46791038 0.7356227
>>> 2065 0.13728693 0.068629906
>>> 10956 0.14809927 0.4895233
>>> 4580 0.48978272 1.1017375
>>> 5039 1.0985693 1.1511992
>>> 10613 -1.3133612 -1.2641762
>>> 2936 -0.48051506 -0.5786786
>>> 11057 1.3198537 1.6918857
>>> 1787 0.17930505 0.15877067
>>> 10719 0.40558282 -0.13330935
>>> 2224 -1.6131682 -1.629968
>>> 8708 -0.5310641 -0.54257494
>>> 11281 -0.43457988 0.40193105
>>> 9874 -0.55400854 -0.43944156
>>> 7174 0.05967335 0.14856206
>>> 7736 1.8376739 1.7732395
>>> 7964 0.5702127 0.49419302
>>> 3728 -1.1985826 -1.2093488
>>> 1517 -0.92825186 -0.8767611
>>> 11868 -0.28904337 -0.21252036
>>> 10658 0.6759516 0.5505946
>>> 109 -1.6996752 -1.4111391
>>> 2447 -0.91914755 -0.9554977
>>> 11787 -0.7129341 -0.53722155
>>> 1951 1.1321267 1.4215907
>>> 3946 -1.160217 -1.1552043
>>> 6224 -0.4767493 -0.58599895
>>> 699 -0.20904931 -0.15434241
>>> 6319 -0.82228565 -0.47467482
>>> 3741 2.3427303 2.4379358
>>> 1950 -1.1083703 -1.1510949
>>> 11257 2.9170403 2.2836292
>>> 1601 -1.1904731 -1.2547482
>>> 9406 0.42778373 0.35728997
>>> 3444 0.59998786 0.5413124
>>> 1862 0.91250724 0.78821534
>>> 1267 1.3404231 1.3823385
>>> 8726 -0.4006113 0.2950576
>>> 8034 -0.5897479 -0.3389385
>>> 5321 -0.052329153 -0.07655755
>>> 1444 -0.96367496 -0.91675395
>>> 2854 2.1192846 1.2201748
>>> 9341 1.7176819 0.24026676
>>> 2212 0.048759237 0.18218018
>>> 4229 -0.21458362 0.021645606
>>> 8699 -1.4442761 -1.115772
>>> 8946 -0.96849185 -0.065090105
>>> 9124 1.5122142 0.72171897
>>> 7915 0.10757875 0.060939416
>>> 3526 -0.92880565 -0.9880734
>>> 11805 0.12982458 0.12701263
>>> 3592 -0.262522 -0.32181707
>>> 1928 -0.1484214 -0.20937973
>>> 1359 0.71242034 1.9727428
>>> 7205 -0.49259216 -0.6465261
>>> 8828 -1.1950823 -0.985287
>>> 592 -1.1759343 -1.0997579
>>> 9754 0.3103079 0.7509603
>>> 4188 0.41252854 0.05935262
>>> 8880 -0.0006107599 0.13637836
>>> 10138 -1.2410839 -1.088717
>>> 10102 1.0276525 0.47023958
>>> 11223 -0.4213261 -0.46803278
>>> 3600 -0.9487214 -0.8432607
>>> 8282 1.5365087 1.274708
>>> 9542 -1.0051705 -1.1009741
>>> 2110 -0.12751731 -0.013449356
>>> 1081 -1.3466734 -0.8410689
>>> 5672 0.07163125 0.19675656
>>> 1803 -1.1470504 -0.71602124
>>> 7910 -1.3211211 -1.3103495
>>> 99 -1.2507544 -1.1484162
>>> 10627 -0.3948359 -0.29860988
>>> 3093 -0.46813133 -0.4531467
>>> 7991 -0.18678011 -0.17151651
>>> 8634 -0.41458207 -0.7420561
>>> 5762 -1.6336528 -1.4392164
>>> 1919 0.69361067 0.3217858
>>> 10862 0.22310774 -0.0040061176
>>> 3136 -0.34134075 -0.035138816
>>> 8897 -0.032409254 -0.3577239
>>> 5403 0.17952417 -0.35582656
>>> 6711 -1.6845832 -1.1315039
>>> 5328 -1.1408986 -0.8927079
>>> 930 -0.8308422 -0.6760718
>>> 9069 -0.6593582 -0.73110896
>>> 3186 1.1488878 0.9174542
>>> 2170 -0.0010338657 0.0030527413
>>> 8336 1.5178888 1.4914354
>>> 7064 0.03869775 0.023038194
>>> 4429 0.048535533 -0.002941072
>>> 11338 0.81575537 1.4924399
>>> 6805 1.7760192 1.9522443
>>> 5271 -0.75753665 -0.72941136
>>> 11262 0.60517603 0.5630233
>>> 4908 -0.19813521 -0.21042985
>>> 1575 -0.53231966 -0.5260826
>>> 2262 0.5016861 0.075682595
>>> 10937 0.107823536 0.106418625
>>> 8978 -0.4533657 -0.55504066
>>> 9531 1.2131686 1.1506544
>>> 6917 1.2258174 1.4996549
>>> 11661 -1.3255423 -1.2996215
>>> 8208 1.5839378 0.13598482
>>> 10921 -0.47587055 -0.49416113
>>> 1585 -0.51066655 -0.2007289
>>> 2267 0.78144157 1.2103604
>>> 460 0.11156318 -0.07445684
>>> 1960 1.5125227 1.4191763
>>> 9021 3.2925408 2.3445847
>>> 342 -0.5298021 -0.59147125
>>> 1406 -1.1678568 -1.1403506
>>> 8811 0.2104164 0.080995634
>>> 10272 1.0257703 1.0834346
>>> 1899 0.6980301 0.7703015
>>> 10077 1.2383515 0.011436522
>>> 377 0.21783061 -0.017889395
>>> 291 -0.13910162 -0.53057367
>>> 8075 0.48981574 0.21222909
>>> 7314 1.1012615 1.1320045
>>> 10414 0.3541257 0.33883595
>>> 2608 -0.0706726 -0.031765714
>>> 570 -0.26018876 0.008546129
>>> 810 -1.4004724 -0.9734026
>>> 4647 -0.5363018 -0.67720145
>>> 5473 -0.21910714 -0.14789003
>>> 2393 -0.335938 -0.49603415
>>> 11028 0.2828271 0.19364579
>>> 4327 -0.93468374 -0.52555555
>>> 7948 0.102911286 0.46590555
>>> 1782 1.4307253 0.86315304
>>> 3491 -1.9638226 -1.9159168
>>> 1763 1.3400527 1.5409482
>>> 5517 1.0810574 0.9659063
>>> 7063 0.5899557 0.48339957
>>> 5940 0.07357809 0.029884443
>>> 5418 1.0887389 1.2476639
>>> 11760 -1.4292904 -1.3555586
>>> 2052 0.53773123 0.5422185
>>> 3035 -0.73905295 -0.70859796
>>> 8215 -0.9442978 -0.84549135
>>> 3373 -1.6124787 -0.2664422
>>> 3924 -1.0492648 -0.91748995
>>> 10976 0.94813615 0.83994347
>>> 2994 -0.5555066 -0.63712543
>>> 1297 0.09885947 0.12483166
>>> 4563 -1.6582072 -1.67833
>>> 5947 0.7015319 -0.22856161
>>> 5859 0.6189643 0.6573572
>>> 480 -0.9412554 -0.5686971
>>> 8219 0.6115726 0.49614275
>>> 1348 -0.5529239 -0.49130952
>>> 9549 -0.05957467 -0.4253734
>>> 1311 -0.09524942 -0.05629483
>>> 6070 -0.5676951 -0.5945223
>>> 2223 -1.6619569 -1.5087972
>>> 6068 1.0676014 1.0089887
>>> 11285 -1.045659 -0.95056283
>>> 7539 1.5676049 1.7181491
>>> 7133 -1.0692754 -1.1600364
>>> 8759 -1.7291304 -1.6893662
>>> 10780 -2.1161466 -2.2026622
>>> 6946 1.2927259 0.0764368
>>> 1190 -0.32740116 -0.23917079
>>> 1487 0.8346544 1.1722927
>>> 5106 -0.5112464 -0.45337516
>>> 5907 1.1530459 0.14541583
>>> 4945 0.16862793 0.2596104
>>> 11352 -0.7582509 -0.67942166
>>> 9908 -0.73302954 -0.63370854
>>> 7222 2.1384697 1.1127248
>>> 9333 0.6082698 0.4639027
>>> 1197 -1.3072278 -1.3384577
>>> 2171 0.35126713 0.5806159
>>> 3871 0.021534227 0.06786309
>>> 3003 1.1161541 0.997099
>>> 2777 0.95261014 0.8773132
>>> 5359 -0.37198496 -0.33042717
>>> 7330 0.7098826 -0.26566848
>>> 9611 -0.5134023 -0.46996087
>>> 1904 0.20461164 0.027989611
>>> 8974 -1.8638624 -1.8168635
>>> 3767 -0.08102609 0.44530034
>>> 4988 0.29241186 0.16254987
>>> 5561 1.1097461 0.7900786
>>> 11510 -1.327105 -1.4306965
>>> 6312 -1.4008603 -1.3989809
>>> 5055 -1.1530155 -1.0999411
>>> 6244 0.0019801334 -0.116136104
>>> 10169 -1.4996369 -1.0383227
>>> 6841 -1.2011437 -1.244909
>>> 2239 0.5479009 1.3048311
>>> 1687 -0.88914186 -0.9433242
>>> 1679 -0.21920249 -0.14589615
>>> 5334 -1.4982333 -0.94309
>>> 3840 -0.17867188 -0.22675931
>>> 2643 -0.55810297 -0.77227443
>>> 4434 1.0318364 0.960689
>>> 1393 0.09049591 0.04249622
>>> 3218 1.6153206 1.5744311
>>> 2489 -0.3484258 -0.38769317
>>> 6570 0.59867316 0.58688235
>>> 2192 -0.3438129 -0.34799463
>>> 9806 0.06768899 0.01732637
>>> 760 -0.65737194 -0.6501043
>>> 1056 -0.966551 -0.90333635
>>> 1944 -0.090506785 -0.15081885
>>> 6223 -1.0284991 -1.3298994
>>> 4017 0.10947241 0.16199748
>>> 6613 0.030435495 -0.037899032
>>> 8682 1.0105816 0.8806074
>>> 1470 -0.92218584 -0.9439235
>>> 2379 -0.008586512 -0.07882671
>>> 10600 -0.09145338 -0.9349293
>>> 3465 1.336921 1.269368
>>> 4799 2.7511325 2.951563
>>> 3349 -0.6400278 -0.6686713
>>> 5211 -0.13695583 -0.10262997
>>> 4266 -1.7686846 -1.7572621
>>> 272 0.40640703 0.37687844
>>> 7002 -0.041470047 0.0041941106
>>> 7243 -0.41721514 -0.50787944
>>> 10322 1.3275741 1.2381306
>>> 10564 -1.2515658 -1.3955282
>>> 6563 -0.5781228 -0.5554425
>>> 1163 1.2132893 1.110356
>>> 10050 0.31430656 0.33677214
>>> 1705 -0.17354831 -0.028365165
>>> 6200 -1.3881762 -1.3674219
>>> 17 1.3301536 0.9706246
>>> 7835 0.47721836 0.44228774
>>> 4203 -0.47708988 -0.27332908
>>> 5996 1.5513119 1.5350909
>>> 10776 -2.0573194 -2.0760334
>>> 6380 -1.6910444 -1.1837491
>>> 1735 0.302868 0.40362507
>>> 7666 0.45115998 0.31561285
>>> 6413 -1.0573766 -0.9578672
>>> 4433 0.26453865 0.35811752
>>> 4365 1.6523846 -0.13969882
>>> 461 -1.0521903 -0.99061716
>>> 10314 -0.3546688 -0.30336842
>>> 6203 0.16810215 0.17141582
>>> 10644 -0.45509663 -0.3260092
>>> 11577 0.46731046 0.6594453
>>> 492 -0.98959213 -1.0387812
>>> 6715 -0.7813145 -0.99321246
>>> 1192 0.21457778 0.16009076
>>> 11520 1.1543679 0.9702601
>>> 7749 -0.47072956 -0.7657714
>>> 1431 -0.36561316 0.1030726
>>> 739 0.3999573 0.30212593
>>> 70 -0.96731013 -0.94248366
>>> 6155 -0.8261564 -0.7315341
>>> 7182 -0.11744254 -0.31489694
>>> 10008 -0.5810745 -0.5666686
>>> 10467 0.6696825 -0.32354167
>>> 4419 -1.5016763 -1.4028147
>>> 6128 2.0674329 1.750991
>>> 2074 -1.6148932 -1.4624704
>>> 6671 0.7930369 1.051994
>>> 5987 -0.43601698 -0.2207499
>>> 6386 0.58937764 0.22930606
>>> 6871 -0.51650935 -0.59279394
>>> 8195 -0.7815744 -0.6009648
>>> 9593 -0.50384593 -0.3901385
>>> 7245 -0.087258995 0.3560192
>>> 4973 -1.9920639 -1.4500161
>>> 3451 -1.0664145 -0.7946293
>>> 3469 0.3340894 0.37358314
>>> 8263 -0.7746933 -0.653449
>>> 2623 -0.3967598 -0.29174662
>>> 11206 0.42817155 -0.29758027
>>> 8214 0.698825 0.105654225
>>> 505 2.644325 2.0863886
>>> 7806 -1.8994606 -1.7530977
>>> 3565 0.9948474 1.1939234
>>> 3119 0.5308928 1.3983788
>>> 22 1.2723018 1.2322665
>>> 7647 -0.53054655 -0.5579809
>>> 10027 -0.13943624 -1.1825179
>>> 2329 -1.9333136 -1.3353298
>>> 7650 -0.5293804 -0.5122569
>>> 10140 0.99388295 0.9214873
>>> 7406 -0.20440066 -0.09595443
>>> 2402 -0.6930884 -0.7642773
>>> 625 -0.5527291 -0.044646144
>>> 3926 0.12100766 0.13158543
>>> 9968 -0.31678364 -0.4423967
>>> 6631 -0.5596753 -0.4926268
>>> 11770 -0.95456743 -0.61060214
>>> 894 0.36992458 0.4105739
>>> 8555 0.33714876 -1.6250267
>>> 5221 -0.36332023 -0.31243625
>>> 10127 -0.80971986 0.12144856
>>> 10791 -0.5779935 -0.51392907
>>> 199 -1.0262864 -0.9937626
>>> 11243 1.537205 2.605936
>>> 9056 -0.2332915 -0.13158941
>>> 6670 -0.894193 -0.8997643
>>> 3058 0.5539353 -0.43839866
>>> 9134 -0.9319319 -0.6245158
>>> 3166 0.027630987 -0.046794906
>>> 6428 0.7479823 0.7992969
>>> 8186 0.236577 0.40664285
>>> 3135 2.5055285 1.4238294
>>> 4461 0.2753432 0.0391957
>>> 7639 -0.291472 -0.3212237
>>> 1539 0.10324272 0.016713142
>>> 430 1.1846904 0.765042
>>> 3693 -0.3376648 -0.2640373
>>> 3017 -0.68646866 -0.73465616
>>> 6043 0.1696002 0.23051731
>>> 7677 1.2640184 1.4761583
>>> 496 -0.322598 -0.35056415
>>> 10460 -0.8759637 -0.5865328
>>> 8013 -0.66119874 -0.51454765
>>> 2757 -1.6182579 -0.7860966
>>> 9061 0.18090764 0.2961915
>>> 11720 -1.1185721 -0.9002633
>>> 1978 0.3636912 0.46849233
>>> 7452 -0.29187357 -0.6341059
>>> 9065 -0.39754048 -0.0027125627
>>> 4635 0.13181177 0.84049076
>>> 690 0.011542418 -0.0013775975
>>> 3707 -0.47442245 -0.63954353
>>> 4851 0.76998425 0.7382971
>>> 2480 0.9593991 1.3679779
>>> 9878 0.7578577 0.87664396
>>> 10028 0.20319426 0.24040888
>>> 4885 0.7003556 1.2482675
>>> 11058 0.08361482 -0.15844145
>>> 3313 -0.9633958 -0.8588487
>>> 5805 -0.028106226 -0.013216063
>>> 5895 0.15677546 -0.065181985
>>> 8424 -0.18446058 0.06554969
>>> 4758 0.41600874 0.4182778
>>> 6040 -1.2986891 -0.3981384
>>> 8737 0.8124113 1.145331
>>> 341 -0.22925068 -0.31778502
>>> 9100 -0.6102037 -0.6129676
>>> 9559 0.19575897 0.022750646
>>> 5641 -0.5225025 -0.5539942
>>> 10494 -0.14280643 -0.040293813
>>> 1966 0.17928626 0.14280097
>>> 3355 -0.41017774 -0.63635254
>>> 11505 0.37605894 0.6150912
>>> 8274 1.6917546 1.2891088
>>> 5184 0.0048075626 0.06633656
>>> 8869 -1.0507207 -0.9398276
>>> 10219 0.77713263 0.7006213
>>> 10053 -0.5800862 -0.5615823
>>> 7938 1.9628468 1.8347032
>>> 5863 -0.23527639 -0.21180105
>>> 10705 1.2111475 0.99064857
>>> 8048 -1.0101465 -0.9782836
>>> 6775 1.3693539 1.2850991
>>> 10184 -0.57006454 -0.519455
>>> 7261 0.50663316 0.44582576
>>> 5235 1.3537636 1.0570853
>>> 7301 -2.1979675 -2.0229313
>>> 10904 -0.6790659 -0.6438581
>>> 622 0.25206688 0.6236018
>>> 5651 -0.036809463 0.047718003
>>> 2793 0.12295725 0.19867383
>>> 2169 0.6456663 0.5001286
>>> 7918 -0.8208178 -0.890239
>>> 9686 0.82933825 0.62842506
>>> 703 0.042162817 -0.6448708
>>> 5543 -0.42751682 -0.48022044
>>> 11843 -1.4454395 -0.90766424
>>> 9054 -0.93768996 -1.0344453
>>> 5494 -0.59154665 -0.5784128
>>> 5015 0.06812401 0.011571154
>>> 5046 0.64394224 0.5575379
>>> 3899 -0.4349842 -0.25933525
>>> 2741 -0.5221431 -0.8422043
>>> 5571 0.002537093 0.27323407

Mean MAE across splits 4.770734035953846 +- 0.0
delta MAE: 7.48e-08
