namespace(experiment_name='final-cv', wandb_name='cv10-LP-gdb-xtb-ns64-nv64-d48-layers3-vector-diff-node-noH', device='cuda', logdir='/scratch/izar/briling/cv', checkpoint=None, CV=1, num_epochs=512, seed=123, verbose=False, process=False, subset=None, max_neighbors=50, n_s=64, n_v=64, n_conv_layers=3, distance_emb_dim=48, radius=2.5, dropout_p=0.05, attention=None, sum_mode='node', graph_mode='vector', dataset='gdb', combine_mode='diff', atom_mapping=False, rxnmapper=False, random_baseline=False, two_layers_atom_diff=False, noH=True, reverse=False, split_complexes=False, xtb=True, semiempirical=False, lr=0.001, weight_decay=1e-05)

namespace(experiment_name=None, wandb_name=None, device='cuda', logdir='logs/evaluation', checkpoint='/home/briling/scratch/cv/final-cv-gdb-xtb/231001-105836.553710-briling.best_checkpoint.pt', CV=1, num_epochs=233, seed=123, verbose=False, process=False, subset=None, max_neighbors=50, n_s=64, n_v=64, n_conv_layers=3, distance_emb_dim=48, radius=2.5, dropout_p=0.05, attention=None, sum_mode='node', graph_mode='vector', dataset='gdb', combine_mode='diff', atom_mapping=False, rxnmapper=False, random_baseline=False, two_layers_atom_diff=False, noH=True, reverse=False, split_complexes=False, xtb=True, semiempirical=False, lr=0.001, weight_decay=1e-05, eval_on_test_split=True)

Running on device cuda:0
csv_path='data/gdb7-22-ts/ccsdtf12_dz_cleaned.csv'
dataset_prefix='ccsdtf12_dz_cleaned.noH.xtb.v10'
Loading data into memory...
Coords and graphs successfully read from data/gdb7-22-ts/processed//
Data stdev 21.7884

CV iter 1/1
Using random splits
total / train / test / val: 10914 9823 546 545
trainable params in model:  14548230
Log directory: logs/evaluation
checkpoint: /home/briling/scratch/cv/final-cv-gdb-xtb/231001-105836.553710-briling.best_checkpoint.pt
num epochs: 233
eval_per_epochs: 0
patience: 150
minimum_epochs: 0
models_to_save: []
clip_grad: 100
log_iterations: 100
lr: 0.001
weight decay: 1e-05
lr scheduler: <class 'torch.optim.lr_scheduler.ReduceLROnPlateau'>
factor: 0.6
min_lr: 8e-06
mode: max
lr_scheduler_patience: 60
lr_verbose: True
In trainer, metrics is {'mae': MAE()} and std is 21.788405485631458
Statistics on val_best_checkpoint
mae: 6.364117581090238
MSELoss: 0.22818719083612002
mean_pred: -0.017984691656370094
std_pred: nan
mean_targets: 0.015272969258544237
std_targets: nan
Evaluating on test, with test size:  546
Statistics on test_split_1
mae: 6.611797980165101
MSELoss: 0.22375178777113341
mean_pred: -0.06364240756501323
std_pred: 0.8306931762591653
mean_targets: -0.01965971339655959
std_targets: 0.943966612867687
>>> 2993 -0.8098439 -0.7273032
>>> 3302 -0.034939535 -0.015737213
>>> 10517 -1.649233 -1.4654793
>>> 10355 -0.41970748 0.6228875
>>> 376 0.09146072 0.055950537
>>> 7376 -0.5395634 -0.54019004
>>> 1264 -0.97664267 -0.82641065
>>> 456 0.6605877 0.60102326
>>> 3424 -1.4116507 -1.3044266
>>> 8280 1.7085111 2.032698
>>> 3046 -0.93971246 -1.0551823
>>> 10095 -0.5432755 -0.69915336
>>> 2934 1.1656834 1.1951407
>>> 5169 -0.49847826 -0.29932126
>>> 3207 0.58173203 0.48078904
>>> 8640 -0.25589237 -0.9746643
>>> 10447 0.2676379 -0.12656845
>>> 10415 -0.81550837 -0.8848006
>>> 8200 1.7030637 1.0263917
>>> 2105 0.79779094 0.9281306
>>> 9394 -0.4161354 0.1910574
>>> 5766 2.1172984 1.1894538
>>> 10456 -0.77360076 -0.6970169
>>> 6163 1.2641721 1.2171953
>>> 676 -0.3451495 -0.45807916
>>> 2459 -0.34325993 -0.48920953
>>> 7678 -0.21744394 -0.2430375
>>> 6447 -0.16649987 0.6661706
>>> 5011 0.30915952 0.42814538
>>> 526 -1.4019749 -1.1874597
>>> 3052 0.239718 0.1792358
>>> 3199 -0.8587731 -0.67447793
>>> 4817 0.7146532 0.4021408
>>> 6980 -1.2184681 -1.2008088
>>> 5529 -0.21491691 0.45205575
>>> 1874 -0.4404947 -0.0074159345
>>> 7616 -0.18139634 -0.29106095
>>> 10559 0.51254845 0.18044873
>>> 3579 0.4485814 -0.50644654
>>> 10832 -0.1509205 -0.10923377
>>> 6122 -0.43073168 -0.12496939
>>> 6752 -0.72882605 -0.7842982
>>> 4098 2.4368596 1.240458
>>> 7346 -0.72216743 -0.68789446
>>> 5840 -1.3898983 -0.95805115
>>> 3712 0.49752668 0.26552612
>>> 7045 -0.23625854 -0.2518167
>>> 4090 -0.57790816 -0.09894639
>>> 5506 -1.1956408 -1.2350056
>>> 7612 0.9219171 -0.06374317
>>> 10318 2.2040503 2.0944827
>>> 9099 -0.24159211 -1.0048946
>>> 2944 1.9859949 1.931466
>>> 3797 -0.1530317 -0.116991
>>> 2292 -0.048776254 -0.0051472923
>>> 27 1.8389268 1.6192192
>>> 2888 0.80037767 0.13509484
>>> 4674 -0.14835124 -0.039543655
>>> 10105 0.47955015 0.46877837
>>> 8432 -1.400737 -1.1565057
>>> 5201 2.3148854 2.1425085
>>> 10410 0.14517783 -0.05347594
>>> 274 -0.5245293 -0.56622404
>>> 2392 -0.937269 -0.98921037
>>> 10282 0.42760694 0.41871414
>>> 10578 -1.143044 -1.1418042
>>> 2103 -0.17319013 -0.14020796
>>> 8397 -0.1103613 -0.42308772
>>> 907 2.512221 0.9555998
>>> 3897 -0.0028353056 -0.03924936
>>> 9402 0.1580365 0.19854139
>>> 7629 -0.23911831 -0.22356698
>>> 4788 -1.6385479 -1.4163985
>>> 4163 -1.5834236 -1.8181746
>>> 83 -1.409656 -0.97618127
>>> 57 0.5657754 0.8022558
>>> 7828 2.5400424 2.0440266
>>> 6862 -0.4170019 -0.7583297
>>> 9541 -0.53558517 -0.658439
>>> 9213 -0.11237154 0.055309586
>>> 7333 0.5800729 0.5822651
>>> 1857 0.7286216 0.6082204
>>> 10814 -0.2136869 -0.23559386
>>> 3458 0.28232783 0.23103413
>>> 4053 -0.9531086 -1.1786743
>>> 1709 1.9539462 1.6238503
>>> 7817 0.256191 0.59199995
>>> 10375 -0.24194734 -0.29626688
>>> 962 -0.57515436 -0.18772496
>>> 10529 0.76832116 0.1640249
>>> 1634 -0.22325712 -0.34876597
>>> 1870 0.75070816 0.71068424
>>> 6614 -0.10218494 -0.29367542
>>> 4890 0.44768092 0.6161867
>>> 9887 -2.0598102 -0.87841076
>>> 1830 -0.08143399 -0.21753487
>>> 359 1.0420277 -2.071767
>>> 2991 0.40939128 0.22988562
>>> 2817 0.2872465 0.4704932
>>> 8559 0.62440884 0.41110408
>>> 2043 0.39625952 0.6009113
>>> 7453 -1.0858732 -1.1556396
>>> 6572 -1.5944543 -1.3784063
>>> 6227 -2.24202 -1.8601508
>>> 2553 -0.84091085 -0.42615816
>>> 3542 -2.2202003 -2.221179
>>> 7060 -0.8220348 0.061780326
>>> 8194 0.059140775 0.48204127
>>> 933 -1.206385 -1.249497
>>> 7833 0.36615086 0.34435165
>>> 747 -0.6326106 -0.67616683
>>> 2275 -1.1040839 -1.0778713
>>> 531 0.36479968 0.013993791
>>> 1937 -1.2560968 -1.3974552
>>> 7669 -0.08188423 0.056761034
>>> 3470 -2.1377254 -1.8919762
>>> 8583 -0.44616008 -0.614837
>>> 1307 1.4709985 1.3399379
>>> 6034 1.3041433 -0.10185617
>>> 8764 1.1208596 0.5358766
>>> 1730 0.9377287 1.0825614
>>> 7654 -1.893104 -1.9487379
>>> 5399 -0.2974039 -0.27735525
>>> 2172 -1.125896 -0.5228954
>>> 6031 0.052567557 -0.42606795
>>> 3981 -0.12640285 -0.04713498
>>> 3601 0.07185855 0.26016632
>>> 10500 -0.0492678 -0.16105151
>>> 4984 -0.44767466 -0.17469573
>>> 3834 -0.7925824 -0.767726
>>> 8108 1.4800713 1.5867445
>>> 3862 0.6278093 0.59283316
>>> 5034 0.32569218 0.28107852
>>> 848 -0.8164511 -0.71679944
>>> 9823 1.2280189 0.8459246
>>> 9376 -0.08141242 -0.20162241
>>> 7460 -1.230928 -0.6083673
>>> 8804 -1.4390543 -1.2838489
>>> 5060 -1.4105105 -1.3681948
>>> 10801 -1.4156262 -1.1174257
>>> 8105 -0.32604253 -0.3082358
>>> 7780 -0.80259967 -0.7821915
>>> 4001 -0.5910739 -0.7414427
>>> 2365 -1.8157394 -1.1300049
>>> 9833 0.27931935 0.16096853
>>> 5596 -0.06512164 0.25536072
>>> 2037 -1.1118573 -1.0912497
>>> 2462 -0.3673365 -0.50384074
>>> 9720 0.34625587 -0.90658337
>>> 7355 -0.21121402 -0.3459052
>>> 2920 0.18502884 -0.5388779
>>> 7537 0.017538374 -0.116026565
>>> 4492 -0.541883 -0.5788866
>>> 7448 0.11471162 -0.9462816
>>> 51 0.9654953 0.65773034
>>> 3262 -0.5418243 -0.54953116
>>> 5919 -0.2971129 -0.27390036
>>> 4790 -0.637963 -0.7571314
>>> 2575 0.9680985 0.60108185
>>> 1560 0.6092581 0.3686114
>>> 201 -0.14187394 -0.23107578
>>> 7872 -0.9750905 -0.7867893
>>> 4297 0.7692455 -0.29948232
>>> 3786 0.42687994 0.39896697
>>> 6736 -0.7885757 -0.8146468
>>> 6416 2.0714593 1.246811
>>> 4092 0.84403986 1.0357076
>>> 10071 0.5158176 0.40241072
>>> 3970 0.408729 0.6654478
>>> 1958 -0.825225 -0.7049233
>>> 2021 1.0915537 -0.15845673
>>> 10479 0.23404802 0.40109375
>>> 6395 -0.12354125 0.5164945
>>> 1718 0.39999822 0.56333786
>>> 6770 -0.20489047 0.034559347
>>> 4765 -0.6624256 -0.7038038
>>> 8648 -1.506049 -1.3196409
>>> 1550 -0.87482154 -0.5546758
>>> 10823 -0.6983997 -0.6603686
>>> 3623 0.48527706 0.5227717
>>> 4198 -1.8042191 -1.5735003
>>> 1911 0.15285392 -0.04224116
>>> 4256 -0.51973546 -0.6960982
>>> 4500 -0.62569183 -0.685026
>>> 7457 -0.17676084 0.15735367
>>> 10567 0.72759354 1.2652326
>>> 2278 -1.1111265 -1.016688
>>> 2165 -0.6582334 -0.44471714
>>> 4224 0.50577784 1.0835624
>>> 2844 0.9326847 0.8681747
>>> 4034 -0.8752213 -0.9557191
>>> 2387 1.8122076 0.5975706
>>> 3315 0.17119211 0.33268166
>>> 3359 0.58967525 0.5094145
>>> 7028 -0.27642578 -0.1378539
>>> 10746 -0.18505195 0.5563019
>>> 6714 0.060755398 0.04931242
>>> 10321 -1.3674124 -1.18173
>>> 6443 -0.5217723 0.52203953
>>> 4879 1.0594145 0.5591726
>>> 6808 -0.32158786 -0.37212333
>>> 5035 -0.32974908 0.032049153
>>> 1826 0.3795332 0.360571
>>> 695 -0.6427702 -0.64338714
>>> 1921 0.033340357 0.024230108
>>> 2618 -0.9878252 -0.8672784
>>> 705 -0.88922185 -0.81788343
>>> 3486 -0.55527776 -0.475186
>>> 6641 -0.5246353 -0.4050634
>>> 3634 -0.13372189 -0.0026446683
>>> 8492 -1.2061307 -0.8017142
>>> 10815 -1.4834063 -1.2358315
>>> 2065 -1.5997273 -1.690136
>>> 10076 -0.26943076 -0.278468
>>> 4580 -0.38344416 -1.1763507
>>> 5039 -0.042541288 0.05860859
>>> 2936 -1.3452833 -1.2476063
>>> 10167 -0.53635573 -0.36892104
>>> 1787 0.7667777 0.98463494
>>> 2224 0.0456033 -0.14836247
>>> 8708 -0.97070146 -0.70091796
>>> 10376 -1.8686235 -1.1055268
>>> 9874 0.84633195 0.8146384
>>> 7174 0.053931125 -0.085258186
>>> 7736 -1.1102835 -0.6428968
>>> 7964 -2.6915276 -1.5795165
>>> 3728 -0.44733182 -0.2375508
>>> 1517 1.4461147 0.7527397
>>> 10900 2.1709085 2.166148
>>> 109 -0.7068386 -0.89947265
>>> 2447 -0.5433806 -0.76954687
>>> 10825 0.49968565 0.6059285
>>> 1951 0.4507633 -0.053094856
>>> 3946 0.9655233 0.63313943
>>> 6224 -1.1251396 -0.9930963
>>> 699 0.9856147 1.1676606
>>> 6319 0.44102323 0.13899104
>>> 3741 0.3001249 0.27725762
>>> 1950 1.7392343 -0.085562125
>>> 10354 -0.021067938 0.9961086
>>> 1601 -0.08701999 0.9594628
>>> 9406 0.97060263 0.9759488
>>> 3444 -0.21002348 -0.13254018
>>> 1862 1.2456751 1.2829143
>>> 1267 -0.88065445 -0.8039067
>>> 8726 1.1349043 0.22024642
>>> 8034 0.21608342 0.9021769
>>> 5321 1.0831317 0.8632187
>>> 1444 -1.8145788 -2.0139875
>>> 2854 0.43627486 0.4292854
>>> 9341 0.36289775 0.3373851
>>> 2212 -0.11249822 -0.13784535
>>> 4229 0.021040695 0.22159353
>>> 8699 -0.110944636 0.21112326
>>> 8946 0.27198517 0.3493154
>>> 9124 3.1992476 0.84557444
>>> 7915 1.3994095 1.5614241
>>> 3526 -0.36689866 -0.34480175
>>> 10840 2.301874 1.3587615
>>> 3592 -0.3378699 -0.40326175
>>> 1928 0.5641121 1.0155436
>>> 1359 1.4546169 0.800602
>>> 7205 0.39552152 0.5174185
>>> 8828 0.82750267 0.49915344
>>> 592 -0.3037715 -0.17184791
>>> 9754 1.6163341 1.4445739
>>> 4188 -0.77132475 -0.7259028
>>> 8880 0.15366903 0.14890862
>>> 10323 1.5544723 2.9430442
>>> 3600 0.12040639 -0.25202763
>>> 8282 0.06627163 0.4706809
>>> 9542 0.101404995 0.009512535
>>> 2110 1.2881835 0.07052807
>>> 1081 1.2672513 0.2612177
>>> 5672 1.4331151 1.3508958
>>> 1803 0.023760032 0.008213735
>>> 7910 -0.6114755 -0.57837516
>>> 99 -1.3112551 -1.4368677
>>> 3093 1.6550841 0.979639
>>> 7991 -1.7876625 -1.6694214
>>> 8634 -0.74932957 -1.2456243
>>> 5762 -0.6189515 -0.65149546
>>> 1919 2.2979746 2.022827
>>> 3136 -1.8283315 -1.493669
>>> 8897 -0.25190356 -0.41710725
>>> 5403 0.7365956 0.67947584
>>> 6711 -1.2712177 -1.4027323
>>> 5328 -0.45097458 -0.44482037
>>> 930 1.7840922 1.088432
>>> 9069 -0.5810561 -0.44350803
>>> 3186 2.5994768 1.4974539
>>> 2170 -0.31637958 -0.29981625
>>> 8336 0.07387201 -0.38249037
>>> 7064 1.1837462 1.6475247
>>> 4429 1.210247 1.81178
>>> 10427 0.46590117 0.031110324
>>> 6805 -0.6791813 -0.7219714
>>> 5271 -0.6940892 -0.7684086
>>> 10359 -1.0315287 -1.1659473
>>> 4908 0.51391846 -1.1925279
>>> 1575 -0.09368317 -0.00089424755
>>> 2262 1.017808 0.92731386
>>> 8978 -0.27617565 -0.6323015
>>> 9531 0.060163796 -0.13832909
>>> 6917 -0.31036997 -0.15757006
>>> 10716 -1.1832379 -1.2487018
>>> 8208 1.1320288 0.7525102
>>> 1585 -0.7015335 -0.7051256
>>> 2267 -0.90486366 -0.9798803
>>> 460 1.002638 1.4599756
>>> 1960 0.5806452 0.5176054
>>> 9021 -0.50229037 0.67530346
>>> 342 -0.13419966 -0.1437004
>>> 1406 0.40030205 0.7484298
>>> 8811 1.0832552 1.4295605
>>> 1899 0.52173775 0.2631027
>>> 10077 0.964688 0.39761153
>>> 377 0.52891403 0.67935836
>>> 291 0.10556272 0.24555565
>>> 8075 0.80764073 0.60570556
>>> 7314 -0.12507418 -0.024087347
>>> 2608 -1.2868273 -1.2770714
>>> 570 0.6407368 0.7024295
>>> 810 -0.3724034 -0.4938802
>>> 4647 0.85050523 0.985355
>>> 5473 0.072945826 0.17084733
>>> 2393 -0.85218614 -0.8665558
>>> 4327 1.9242235 1.5985861
>>> 7948 0.12259012 0.24385564
>>> 1782 0.3776588 0.5223314
>>> 3491 -1.9230919 -1.7374904
>>> 1763 1.8238881 1.9095508
>>> 5517 0.12836476 0.38409895
>>> 7063 0.7046855 0.2177252
>>> 5940 0.91816276 0.8091826
>>> 5418 -0.6600931 -0.11215147
>>> 10802 1.0911869 0.5252651
>>> 2052 -0.03781033 0.13162932
>>> 3035 -0.32049462 -0.17729793
>>> 8215 -1.6429205 -1.6526859
>>> 3373 1.6922561 0.8006583
>>> 3924 0.1612079 0.13913473
>>> 2994 0.10023189 0.12538329
>>> 1297 -1.575681 -1.6621952
>>> 4563 0.07655325 -0.00977879
>>> 5947 2.0069313 0.7462214
>>> 5859 0.6017004 0.45139334
>>> 480 -1.1036034 -0.561305
>>> 8219 2.2924414 1.9823551
>>> 1348 -0.1694106 0.45463067
>>> 9549 0.8714705 1.0722716
>>> 1311 -0.57994044 -0.65831876
>>> 6070 -0.61648464 -0.58329445
>>> 2223 -0.6514858 -0.6517942
>>> 6068 0.176427 -0.5961216
>>> 10380 1.3458545 1.3633053
>>> 7539 -0.93004453 -0.8899215
>>> 7133 0.13591234 0.7917078
>>> 8759 -0.04424678 -0.14375871
>>> 6946 -0.4815312 -0.43260154
>>> 1190 2.274526 1.4526185
>>> 1487 -1.0640911 -1.4241459
>>> 5106 1.4829664 1.3090782
>>> 5907 0.06923651 0.23749705
>>> 4945 1.9201058 1.8464227
>>> 10440 2.345198 1.7833273
>>> 9908 -1.3677461 -1.3875332
>>> 7222 -1.2934791 -0.6884397
>>> 9333 0.16453904 0.071325086
>>> 1197 -1.094481 -1.2634748
>>> 2171 -1.1291866 -0.9611066
>>> 3871 1.343606 1.4688095
>>> 3003 1.9751084 1.3486483
>>> 2777 -1.2849392 -1.312161
>>> 5359 0.038585808 0.080054075
>>> 7330 -0.98690593 -1.0282629
>>> 9611 1.2387953 1.0643661
>>> 1904 0.94303614 1.0515484
>>> 8974 -1.4898615 -1.2773384
>>> 3767 0.23848203 -0.44855872
>>> 4988 1.7908467 1.2518133
>>> 5561 -1.2848662 -0.8320633
>>> 10584 0.6632809 0.18541683
>>> 6312 0.22715123 0.08813022
>>> 5055 -0.07200512 -0.29699108
>>> 6244 -0.60845697 0.21376531
>>> 10169 -0.64204544 -1.5114568
>>> 6841 -1.5948393 -1.408726
>>> 2239 -0.17212214 -1.0541312
>>> 1687 -0.40490648 -0.5055173
>>> 1679 -0.17694993 -0.13492809
>>> 5334 -1.6367048 -1.6301546
>>> 3840 -0.47594243 -0.37065625
>>> 2643 -0.18693689 -0.03859103
>>> 4434 1.7314477 1.2997627
>>> 1393 1.4190618 0.5397753
>>> 3218 -0.5502136 0.5784386
>>> 2489 -0.3863572 -1.2327784
>>> 6570 -0.44956464 0.5866106
>>> 2192 -1.7097908 -1.6793526
>>> 9806 0.44630817 0.115551144
>>> 760 -1.0129868 -0.5504115
>>> 1056 -0.68419355 -0.65218264
>>> 1944 0.9304051 0.6645795
>>> 6223 -0.4059598 -0.60499096
>>> 4017 1.0170691 0.82725924
>>> 6613 0.7620949 0.9478724
>>> 8682 3.5062926 2.3431911
>>> 1470 -0.10251126 -0.27116778
>>> 2379 -0.76223093 -0.15220124
>>> 3465 -0.69694024 -0.75901145
>>> 4799 0.8815874 0.64991695
>>> 3349 -0.6841087 0.08028136
>>> 5211 -1.0634816 -1.0162424
>>> 4266 -0.1346747 0.08814822
>>> 272 -1.1297425 -1.1244501
>>> 7002 -0.9474506 -1.1170201
>>> 7243 0.1326808 1.1551726
>>> 6563 0.8667997 0.8132166
>>> 1163 -0.35865667 0.16212489
>>> 10050 1.2181292 1.1899611
>>> 1705 1.5727885 1.5242167
>>> 6200 -0.6761342 -0.891433
>>> 17 0.6359609 0.22351497
>>> 7835 0.23817407 -0.050381392
>>> 4203 0.30133656 0.424291
>>> 5996 -0.38452777 -0.6763009
>>> 6380 0.28379375 -0.20209475
>>> 1735 1.1951326 1.0492008
>>> 7666 1.1520863 1.0416218
>>> 6413 1.0263093 0.38993484
>>> 4433 1.1352558 0.6808222
>>> 4365 -0.396625 -0.10169651
>>> 461 0.011729781 -0.07620327
>>> 6203 -1.1418586 -1.1136886
>>> 10643 -0.06618368 -0.11662285
>>> 492 0.07902245 0.06941584
>>> 6715 -0.42857045 0.0727783
>>> 1192 0.5004053 -0.06327196
>>> 10594 0.050365467 0.4122471
>>> 7749 1.1572024 1.2750218
>>> 1431 -0.6825923 -0.51609033
>>> 739 -0.60599464 -0.48067766
>>> 70 1.0907542 0.5774151
>>> 6155 2.7416642 1.2784144
>>> 7182 0.2715611 0.07312216
>>> 10008 -0.8245136 -0.74951476
>>> 4419 -1.2198615 -1.2572237
>>> 6128 0.414796 0.06831076
>>> 2074 2.0669076 1.491547
>>> 6671 -0.295921 0.7281191
>>> 5987 -0.118373364 -0.2466967
>>> 6386 -0.90246516 -0.9538087
>>> 6871 -1.6808314 -1.7265954
>>> 8195 0.09422182 0.3167565
>>> 9593 -0.1737037 0.133494
>>> 7245 0.3955789 0.27797198
>>> 4973 -0.36364233 0.4921745
>>> 3451 0.091590144 -0.105732255
>>> 3469 -0.8913868 -0.5020543
>>> 8263 -0.5853194 -0.8395903
>>> 2623 0.22275348 0.224432
>>> 8214 0.7402136 -0.051965646
>>> 505 -0.6137171 -0.18967707
>>> 7806 -1.4408543 -0.904633
>>> 3565 -0.5074367 -0.3498487
>>> 3119 -1.0652802 -0.25456446
>>> 22 1.2391849 1.319463
>>> 7647 -0.73246646 -0.62484455
>>> 10027 -0.088716306 0.08824743
>>> 2329 -0.9289843 0.36352408
>>> 7650 -0.70593125 -0.7699297
>>> 10140 -0.8191842 -1.2777948
>>> 7406 0.9871302 0.5284487
>>> 2402 1.2706081 1.4249313
>>> 625 -1.5960974 -1.5151579
>>> 3926 -0.38396278 -0.3070525
>>> 9968 0.23877898 0.00644599
>>> 6631 -0.60444474 -0.6496405
>>> 10810 1.2874032 -0.63957477
>>> 894 -0.8289637 -1.0883347
>>> 8555 -0.7812695 -0.9660899
>>> 5221 -1.3337092 -1.3749062
>>> 10127 -0.4678551 -0.6100272
>>> 199 -0.10579557 -0.31180555
>>> 10341 0.22983661 0.2055132
>>> 9056 0.7741784 1.1155078
>>> 6670 0.74377555 1.2070305
>>> 3058 -2.2347677 -1.3982263
>>> 9134 0.28186014 0.1563848
>>> 3166 -0.6574688 -0.49070206
>>> 6428 -0.92484355 -0.88602895
>>> 8186 -1.5107222 -1.6358637
>>> 3135 -0.44474006 -1.001515
>>> 4461 -2.0715585 -1.4677947
>>> 7639 -1.3056209 -1.5253762
>>> 1539 0.16119964 -0.28570607
>>> 430 0.58441466 0.5625389
>>> 3693 -0.23342216 -0.33910114
>>> 3017 1.2278578 1.0732014
>>> 6043 0.25311458 0.09635195
>>> 7677 0.1862997 0.30858022
>>> 496 -0.688164 -0.53544027
>>> 8013 -0.86193764 -0.89502215
>>> 2757 2.6532903 1.4804006
>>> 9061 0.14805366 0.07184632
>>> 10764 -0.89326805 -0.14207113
>>> 1978 -0.18167032 -0.18279816
>>> 7452 -1.309198 -1.0057657
>>> 9065 -0.7530338 -0.69582427
>>> 4635 0.38159484 0.51299006
>>> 690 0.37125403 0.9727154
>>> 3707 -0.54327136 -0.108167045
>>> 4851 -1.5922523 -1.592324
>>> 2480 -0.71963304 -0.7807995
>>> 9878 0.13378002 0.20761724
>>> 10028 1.4829178 0.84760225
>>> 4885 -0.4186037 -0.56883657
>>> 3313 -0.22225751 -0.50386316
>>> 5805 0.46864113 0.4814711
>>> 5895 -0.3859877 -0.598934
>>> 8424 -0.2545325 -0.39477205
>>> 4758 0.13031992 0.0860928
>>> 6040 -1.6260909 -1.4271773
>>> 8737 0.0043841302 -0.11488992
>>> 341 1.2024925 1.0091714
>>> 9100 0.7724569 -0.7060676
>>> 9559 -0.33320045 -0.44384632
>>> 5641 2.1526937 1.9217178
>>> 1966 -0.6886923 -0.66753757
>>> 3355 -0.083684266 -0.048438616
>>> 10579 0.33156273 -0.08035091
>>> 8274 -0.6103667 0.04310137
>>> 5184 -1.7197269 -1.3054901
>>> 8869 -1.4088647 -1.4220511
>>> 10219 0.59795487 0.67249876
>>> 10053 -2.362629 -2.0152564
>>> 7938 -0.17230067 0.065004796
>>> 5863 -0.21851286 -0.43982965
>>> 8048 0.055811025 0.8389698
>>> 6775 0.25977594 0.28361303
>>> 10184 -0.6795264 -0.684738
>>> 7261 -1.9299359 -0.50698644
>>> 5235 -0.6126987 -1.0598394
>>> 7301 -0.14110518 -0.12800398
>>> 622 1.2932453 0.944083

Mean MAE across splits 6.611797980165101 +- 0.0
delta MAE: 3.53e-08
