namespace(experiment_name='final-cv', wandb_name='cv10-LP-gdb-ns64-nv64-d48-layers3-vector-diff-node', device='cuda', logdir='/scratch/izar/briling/cv', checkpoint=None, CV=1, num_epochs=512, seed=123, verbose=False, process=False, subset=None, max_neighbors=50, n_s=64, n_v=64, n_conv_layers=3, distance_emb_dim=48, radius=2.5, dropout_p=0.05, attention=None, sum_mode='node', graph_mode='vector', dataset='gdb', combine_mode='diff', atom_mapping=False, rxnmapper=False, random_baseline=False, two_layers_atom_diff=False, noH=False, reverse=False, split_complexes=False, xtb=False, semiempirical=False, lr=0.001, weight_decay=1e-05)

namespace(experiment_name=None, wandb_name=None, device='cuda', logdir='logs/evaluation', checkpoint='/home/briling/scratch/cv/final-cv-gdb/230929-170845.313357-briling.best_checkpoint.pt', CV=1, num_epochs=441, seed=123, verbose=False, process=False, subset=None, max_neighbors=50, n_s=64, n_v=64, n_conv_layers=3, distance_emb_dim=48, radius=2.5, dropout_p=0.05, attention=None, sum_mode='node', graph_mode='vector', dataset='gdb', combine_mode='diff', atom_mapping=False, rxnmapper=False, random_baseline=False, two_layers_atom_diff=False, noH=False, reverse=False, split_complexes=False, xtb=False, semiempirical=False, lr=0.001, weight_decay=1e-05, eval_on_test_split=True)

Running on device cuda:0
csv_path='data/gdb7-22-ts/ccsdtf12_dz_cleaned.csv'
dataset_prefix='ccsdtf12_dz_cleaned.v10'
Loading data into memory...
Coords and graphs successfully read from data/gdb7-22-ts/processed//
Data stdev 21.8149

CV iter 1/1
Using random splits
total / train / test / val: 11883 10695 594 594
trainable params in model:  14548230
Log directory: logs/evaluation
checkpoint: /home/briling/scratch/cv/final-cv-gdb/230929-170845.313357-briling.best_checkpoint.pt
num epochs: 441
eval_per_epochs: 0
patience: 150
minimum_epochs: 0
models_to_save: []
clip_grad: 100
log_iterations: 100
lr: 0.001
weight decay: 1e-05
lr scheduler: <class 'torch.optim.lr_scheduler.ReduceLROnPlateau'>
factor: 0.6
min_lr: 8e-06
mode: max
lr_scheduler_patience: 60
lr_verbose: True
In trainer, metrics is {'mae': MAE()} and std is 21.81486949294456
Statistics on val_best_checkpoint
mae: 5.99816407530506
MSELoss: 0.1937837433256209
mean_pred: -0.025606052329142887
std_pred: 0.8592859714602431
mean_targets: 0.00898733968536059
std_targets: 0.9710322751601537
Evaluating on test, with test size:  594
Statistics on test_split_1
mae: 5.878956687585597
MSELoss: 0.17336615821967521
mean_pred: -0.029888229966163634
std_pred: 0.8304739304383596
mean_targets: -0.02112169032295545
std_targets: 0.9307611461480458
>>> 10977 1.2106901 1.3171594
>>> 2934 1.1796814 0.49655765
>>> 5169 -1.7158455 -1.4922204
>>> 3207 0.70273244 0.39097553
>>> 8640 0.0401188 -0.12678376
>>> 11359 1.3016707 1.3659952
>>> 11324 0.29032567 0.18944505
>>> 8200 -0.91119885 -0.4278965
>>> 2105 0.2688802 0.38012546
>>> 9394 -0.05252764 0.06421628
>>> 5766 -0.1755694 -0.14372909
>>> 11368 -0.39927873 0.2085048
>>> 6163 -0.5495684 -0.63176376
>>> 676 1.7629051 0.10759706
>>> 2459 -1.1251602 -0.6531514
>>> 7678 0.6884491 0.56295
>>> 6447 -0.3279164 0.05117444
>>> 5011 -0.011985112 -0.1708993
>>> 526 -0.3058828 -0.8636046
>>> 3052 -0.9277412 -1.019236
>>> 3199 1.1345439 1.4473389
>>> 4817 1.3646979 1.2594346
>>> 6980 1.5862817 1.0449604
>>> 5529 -1.1994128 -1.0186135
>>> 1874 1.8751149 1.4826667
>>> 7616 0.8934193 -0.25845763
>>> 11484 0.6927842 0.29145455
>>> 3579 0.6136276 0.38893756
>>> 11796 -0.68719155 -0.68649834
>>> 6122 0.034782987 0.009245098
>>> 6752 -1.1035099 -0.88483465
>>> 10385 0.44757894 0.60650474
>>> 4098 -0.020859335 -0.14869128
>>> 7346 -0.12547009 -0.3909379
>>> 5840 -0.64046925 -0.14039448
>>> 3712 0.05404233 0.036945656
>>> 7045 0.32073885 0.26349065
>>> 4090 0.51054335 0.42740056
>>> 5506 1.4755461 1.4615755
>>> 7612 0.5814404 0.7860042
>>> 11218 2.3031592 1.653452
>>> 9099 -0.7578346 -1.0823272
>>> 2944 -0.25623596 -0.18699583
>>> 3797 0.018838359 0.22509739
>>> 2292 -0.11920739 -0.14937532
>>> 27 1.1990279 1.7507174
>>> 2888 -0.13412704 1.1983055
>>> 4674 0.08483967 0.102086924
>>> 10988 0.064738706 -0.2447271
>>> 8432 0.36677948 0.29593384
>>> 5201 3.3102374 2.543811
>>> 11318 0.42853644 -0.36131233
>>> 274 -0.6015628 -0.47734123
>>> 2392 -0.3233278 -0.5596354
>>> 11180 -0.29007342 0.10184907
>>> 11504 0.71132934 0.43347073
>>> 2103 0.61182517 0.49663967
>>> 8397 -0.7093255 -1.2581285
>>> 907 2.0475523 2.2820225
>>> 3897 1.108778 1.1138895
>>> 9402 -1.638808 -1.7105368
>>> 7629 0.33292046 0.5425601
>>> 4788 -0.41672555 -0.3327287
>>> 4163 0.30391732 0.03442675
>>> 83 1.6590439 0.4390258
>>> 57 0.36522824 0.34626624
>>> 7828 -0.9943408 -1.0446413
>>> 6862 1.2359004 1.2569101
>>> 9541 -0.09305367 -0.51094955
>>> 9213 -1.012499 -0.8348648
>>> 7333 0.16937055 -0.4893446
>>> 9944 0.027712582 -0.2999321
>>> 11669 -1.2482034 -0.9844009
>>> 1857 1.7360973 1.6235225
>>> 11774 -1.2941427 -0.6968682
>>> 10417 3.6842103 3.357186
>>> 3458 1.1091869 1.1630576
>>> 4053 -0.13452354 -0.17966694
>>> 1709 0.06676576 0.3405553
>>> 7817 -0.6376304 -0.80289304
>>> 11280 -0.036423948 0.900741
>>> 10062 -0.43228742 -0.46817428
>>> 962 1.0647873 0.83526
>>> 11450 1.8182211 2.088688
>>> 1634 -1.0408229 -0.9980403
>>> 1870 0.3027369 0.29671144
>>> 6614 0.21201532 0.23152965
>>> 10157 -0.56786466 -0.5500959
>>> 4890 -0.17153317 0.016833074
>>> 9887 -0.8656056 -1.0371276
>>> 1830 -0.06424305 -0.08653567
>>> 359 1.7700058 1.2948037
>>> 2991 1.8209742 1.7995994
>>> 2817 0.9279449 0.7999253
>>> 8559 0.5087794 0.85658866
>>> 2043 0.31758735 0.39101145
>>> 7453 -0.888281 -0.8447544
>>> 6572 -0.8893972 -0.7935089
>>> 6227 -0.2257902 -0.30393827
>>> 2553 -1.4405001 -1.6727923
>>> 3542 -0.23900549 -0.18088987
>>> 7060 1.9558511 2.0050569
>>> 8194 1.4697006 -0.114610605
>>> 10117 0.6979701 0.7262188
>>> 933 -1.7055272 -1.6927758
>>> 10177 0.14895786 0.19362101
>>> 7833 1.5488352 1.521008
>>> 747 0.055294685 0.7091118
>>> 2275 0.19730286 0.10218678
>>> 531 -0.71842897 -0.779931
>>> 1937 0.7402724 0.6498448
>>> 10440 -0.50719136 -0.089637384
>>> 7669 0.02281913 0.34979385
>>> 3470 -1.9525166 -1.9256954
>>> 8583 0.96055156 0.7975086
>>> 1307 1.2240094 0.9948095
>>> 6034 0.14256406 0.079671726
>>> 8764 1.2490089 0.8438201
>>> 1730 -1.5153221 -1.6448578
>>> 7654 0.966288 -0.09503097
>>> 5399 -0.054953508 0.044007234
>>> 2172 0.33114186 0.4192447
>>> 6031 1.1564789 0.9994478
>>> 3981 -0.90599644 -0.90698093
>>> 3601 -1.1220944 -0.92944384
>>> 11822 -0.33123386 -0.18988904
>>> 4984 -0.66796243 -1.1209372
>>> 3834 -0.33887085 -0.2229687
>>> 8108 -0.7044142 -0.57095164
>>> 3862 -1.6814904 -1.6247581
>>> 5034 0.38815022 0.37600258
>>> 848 0.5333713 -0.63080543
>>> 9823 -0.1468523 -0.17215124
>>> 9376 -1.20421 -0.941187
>>> 7460 -0.4318776 -0.542516
>>> 8804 -1.5730754 -1.6222513
>>> 5060 -0.53372467 -0.52467173
>>> 11759 -1.892067 -1.4540484
>>> 8105 -1.2970728 -1.0434633
>>> 7780 0.2370487 0.5583035
>>> 4001 2.0615919 1.9256103
>>> 2365 0.09737791 0.33536822
>>> 9833 -0.23006801 -0.3461642
>>> 5596 -1.3855408 -0.9996686
>>> 2037 0.10413981 -0.12734124
>>> 2462 1.3924276 0.01865542
>>> 9720 -0.8576771 -0.9264331
>>> 7355 -0.012402258 0.16021031
>>> 2920 -0.53946614 -0.5243895
>>> 7537 0.022878265 0.2549216
>>> 4492 -0.85230184 -0.88714516
>>> 7448 -0.8642813 -1.2112511
>>> 51 -0.9289615 -0.9714036
>>> 3262 -0.4760617 -0.44828546
>>> 5919 1.3063748 1.2728983
>>> 10485 -2.0222354 -1.7718146
>>> 4790 0.015357248 0.052366562
>>> 2575 -1.3995818 -1.4030024
>>> 1560 0.049143836 0.13361654
>>> 201 -0.4893957 -0.48608074
>>> 7872 -0.15179984 -0.20442921
>>> 4297 -0.09217537 -0.11366642
>>> 3786 -0.5699857 -0.428109
>>> 6736 -1.155855 -0.9727525
>>> 6416 -0.06587129 -0.32004744
>>> 4092 0.55327886 -0.17830357
>>> 10951 -2.3751442 -1.7544662
>>> 3970 -0.022687903 -0.31607637
>>> 10068 0.8486274 0.19883925
>>> 1958 0.41504976 0.22904846
>>> 2021 1.3226991 1.0681778
>>> 11393 -0.2727412 -0.42713842
>>> 6395 -1.1861389 -1.1976354
>>> 1718 -0.12791246 0.04686492
>>> 6770 0.88457537 1.0674955
>>> 11191 -0.6136619 -0.6231435
>>> 4765 0.42409405 0.20568863
>>> 8648 -1.1203222 -1.3575644
>>> 1550 -0.19876643 -0.20799816
>>> 11784 -0.06536017 -0.035265293
>>> 3623 1.8313338 1.031966
>>> 10168 0.7258703 0.31373858
>>> 4198 0.6047456 0.34857777
>>> 1911 1.806294 1.6631672
>>> 4256 0.14563078 0.18547079
>>> 4500 0.21860944 0.061640322
>>> 7457 -0.28347057 -0.20684889
>>> 11492 0.6500913 0.70693696
>>> 2278 0.17493464 0.1505045
>>> 2165 0.28036273 0.21895799
>>> 10602 0.050964154 -0.2441766
>>> 4224 -0.9175014 -0.94148505
>>> 2844 -0.82206607 -0.8621035
>>> 4034 0.48154157 0.44466817
>>> 10641 -1.1999867 -0.88731515
>>> 2387 -1.2159429 -1.1367567
>>> 3315 -0.8764148 -0.912766
>>> 3359 0.33467522 0.57740635
>>> 7028 0.83587146 0.19136876
>>> 11699 0.7260725 0.6692603
>>> 6714 -1.682999 -0.16934499
>>> 11221 -0.7704361 -0.5765558
>>> 6443 0.33774516 0.5028879
>>> 4879 0.056792747 0.083576694
>>> 6808 -0.07884226 -0.05738659
>>> 5035 0.46551168 0.47840804
>>> 1826 0.50176674 0.67770135
>>> 695 0.27006793 0.3056996
>>> 10577 -0.25633496 -0.14070608
>>> 1921 0.41531792 -0.5993785
>>> 2618 0.5598336 0.28830832
>>> 705 -0.8872569 -0.18525866
>>> 3486 0.6246531 0.6101926
>>> 6641 -0.3283363 0.02426377
>>> 3634 -0.025347099 0.12508112
>>> 8492 1.3224437 0.7989246
>>> 11775 -0.46791038 0.8980787
>>> 2065 0.13728693 -0.025314331
>>> 10956 0.14809927 0.18195051
>>> 4580 0.48978272 0.96896994
>>> 5039 1.0985693 1.1170038
>>> 10613 -1.3133612 -1.2796289
>>> 2936 -0.48051506 -1.7609217
>>> 11057 1.3198537 1.451113
>>> 1787 0.17930505 0.25239772
>>> 10719 0.40558282 0.67654485
>>> 2224 -1.6131682 -1.4503441
>>> 8708 -0.5310641 -0.45994675
>>> 11281 -0.43457988 0.8646194
>>> 9874 -0.55400854 -0.20336145
>>> 7174 0.05967335 0.34587833
>>> 7736 1.8376739 1.686741
>>> 7964 0.5702127 0.26152474
>>> 3728 -1.1985826 -1.2364435
>>> 1517 -0.92825186 -0.26780835
>>> 11868 -0.28904337 -0.15379341
>>> 10658 0.6759516 0.631163
>>> 109 -1.6996752 -1.9677943
>>> 2447 -0.91914755 -1.0240027
>>> 11787 -0.7129341 -0.24435773
>>> 1951 1.1321267 0.26512814
>>> 3946 -1.160217 -1.1903063
>>> 6224 -0.4767493 -0.5501225
>>> 699 -0.20904931 -0.14761275
>>> 6319 -0.82228565 -0.526589
>>> 3741 2.3427303 2.3112278
>>> 1950 -1.1083703 -1.1962076
>>> 11257 2.9170403 1.9136707
>>> 1601 -1.1904731 -1.1478397
>>> 9406 0.42778373 0.29534465
>>> 3444 0.59998786 0.62649
>>> 1862 0.91250724 0.9071506
>>> 1267 1.3404231 1.3490783
>>> 8726 -0.4006113 0.367502
>>> 8034 -0.5897479 -0.323528
>>> 5321 -0.052329153 0.2111601
>>> 1444 -0.96367496 -1.0234972
>>> 2854 2.1192846 0.5576859
>>> 9341 1.7176819 0.050697498
>>> 2212 0.048759237 0.10360723
>>> 4229 -0.21458362 -0.13142496
>>> 8699 -1.4442761 -0.9809913
>>> 8946 -0.96849185 -1.0021133
>>> 9124 1.5122142 1.020316
>>> 7915 0.10757875 0.1495218
>>> 3526 -0.92880565 -0.95380604
>>> 11805 0.12982458 0.047084548
>>> 3592 -0.262522 -0.1842398
>>> 1928 -0.1484214 -0.11827647
>>> 1359 0.71242034 1.3574038
>>> 7205 -0.49259216 -0.49746326
>>> 8828 -1.1950823 -1.0742671
>>> 592 -1.1759343 -1.0346628
>>> 9754 0.3103079 0.46939415
>>> 4188 0.41252854 0.11491259
>>> 8880 -0.0006107599 -0.16316062
>>> 10138 -1.2410839 -0.66398114
>>> 10102 1.0276525 1.3754191
>>> 11223 -0.4213261 -0.44670552
>>> 3600 -0.9487214 -0.95049137
>>> 8282 1.5365087 1.4052612
>>> 9542 -1.0051705 -0.8161468
>>> 2110 -0.12751731 0.4561945
>>> 1081 -1.3466734 -0.3852298
>>> 5672 0.07163125 0.034020305
>>> 1803 -1.1470504 -1.1494378
>>> 7910 -1.3211211 -1.3001218
>>> 99 -1.2507544 -1.2146406
>>> 10627 -0.3948359 -0.42676264
>>> 3093 -0.46813133 -0.5219661
>>> 7991 -0.18678011 0.091842614
>>> 8634 -0.41458207 -0.50174195
>>> 5762 -1.6336528 -1.2969191
>>> 1919 0.69361067 0.62290424
>>> 10862 0.22310774 0.10753963
>>> 3136 -0.34134075 0.36549845
>>> 8897 -0.032409254 0.010209989
>>> 5403 0.17952417 -0.5367754
>>> 6711 -1.6845832 -0.85438347
>>> 5328 -1.1408986 -0.6499313
>>> 930 -0.8308422 -0.626554
>>> 9069 -0.6593582 -0.56029093
>>> 3186 1.1488878 0.6864645
>>> 2170 -0.0010338657 0.20009294
>>> 8336 1.5178888 0.88947105
>>> 7064 0.03869775 0.028545313
>>> 4429 0.048535533 0.028863251
>>> 11338 0.81575537 1.2869879
>>> 6805 1.7760192 1.9944946
>>> 5271 -0.75753665 -0.8166299
>>> 11262 0.60517603 0.71403426
>>> 4908 -0.19813521 -0.08242244
>>> 1575 -0.53231966 -0.5314554
>>> 2262 0.5016861 0.30744672
>>> 10937 0.107823536 0.12517041
>>> 8978 -0.4533657 -0.07070175
>>> 9531 1.2131686 1.3420221
>>> 6917 1.2258174 1.3434335
>>> 11661 -1.3255423 -1.3556377
>>> 8208 1.5839378 -0.47856393
>>> 10921 -0.47587055 -0.4478188
>>> 1585 -0.51066655 -0.41598383
>>> 2267 0.78144157 1.1056054
>>> 460 0.11156318 0.24658203
>>> 1960 1.5125227 1.5713784
>>> 9021 3.2925408 2.1388037
>>> 342 -0.5298021 -0.5685249
>>> 1406 -1.1678568 -0.65418917
>>> 8811 0.2104164 0.0070377514
>>> 10272 1.0257703 1.2999821
>>> 1899 0.6980301 0.69943815
>>> 10077 1.2383515 0.10328854
>>> 377 0.21783061 -0.08435912
>>> 291 -0.13910162 -0.45886517
>>> 8075 0.48981574 0.2553699
>>> 7314 1.1012615 1.1298091
>>> 10414 0.3541257 0.36191815
>>> 2608 -0.0706726 -0.059511974
>>> 570 -0.26018876 -0.025170479
>>> 810 -1.4004724 -0.5479671
>>> 4647 -0.5363018 -1.0293243
>>> 5473 -0.21910714 0.017443229
>>> 2393 -0.335938 -0.5383855
>>> 11028 0.2828271 0.31491017
>>> 4327 -0.93468374 -0.68024856
>>> 7948 0.102911286 0.013414018
>>> 1782 1.4307253 1.1004231
>>> 3491 -1.9638226 -1.3892002
>>> 1763 1.3400527 1.4177481
>>> 5517 1.0810574 0.8652557
>>> 7063 0.5899557 0.44166917
>>> 5940 0.07357809 -0.12772432
>>> 5418 1.0887389 1.0678797
>>> 11760 -1.4292904 -1.265098
>>> 2052 0.53773123 0.6511692
>>> 3035 -0.73905295 -0.7332886
>>> 8215 -0.9442978 -0.8004742
>>> 3373 -1.6124787 -0.2665799
>>> 3924 -1.0492648 -0.6155245
>>> 10976 0.94813615 0.88153064
>>> 2994 -0.5555066 -0.4028213
>>> 1297 0.09885947 0.4406481
>>> 4563 -1.6582072 -1.749327
>>> 5947 0.7015319 -0.17160532
>>> 5859 0.6189643 0.55412805
>>> 480 -0.9412554 -0.23829064
>>> 8219 0.6115726 0.46293467
>>> 1348 -0.5529239 -0.48862073
>>> 9549 -0.05957467 -0.3090453
>>> 1311 -0.09524942 -0.4265389
>>> 6070 -0.5676951 -0.54155177
>>> 2223 -1.6619569 -1.7121016
>>> 6068 1.0676014 1.3355846
>>> 11285 -1.045659 -0.70634633
>>> 7539 1.5676049 1.2132556
>>> 7133 -1.0692754 -1.1417496
>>> 8759 -1.7291304 -1.6707304
>>> 10780 -2.1161466 -1.7432712
>>> 6946 1.2927259 0.16646945
>>> 1190 -0.32740116 -0.05346743
>>> 1487 0.8346544 0.82414466
>>> 5106 -0.5112464 -0.48163658
>>> 5907 1.1530459 0.034197368
>>> 4945 0.16862793 0.23810634
>>> 11352 -0.7582509 -0.6361233
>>> 9908 -0.73302954 -0.6751422
>>> 7222 2.1384697 2.0413573
>>> 9333 0.6082698 0.2749874
>>> 1197 -1.3072278 -1.4137053
>>> 2171 0.35126713 0.5269168
>>> 3871 0.021534227 0.20001441
>>> 3003 1.1161541 1.0050169
>>> 2777 0.95261014 0.96118635
>>> 5359 -0.37198496 -0.0531571
>>> 7330 0.7098826 0.3130366
>>> 9611 -0.5134023 -0.16663599
>>> 1904 0.20461164 0.12312012
>>> 8974 -1.8638624 -1.648599
>>> 3767 -0.08102609 0.5972314
>>> 4988 0.29241186 0.22674718
>>> 5561 1.1097461 1.0819823
>>> 11510 -1.327105 -1.1412235
>>> 6312 -1.4008603 -1.1676594
>>> 5055 -1.1530155 -1.1353284
>>> 6244 0.0019801334 0.30809703
>>> 10169 -1.4996369 -0.71550834
>>> 6841 -1.2011437 -0.7663353
>>> 2239 0.5479009 0.11929358
>>> 1687 -0.88914186 -0.5238828
>>> 1679 -0.21920249 -0.36854208
>>> 5334 -1.4982333 -1.0551157
>>> 3840 -0.17867188 -0.6561663
>>> 2643 -0.55810297 -0.87631375
>>> 4434 1.0318364 1.0451221
>>> 1393 0.09049591 0.2805858
>>> 3218 1.6153206 1.4136516
>>> 2489 -0.3484258 -0.49348077
>>> 6570 0.59867316 0.36773127
>>> 2192 -0.3438129 -0.31006497
>>> 9806 0.06768899 0.34956512
>>> 760 -0.65737194 -0.62980556
>>> 1056 -0.966551 -0.9666032
>>> 1944 -0.090506785 -0.21217039
>>> 6223 -1.0284991 -0.2935725
>>> 4017 0.10947241 0.0047642365
>>> 6613 0.030435495 0.009537037
>>> 8682 1.0105816 0.20409474
>>> 1470 -0.92218584 -0.9335935
>>> 2379 -0.008586512 0.3399238
>>> 10600 -0.09145338 -0.4205461
>>> 3465 1.336921 1.3260491
>>> 4799 2.7511325 2.629461
>>> 3349 -0.6400278 -0.49561185
>>> 5211 -0.13695583 -0.24250114
>>> 4266 -1.7686846 -1.8078758
>>> 272 0.40640703 0.38466662
>>> 7002 -0.041470047 -0.099488795
>>> 7243 -0.41721514 -0.32391402
>>> 10322 1.3275741 1.1696019
>>> 10564 -1.2515658 -0.9943491
>>> 6563 -0.5781228 -0.56060857
>>> 1163 1.2132893 1.485176
>>> 10050 0.31430656 0.27034724
>>> 1705 -0.17354831 -0.06767292
>>> 6200 -1.3881762 -1.3804436
>>> 17 1.3301536 0.5202169
>>> 7835 0.47721836 0.4118642
>>> 4203 -0.47708988 -0.40259314
>>> 5996 1.5513119 1.3483877
>>> 10776 -2.0573194 -2.1536374
>>> 6380 -1.6910444 -0.98873466
>>> 1735 0.302868 0.15942359
>>> 7666 0.45115998 -0.013225535
>>> 6413 -1.0573766 -1.0696169
>>> 4433 0.26453865 0.19972506
>>> 4365 1.6523846 0.14113128
>>> 461 -1.0521903 -1.096673
>>> 10314 -0.3546688 -0.0638646
>>> 6203 0.16810215 0.79225624
>>> 10644 -0.45509663 -0.048368886
>>> 11577 0.46731046 0.81654334
>>> 492 -0.98959213 -0.9166348
>>> 6715 -0.7813145 -0.570937
>>> 1192 0.21457778 0.13855308
>>> 11520 1.1543679 1.2175503
>>> 7749 -0.47072956 -0.57314986
>>> 1431 -0.36561316 -0.1447463
>>> 739 0.3999573 0.6510604
>>> 70 -0.96731013 -1.0001972
>>> 6155 -0.8261564 -0.6160557
>>> 7182 -0.11744254 -0.57047963
>>> 10008 -0.5810745 -0.5689888
>>> 10467 0.6696825 -0.097844325
>>> 4419 -1.5016763 -1.3765557
>>> 6128 2.0674329 1.8046908
>>> 2074 -1.6148932 -1.2937486
>>> 6671 0.7930369 1.1695955
>>> 5987 -0.43601698 -0.14181156
>>> 6386 0.58937764 0.20584151
>>> 6871 -0.51650935 -0.36897984
>>> 8195 -0.7815744 -0.6022537
>>> 9593 -0.50384593 -0.017388465
>>> 7245 -0.087258995 0.3858408
>>> 4973 -1.9920639 -1.1334352
>>> 3451 -1.0664145 -0.7252772
>>> 3469 0.3340894 0.12185108
>>> 8263 -0.7746933 -0.46520695
>>> 2623 -0.3967598 -0.39256358
>>> 11206 0.42817155 -0.2581236
>>> 8214 0.698825 -0.28904495
>>> 505 2.644325 1.7747546
>>> 7806 -1.8994606 -1.8420553
>>> 3565 0.9948474 1.381421
>>> 3119 0.5308928 0.89978456
>>> 22 1.2723018 1.1402675
>>> 7647 -0.53054655 -0.58002216
>>> 10027 -0.13943624 -0.45588017
>>> 2329 -1.9333136 -1.47601
>>> 7650 -0.5293804 -0.5417613
>>> 10140 0.99388295 0.63652956
>>> 7406 -0.20440066 0.033527307
>>> 2402 -0.6930884 -0.7971921
>>> 625 -0.5527291 -0.00089517236
>>> 3926 0.12100766 -0.00046419352
>>> 9968 -0.31678364 -0.49331543
>>> 6631 -0.5596753 -0.6104554
>>> 11770 -0.95456743 -0.6201774
>>> 894 0.36992458 0.25630948
>>> 8555 0.33714876 -1.4417517
>>> 5221 -0.36332023 -0.32510638
>>> 10127 -0.80971986 -0.30351317
>>> 10791 -0.5779935 -0.7825066
>>> 199 -1.0262864 -0.9181627
>>> 11243 1.537205 2.2929878
>>> 9056 -0.2332915 -0.020833332
>>> 6670 -0.894193 -0.8925107
>>> 3058 0.5539353 -0.12650469
>>> 9134 -0.9319319 0.13677344
>>> 3166 0.027630987 0.24167967
>>> 6428 0.7479823 0.28070503
>>> 8186 0.236577 0.3011157
>>> 3135 2.5055285 1.2259176
>>> 4461 0.2753432 0.043103397
>>> 7639 -0.291472 -0.35614315
>>> 1539 0.10324272 0.2793876
>>> 430 1.1846904 0.6374979
>>> 3693 -0.3376648 -0.27945137
>>> 3017 -0.68646866 -0.31303614
>>> 6043 0.1696002 0.508497
>>> 7677 1.2640184 1.6574241
>>> 496 -0.322598 -0.26026252
>>> 10460 -0.8759637 -0.7476852
>>> 8013 -0.66119874 -0.67815185
>>> 2757 -1.6182579 -0.43199557
>>> 9061 0.18090764 0.22992817
>>> 11720 -1.1185721 -1.271051
>>> 1978 0.3636912 0.5192104
>>> 7452 -0.29187357 -0.7246285
>>> 9065 -0.39754048 0.09515389
>>> 4635 0.13181177 -0.5243168
>>> 690 0.011542418 0.601927
>>> 3707 -0.47442245 0.30511838
>>> 4851 0.76998425 0.9070711
>>> 2480 0.9593991 1.7001613
>>> 9878 0.7578577 1.0569721
>>> 10028 0.20319426 0.13085288
>>> 4885 0.7003556 1.1580278
>>> 11058 0.08361482 -0.09254651
>>> 3313 -0.9633958 -0.8966484
>>> 5805 -0.028106226 -0.020490937
>>> 5895 0.15677546 -0.008683315
>>> 8424 -0.18446058 0.19155812
>>> 4758 0.41600874 0.43194094
>>> 6040 -1.2986891 -1.1843225
>>> 8737 0.8124113 0.47687107
>>> 341 -0.22925068 -0.083955735
>>> 9100 -0.6102037 -0.5662167
>>> 9559 0.19575897 0.30993336
>>> 5641 -0.5225025 -0.5556724
>>> 10494 -0.14280643 -0.10948567
>>> 1966 0.17928626 0.36686227
>>> 3355 -0.41017774 -0.49690852
>>> 11505 0.37605894 0.7216944
>>> 8274 1.6917546 0.22549877
>>> 5184 0.0048075626 0.012559224
>>> 8869 -1.0507207 -1.146662
>>> 10219 0.77713263 0.3838394
>>> 10053 -0.5800862 -0.5610904
>>> 7938 1.9628468 1.6812799
>>> 5863 -0.23527639 -0.16188848
>>> 10705 1.2111475 0.95603645
>>> 8048 -1.0101465 -0.7668954
>>> 6775 1.3693539 1.3032712
>>> 10184 -0.57006454 -0.6863978
>>> 7261 0.50663316 0.34474048
>>> 5235 1.3537636 1.3434569
>>> 7301 -2.1979675 -1.8909585
>>> 10904 -0.6790659 -0.62632203
>>> 622 0.25206688 0.473656
>>> 5651 -0.036809463 -0.054144315
>>> 2793 0.12295725 0.18779609
>>> 2169 0.6456663 0.07505875
>>> 7918 -0.8208178 -0.71631753
>>> 9686 0.82933825 0.6819293
>>> 703 0.042162817 -0.34043306
>>> 5543 -0.42751682 -0.60691583
>>> 11843 -1.4454395 -0.6009907
>>> 9054 -0.93768996 -0.9282333
>>> 5494 -0.59154665 -0.5322579
>>> 5015 0.06812401 -0.005836826
>>> 5046 0.64394224 0.6887884
>>> 3899 -0.4349842 -0.24051702
>>> 2741 -0.5221431 -0.77112234
>>> 5571 0.002537093 0.20721042

Mean MAE across splits 5.878956687585597 +- 0.0
delta MAE: 8.45e-08
