namespace(experiment_name='final-cv', wandb_name='cv10-LP-proparg-noH-ns64-nv16-d16-layers3-vector-diff-node-truemapping', device='cuda', logdir='/scratch/izar/briling/cv', checkpoint=None, CV=1, num_epochs=512, seed=123, verbose=False, process=False, subset=None, max_neighbors=50, n_s=64, n_v=16, n_conv_layers=3, distance_emb_dim=16, radius=5.0, dropout_p=0.1, attention=None, sum_mode='node', graph_mode='vector', dataset='proparg', combine_mode='diff', atom_mapping=True, rxnmapper=False, random_baseline=False, two_layers_atom_diff=True, noH=True, reverse=False, split_complexes=False, xtb=False, lr=0.001, weight_decay=1e-05)

namespace(experiment_name=None, wandb_name=None, device='cuda', logdir='logs/evaluation', checkpoint='/home/briling/scratch/cv/final-cv-proparg/230927-233355.962563-briling.best_checkpoint.pt', CV=1, num_epochs=217, seed=123, verbose=False, process=False, subset=None, max_neighbors=50, n_s=64, n_v=16, n_conv_layers=3, distance_emb_dim=16, radius=5.0, dropout_p=0.1, attention=None, sum_mode='node', graph_mode='vector', dataset='proparg', combine_mode='diff', atom_mapping=True, rxnmapper=False, random_baseline=False, two_layers_atom_diff=True, noH=True, reverse=False, split_complexes=False, xtb=False, lr=0.001, weight_decay=1e-05, eval_on_test_split=True, semiempirical=False)

Running on device cuda:0
Loading data into memory...
dataset_prefix='data_fixarom_smiles.noH'
Coords and graphs successfully read from data/proparg/processed//
Data stdev 2.1798

CV iter 1/1
Using random splits
total / train / test / val: 753 678 38 37
trainable params in model:  4329094
Log directory: logs/evaluation
checkpoint: /home/briling/scratch/cv/final-cv-proparg/230927-233355.962563-briling.best_checkpoint.pt
num epochs: 217
eval_per_epochs: 0
patience: 150
minimum_epochs: 0
models_to_save: []
clip_grad: 100
log_iterations: 100
lr: 0.001
weight decay: 1e-05
lr scheduler: <class 'torch.optim.lr_scheduler.ReduceLROnPlateau'>
factor: 0.6
min_lr: 8e-06
mode: max
lr_scheduler_patience: 60
lr_verbose: True
In trainer, metrics is {'mae': MAE()} and std is 2.1798295067663513
Statistics on val_best_checkpoint
mae: 0.34959365337922127
MSELoss: 0.09530664049088955
mean_pred: -0.03634379208087921
std_pred: 1.0115493178367614
mean_targets: -0.030800524353981017
std_targets: 1.106097400188446
Evaluating on test, with test size:  38
Statistics on test_split_1
mae: 0.25250280966715033
MSELoss: 0.026419802010059355
mean_pred: 0.2684953510761261
std_pred: 1.1406169295310975
mean_targets: 0.26718281507492064
std_targets: 1.1969885110855103
>>> 465 0.7463919 0.9653245
>>> 530 2.6719604 2.6316652
>>> 305 -0.5075737 -0.47324106
>>> 434 -1.307567 -1.2900021
>>> 537 0.10300043 0.13458985
>>> 357 -0.97104585 -0.71469665
>>> 186 1.6552004 1.5170193
>>> 555 2.1506262 1.5760365
>>> 129 -1.3447022 -1.2537227
>>> 359 -0.03690482 0.0367752
>>> 244 -1.3343389 -1.4749856
>>> 255 -0.42121246 -0.44318888
>>> 390 0.6709697 0.6709722
>>> 154 -1.4549569 -1.3635873
>>> 371 -0.5317549 -0.44588885
>>> 751 0.79101187 0.7841592
>>> 582 0.6542732 0.5868045
>>> 712 1.9076631 2.0424428
>>> 158 -0.28303444 -0.27815896
>>> 708 0.044274773 0.04800287
>>> 271 -0.038919915 0.060501136
>>> 484 -0.9670157 -0.91402745
>>> 146 0.13639346 0.2385574
>>> 394 1.6649879 1.4129171
>>> 418 -0.43359092 -0.36823538
>>> 576 1.9534346 1.7362705
>>> 744 -1.3280058 -1.1401757
>>> 680 -0.5464363 -0.5501287
>>> 588 -0.04064714 -0.016929105
>>> 290 1.3972679 1.7349597
>>> 411 0.46370268 0.25371057
>>> 630 1.5748843 1.4473165
>>> 213 0.024411682 -0.022375926
>>> 358 1.8152565 1.8983698
>>> 180 -1.1630558 -1.2491286
>>> 380 1.4571451 1.452648
>>> 99 -1.285113 -1.0459113
>>> 135 1.8880879 1.6579663

Mean MAE across splits 0.25250280966715033 +- 0.0
delta MAE: 3.25e-08
