namespace(experiment_name='final-cv', wandb_name='cv10-LP-proparg-ns64-nv16-d16-layers3-vector-diff-node', device='cuda', logdir='/scratch/izar/briling/cv', checkpoint=None, CV=1, num_epochs=512, seed=123, verbose=False, process=False, subset=None, max_neighbors=50, n_s=64, n_v=16, n_conv_layers=3, distance_emb_dim=16, radius=5.0, dropout_p=0.1, attention=None, sum_mode='node', graph_mode='vector', dataset='proparg', combine_mode='diff', atom_mapping=False, rxnmapper=False, random_baseline=False, two_layers_atom_diff=False, noH=False, reverse=False, split_complexes=False, xtb=False, lr=0.001, weight_decay=1e-05)

namespace(experiment_name=None, wandb_name=None, device='cuda', logdir='logs/evaluation', checkpoint='/home/briling/scratch/cv/final-cv-proparg/230928-012326.304702-briling.best_checkpoint.pt', CV=1, num_epochs=153, seed=123, verbose=False, process=False, subset=None, max_neighbors=50, n_s=64, n_v=16, n_conv_layers=3, distance_emb_dim=16, radius=5.0, dropout_p=0.1, attention=None, sum_mode='node', graph_mode='vector', dataset='proparg', combine_mode='diff', atom_mapping=False, rxnmapper=False, random_baseline=False, two_layers_atom_diff=False, noH=False, reverse=False, split_complexes=False, xtb=False, lr=0.001, weight_decay=1e-05, eval_on_test_split=True, semiempirical=False)

Running on device cuda:0
Loading data into memory...
dataset_prefix='data_fixarom_smiles'
Coords and graphs successfully read from data/proparg/processed//
Data stdev 2.1798

CV iter 1/1
Using random splits
total / train / test / val: 753 678 38 37
trainable params in model:  4312582
Log directory: logs/evaluation
checkpoint: /home/briling/scratch/cv/final-cv-proparg/230928-012326.304702-briling.best_checkpoint.pt
num epochs: 153
eval_per_epochs: 0
patience: 150
minimum_epochs: 0
models_to_save: []
clip_grad: 100
log_iterations: 100
lr: 0.001
weight decay: 1e-05
lr scheduler: <class 'torch.optim.lr_scheduler.ReduceLROnPlateau'>
factor: 0.6
min_lr: 8e-06
mode: max
lr_scheduler_patience: 60
lr_verbose: True
In trainer, metrics is {'mae': MAE()} and std is 2.1798295067663513
Statistics on val_best_checkpoint
mae: 0.29976733182349413
MSELoss: 0.05880472529679537
mean_pred: -0.03346732258796692
std_pred: 1.046018660068512
mean_targets: -0.030800524353981017
std_targets: 1.106097400188446
Evaluating on test, with test size:  38
Statistics on test_split_1
mae: 0.23308027469552534
MSELoss: 0.01980787590146065
mean_pred: 0.22929424047470093
std_pred: 1.1309348106384278
mean_targets: 0.26718281507492064
std_targets: 1.1969885110855103
>>> 465 0.7463919 0.94732046
>>> 530 2.6719604 2.4599786
>>> 305 -0.5075737 -0.5973544
>>> 434 -1.307567 -1.3983859
>>> 537 0.10300043 0.091887236
>>> 357 -0.97104585 -0.7931271
>>> 186 1.6552004 1.6365489
>>> 555 2.1506262 2.228362
>>> 129 -1.3447022 -1.248971
>>> 359 -0.03690482 0.020396188
>>> 244 -1.3343389 -1.3557585
>>> 255 -0.42121246 -0.5760749
>>> 390 0.6709697 0.5963619
>>> 154 -1.4549569 -1.3387059
>>> 371 -0.5317549 -0.49641597
>>> 751 0.79101187 0.6474661
>>> 582 0.6542732 0.64761037
>>> 712 1.9076631 1.6944809
>>> 158 -0.28303444 -0.30470127
>>> 708 0.044274773 0.079594344
>>> 271 -0.038919915 0.034750767
>>> 484 -0.9670157 -0.8022551
>>> 146 0.13639346 0.20948227
>>> 394 1.6649879 1.5956383
>>> 418 -0.43359092 -0.45083696
>>> 576 1.9534346 1.5254644
>>> 744 -1.3280058 -1.3646764
>>> 680 -0.5464363 -0.6106175
>>> 588 -0.04064714 -0.03020759
>>> 290 1.3972679 1.5024047
>>> 411 0.46370268 0.20227322
>>> 630 1.5748843 1.2997204
>>> 213 0.024411682 0.1359933
>>> 358 1.8152565 1.6030265
>>> 180 -1.1630558 -1.2443717
>>> 380 1.4571451 1.4634075
>>> 99 -1.285113 -1.303606
>>> 135 1.8880879 1.6856377

Mean MAE across splits 0.23308027469552534 +- 0.0
delta MAE: 5.85e-08
