namespace(experiment_name='final-cv', wandb_name='cv10-LP-gdb-subset4xtb-ns64-nv64-d48-layers3-vector-diff-node-noH-rxnmapper', device='cuda', logdir='/scratch/izar/briling/cv', checkpoint=None, CV=1, num_epochs=512, seed=123, verbose=False, process=False, subset=None, max_neighbors=50, n_s=64, n_v=64, n_conv_layers=3, distance_emb_dim=48, radius=2.5, dropout_p=0.05, attention=None, sum_mode='node', graph_mode='vector', dataset='gdb', combine_mode='diff', atom_mapping=True, rxnmapper=True, random_baseline=False, two_layers_atom_diff=True, noH=True, reverse=False, split_complexes=False, xtb=False, semiempirical=False, lr=0.001, weight_decay=1e-05)

namespace(experiment_name=None, wandb_name=None, device='cuda', logdir='logs/evaluation', checkpoint='/home/briling/scratch/cv/final-cv-gdb-subset4xtb/231003-111049.516575-briling.best_checkpoint.pt', CV=1, num_epochs=290, seed=123, verbose=False, process=False, subset=None, max_neighbors=50, n_s=64, n_v=64, n_conv_layers=3, distance_emb_dim=48, radius=2.5, dropout_p=0.05, attention=None, sum_mode='node', graph_mode='vector', dataset='gdb', combine_mode='diff', atom_mapping=True, rxnmapper=True, random_baseline=False, two_layers_atom_diff=True, noH=True, reverse=False, split_complexes=False, xtb=False, semiempirical=False, lr=0.001, weight_decay=1e-05, eval_on_test_split=True)

Running on device cuda:0
csv_path='data/gdb7-22-ts/rxnmapper-noH.csv'
dataset_prefix='rxnmapper-noH.xtb-subset.noH.v10a'
Loading data into memory...
Coords and graphs successfully read from data/gdb7-22-ts/processed//
Data stdev 21.7884

CV iter 1/1
Using random splits
total / train / test / val: 10914 9823 546 545
trainable params in model:  14564742
Log directory: logs/evaluation
checkpoint: /home/briling/scratch/cv/final-cv-gdb-subset4xtb/231003-111049.516575-briling.best_checkpoint.pt
num epochs: 290
eval_per_epochs: 0
patience: 150
minimum_epochs: 0
models_to_save: []
clip_grad: 100
log_iterations: 100
lr: 0.001
weight decay: 1e-05
lr scheduler: <class 'torch.optim.lr_scheduler.ReduceLROnPlateau'>
factor: 0.6
min_lr: 8e-06
mode: max
lr_scheduler_patience: 60
lr_verbose: True
In trainer, metrics is {'mae': MAE()} and std is 21.788405485631458
Statistics on val_best_checkpoint
mae: 5.89629430104337
MSELoss: 0.21100031824755497
mean_pred: -0.04306398302424645
std_pred: nan
mean_targets: 0.015272969258544237
std_targets: nan
Evaluating on test, with test size:  546
Statistics on test_split_1
mae: 6.390557875394498
MSELoss: 0.21793833985060884
mean_pred: -0.0568732382270737
std_pred: 0.8394171068633812
mean_targets: -0.01965971339655959
std_targets: 0.943966612867687
>>> 2993 -0.8098439 -0.76043826
>>> 3302 -0.034939535 0.37319025
>>> 10517 -1.649233 -1.5130571
>>> 10355 -0.41970748 0.51800144
>>> 376 0.09146072 0.19170147
>>> 7376 -0.5395634 -0.5419594
>>> 1264 -0.97664267 -0.9012108
>>> 456 0.6605877 0.6522186
>>> 3424 -1.4116507 -1.4382102
>>> 8280 1.7085111 1.5534409
>>> 3046 -0.93971246 -0.95743656
>>> 10095 -0.5432755 -0.64005756
>>> 2934 1.1656834 1.0870564
>>> 5169 -0.49847826 -0.28802568
>>> 3207 0.58173203 0.90563905
>>> 8640 -0.25589237 -1.3565004
>>> 10447 0.2676379 0.41290465
>>> 10415 -0.81550837 -0.9799298
>>> 8200 1.7030637 1.4246072
>>> 2105 0.79779094 1.2139076
>>> 9394 -0.4161354 0.12547117
>>> 5766 2.1172984 1.1414729
>>> 10456 -0.77360076 -0.79898274
>>> 6163 1.2641721 1.0834355
>>> 676 -0.3451495 -0.40138197
>>> 2459 -0.34325993 -0.43756938
>>> 7678 -0.21744394 -0.34618968
>>> 6447 -0.16649987 0.8735812
>>> 5011 0.30915952 0.495585
>>> 526 -1.4019749 -1.357535
>>> 3052 0.239718 0.016130209
>>> 3199 -0.8587731 -0.906101
>>> 4817 0.7146532 0.7498534
>>> 6980 -1.2184681 -1.0790097
>>> 5529 -0.21491691 0.048165947
>>> 1874 -0.4404947 -0.08114028
>>> 7616 -0.18139634 -0.2054278
>>> 10559 0.51254845 0.22500345
>>> 3579 0.4485814 0.7514285
>>> 10832 -0.1509205 -0.26339707
>>> 6122 -0.43073168 -0.13485545
>>> 6752 -0.72882605 -0.7011316
>>> 4098 2.4368596 0.6464764
>>> 7346 -0.72216743 -0.45833176
>>> 5840 -1.3898983 -0.70255935
>>> 3712 0.49752668 0.44190344
>>> 7045 -0.23625854 -0.3135209
>>> 4090 -0.57790816 -0.63407946
>>> 5506 -1.1956408 -1.0629268
>>> 7612 0.9219171 -0.3752854
>>> 10318 2.2040503 2.4933186
>>> 9099 -0.24159211 -1.0138322
>>> 2944 1.9859949 1.6973797
>>> 3797 -0.1530317 -0.13098988
>>> 2292 -0.048776254 0.022508293
>>> 27 1.8389268 1.1715547
>>> 2888 0.80037767 -0.8813456
>>> 4674 -0.14835124 -0.07921067
>>> 10105 0.47955015 0.47096315
>>> 8432 -1.400737 -1.4526316
>>> 5201 2.3148854 1.9139049
>>> 10410 0.14517783 0.71362984
>>> 274 -0.5245293 -0.64415985
>>> 2392 -0.937269 -0.93892026
>>> 10282 0.42760694 0.17863834
>>> 10578 -1.143044 -1.170812
>>> 2103 -0.17319013 -0.15867801
>>> 8397 -0.1103613 -0.26252362
>>> 907 2.512221 1.0390579
>>> 3897 -0.0028353056 0.01110369
>>> 9402 0.1580365 0.2064184
>>> 7629 -0.23911831 -0.51870584
>>> 4788 -1.6385479 -1.5177737
>>> 4163 -1.5834236 -1.5215636
>>> 83 -1.409656 -0.8944
>>> 57 0.5657754 1.0429608
>>> 7828 2.5400424 2.0336084
>>> 6862 -0.4170019 -1.1529158
>>> 9541 -0.53558517 -0.47319266
>>> 9213 -0.11237154 -0.03504549
>>> 7333 0.5800729 0.5064858
>>> 1857 0.7286216 0.84927404
>>> 10814 -0.2136869 -0.16517927
>>> 3458 0.28232783 0.5323088
>>> 4053 -0.9531086 -1.0360821
>>> 1709 1.9539462 1.5731732
>>> 7817 0.256191 0.2633154
>>> 10375 -0.24194734 -0.29792517
>>> 962 -0.57515436 0.013493925
>>> 10529 0.76832116 0.46276036
>>> 1634 -0.22325712 -0.1750686
>>> 1870 0.75070816 0.20807695
>>> 6614 -0.10218494 -0.31998318
>>> 4890 0.44768092 0.48652676
>>> 9887 -2.0598102 -1.076275
>>> 1830 -0.08143399 -0.064898
>>> 359 1.0420277 -1.4131978
>>> 2991 0.40939128 0.000792861
>>> 2817 0.2872465 0.37944785
>>> 8559 0.62440884 0.19720912
>>> 2043 0.39625952 0.46766517
>>> 7453 -1.0858732 -1.0824825
>>> 6572 -1.5944543 -1.5556558
>>> 6227 -2.24202 -1.609502
>>> 2553 -0.84091085 -0.16310981
>>> 3542 -2.2202003 -2.1480353
>>> 7060 -0.8220348 0.34243152
>>> 8194 0.059140775 1.0101931
>>> 933 -1.206385 -1.3206965
>>> 7833 0.36615086 0.23030385
>>> 747 -0.6326106 -0.35927415
>>> 2275 -1.1040839 -1.1105578
>>> 531 0.36479968 0.13408834
>>> 1937 -1.2560968 -1.3036057
>>> 7669 -0.08188423 0.06261474
>>> 3470 -2.1377254 -2.3755746
>>> 8583 -0.44616008 -0.51074815
>>> 1307 1.4709985 1.5403891
>>> 6034 1.3041433 -0.32228035
>>> 8764 1.1208596 0.35440055
>>> 1730 0.9377287 0.92759657
>>> 7654 -1.893104 -1.5622575
>>> 5399 -0.2974039 -0.22980726
>>> 2172 -1.125896 -0.82222056
>>> 6031 0.052567557 -0.2293351
>>> 3981 -0.12640285 -0.15966934
>>> 3601 0.07185855 0.0031390786
>>> 10500 -0.0492678 -0.49566543
>>> 4984 -0.44767466 -0.40259272
>>> 3834 -0.7925824 -0.7800516
>>> 8108 1.4800713 1.5926483
>>> 3862 0.6278093 0.7339984
>>> 5034 0.32569218 0.13483381
>>> 848 -0.8164511 -0.5919695
>>> 9823 1.2280189 0.7458941
>>> 9376 -0.08141242 -0.7521899
>>> 7460 -1.230928 -1.3012866
>>> 8804 -1.4390543 -1.3722868
>>> 5060 -1.4105105 -1.0412946
>>> 10801 -1.4156262 -1.4225227
>>> 8105 -0.32604253 -0.38047212
>>> 7780 -0.80259967 -0.8923191
>>> 4001 -0.5910739 -0.53966403
>>> 2365 -1.8157394 -1.0643088
>>> 9833 0.27931935 0.34776506
>>> 5596 -0.06512164 0.012583226
>>> 2037 -1.1118573 -1.0866698
>>> 2462 -0.3673365 -0.5032387
>>> 9720 0.34625587 -0.4453599
>>> 7355 -0.21121402 -0.32386157
>>> 2920 0.18502884 -0.5033376
>>> 7537 0.017538374 -0.49564728
>>> 4492 -0.541883 -0.43143168
>>> 7448 0.11471162 -0.3909163
>>> 51 0.9654953 0.87135863
>>> 3262 -0.5418243 -0.5235706
>>> 5919 -0.2971129 -0.34573525
>>> 4790 -0.637963 -0.7261698
>>> 2575 0.9680985 1.2128855
>>> 1560 0.6092581 0.8622601
>>> 201 -0.14187394 -0.030621707
>>> 7872 -0.9750905 -0.809706
>>> 4297 0.7692455 0.15555513
>>> 3786 0.42687994 0.48367044
>>> 6736 -0.7885757 -0.7558856
>>> 6416 2.0714593 1.2224375
>>> 4092 0.84403986 1.0679686
>>> 10071 0.5158176 0.5458517
>>> 3970 0.408729 0.61971235
>>> 1958 -0.825225 -0.7805283
>>> 2021 1.0915537 0.45148185
>>> 10479 0.23404802 0.42428252
>>> 6395 -0.12354125 -0.041401178
>>> 1718 0.39999822 -0.9811274
>>> 6770 -0.20489047 0.27502748
>>> 4765 -0.6624256 -0.8356532
>>> 8648 -1.506049 -0.7463231
>>> 1550 -0.87482154 0.34515235
>>> 10823 -0.6983997 0.4307243
>>> 3623 0.48527706 0.6032921
>>> 4198 -1.8042191 -1.8482103
>>> 1911 0.15285392 0.042497724
>>> 4256 -0.51973546 -0.51631457
>>> 4500 -0.62569183 -0.65721637
>>> 7457 -0.17676084 -0.53195727
>>> 10567 0.72759354 0.6824244
>>> 2278 -1.1111265 -0.03400342
>>> 2165 -0.6582334 -0.35880268
>>> 4224 0.50577784 0.34548804
>>> 2844 0.9326847 1.1686778
>>> 4034 -0.8752213 -1.0051173
>>> 2387 1.8122076 1.1508023
>>> 3315 0.17119211 -0.09231566
>>> 3359 0.58967525 0.785113
>>> 7028 -0.27642578 -0.3406422
>>> 10746 -0.18505195 1.4402968
>>> 6714 0.060755398 -0.03535199
>>> 10321 -1.3674124 -0.6578953
>>> 6443 -0.5217723 -0.553917
>>> 4879 1.0594145 0.9035739
>>> 6808 -0.32158786 0.18665743
>>> 5035 -0.32974908 -0.29660827
>>> 1826 0.3795332 0.30254933
>>> 695 -0.6427702 -0.6728271
>>> 1921 0.033340357 -0.07271649
>>> 2618 -0.9878252 -0.92626345
>>> 705 -0.88922185 -0.77810955
>>> 3486 -0.55527776 -0.5374368
>>> 6641 -0.5246353 -0.49509466
>>> 3634 -0.13372189 -0.10455078
>>> 8492 -1.2061307 -1.0494156
>>> 10815 -1.4834063 -1.4213045
>>> 2065 -1.5997273 -1.6223207
>>> 10076 -0.26943076 -0.26208323
>>> 4580 -0.38344416 -0.75878394
>>> 5039 -0.042541288 0.16364107
>>> 2936 -1.3452833 -1.40468
>>> 10167 -0.53635573 -0.6630156
>>> 1787 0.7667777 1.1018016
>>> 2224 0.0456033 -0.039736643
>>> 8708 -0.97070146 -0.8564465
>>> 10376 -1.8686235 -1.4544418
>>> 9874 0.84633195 0.7162124
>>> 7174 0.053931125 -0.016261965
>>> 7736 -1.1102835 -1.000531
>>> 7964 -2.6915276 -1.2287092
>>> 3728 -0.44733182 -0.44049633
>>> 1517 1.4461147 -0.3623094
>>> 10900 2.1709085 2.1835084
>>> 109 -0.7068386 -0.7824693
>>> 2447 -0.5433806 -0.6128613
>>> 10825 0.49968565 0.52374995
>>> 1951 0.4507633 0.21523437
>>> 3946 0.9655233 0.76879287
>>> 6224 -1.1251396 -1.2206886
>>> 699 0.9856147 1.1280724
>>> 6319 0.44102323 0.7682469
>>> 3741 0.3001249 -0.18218486
>>> 1950 1.7392343 0.17903897
>>> 10354 -0.021067938 0.06453496
>>> 1601 -0.08701999 0.100756586
>>> 9406 0.97060263 0.6630374
>>> 3444 -0.21002348 -0.31902498
>>> 1862 1.2456751 1.1310703
>>> 1267 -0.88065445 -0.92066884
>>> 8726 1.1349043 0.52875113
>>> 8034 0.21608342 0.7110759
>>> 5321 1.0831317 1.1401051
>>> 1444 -1.8145788 -1.4938118
>>> 2854 0.43627486 0.4499959
>>> 9341 0.36289775 1.1241665
>>> 2212 -0.11249822 -0.14859791
>>> 4229 0.021040695 0.06016624
>>> 8699 -0.110944636 0.33798406
>>> 8946 0.27198517 0.13295296
>>> 9124 3.1992476 1.6976601
>>> 7915 1.3994095 1.3775489
>>> 3526 -0.36689866 -0.3408969
>>> 10840 2.301874 1.0918623
>>> 3592 -0.3378699 -0.43164033
>>> 1928 0.5641121 0.824402
>>> 1359 1.4546169 0.9969808
>>> 7205 0.39552152 0.7435988
>>> 8828 0.82750267 0.6674639
>>> 592 -0.3037715 -0.12340899
>>> 9754 1.6163341 1.4890934
>>> 4188 -0.77132475 -0.97155476
>>> 8880 0.15366903 0.3254632
>>> 10323 1.5544723 2.3304644
>>> 3600 0.12040639 0.6013948
>>> 8282 0.06627163 0.3447192
>>> 9542 0.101404995 -0.063629925
>>> 2110 1.2881835 0.5296272
>>> 1081 1.2672513 0.31493053
>>> 5672 1.4331151 1.3791301
>>> 1803 0.023760032 0.066354185
>>> 7910 -0.6114755 -0.51728344
>>> 99 -1.3112551 -1.5030799
>>> 3093 1.6550841 1.6383481
>>> 7991 -1.7876625 -1.6823779
>>> 8634 -0.74932957 -1.0367287
>>> 5762 -0.6189515 -0.6612139
>>> 1919 2.2979746 2.0937688
>>> 3136 -1.8283315 -1.5961382
>>> 8897 -0.25190356 -0.39172626
>>> 5403 0.7365956 0.70334756
>>> 6711 -1.2712177 -1.2766485
>>> 5328 -0.45097458 -0.5065858
>>> 930 1.7840922 1.5158519
>>> 9069 -0.5810561 -0.49377674
>>> 3186 2.5994768 1.3936838
>>> 2170 -0.31637958 -0.27770123
>>> 8336 0.07387201 -0.2380551
>>> 7064 1.1837462 1.0636631
>>> 4429 1.210247 1.7433393
>>> 10427 0.46590117 0.46639928
>>> 6805 -0.6791813 -0.7251142
>>> 5271 -0.6940892 -0.7146005
>>> 10359 -1.0315287 -0.54563564
>>> 4908 0.51391846 0.46315852
>>> 1575 -0.09368317 0.005887598
>>> 2262 1.017808 1.0949966
>>> 8978 -0.27617565 -0.8655201
>>> 9531 0.060163796 -0.05128567
>>> 6917 -0.31036997 -0.25191793
>>> 10716 -1.1832379 -1.1727782
>>> 8208 1.1320288 0.97642016
>>> 1585 -0.7015335 -0.7574208
>>> 2267 -0.90486366 -0.86616063
>>> 460 1.002638 0.8676499
>>> 1960 0.5806452 0.5610981
>>> 9021 -0.50229037 0.44851276
>>> 342 -0.13419966 0.17501819
>>> 1406 0.40030205 0.6841556
>>> 8811 1.0832552 0.4990476
>>> 1899 0.52173775 0.12230432
>>> 10077 0.964688 0.8205718
>>> 377 0.52891403 0.5064857
>>> 291 0.10556272 0.3883845
>>> 8075 0.80764073 0.9126421
>>> 7314 -0.12507418 -0.15179591
>>> 2608 -1.2868273 -1.4019705
>>> 570 0.6407368 0.19144562
>>> 810 -0.3724034 -0.26773685
>>> 4647 0.85050523 1.2250578
>>> 5473 0.072945826 0.050834745
>>> 2393 -0.85218614 -0.9597603
>>> 4327 1.9242235 1.4885267
>>> 7948 0.12259012 0.28340062
>>> 1782 0.3776588 0.3466526
>>> 3491 -1.9230919 -1.7662103
>>> 1763 1.8238881 1.2203181
>>> 5517 0.12836476 0.55797386
>>> 7063 0.7046855 0.62259805
>>> 5940 0.91816276 -0.08090876
>>> 5418 -0.6600931 -0.76708937
>>> 10802 1.0911869 0.6787956
>>> 2052 -0.03781033 -0.06057547
>>> 3035 -0.32049462 -0.62159085
>>> 8215 -1.6429205 -1.6509258
>>> 3373 1.6922561 1.282153
>>> 3924 0.1612079 0.18127644
>>> 2994 0.10023189 0.027196407
>>> 1297 -1.575681 -1.5883226
>>> 4563 0.07655325 0.046117216
>>> 5947 2.0069313 0.9407971
>>> 5859 0.6017004 0.64770114
>>> 480 -1.1036034 -0.38405946
>>> 8219 2.2924414 0.9810052
>>> 1348 -0.1694106 0.27820095
>>> 9549 0.8714705 0.4540029
>>> 1311 -0.57994044 -0.55274266
>>> 6070 -0.61648464 -0.79786944
>>> 2223 -0.6514858 -0.69248176
>>> 6068 0.176427 -0.08933216
>>> 10380 1.3458545 1.6768485
>>> 7539 -0.93004453 -0.6696518
>>> 7133 0.13591234 0.29955146
>>> 8759 -0.04424678 -0.42316622
>>> 6946 -0.4815312 -0.44013637
>>> 1190 2.274526 1.4309655
>>> 1487 -1.0640911 -1.3453292
>>> 5106 1.4829664 1.1931311
>>> 5907 0.06923651 0.8795241
>>> 4945 1.9201058 1.716668
>>> 10440 2.345198 2.0651464
>>> 9908 -1.3677461 -1.4457837
>>> 7222 -1.2934791 -0.56007326
>>> 9333 0.16453904 0.10312599
>>> 1197 -1.094481 -1.1216244
>>> 2171 -1.1291866 -0.9318955
>>> 3871 1.343606 1.4943683
>>> 3003 1.9751084 1.6837636
>>> 2777 -1.2849392 -1.0299581
>>> 5359 0.038585808 0.027998865
>>> 7330 -0.98690593 -0.97829735
>>> 9611 1.2387953 0.84386015
>>> 1904 0.94303614 1.0547286
>>> 8974 -1.4898615 -1.2336391
>>> 3767 0.23848203 0.2118389
>>> 4988 1.7908467 1.3327398
>>> 5561 -1.2848662 -0.5925934
>>> 10584 0.6632809 0.41621414
>>> 6312 0.22715123 0.12704971
>>> 5055 -0.07200512 -0.14816077
>>> 6244 -0.60845697 0.62670374
>>> 10169 -0.64204544 -0.64520514
>>> 6841 -1.5948393 -1.4446512
>>> 2239 -0.17212214 -1.129167
>>> 1687 -0.40490648 -0.8362566
>>> 1679 -0.17694993 -0.19658738
>>> 5334 -1.6367048 -1.6411574
>>> 3840 -0.47594243 -0.402057
>>> 2643 -0.18693689 -0.1270971
>>> 4434 1.7314477 1.4961282
>>> 1393 1.4190618 1.1025089
>>> 3218 -0.5502136 0.21430424
>>> 2489 -0.3863572 -1.3281981
>>> 6570 -0.44956464 0.99784625
>>> 2192 -1.7097908 -1.494454
>>> 9806 0.44630817 0.7904192
>>> 760 -1.0129868 -0.55445194
>>> 1056 -0.68419355 -0.61885226
>>> 1944 0.9304051 0.3737605
>>> 6223 -0.4059598 -0.6024952
>>> 4017 1.0170691 0.9136642
>>> 6613 0.7620949 0.9322883
>>> 8682 3.5062926 2.0205307
>>> 1470 -0.10251126 -0.7236111
>>> 2379 -0.76223093 -0.29241675
>>> 3465 -0.69694024 -0.7032007
>>> 4799 0.8815874 0.6364193
>>> 3349 -0.6841087 -0.559095
>>> 5211 -1.0634816 -1.0450643
>>> 4266 -0.1346747 -0.09965758
>>> 272 -1.1297425 -1.0165792
>>> 7002 -0.9474506 -0.523054
>>> 7243 0.1326808 -0.10481542
>>> 6563 0.8667997 0.88609505
>>> 1163 -0.35865667 0.002393335
>>> 10050 1.2181292 1.270292
>>> 1705 1.5727885 1.4129773
>>> 6200 -0.6761342 -0.9790269
>>> 17 0.6359609 0.9311466
>>> 7835 0.23817407 -0.35053557
>>> 4203 0.30133656 0.40035602
>>> 5996 -0.38452777 -0.82500947
>>> 6380 0.28379375 -0.2068215
>>> 1735 1.1951326 0.9765953
>>> 7666 1.1520863 0.90640354
>>> 6413 1.0263093 0.36463186
>>> 4433 1.1352558 0.52002656
>>> 4365 -0.396625 -0.64935577
>>> 461 0.011729781 0.012551069
>>> 6203 -1.1418586 -1.4598621
>>> 10643 -0.06618368 -0.11328693
>>> 492 0.07902245 0.077709824
>>> 6715 -0.42857045 0.5427052
>>> 1192 0.5004053 -0.119187206
>>> 10594 0.050365467 -0.16481021
>>> 7749 1.1572024 0.85562265
>>> 1431 -0.6825923 -0.6962602
>>> 739 -0.60599464 -0.5608395
>>> 70 1.0907542 -0.25021237
>>> 6155 2.7416642 1.553918
>>> 7182 0.2715611 0.30525604
>>> 10008 -0.8245136 -0.63707036
>>> 4419 -1.2198615 -1.3198363
>>> 6128 0.414796 0.03749153
>>> 2074 2.0669076 1.539792
>>> 6671 -0.295921 -0.34053785
>>> 5987 -0.118373364 -0.21379006
>>> 6386 -0.90246516 -0.90356016
>>> 6871 -1.6808314 -1.6382405
>>> 8195 0.09422182 1.0194552
>>> 9593 -0.1737037 -0.36289245
>>> 7245 0.3955789 0.8267658
>>> 4973 -0.36364233 -0.11673097
>>> 3451 0.091590144 0.20357427
>>> 3469 -0.8913868 -0.8108585
>>> 8263 -0.5853194 -0.7839825
>>> 2623 0.22275348 0.18673566
>>> 8214 0.7402136 1.094858
>>> 505 -0.6137171 0.13163859
>>> 7806 -1.4408543 -1.233837
>>> 3565 -0.5074367 -0.5440197
>>> 3119 -1.0652802 -0.7646718
>>> 22 1.2391849 1.2275724
>>> 7647 -0.73246646 -0.7400913
>>> 10027 -0.088716306 0.03829953
>>> 2329 -0.9289843 -0.035409242
>>> 7650 -0.70593125 -0.6559106
>>> 10140 -0.8191842 -0.9241363
>>> 7406 0.9871302 0.75808513
>>> 2402 1.2706081 1.4011214
>>> 625 -1.5960974 -1.5373968
>>> 3926 -0.38396278 -0.2578962
>>> 9968 0.23877898 0.23824915
>>> 6631 -0.60444474 -0.52287054
>>> 10810 1.2874032 -0.34472167
>>> 894 -0.8289637 -0.8413826
>>> 8555 -0.7812695 -0.63505673
>>> 5221 -1.3337092 -1.4991634
>>> 10127 -0.4678551 -0.29181755
>>> 199 -0.10579557 -0.06161742
>>> 10341 0.22983661 0.18417242
>>> 9056 0.7741784 1.0311786
>>> 6670 0.74377555 1.1408397
>>> 3058 -2.2347677 -1.68653
>>> 9134 0.28186014 0.1924431
>>> 3166 -0.6574688 -0.2098122
>>> 6428 -0.92484355 -0.8515831
>>> 8186 -1.5107222 -1.6051073
>>> 3135 -0.44474006 -1.109534
>>> 4461 -2.0715585 -1.1393402
>>> 7639 -1.3056209 -1.9500191
>>> 1539 0.16119964 -0.034041703
>>> 430 0.58441466 0.3334888
>>> 3693 -0.23342216 -0.5882289
>>> 3017 1.2278578 1.1373597
>>> 6043 0.25311458 0.16816214
>>> 7677 0.1862997 -0.013688087
>>> 496 -0.688164 -0.071770445
>>> 8013 -0.86193764 -0.9685273
>>> 2757 2.6532903 1.3035754
>>> 9061 0.14805366 0.14008477
>>> 10764 -0.89326805 -0.92636406
>>> 1978 -0.18167032 -0.19734162
>>> 7452 -1.309198 -1.7438104
>>> 9065 -0.7530338 -0.7817923
>>> 4635 0.38159484 0.4924653
>>> 690 0.37125403 0.9608356
>>> 3707 -0.54327136 -0.65206707
>>> 4851 -1.5922523 -1.4627476
>>> 2480 -0.71963304 -0.2665983
>>> 9878 0.13378002 0.12336224
>>> 10028 1.4829178 1.3904971
>>> 4885 -0.4186037 -0.557145
>>> 3313 -0.22225751 -0.19506846
>>> 5805 0.46864113 0.30357322
>>> 5895 -0.3859877 -0.57551193
>>> 8424 -0.2545325 -0.13003248
>>> 4758 0.13031992 0.083871365
>>> 6040 -1.6260909 -1.5082122
>>> 8737 0.0043841302 0.005161941
>>> 341 1.2024925 -0.5379212
>>> 9100 0.7724569 -0.6339673
>>> 9559 -0.33320045 -0.3274062
>>> 5641 2.1526937 2.2623131
>>> 1966 -0.6886923 -0.88894856
>>> 3355 -0.083684266 -0.06559542
>>> 10579 0.33156273 -0.12604704
>>> 8274 -0.6103667 -0.6822665
>>> 5184 -1.7197269 -1.5041535
>>> 8869 -1.4088647 -1.2175473
>>> 10219 0.59795487 0.5381979
>>> 10053 -2.362629 -1.5073712
>>> 7938 -0.17230067 -0.07250607
>>> 5863 -0.21851286 0.4333615
>>> 8048 0.055811025 0.98954177
>>> 6775 0.25977594 0.17920506
>>> 10184 -0.6795264 -0.57891953
>>> 7261 -1.9299359 -1.2123634
>>> 5235 -0.6126987 -0.5916173
>>> 7301 -0.14110518 -0.048334837
>>> 622 1.2932453 1.4286815

Mean MAE across splits 6.390557875394498 +- 0.0
delta MAE: 3.53e-08
