namespace(experiment_name='final-cv', wandb_name='cv10-LP-gdb-ns64-nv64-d48-layers3-vector-diff-node-noH-rxnmapper', device='cuda', logdir='/scratch/izar/briling/cv', checkpoint=None, CV=1, num_epochs=512, seed=123, verbose=False, process=False, subset=None, max_neighbors=50, n_s=64, n_v=64, n_conv_layers=3, distance_emb_dim=48, radius=2.5, dropout_p=0.05, attention=None, sum_mode='node', graph_mode='vector', dataset='gdb', combine_mode='diff', atom_mapping=True, rxnmapper=True, random_baseline=False, two_layers_atom_diff=True, noH=True, reverse=False, split_complexes=False, xtb=False, semiempirical=False, lr=0.001, weight_decay=1e-05)

namespace(experiment_name=None, wandb_name=None, device='cuda', logdir='logs/evaluation', checkpoint='/home/briling/scratch/cv/final-cv-gdb/230929-105710.556868-briling.best_checkpoint.pt', CV=1, num_epochs=362, seed=123, verbose=False, process=False, subset=None, max_neighbors=50, n_s=64, n_v=64, n_conv_layers=3, distance_emb_dim=48, radius=2.5, dropout_p=0.05, attention=None, sum_mode='node', graph_mode='vector', dataset='gdb', combine_mode='diff', atom_mapping=True, rxnmapper=True, random_baseline=False, two_layers_atom_diff=True, noH=True, reverse=False, split_complexes=False, xtb=False, semiempirical=False, lr=0.001, weight_decay=1e-05, eval_on_test_split=True)

Running on device cuda:0
csv_path='data/gdb7-22-ts/rxnmapper-noH.csv'
dataset_prefix='rxnmapper-noH.noH.v10'
Loading data into memory...
Coords and graphs successfully read from data/gdb7-22-ts/processed//
Data stdev 21.8149

CV iter 1/1
Using random splits
total / train / test / val: 11883 10695 594 594
trainable params in model:  14564742
Log directory: logs/evaluation
checkpoint: /home/briling/scratch/cv/final-cv-gdb/230929-105710.556868-briling.best_checkpoint.pt
num epochs: 362
eval_per_epochs: 0
patience: 150
minimum_epochs: 0
models_to_save: []
clip_grad: 100
log_iterations: 100
lr: 0.001
weight decay: 1e-05
lr scheduler: <class 'torch.optim.lr_scheduler.ReduceLROnPlateau'>
factor: 0.6
min_lr: 8e-06
mode: max
lr_scheduler_patience: 60
lr_verbose: True
In trainer, metrics is {'mae': MAE()} and std is 21.81486949294456
Statistics on val_best_checkpoint
mae: 6.03093525031694
MSELoss: 0.22525305128345888
mean_pred: -0.022732515533765155
std_pred: 0.8800721951325734
mean_targets: 0.00898733968536059
std_targets: 0.9710322751601537
Evaluating on test, with test size:  594
Statistics on test_split_1
mae: 5.952518652249307
MSELoss: 0.19309515710920094
mean_pred: -0.028520821183919905
std_pred: 0.847950104077657
mean_targets: -0.02112169032295545
std_targets: 0.9307611461480458
>>> 10977 1.2106901 0.89367235
>>> 2934 1.1796814 1.1142846
>>> 5169 -1.7158455 -1.3699443
>>> 3207 0.70273244 0.34067452
>>> 8640 0.0401188 -0.39851484
>>> 11359 1.3016707 1.4208238
>>> 11324 0.29032567 -0.32483667
>>> 8200 -0.91119885 -0.9012694
>>> 2105 0.2688802 0.3973934
>>> 9394 -0.05252764 -0.24866441
>>> 5766 -0.1755694 -0.22023006
>>> 11368 -0.39927873 -0.30072534
>>> 6163 -0.5495684 -0.77229166
>>> 676 1.7629051 1.539549
>>> 2459 -1.1251602 -0.49393472
>>> 7678 0.6884491 0.5589058
>>> 6447 -0.3279164 -0.26043546
>>> 5011 -0.011985112 0.050106138
>>> 526 -0.3058828 -0.5648641
>>> 3052 -0.9277412 -0.95209736
>>> 3199 1.1345439 1.1018075
>>> 4817 1.3646979 1.4351375
>>> 6980 1.5862817 1.3292369
>>> 5529 -1.1994128 -1.0751153
>>> 1874 1.8751149 1.5329013
>>> 7616 0.8934193 0.030419677
>>> 11484 0.6927842 0.668124
>>> 3579 0.6136276 0.54219794
>>> 11796 -0.68719155 -0.66808784
>>> 6122 0.034782987 0.045623213
>>> 6752 -1.1035099 -1.0936286
>>> 10385 0.44757894 0.6265275
>>> 4098 -0.020859335 -0.08179338
>>> 7346 -0.12547009 -0.52563584
>>> 5840 -0.64046925 0.2355592
>>> 3712 0.05404233 0.07490504
>>> 7045 0.32073885 -0.079264075
>>> 4090 0.51054335 0.38515168
>>> 5506 1.4755461 1.3729932
>>> 7612 0.5814404 1.4016181
>>> 11218 2.3031592 1.9041495
>>> 9099 -0.7578346 -0.8106548
>>> 2944 -0.25623596 -0.20285034
>>> 3797 0.018838359 0.23763826
>>> 2292 -0.11920739 -0.1231975
>>> 27 1.1990279 1.6497418
>>> 2888 -0.13412704 0.96697986
>>> 4674 0.08483967 0.16411406
>>> 10988 0.064738706 -0.026512116
>>> 8432 0.36677948 0.0016498566
>>> 5201 3.3102374 2.0150757
>>> 11318 0.42853644 -1.1415968
>>> 274 -0.6015628 -0.58035105
>>> 2392 -0.3233278 -1.1691126
>>> 11180 -0.29007342 -0.4706444
>>> 11504 0.71132934 0.43585455
>>> 2103 0.61182517 0.9541458
>>> 8397 -0.7093255 0.22735298
>>> 907 2.0475523 2.0629957
>>> 3897 1.108778 1.0570476
>>> 9402 -1.638808 -1.6201947
>>> 7629 0.33292046 0.6020479
>>> 4788 -0.41672555 -0.09993163
>>> 4163 0.30391732 0.20386961
>>> 83 1.6590439 0.7836833
>>> 57 0.36522824 0.47885734
>>> 7828 -0.9943408 -0.94584525
>>> 6862 1.2359004 1.4271898
>>> 9541 -0.09305367 -0.77198225
>>> 9213 -1.012499 -0.9960915
>>> 7333 0.16937055 -0.6100727
>>> 9944 0.027712582 -0.13398087
>>> 11669 -1.2482034 -1.1085463
>>> 1857 1.7360973 1.4436343
>>> 11774 -1.2941427 -1.2519703
>>> 10417 3.6842103 3.0539956
>>> 3458 1.1091869 1.3153417
>>> 4053 -0.13452354 0.7553543
>>> 1709 0.06676576 0.06802592
>>> 7817 -0.6376304 -1.4131408
>>> 11280 -0.036423948 0.41530144
>>> 10062 -0.43228742 -0.3742165
>>> 962 1.0647873 1.0992796
>>> 11450 1.8182211 1.3769256
>>> 1634 -1.0408229 -1.0125816
>>> 1870 0.3027369 0.21393943
>>> 6614 0.21201532 0.27898234
>>> 10157 -0.56786466 -0.6213238
>>> 4890 -0.17153317 -0.5908296
>>> 9887 -0.8656056 -0.8828925
>>> 1830 -0.06424305 -0.120244876
>>> 359 1.7700058 0.5052865
>>> 2991 1.8209742 1.8518336
>>> 2817 0.9279449 0.8569108
>>> 8559 0.5087794 -0.093958244
>>> 2043 0.31758735 0.4028796
>>> 7453 -0.888281 -0.7719077
>>> 6572 -0.8893972 -0.8471321
>>> 6227 -0.2257902 -0.5799674
>>> 2553 -1.4405001 -1.5529963
>>> 3542 -0.23900549 -0.22287281
>>> 7060 1.9558511 1.6776186
>>> 8194 1.4697006 0.4464844
>>> 10117 0.6979701 1.1004028
>>> 933 -1.7055272 -1.5965744
>>> 10177 0.14895786 0.251409
>>> 7833 1.5488352 1.4596564
>>> 747 0.055294685 0.3570311
>>> 2275 0.19730286 0.12790582
>>> 531 -0.71842897 -0.78681976
>>> 1937 0.7402724 0.6871634
>>> 10440 -0.50719136 -0.019169793
>>> 7669 0.02281913 0.53704226
>>> 3470 -1.9525166 -1.9156935
>>> 8583 0.96055156 0.86993206
>>> 1307 1.2240094 0.68515193
>>> 6034 0.14256406 0.07354036
>>> 8764 1.2490089 1.2890723
>>> 1730 -1.5153221 -1.4235483
>>> 7654 0.966288 -0.12003384
>>> 5399 -0.054953508 -0.11607455
>>> 2172 0.33114186 0.5070003
>>> 6031 1.1564789 1.0893314
>>> 3981 -0.90599644 -0.9569131
>>> 3601 -1.1220944 -1.0603125
>>> 11822 -0.33123386 -0.506951
>>> 4984 -0.66796243 -0.75325155
>>> 3834 -0.33887085 -0.29960328
>>> 8108 -0.7044142 -0.723027
>>> 3862 -1.6814904 -1.6933463
>>> 5034 0.38815022 0.39416414
>>> 848 0.5333713 -0.5480573
>>> 9823 -0.1468523 -0.23059762
>>> 9376 -1.20421 -1.0609024
>>> 7460 -0.4318776 -0.9639765
>>> 8804 -1.5730754 -1.496919
>>> 5060 -0.53372467 -0.55159557
>>> 11759 -1.892067 -1.4183593
>>> 8105 -1.2970728 -1.1655874
>>> 7780 0.2370487 0.17169693
>>> 4001 2.0615919 1.8099086
>>> 2365 0.09737791 0.27877975
>>> 9833 -0.23006801 -0.47368127
>>> 5596 -1.3855408 -0.28500816
>>> 2037 0.10413981 -0.4241646
>>> 2462 1.3924276 0.51946133
>>> 9720 -0.8576771 -0.87568116
>>> 7355 -0.012402258 0.021720797
>>> 2920 -0.53946614 -0.5420009
>>> 7537 0.022878265 0.55838406
>>> 4492 -0.85230184 -0.60987496
>>> 7448 -0.8642813 -0.47735736
>>> 51 -0.9289615 -0.958115
>>> 3262 -0.4760617 -0.30720142
>>> 5919 1.3063748 1.3840847
>>> 10485 -2.0222354 -1.8872265
>>> 4790 0.015357248 -0.16590637
>>> 2575 -1.3995818 -1.4282817
>>> 1560 0.049143836 -0.020135298
>>> 201 -0.4893957 -0.50671774
>>> 7872 -0.15179984 -0.21908651
>>> 4297 -0.09217537 -0.2613626
>>> 3786 -0.5699857 -0.5852719
>>> 6736 -1.155855 -1.2151489
>>> 6416 -0.06587129 -0.22311667
>>> 4092 0.55327886 -0.53823227
>>> 10951 -2.3751442 -1.6442274
>>> 3970 -0.022687903 -0.12250445
>>> 10068 0.8486274 0.8045118
>>> 1958 0.41504976 0.3094685
>>> 2021 1.3226991 0.9378947
>>> 11393 -0.2727412 -0.22230543
>>> 6395 -1.1861389 0.11616394
>>> 1718 -0.12791246 0.009323105
>>> 6770 0.88457537 0.8663076
>>> 11191 -0.6136619 -0.62492466
>>> 4765 0.42409405 1.1876926
>>> 8648 -1.1203222 -1.5253545
>>> 1550 -0.19876643 -0.195442
>>> 11784 -0.06536017 -0.19055547
>>> 3623 1.8313338 1.021834
>>> 10168 0.7258703 1.2334985
>>> 4198 0.6047456 0.56273115
>>> 1911 1.806294 1.3767748
>>> 4256 0.14563078 0.1882686
>>> 4500 0.21860944 0.42356002
>>> 7457 -0.28347057 -0.28679082
>>> 11492 0.6500913 0.585837
>>> 2278 0.17493464 0.18164995
>>> 2165 0.28036273 0.2564142
>>> 10602 0.050964154 -0.21657605
>>> 4224 -0.9175014 -0.85883844
>>> 2844 -0.82206607 -0.8799719
>>> 4034 0.48154157 0.35343093
>>> 10641 -1.1999867 -1.111006
>>> 2387 -1.2159429 -0.7357273
>>> 3315 -0.8764148 -0.8427027
>>> 3359 0.33467522 0.58121806
>>> 7028 0.83587146 2.0117168
>>> 11699 0.7260725 0.8205209
>>> 6714 -1.682999 -0.21900003
>>> 11221 -0.7704361 -0.34814876
>>> 6443 0.33774516 0.24167508
>>> 4879 0.056792747 -0.060175523
>>> 6808 -0.07884226 0.004525274
>>> 5035 0.46551168 0.40350574
>>> 1826 0.50176674 0.60288435
>>> 695 0.27006793 0.36398798
>>> 10577 -0.25633496 -0.20613323
>>> 1921 0.41531792 -0.7311741
>>> 2618 0.5598336 0.6009574
>>> 705 -0.8872569 -0.67665935
>>> 3486 0.6246531 0.558246
>>> 6641 -0.3283363 -0.5521368
>>> 3634 -0.025347099 -0.05527921
>>> 8492 1.3224437 1.238675
>>> 11775 -0.46791038 0.9821682
>>> 2065 0.13728693 0.09389326
>>> 10956 0.14809927 0.21525097
>>> 4580 0.48978272 1.4353968
>>> 5039 1.0985693 1.1953495
>>> 10613 -1.3133612 -1.0688717
>>> 2936 -0.48051506 -0.24943724
>>> 11057 1.3198537 1.1047095
>>> 1787 0.17930505 0.23616582
>>> 10719 0.40558282 -0.10312897
>>> 2224 -1.6131682 -1.6137859
>>> 8708 -0.5310641 -0.5203906
>>> 11281 -0.43457988 0.6589036
>>> 9874 -0.55400854 -0.5506928
>>> 7174 0.05967335 0.67818236
>>> 7736 1.8376739 1.9280331
>>> 7964 0.5702127 0.5701091
>>> 3728 -1.1985826 -1.1525717
>>> 1517 -0.92825186 -0.735114
>>> 11868 -0.28904337 -0.39118597
>>> 10658 0.6759516 0.17517471
>>> 109 -1.6996752 -1.6627488
>>> 2447 -0.91914755 -0.95487845
>>> 11787 -0.7129341 0.6850054
>>> 1951 1.1321267 0.8548913
>>> 3946 -1.160217 -1.1421168
>>> 6224 -0.4767493 -0.4520997
>>> 699 -0.20904931 -0.025948301
>>> 6319 -0.82228565 -0.547076
>>> 3741 2.3427303 2.2687213
>>> 1950 -1.1083703 -0.55829453
>>> 11257 2.9170403 1.667154
>>> 1601 -1.1904731 -1.0087872
>>> 9406 0.42778373 0.3145622
>>> 3444 0.59998786 0.5986071
>>> 1862 0.91250724 0.9403775
>>> 1267 1.3404231 1.272083
>>> 8726 -0.4006113 0.85538626
>>> 8034 -0.5897479 -0.44889155
>>> 5321 -0.052329153 -0.11787707
>>> 1444 -0.96367496 -0.9071813
>>> 2854 2.1192846 1.2272797
>>> 9341 1.7176819 0.27793735
>>> 2212 0.048759237 0.15980002
>>> 4229 -0.21458362 -0.13375965
>>> 8699 -1.4442761 -0.88779485
>>> 8946 -0.96849185 -0.11849576
>>> 9124 1.5122142 0.7001305
>>> 7915 0.10757875 0.22620809
>>> 3526 -0.92880565 -0.9184438
>>> 11805 0.12982458 0.14010924
>>> 3592 -0.262522 -0.4361271
>>> 1928 -0.1484214 -0.21912225
>>> 1359 0.71242034 1.4121466
>>> 7205 -0.49259216 -0.504045
>>> 8828 -1.1950823 -0.9466288
>>> 592 -1.1759343 -1.1221375
>>> 9754 0.3103079 0.4684745
>>> 4188 0.41252854 -0.2161437
>>> 8880 -0.0006107599 0.18297502
>>> 10138 -1.2410839 -0.88312364
>>> 10102 1.0276525 0.07508856
>>> 11223 -0.4213261 -0.50906664
>>> 3600 -0.9487214 -0.7176702
>>> 8282 1.5365087 1.3105029
>>> 9542 -1.0051705 -0.8003048
>>> 2110 -0.12751731 -0.10935672
>>> 1081 -1.3466734 -0.96323353
>>> 5672 0.07163125 0.17280477
>>> 1803 -1.1470504 -0.67504466
>>> 7910 -1.3211211 -1.3276491
>>> 99 -1.2507544 -1.2299911
>>> 10627 -0.3948359 -0.37775224
>>> 3093 -0.46813133 -0.48481712
>>> 7991 -0.18678011 -0.016973719
>>> 8634 -0.41458207 -0.5099362
>>> 5762 -1.6336528 -1.1675944
>>> 1919 0.69361067 0.40546334
>>> 10862 0.22310774 -0.30402005
>>> 3136 -0.34134075 -0.15799941
>>> 8897 -0.032409254 -0.02447538
>>> 5403 0.17952417 -0.14697781
>>> 6711 -1.6845832 -1.3060459
>>> 5328 -1.1408986 -0.7555579
>>> 930 -0.8308422 -0.6856341
>>> 9069 -0.6593582 -0.62573016
>>> 3186 1.1488878 0.9967114
>>> 2170 -0.0010338657 -0.06762244
>>> 8336 1.5178888 0.8780732
>>> 7064 0.03869775 0.07537216
>>> 4429 0.048535533 -0.05555965
>>> 11338 0.81575537 1.5768145
>>> 6805 1.7760192 2.063974
>>> 5271 -0.75753665 -0.76959074
>>> 11262 0.60517603 0.52371484
>>> 4908 -0.19813521 -0.6361624
>>> 1575 -0.53231966 -0.5269867
>>> 2262 0.5016861 0.11344731
>>> 10937 0.107823536 0.20965728
>>> 8978 -0.4533657 -0.6240159
>>> 9531 1.2131686 0.7136123
>>> 6917 1.2258174 1.0113964
>>> 11661 -1.3255423 -1.1342844
>>> 8208 1.5839378 -0.6819655
>>> 10921 -0.47587055 -0.501801
>>> 1585 -0.51066655 -0.438536
>>> 2267 0.78144157 1.2075557
>>> 460 0.11156318 -0.44283247
>>> 1960 1.5125227 0.49080414
>>> 9021 3.2925408 2.3096569
>>> 342 -0.5298021 -0.5896778
>>> 1406 -1.1678568 -0.9462226
>>> 8811 0.2104164 0.06474212
>>> 10272 1.0257703 1.1229236
>>> 1899 0.6980301 0.7696959
>>> 10077 1.2383515 -0.24725279
>>> 377 0.21783061 0.08130887
>>> 291 -0.13910162 -0.20348299
>>> 8075 0.48981574 0.33556253
>>> 7314 1.1012615 1.0483791
>>> 10414 0.3541257 0.37593293
>>> 2608 -0.0706726 0.00435926
>>> 570 -0.26018876 -0.05766377
>>> 810 -1.4004724 -0.9833372
>>> 4647 -0.5363018 -1.2292004
>>> 5473 -0.21910714 -0.2039425
>>> 2393 -0.335938 -0.65892565
>>> 11028 0.2828271 0.19795531
>>> 4327 -0.93468374 -0.38853353
>>> 7948 0.102911286 0.2717501
>>> 1782 1.4307253 0.9048884
>>> 3491 -1.9638226 -1.9753052
>>> 1763 1.3400527 1.4528201
>>> 5517 1.0810574 0.96254957
>>> 7063 0.5899557 0.6390203
>>> 5940 0.07357809 0.013117671
>>> 5418 1.0887389 1.1884239
>>> 11760 -1.4292904 -1.3154402
>>> 2052 0.53773123 0.28175968
>>> 3035 -0.73905295 -0.63686585
>>> 8215 -0.9442978 -0.92772335
>>> 3373 -1.6124787 -0.1705006
>>> 3924 -1.0492648 -0.9522155
>>> 10976 0.94813615 0.9804039
>>> 2994 -0.5555066 -0.37092435
>>> 1297 0.09885947 0.08287296
>>> 4563 -1.6582072 -1.5859162
>>> 5947 0.7015319 0.7145508
>>> 5859 0.6189643 0.87158024
>>> 480 -0.9412554 -0.16463158
>>> 8219 0.6115726 0.434368
>>> 1348 -0.5529239 -0.6181222
>>> 9549 -0.05957467 -0.41485566
>>> 1311 -0.09524942 -0.06401174
>>> 6070 -0.5676951 -0.5526825
>>> 2223 -1.6619569 -1.6092843
>>> 6068 1.0676014 1.0085927
>>> 11285 -1.045659 -0.42795444
>>> 7539 1.5676049 1.5371878
>>> 7133 -1.0692754 -1.0655159
>>> 8759 -1.7291304 -1.7441862
>>> 10780 -2.1161466 -1.9465182
>>> 6946 1.2927259 -0.054344982
>>> 1190 -0.32740116 -0.46496117
>>> 1487 0.8346544 1.138243
>>> 5106 -0.5112464 -0.4593669
>>> 5907 1.1530459 0.15727642
>>> 4945 0.16862793 0.272525
>>> 11352 -0.7582509 -0.76924664
>>> 9908 -0.73302954 -0.66783386
>>> 7222 2.1384697 1.6800282
>>> 9333 0.6082698 0.52179676
>>> 1197 -1.3072278 -1.3914016
>>> 2171 0.35126713 0.73038155
>>> 3871 0.021534227 0.24301514
>>> 3003 1.1161541 1.1620543
>>> 2777 0.95261014 0.9223589
>>> 5359 -0.37198496 -0.31146452
>>> 7330 0.7098826 0.57808256
>>> 9611 -0.5134023 -0.51246417
>>> 1904 0.20461164 0.1116744
>>> 8974 -1.8638624 -2.0335712
>>> 3767 -0.08102609 -0.3085305
>>> 4988 0.29241186 0.42611057
>>> 5561 1.1097461 -1.0162166
>>> 11510 -1.327105 -1.3664165
>>> 6312 -1.4008603 -1.3651333
>>> 5055 -1.1530155 -0.92260134
>>> 6244 0.0019801334 0.012993276
>>> 10169 -1.4996369 -0.90847087
>>> 6841 -1.2011437 -1.0328093
>>> 2239 0.5479009 1.3543341
>>> 1687 -0.88914186 0.24740928
>>> 1679 -0.21920249 -0.28965113
>>> 5334 -1.4982333 -0.94963914
>>> 3840 -0.17867188 -0.3800545
>>> 2643 -0.55810297 -0.84593403
>>> 4434 1.0318364 1.05504
>>> 1393 0.09049591 -0.45022446
>>> 3218 1.6153206 1.4005651
>>> 2489 -0.3484258 -0.4581089
>>> 6570 0.59867316 0.6197391
>>> 2192 -0.3438129 -0.15788116
>>> 9806 0.06768899 0.27409673
>>> 760 -0.65737194 -0.6474285
>>> 1056 -0.966551 -0.956913
>>> 1944 -0.090506785 -0.16408466
>>> 6223 -1.0284991 -1.3133122
>>> 4017 0.10947241 0.068166465
>>> 6613 0.030435495 1.258898
>>> 8682 1.0105816 0.9952518
>>> 1470 -0.92218584 -0.8784928
>>> 2379 -0.008586512 -0.4196983
>>> 10600 -0.09145338 -0.29282463
>>> 3465 1.336921 1.3393654
>>> 4799 2.7511325 2.5541468
>>> 3349 -0.6400278 -0.66670966
>>> 5211 -0.13695583 -0.12604359
>>> 4266 -1.7686846 -1.630055
>>> 272 0.40640703 0.32723266
>>> 7002 -0.041470047 -0.08085373
>>> 7243 -0.41721514 -0.29941344
>>> 10322 1.3275741 1.1559312
>>> 10564 -1.2515658 -1.099056
>>> 6563 -0.5781228 -0.48391354
>>> 1163 1.2132893 1.3508282
>>> 10050 0.31430656 0.016874194
>>> 1705 -0.17354831 -0.0041972697
>>> 6200 -1.3881762 -1.325645
>>> 17 1.3301536 0.6044074
>>> 7835 0.47721836 0.41295302
>>> 4203 -0.47708988 -0.24770069
>>> 5996 1.5513119 1.2989306
>>> 10776 -2.0573194 -2.1117816
>>> 6380 -1.6910444 -1.1113136
>>> 1735 0.302868 0.6097202
>>> 7666 0.45115998 0.3169164
>>> 6413 -1.0573766 -0.948517
>>> 4433 0.26453865 1.4219244
>>> 4365 1.6523846 0.19778848
>>> 461 -1.0521903 -1.0650094
>>> 10314 -0.3546688 -0.45222253
>>> 6203 0.16810215 0.62456495
>>> 10644 -0.45509663 -0.11169581
>>> 11577 0.46731046 0.8350799
>>> 492 -0.98959213 -0.9403156
>>> 6715 -0.7813145 -0.98934054
>>> 1192 0.21457778 -0.09134044
>>> 11520 1.1543679 0.84279454
>>> 7749 -0.47072956 -0.7545561
>>> 1431 -0.36561316 -0.08073069
>>> 739 0.3999573 0.47849035
>>> 70 -0.96731013 -0.8118266
>>> 6155 -0.8261564 -0.93313867
>>> 7182 -0.11744254 -0.24613973
>>> 10008 -0.5810745 -0.5291246
>>> 10467 0.6696825 -0.50082195
>>> 4419 -1.5016763 -1.0862355
>>> 6128 2.0674329 2.0638192
>>> 2074 -1.6148932 -1.4592383
>>> 6671 0.7930369 1.0376964
>>> 5987 -0.43601698 -0.27492118
>>> 6386 0.58937764 0.30935073
>>> 6871 -0.51650935 -0.26915246
>>> 8195 -0.7815744 -0.17222032
>>> 9593 -0.50384593 -0.39390492
>>> 7245 -0.087258995 -0.066703334
>>> 4973 -1.9920639 -1.7753526
>>> 3451 -1.0664145 -0.72677493
>>> 3469 0.3340894 0.3842873
>>> 8263 -0.7746933 -0.6493912
>>> 2623 -0.3967598 -0.22769922
>>> 11206 0.42817155 1.3459772
>>> 8214 0.698825 -0.38364777
>>> 505 2.644325 2.010694
>>> 7806 -1.8994606 -1.9976884
>>> 3565 0.9948474 1.5979587
>>> 3119 0.5308928 0.90950537
>>> 22 1.2723018 1.28884
>>> 7647 -0.53054655 -0.48482293
>>> 10027 -0.13943624 -0.67962277
>>> 2329 -1.9333136 -0.6884434
>>> 7650 -0.5293804 -0.57118726
>>> 10140 0.99388295 1.0183072
>>> 7406 -0.20440066 0.324701
>>> 2402 -0.6930884 -0.7002883
>>> 625 -0.5527291 -0.32598475
>>> 3926 0.12100766 0.031283826
>>> 9968 -0.31678364 -0.37085128
>>> 6631 -0.5596753 -0.58673143
>>> 11770 -0.95456743 -0.6816526
>>> 894 0.36992458 0.4228385
>>> 8555 0.33714876 -1.461387
>>> 5221 -0.36332023 -0.27581808
>>> 10127 -0.80971986 0.5323762
>>> 10791 -0.5779935 -0.78590184
>>> 199 -1.0262864 -0.93232137
>>> 11243 1.537205 2.1951895
>>> 9056 -0.2332915 -0.032529667
>>> 6670 -0.894193 -0.86108327
>>> 3058 0.5539353 0.12060666
>>> 9134 -0.9319319 -0.5542873
>>> 3166 0.027630987 -0.07635377
>>> 6428 0.7479823 0.56424487
>>> 8186 0.236577 0.2834195
>>> 3135 2.5055285 1.1805855
>>> 4461 0.2753432 0.24531859
>>> 7639 -0.291472 -0.43325603
>>> 1539 0.10324272 0.15170968
>>> 430 1.1846904 0.71953404
>>> 3693 -0.3376648 -0.45384353
>>> 3017 -0.68646866 -0.5145583
>>> 6043 0.1696002 0.030485034
>>> 7677 1.2640184 1.4501531
>>> 496 -0.322598 -0.3400582
>>> 10460 -0.8759637 -0.42720914
>>> 8013 -0.66119874 -0.6633284
>>> 2757 -1.6182579 -0.7905502
>>> 9061 0.18090764 0.3131374
>>> 11720 -1.1185721 -0.98613447
>>> 1978 0.3636912 0.40420568
>>> 7452 -0.29187357 -1.2044902
>>> 9065 -0.39754048 -0.21397962
>>> 4635 0.13181177 -0.092681766
>>> 690 0.011542418 0.21535668
>>> 3707 -0.47442245 -0.72616947
>>> 4851 0.76998425 0.654335
>>> 2480 0.9593991 0.8984699
>>> 9878 0.7578577 0.46988857
>>> 10028 0.20319426 0.17670149
>>> 4885 0.7003556 1.0294904
>>> 11058 0.08361482 -0.08093393
>>> 3313 -0.9633958 -0.6344149
>>> 5805 -0.028106226 -0.21256222
>>> 5895 0.15677546 0.052363515
>>> 8424 -0.18446058 0.10307217
>>> 4758 0.41600874 0.45996058
>>> 6040 -1.2986891 -0.86169505
>>> 8737 0.8124113 1.7324119
>>> 341 -0.22925068 0.0076209307
>>> 9100 -0.6102037 -0.5968579
>>> 9559 0.19575897 0.3613364
>>> 5641 -0.5225025 -0.54279864
>>> 10494 -0.14280643 -0.048958182
>>> 1966 0.17928626 0.54282767
>>> 3355 -0.41017774 -0.343033
>>> 11505 0.37605894 0.50344
>>> 8274 1.6917546 1.4707046
>>> 5184 0.0048075626 0.028325647
>>> 8869 -1.0507207 -1.0659436
>>> 10219 0.77713263 0.9444039
>>> 10053 -0.5800862 -0.6170026
>>> 7938 1.9628468 1.7300663
>>> 5863 -0.23527639 -0.22194292
>>> 10705 1.2111475 0.47118765
>>> 8048 -1.0101465 -1.2192904
>>> 6775 1.3693539 1.3396417
>>> 10184 -0.57006454 -0.62272763
>>> 7261 0.50663316 1.4332976
>>> 5235 1.3537636 1.106833
>>> 7301 -2.1979675 -1.6490847
>>> 10904 -0.6790659 -0.65460896
>>> 622 0.25206688 0.5972443
>>> 5651 -0.036809463 -0.06496997
>>> 2793 0.12295725 0.1761033
>>> 2169 0.6456663 0.6007925
>>> 7918 -0.8208178 -0.88062835
>>> 9686 0.82933825 0.46647233
>>> 703 0.042162817 -0.24859671
>>> 5543 -0.42751682 -0.5416125
>>> 11843 -1.4454395 -0.8046448
>>> 9054 -0.93768996 -1.1687983
>>> 5494 -0.59154665 -0.5700234
>>> 5015 0.06812401 0.11368248
>>> 5046 0.64394224 0.4714089
>>> 3899 -0.4349842 -0.4120765
>>> 2741 -0.5221431 -0.8301992
>>> 5571 0.002537093 0.23869869

Mean MAE across splits 5.952518652249307 +- 0.0
delta MAE: 1.84e-07
