namespace(experiment_name='final-cv', wandb_name='cv10-LP-proparg-noH-ns64-nv16-d16-layers3-vector-diff-node-crossattention', device='cuda', logdir='/scratch/izar/briling/cv', checkpoint=None, CV=1, num_epochs=512, seed=123, verbose=False, process=False, subset=None, max_neighbors=50, n_s=64, n_v=16, n_conv_layers=3, distance_emb_dim=16, radius=5.0, dropout_p=0.1, attention='cross', sum_mode='node', graph_mode='vector', dataset='proparg', combine_mode='diff', atom_mapping=False, rxnmapper=False, random_baseline=False, two_layers_atom_diff=False, noH=True, reverse=False, split_complexes=False, xtb=False, semiempirical=False, lr=0.0005, weight_decay=0.0)

namespace(experiment_name=None, wandb_name=None, device='cuda', logdir='logs/evaluation', checkpoint='/home/briling/scratch/cv/final-cv-proparg/230929-225331.775685-briling.best_checkpoint.pt', CV=1, num_epochs=160, seed=123, verbose=False, process=False, subset=None, max_neighbors=50, n_s=64, n_v=16, n_conv_layers=3, distance_emb_dim=16, radius=5.0, dropout_p=0.1, attention='cross', sum_mode='node', graph_mode='vector', dataset='proparg', combine_mode='diff', atom_mapping=False, rxnmapper=False, random_baseline=False, two_layers_atom_diff=False, noH=True, reverse=False, split_complexes=False, xtb=False, semiempirical=False, lr=0.0005, weight_decay=0.0, eval_on_test_split=True)

Running on device cuda:0
Loading data into memory...
dataset_prefix='data_fixarom_smiles.noH'
Coords and graphs successfully read from data/proparg/processed//
Data stdev 2.1798

CV iter 1/1
Using random splits
total / train / test / val: 753 678 38 37
trainable params in model:  4312582
Log directory: logs/evaluation
checkpoint: /home/briling/scratch/cv/final-cv-proparg/230929-225331.775685-briling.best_checkpoint.pt
num epochs: 160
eval_per_epochs: 0
patience: 150
minimum_epochs: 0
models_to_save: []
clip_grad: 100
log_iterations: 100
lr: 0.0005
weight decay: 0.0
lr scheduler: <class 'torch.optim.lr_scheduler.ReduceLROnPlateau'>
factor: 0.6
min_lr: 8e-06
mode: max
lr_scheduler_patience: 60
lr_verbose: True
In trainer, metrics is {'mae': MAE()} and std is 2.1798295067663513
Statistics on val_best_checkpoint
mae: 0.2620601352537017
MSELoss: 0.032210437953472136
mean_pred: -0.030141156911849976
std_pred: 1.0260780930519104
mean_targets: -0.030800524353981017
std_targets: 1.106097400188446
Evaluating on test, with test size:  38
Statistics on test_split_1
mae: 0.27487309505350294
MSELoss: 0.023436559177935124
mean_pred: 0.2361352860927582
std_pred: 1.1479375958442688
mean_targets: 0.26718281507492064
std_targets: 1.1969885110855103
>>> 465 0.7463919 0.79642266
>>> 530 2.6719604 2.4898367
>>> 305 -0.5075737 -0.61302423
>>> 434 -1.307567 -1.0613235
>>> 537 0.10300043 0.11577667
>>> 357 -0.97104585 -0.80486995
>>> 186 1.6552004 1.4142133
>>> 555 2.1506262 2.375952
>>> 129 -1.3447022 -1.2199404
>>> 359 -0.03690482 -0.16259752
>>> 244 -1.3343389 -1.2963682
>>> 255 -0.42121246 -0.54605484
>>> 390 0.6709697 0.5198639
>>> 154 -1.4549569 -1.2942731
>>> 371 -0.5317549 -0.49337232
>>> 751 0.79101187 0.75161624
>>> 582 0.6542732 0.46864736
>>> 712 1.9076631 2.1569192
>>> 158 -0.28303444 -0.20224626
>>> 708 0.044274773 -0.0062540025
>>> 271 -0.038919915 0.06647358
>>> 484 -0.9670157 -1.1069078
>>> 146 0.13639346 0.09873246
>>> 394 1.6649879 1.5344012
>>> 418 -0.43359092 -0.35153425
>>> 576 1.9534346 1.8158683
>>> 744 -1.3280058 -1.3828247
>>> 680 -0.5464363 -0.5247716
>>> 588 -0.04064714 -0.041983187
>>> 290 1.3972679 1.4787914
>>> 411 0.46370268 0.25853464
>>> 630 1.5748843 1.4477217
>>> 213 0.024411682 -0.3060158
>>> 358 1.8152565 1.5040014
>>> 180 -1.1630558 -1.1460905
>>> 380 1.4571451 1.4718862
>>> 99 -1.285113 -1.1533309
>>> 135 1.8880879 1.7025391

Mean MAE across splits 0.27487309505350294 +- 0.0
delta MAE: 4.22e-08
