namespace(experiment_name='final-cv', wandb_name='cv10-LP-proparg-xtb-noH-ns64-nv16-d16-layers3-vector-diff-node', device='cuda', logdir='/scratch/izar/briling/cv', checkpoint=None, CV=1, num_epochs=512, seed=123, verbose=False, process=False, subset=None, max_neighbors=50, n_s=64, n_v=16, n_conv_layers=3, distance_emb_dim=16, radius=5.0, dropout_p=0.1, attention=None, sum_mode='node', graph_mode='vector', dataset='proparg', combine_mode='diff', atom_mapping=False, rxnmapper=False, random_baseline=False, two_layers_atom_diff=False, noH=True, reverse=False, split_complexes=False, xtb=True, semiempirical=False, lr=0.001, weight_decay=1e-05)

namespace(experiment_name=None, wandb_name=None, device='cuda', logdir='logs/evaluation', checkpoint='/home/briling/scratch/cv/final-cv-proparg-xtb/231002-072432.144224-briling.best_checkpoint.pt', CV=1, num_epochs=260, seed=123, verbose=False, process=False, subset=None, max_neighbors=50, n_s=64, n_v=16, n_conv_layers=3, distance_emb_dim=16, radius=5.0, dropout_p=0.1, attention=None, sum_mode='node', graph_mode='vector', dataset='proparg', combine_mode='diff', atom_mapping=False, rxnmapper=False, random_baseline=False, two_layers_atom_diff=False, noH=True, reverse=False, split_complexes=False, xtb=True, semiempirical=False, lr=0.001, weight_decay=1e-05, eval_on_test_split=True)

Running on device cuda:0
Loading data into memory...
dataset_prefix='data_fixarom_smiles.xtb.noH'
Coords and graphs successfully read from data/proparg/processed//
Data stdev 2.1798

CV iter 1/1
Using random splits
total / train / test / val: 753 678 38 37
trainable params in model:  4312582
Log directory: logs/evaluation
checkpoint: /home/briling/scratch/cv/final-cv-proparg-xtb/231002-072432.144224-briling.best_checkpoint.pt
num epochs: 260
eval_per_epochs: 0
patience: 150
minimum_epochs: 0
models_to_save: []
clip_grad: 100
log_iterations: 100
lr: 0.001
weight decay: 1e-05
lr scheduler: <class 'torch.optim.lr_scheduler.ReduceLROnPlateau'>
factor: 0.6
min_lr: 8e-06
mode: max
lr_scheduler_patience: 60
lr_verbose: True
In trainer, metrics is {'mae': MAE()} and std is 2.1798295067663513
Statistics on val_best_checkpoint
mae: 0.45364877885145644
MSELoss: 0.14806105829775335
mean_pred: -0.048294296860694884
std_pred: 0.962410843372345
mean_targets: -0.030800524353981017
std_targets: 1.106097400188446
Evaluating on test, with test size:  38
Statistics on test_split_1
mae: 0.46782286074786456
MSELoss: 0.1291218914091587
mean_pred: 0.2638180911540985
std_pred: 1.1959489822387694
mean_targets: 0.26718281507492064
std_targets: 1.1969885110855103
>>> 465 0.7463919 0.85042393
>>> 530 2.6719604 2.109537
>>> 305 -0.5075737 -0.68963397
>>> 434 -1.307567 -1.2400954
>>> 537 0.10300043 0.09154124
>>> 357 -0.97104585 -0.8292578
>>> 186 1.6552004 1.2304723
>>> 555 2.1506262 1.9583526
>>> 129 -1.3447022 -1.3656235
>>> 359 -0.03690482 1.5827138
>>> 244 -1.3343389 -1.4743083
>>> 255 -0.42121246 -0.5823371
>>> 390 0.6709697 0.4765229
>>> 154 -1.4549569 -1.442162
>>> 371 -0.5317549 -0.5457387
>>> 751 0.79101187 1.2025914
>>> 582 0.6542732 0.6357442
>>> 712 1.9076631 2.0127945
>>> 158 -0.28303444 -0.34716946
>>> 708 0.044274773 0.111672446
>>> 271 -0.038919915 0.20868741
>>> 484 -0.9670157 -1.1012862
>>> 146 0.13639346 0.24018192
>>> 394 1.6649879 1.0326197
>>> 418 -0.43359092 -0.44533998
>>> 576 1.9534346 1.5190997
>>> 744 -1.3280058 -1.3226206
>>> 680 -0.5464363 -0.5265573
>>> 588 -0.04064714 -0.19423452
>>> 290 1.3972679 1.6426032
>>> 411 0.46370268 0.3617837
>>> 630 1.5748843 1.7073278
>>> 213 0.024411682 0.6756151
>>> 358 1.8152565 1.6870348
>>> 180 -1.1630558 -1.1871865
>>> 380 1.4571451 1.511498
>>> 99 -1.285113 -1.3569145
>>> 135 1.8880879 1.4332671

Mean MAE across splits 0.46782286074786456 +- 0.0
delta MAE: 5.20e-08
