namespace(experiment_name='final-cv', wandb_name='cv10-LP-gdb-ns64-nv64-d48-layers3-vector-diff-node-crossattention', device='cuda', logdir='/scratch/izar/briling/cv', checkpoint=None, CV=1, num_epochs=512, seed=123, verbose=False, process=False, subset=None, max_neighbors=50, n_s=64, n_v=64, n_conv_layers=3, distance_emb_dim=48, radius=2.5, dropout_p=0.05, attention='cross', sum_mode='node', graph_mode='vector', dataset='gdb', combine_mode='diff', atom_mapping=False, rxnmapper=False, random_baseline=False, two_layers_atom_diff=False, noH=False, reverse=False, split_complexes=False, xtb=False, semiempirical=False, lr=0.0001, weight_decay=1e-05)

namespace(experiment_name=None, wandb_name=None, device='cuda', logdir='logs/evaluation', checkpoint='/home/briling/scratch/cv/final-cv-gdb/231001-104509.365459-briling.best_checkpoint.pt', CV=1, num_epochs=335, seed=123, verbose=False, process=False, subset=None, max_neighbors=50, n_s=64, n_v=64, n_conv_layers=3, distance_emb_dim=48, radius=2.5, dropout_p=0.05, attention='cross', sum_mode='node', graph_mode='vector', dataset='gdb', combine_mode='diff', atom_mapping=False, rxnmapper=False, random_baseline=False, two_layers_atom_diff=False, noH=False, reverse=False, split_complexes=False, xtb=False, semiempirical=False, lr=0.0001, weight_decay=1e-05, eval_on_test_split=True)

Running on device cuda:0
csv_path='data/gdb7-22-ts/ccsdtf12_dz_cleaned.csv'
dataset_prefix='ccsdtf12_dz_cleaned.v10'
Loading data into memory...
Coords and graphs successfully read from data/gdb7-22-ts/processed//
Data stdev 21.8149

CV iter 1/1
Using random splits
total / train / test / val: 11883 10695 594 594
trainable params in model:  14548230
Log directory: logs/evaluation
checkpoint: /home/briling/scratch/cv/final-cv-gdb/231001-104509.365459-briling.best_checkpoint.pt
num epochs: 335
eval_per_epochs: 0
patience: 150
minimum_epochs: 0
models_to_save: []
clip_grad: 100
log_iterations: 100
lr: 0.0001
weight decay: 1e-05
lr scheduler: <class 'torch.optim.lr_scheduler.ReduceLROnPlateau'>
factor: 0.6
min_lr: 8e-06
mode: max
lr_scheduler_patience: 60
lr_verbose: True
In trainer, metrics is {'mae': MAE()} and std is 21.81486949294456
Statistics on val_best_checkpoint
mae: 6.425345379327468
MSELoss: 0.2230522531705598
mean_pred: -0.031049071252346037
std_pred: 0.8359332565466563
mean_targets: 0.00898733968536059
std_targets: 0.9710322751601537
Evaluating on test, with test size:  594
Statistics on test_split_1
mae: 6.553009374520502
MSELoss: 0.21125944484646123
mean_pred: -0.04029661595821381
std_pred: 0.842493896484375
mean_targets: -0.02112169032295545
std_targets: 0.9307611461480458
>>> 10977 1.2106901 0.34202552
>>> 2934 1.1796814 0.80595374
>>> 5169 -1.7158455 -1.6177405
>>> 3207 0.70273244 0.58018005
>>> 8640 0.0401188 -0.08775403
>>> 11359 1.3016707 1.5618306
>>> 11324 0.29032567 0.86584055
>>> 8200 -0.91119885 -0.84416604
>>> 2105 0.2688802 0.31876528
>>> 9394 -0.05252764 0.07698853
>>> 5766 -0.1755694 -0.5102751
>>> 11368 -0.39927873 -0.11388789
>>> 6163 -0.5495684 -0.72345847
>>> 676 1.7629051 0.34741235
>>> 2459 -1.1251602 -0.6070796
>>> 7678 0.6884491 0.46414524
>>> 6447 -0.3279164 0.27556646
>>> 5011 -0.011985112 0.17101209
>>> 526 -0.3058828 -0.8232092
>>> 3052 -0.9277412 -0.8774447
>>> 3199 1.1345439 1.3315603
>>> 4817 1.3646979 1.2238853
>>> 6980 1.5862817 1.0094904
>>> 5529 -1.1994128 -1.1569014
>>> 1874 1.8751149 1.8552729
>>> 7616 0.8934193 -0.18197767
>>> 11484 0.6927842 0.654744
>>> 3579 0.6136276 0.5827621
>>> 11796 -0.68719155 -0.61996055
>>> 6122 0.034782987 -0.022021577
>>> 6752 -1.1035099 -0.8870986
>>> 10385 0.44757894 0.5713118
>>> 4098 -0.020859335 -0.047833957
>>> 7346 -0.12547009 -0.25780484
>>> 5840 -0.64046925 -0.5405026
>>> 3712 0.05404233 0.18271546
>>> 7045 0.32073885 -0.022018
>>> 4090 0.51054335 0.4290321
>>> 5506 1.4755461 1.2339678
>>> 7612 0.5814404 1.2134812
>>> 11218 2.3031592 1.616859
>>> 9099 -0.7578346 -0.6456236
>>> 2944 -0.25623596 -0.069300264
>>> 3797 0.018838359 0.122904286
>>> 2292 -0.11920739 -0.25029454
>>> 27 1.1990279 1.7114092
>>> 2888 -0.13412704 1.0104972
>>> 4674 0.08483967 -0.1537147
>>> 10988 0.064738706 -0.34324634
>>> 8432 0.36677948 0.6070922
>>> 5201 3.3102374 1.756257
>>> 11318 0.42853644 -0.68244165
>>> 274 -0.6015628 -0.64433527
>>> 2392 -0.3233278 -1.0270002
>>> 11180 -0.29007342 0.69237083
>>> 11504 0.71132934 0.28003126
>>> 2103 0.61182517 0.64548975
>>> 8397 -0.7093255 -1.07502
>>> 907 2.0475523 2.4253476
>>> 3897 1.108778 1.144191
>>> 9402 -1.638808 -1.5905493
>>> 7629 0.33292046 0.6456951
>>> 4788 -0.41672555 -0.03874135
>>> 4163 0.30391732 0.19971932
>>> 83 1.6590439 0.91793627
>>> 57 0.36522824 0.38614845
>>> 7828 -0.9943408 -1.051632
>>> 6862 1.2359004 1.8111331
>>> 9541 -0.09305367 -0.6895696
>>> 9213 -1.012499 -0.7307083
>>> 7333 0.16937055 -0.79871684
>>> 9944 0.027712582 -0.99092144
>>> 11669 -1.2482034 -1.0517341
>>> 1857 1.7360973 1.6166453
>>> 11774 -1.2941427 -1.2212133
>>> 10417 3.6842103 2.250332
>>> 3458 1.1091869 1.6321722
>>> 4053 -0.13452354 -0.3248318
>>> 1709 0.06676576 0.03751242
>>> 7817 -0.6376304 -1.0012408
>>> 11280 -0.036423948 0.8469563
>>> 10062 -0.43228742 -0.24640279
>>> 962 1.0647873 0.8718197
>>> 11450 1.8182211 1.6947733
>>> 1634 -1.0408229 -0.9352915
>>> 1870 0.3027369 0.15896948
>>> 6614 0.21201532 0.20237027
>>> 10157 -0.56786466 -0.95041615
>>> 4890 -0.17153317 -0.22626159
>>> 9887 -0.8656056 -0.8509239
>>> 1830 -0.06424305 0.3965131
>>> 359 1.7700058 1.0014482
>>> 2991 1.8209742 1.8711916
>>> 2817 0.9279449 0.7385535
>>> 8559 0.5087794 0.4299193
>>> 2043 0.31758735 0.39568985
>>> 7453 -0.888281 -0.80679363
>>> 6572 -0.8893972 -0.7547747
>>> 6227 -0.2257902 -0.6506421
>>> 2553 -1.4405001 -1.327379
>>> 3542 -0.23900549 -0.26994908
>>> 7060 1.9558511 2.1941261
>>> 8194 1.4697006 0.038167596
>>> 10117 0.6979701 0.68189484
>>> 933 -1.7055272 -1.538822
>>> 10177 0.14895786 0.21556272
>>> 7833 1.5488352 1.3691297
>>> 747 0.055294685 0.7232675
>>> 2275 0.19730286 0.38544816
>>> 531 -0.71842897 0.013435274
>>> 1937 0.7402724 0.6827498
>>> 10440 -0.50719136 -0.25420675
>>> 7669 0.02281913 0.8627274
>>> 3470 -1.9525166 -1.9833255
>>> 8583 0.96055156 1.1071291
>>> 1307 1.2240094 0.85648704
>>> 6034 0.14256406 0.08657563
>>> 8764 1.2490089 -0.64000666
>>> 1730 -1.5153221 -1.614424
>>> 7654 0.966288 -0.16348565
>>> 5399 -0.054953508 0.030509263
>>> 2172 0.33114186 0.5468877
>>> 6031 1.1564789 0.72136605
>>> 3981 -0.90599644 -1.2288162
>>> 3601 -1.1220944 -0.85345113
>>> 11822 -0.33123386 -0.39496458
>>> 4984 -0.66796243 -1.554981
>>> 3834 -0.33887085 -0.33645457
>>> 8108 -0.7044142 -0.7911372
>>> 3862 -1.6814904 -1.6492071
>>> 5034 0.38815022 0.43262005
>>> 848 0.5333713 -0.94808996
>>> 9823 -0.1468523 -0.22900477
>>> 9376 -1.20421 -0.9596745
>>> 7460 -0.4318776 -0.20639883
>>> 8804 -1.5730754 -1.7747096
>>> 5060 -0.53372467 -0.45722747
>>> 11759 -1.892067 -1.48701
>>> 8105 -1.2970728 -1.1567061
>>> 7780 0.2370487 0.65399176
>>> 4001 2.0615919 1.9437697
>>> 2365 0.09737791 -0.115399204
>>> 9833 -0.23006801 -0.602332
>>> 5596 -1.3855408 -0.45879507
>>> 2037 0.10413981 0.30040413
>>> 2462 1.3924276 1.1575174
>>> 9720 -0.8576771 -0.8898668
>>> 7355 -0.012402258 0.2952962
>>> 2920 -0.53946614 -0.6557363
>>> 7537 0.022878265 0.22059815
>>> 4492 -0.85230184 -0.45923084
>>> 7448 -0.8642813 -1.5619917
>>> 51 -0.9289615 -0.9710482
>>> 3262 -0.4760617 -0.65322095
>>> 5919 1.3063748 1.2447225
>>> 10485 -2.0222354 -2.1790285
>>> 4790 0.015357248 -0.096601956
>>> 2575 -1.3995818 -1.442118
>>> 1560 0.049143836 -0.039652705
>>> 201 -0.4893957 -0.47700584
>>> 7872 -0.15179984 -0.22078018
>>> 4297 -0.09217537 -0.08156139
>>> 3786 -0.5699857 -0.48668432
>>> 6736 -1.155855 -1.3095114
>>> 6416 -0.06587129 0.40799373
>>> 4092 0.55327886 -0.43448657
>>> 10951 -2.3751442 -1.6518645
>>> 3970 -0.022687903 0.16042908
>>> 10068 0.8486274 0.28656012
>>> 1958 0.41504976 0.26869833
>>> 2021 1.3226991 0.23380674
>>> 11393 -0.2727412 -0.33653563
>>> 6395 -1.1861389 -0.7653879
>>> 1718 -0.12791246 0.14219166
>>> 6770 0.88457537 0.85009956
>>> 11191 -0.6136619 -0.7133172
>>> 4765 0.42409405 0.072855726
>>> 8648 -1.1203222 -1.3093976
>>> 1550 -0.19876643 -0.17847092
>>> 11784 -0.06536017 -0.045016527
>>> 3623 1.8313338 1.6194719
>>> 10168 0.7258703 -0.93228704
>>> 4198 0.6047456 0.23996522
>>> 1911 1.806294 1.8105154
>>> 4256 0.14563078 0.15703227
>>> 4500 0.21860944 -0.21867771
>>> 7457 -0.28347057 -0.48690987
>>> 11492 0.6500913 0.47236574
>>> 2278 0.17493464 0.118892714
>>> 2165 0.28036273 0.20217668
>>> 10602 0.050964154 0.17153995
>>> 4224 -0.9175014 -1.1004671
>>> 2844 -0.82206607 -0.78899145
>>> 4034 0.48154157 0.16837774
>>> 10641 -1.1999867 -1.0080609
>>> 2387 -1.2159429 -1.1882925
>>> 3315 -0.8764148 -1.0014992
>>> 3359 0.33467522 0.4847288
>>> 7028 0.83587146 0.31013876
>>> 11699 0.7260725 0.5953176
>>> 6714 -1.682999 -1.0551414
>>> 11221 -0.7704361 -0.9192817
>>> 6443 0.33774516 0.6305063
>>> 4879 0.056792747 0.21912633
>>> 6808 -0.07884226 -0.12663959
>>> 5035 0.46551168 0.39439708
>>> 1826 0.50176674 0.7269555
>>> 695 0.27006793 0.41389602
>>> 10577 -0.25633496 0.7995295
>>> 1921 0.41531792 -0.23318186
>>> 2618 0.5598336 0.3968075
>>> 705 -0.8872569 -0.35090014
>>> 3486 0.6246531 0.6429881
>>> 6641 -0.3283363 0.07350001
>>> 3634 -0.025347099 -0.03405633
>>> 8492 1.3224437 0.66359913
>>> 11775 -0.46791038 1.2146056
>>> 2065 0.13728693 0.35182065
>>> 10956 0.14809927 0.4281379
>>> 4580 0.48978272 0.8426395
>>> 5039 1.0985693 1.1460984
>>> 10613 -1.3133612 -1.0735748
>>> 2936 -0.48051506 -1.323978
>>> 11057 1.3198537 1.2751054
>>> 1787 0.17930505 0.26400435
>>> 10719 0.40558282 0.3470325
>>> 2224 -1.6131682 -1.5531965
>>> 8708 -0.5310641 -0.81158286
>>> 11281 -0.43457988 1.0730444
>>> 9874 -0.55400854 -0.27478358
>>> 7174 0.05967335 0.29890686
>>> 7736 1.8376739 1.9747508
>>> 7964 0.5702127 -0.024246216
>>> 3728 -1.1985826 -1.2031366
>>> 1517 -0.92825186 -0.15013102
>>> 11868 -0.28904337 -0.49089277
>>> 10658 0.6759516 0.16701852
>>> 109 -1.6996752 -1.4509412
>>> 2447 -0.91914755 -0.9551786
>>> 11787 -0.7129341 -0.46558535
>>> 1951 1.1321267 0.3355202
>>> 3946 -1.160217 -1.2101378
>>> 6224 -0.4767493 -0.518863
>>> 699 -0.20904931 -0.028369233
>>> 6319 -0.82228565 -0.6159792
>>> 3741 2.3427303 2.0133743
>>> 1950 -1.1083703 -1.162969
>>> 11257 2.9170403 1.9180491
>>> 1601 -1.1904731 -1.0272446
>>> 9406 0.42778373 0.38844776
>>> 3444 0.59998786 0.60108894
>>> 1862 0.91250724 0.77109283
>>> 1267 1.3404231 1.6996974
>>> 8726 -0.4006113 -0.04074686
>>> 8034 -0.5897479 -0.28250456
>>> 5321 -0.052329153 0.38503838
>>> 1444 -0.96367496 -0.92102236
>>> 2854 2.1192846 0.8043729
>>> 9341 1.7176819 0.24075736
>>> 2212 0.048759237 -0.0011921898
>>> 4229 -0.21458362 -0.24360608
>>> 8699 -1.4442761 -0.45971817
>>> 8946 -0.96849185 0.12852837
>>> 9124 1.5122142 1.176536
>>> 7915 0.10757875 0.010923654
>>> 3526 -0.92880565 -0.94226235
>>> 11805 0.12982458 0.19362573
>>> 3592 -0.262522 -0.2830178
>>> 1928 -0.1484214 -0.12883058
>>> 1359 0.71242034 1.0439982
>>> 7205 -0.49259216 0.2942158
>>> 8828 -1.1950823 -0.9920906
>>> 592 -1.1759343 -1.0563475
>>> 9754 0.3103079 0.7719259
>>> 4188 0.41252854 0.20838307
>>> 8880 -0.0006107599 0.29343033
>>> 10138 -1.2410839 -0.86279184
>>> 10102 1.0276525 0.74361986
>>> 11223 -0.4213261 -0.2898116
>>> 3600 -0.9487214 -0.96120465
>>> 8282 1.5365087 1.3383247
>>> 9542 -1.0051705 -1.1443613
>>> 2110 -0.12751731 0.005660981
>>> 1081 -1.3466734 -0.8820655
>>> 5672 0.07163125 0.012077287
>>> 1803 -1.1470504 -1.0618361
>>> 7910 -1.3211211 -1.416881
>>> 99 -1.2507544 -1.26979
>>> 10627 -0.3948359 -0.5476991
>>> 3093 -0.46813133 -0.36530244
>>> 7991 -0.18678011 -0.37122282
>>> 8634 -0.41458207 -0.5037256
>>> 5762 -1.6336528 -1.1137861
>>> 1919 0.69361067 0.40765804
>>> 10862 0.22310774 0.5138186
>>> 3136 -0.34134075 0.5622015
>>> 8897 -0.032409254 0.091322154
>>> 5403 0.17952417 -0.33000684
>>> 6711 -1.6845832 -1.21633
>>> 5328 -1.1408986 -0.8693875
>>> 930 -0.8308422 -0.7872935
>>> 9069 -0.6593582 -0.74435765
>>> 3186 1.1488878 0.65073824
>>> 2170 -0.0010338657 0.46535474
>>> 8336 1.5178888 1.0739248
>>> 7064 0.03869775 0.033558756
>>> 4429 0.048535533 0.13957657
>>> 11338 0.81575537 1.0817412
>>> 6805 1.7760192 2.2728188
>>> 5271 -0.75753665 -0.12667361
>>> 11262 0.60517603 0.5961024
>>> 4908 -0.19813521 -0.15868327
>>> 1575 -0.53231966 -0.56604606
>>> 2262 0.5016861 0.34894454
>>> 10937 0.107823536 0.02810505
>>> 8978 -0.4533657 -0.08976588
>>> 9531 1.2131686 1.5562897
>>> 6917 1.2258174 1.2103565
>>> 11661 -1.3255423 -1.3822311
>>> 8208 1.5839378 -0.6466608
>>> 10921 -0.47587055 -0.44308192
>>> 1585 -0.51066655 -0.62210333
>>> 2267 0.78144157 0.8704459
>>> 460 0.11156318 0.09445438
>>> 1960 1.5125227 1.4878954
>>> 9021 3.2925408 1.811062
>>> 342 -0.5298021 -0.5437102
>>> 1406 -1.1678568 -1.0065616
>>> 8811 0.2104164 -0.030934937
>>> 10272 1.0257703 1.1091272
>>> 1899 0.6980301 0.728496
>>> 10077 1.2383515 0.2873658
>>> 377 0.21783061 -0.35377285
>>> 291 -0.13910162 -0.8075637
>>> 8075 0.48981574 0.90495044
>>> 7314 1.1012615 1.0731151
>>> 10414 0.3541257 0.35930443
>>> 2608 -0.0706726 -0.12072658
>>> 570 -0.26018876 -0.29086608
>>> 810 -1.4004724 -0.5373142
>>> 4647 -0.5363018 -0.9349119
>>> 5473 -0.21910714 -0.09740563
>>> 2393 -0.335938 -0.45851403
>>> 11028 0.2828271 0.20557405
>>> 4327 -0.93468374 -0.13642652
>>> 7948 0.102911286 0.09050545
>>> 1782 1.4307253 1.1362104
>>> 3491 -1.9638226 -2.0185921
>>> 1763 1.3400527 1.3798546
>>> 5517 1.0810574 0.7213811
>>> 7063 0.5899557 0.7600791
>>> 5940 0.07357809 -0.16607833
>>> 5418 1.0887389 0.4927708
>>> 11760 -1.4292904 -1.3380995
>>> 2052 0.53773123 0.53691065
>>> 3035 -0.73905295 -0.7218884
>>> 8215 -0.9442978 -0.8175126
>>> 3373 -1.6124787 -0.2582259
>>> 3924 -1.0492648 -0.7348702
>>> 10976 0.94813615 0.9155778
>>> 2994 -0.5555066 -0.3637808
>>> 1297 0.09885947 0.20935576
>>> 4563 -1.6582072 -1.7042174
>>> 5947 0.7015319 -0.26662573
>>> 5859 0.6189643 0.7587451
>>> 480 -0.9412554 -0.68375343
>>> 8219 0.6115726 0.5856208
>>> 1348 -0.5529239 -0.5463867
>>> 9549 -0.05957467 -0.28370374
>>> 1311 -0.09524942 -0.40975052
>>> 6070 -0.5676951 -0.56066686
>>> 2223 -1.6619569 -1.7789937
>>> 6068 1.0676014 1.1617603
>>> 11285 -1.045659 -0.9993455
>>> 7539 1.5676049 1.5537273
>>> 7133 -1.0692754 -1.2432988
>>> 8759 -1.7291304 -1.5253607
>>> 10780 -2.1161466 -1.3131322
>>> 6946 1.2927259 0.26550287
>>> 1190 -0.32740116 -0.6279103
>>> 1487 0.8346544 0.89154965
>>> 5106 -0.5112464 -0.48479563
>>> 5907 1.1530459 0.21471636
>>> 4945 0.16862793 0.52633834
>>> 11352 -0.7582509 -0.669658
>>> 9908 -0.73302954 -0.5747707
>>> 7222 2.1384697 1.5168349
>>> 9333 0.6082698 0.19307522
>>> 1197 -1.3072278 -1.3208252
>>> 2171 0.35126713 0.49812245
>>> 3871 0.021534227 0.21636675
>>> 3003 1.1161541 1.1699812
>>> 2777 0.95261014 0.8273183
>>> 5359 -0.37198496 0.125609
>>> 7330 0.7098826 -0.081694216
>>> 9611 -0.5134023 -0.32615572
>>> 1904 0.20461164 0.3326816
>>> 8974 -1.8638624 -1.1959713
>>> 3767 -0.08102609 0.60418326
>>> 4988 0.29241186 0.6765491
>>> 5561 1.1097461 -0.21488333
>>> 11510 -1.327105 -1.3065221
>>> 6312 -1.4008603 -1.1276513
>>> 5055 -1.1530155 -1.1082689
>>> 6244 0.0019801334 0.4441967
>>> 10169 -1.4996369 -1.0851723
>>> 6841 -1.2011437 -0.03478791
>>> 2239 0.5479009 1.0743533
>>> 1687 -0.88914186 -0.10501139
>>> 1679 -0.21920249 -0.25054806
>>> 5334 -1.4982333 -0.80912954
>>> 3840 -0.17867188 -1.0328015
>>> 2643 -0.55810297 -1.2251033
>>> 4434 1.0318364 0.94400316
>>> 1393 0.09049591 0.5186751
>>> 3218 1.6153206 1.4372194
>>> 2489 -0.3484258 -0.2881347
>>> 6570 0.59867316 0.67113525
>>> 2192 -0.3438129 -0.32620436
>>> 9806 0.06768899 0.05955851
>>> 760 -0.65737194 -0.6663193
>>> 1056 -0.966551 -0.9130549
>>> 1944 -0.090506785 -0.21119237
>>> 6223 -1.0284991 -0.9215975
>>> 4017 0.10947241 0.08861935
>>> 6613 0.030435495 -0.15275434
>>> 8682 1.0105816 0.84201896
>>> 1470 -0.92218584 -1.0178878
>>> 2379 -0.008586512 0.13573341
>>> 10600 -0.09145338 -0.5538976
>>> 3465 1.336921 1.1144707
>>> 4799 2.7511325 2.5606291
>>> 3349 -0.6400278 -0.72972
>>> 5211 -0.13695583 -0.14179409
>>> 4266 -1.7686846 -1.7115943
>>> 272 0.40640703 0.42316294
>>> 7002 -0.041470047 -0.0728388
>>> 7243 -0.41721514 -0.3431871
>>> 10322 1.3275741 1.4744174
>>> 10564 -1.2515658 -1.0424616
>>> 6563 -0.5781228 -0.5199984
>>> 1163 1.2132893 1.2828486
>>> 10050 0.31430656 0.048862338
>>> 1705 -0.17354831 -0.13478012
>>> 6200 -1.3881762 -1.3274693
>>> 17 1.3301536 0.5467975
>>> 7835 0.47721836 0.46847868
>>> 4203 -0.47708988 -0.41615194
>>> 5996 1.5513119 1.4521848
>>> 10776 -2.0573194 -1.9658065
>>> 6380 -1.6910444 -1.4476289
>>> 1735 0.302868 -0.5157745
>>> 7666 0.45115998 0.28422523
>>> 6413 -1.0573766 -0.76949495
>>> 4433 0.26453865 0.2626521
>>> 4365 1.6523846 0.33208555
>>> 461 -1.0521903 -1.017863
>>> 10314 -0.3546688 -0.105603985
>>> 6203 0.16810215 0.54767394
>>> 10644 -0.45509663 -0.106455386
>>> 11577 0.46731046 1.2116586
>>> 492 -0.98959213 -1.0665966
>>> 6715 -0.7813145 -0.5409141
>>> 1192 0.21457778 0.015641406
>>> 11520 1.1543679 1.0341575
>>> 7749 -0.47072956 -0.3138003
>>> 1431 -0.36561316 -0.48718554
>>> 739 0.3999573 0.5013716
>>> 70 -0.96731013 -0.894897
>>> 6155 -0.8261564 -0.6939342
>>> 7182 -0.11744254 -0.77218544
>>> 10008 -0.5810745 -0.59418327
>>> 10467 0.6696825 -0.056568086
>>> 4419 -1.5016763 -1.196223
>>> 6128 2.0674329 1.7637645
>>> 2074 -1.6148932 -1.603918
>>> 6671 0.7930369 0.8130931
>>> 5987 -0.43601698 -0.21034515
>>> 6386 0.58937764 0.19777207
>>> 6871 -0.51650935 -0.39418656
>>> 8195 -0.7815744 -0.27091956
>>> 9593 -0.50384593 -0.11161927
>>> 7245 -0.087258995 0.7424128
>>> 4973 -1.9920639 -1.4558108
>>> 3451 -1.0664145 -0.6710922
>>> 3469 0.3340894 0.0043005347
>>> 8263 -0.7746933 -0.6766203
>>> 2623 -0.3967598 -0.38681298
>>> 11206 0.42817155 0.11716892
>>> 8214 0.698825 -0.4253996
>>> 505 2.644325 1.9879625
>>> 7806 -1.8994606 -1.9817584
>>> 3565 0.9948474 1.2469398
>>> 3119 0.5308928 0.70896125
>>> 22 1.2723018 1.0610859
>>> 7647 -0.53054655 -0.5478412
>>> 10027 -0.13943624 -0.8890497
>>> 2329 -1.9333136 -1.3951632
>>> 7650 -0.5293804 -0.44711125
>>> 10140 0.99388295 0.90668064
>>> 7406 -0.20440066 -0.14133735
>>> 2402 -0.6930884 -0.66538185
>>> 625 -0.5527291 -0.21480319
>>> 3926 0.12100766 0.17218529
>>> 9968 -0.31678364 -0.4206171
>>> 6631 -0.5596753 -0.64600545
>>> 11770 -0.95456743 -0.781772
>>> 894 0.36992458 0.99785846
>>> 8555 0.33714876 -1.5945642
>>> 5221 -0.36332023 -0.5365435
>>> 10127 -0.80971986 -0.37623566
>>> 10791 -0.5779935 -0.853373
>>> 199 -1.0262864 -0.8577818
>>> 11243 1.537205 2.176374
>>> 9056 -0.2332915 -0.05159446
>>> 6670 -0.894193 -0.8854122
>>> 3058 0.5539353 0.2656058
>>> 9134 -0.9319319 -0.4301622
>>> 3166 0.027630987 -0.06110541
>>> 6428 0.7479823 0.38267893
>>> 8186 0.236577 0.45064372
>>> 3135 2.5055285 0.8540077
>>> 4461 0.2753432 0.46304566
>>> 7639 -0.291472 -0.36134106
>>> 1539 0.10324272 0.11084005
>>> 430 1.1846904 0.7172323
>>> 3693 -0.3376648 -0.6376351
>>> 3017 -0.68646866 -0.9751139
>>> 6043 0.1696002 0.3611787
>>> 7677 1.2640184 1.55767
>>> 496 -0.322598 -0.23183043
>>> 10460 -0.8759637 -0.16136368
>>> 8013 -0.66119874 -0.74061286
>>> 2757 -1.6182579 -0.80439043
>>> 9061 0.18090764 0.16195728
>>> 11720 -1.1185721 -1.0615286
>>> 1978 0.3636912 0.37663996
>>> 7452 -0.29187357 -0.5284438
>>> 9065 -0.39754048 0.034541488
>>> 4635 0.13181177 -0.8230977
>>> 690 0.011542418 0.36081344
>>> 3707 -0.47442245 0.83041745
>>> 4851 0.76998425 0.8624275
>>> 2480 0.9593991 0.8687383
>>> 9878 0.7578577 0.5219994
>>> 10028 0.20319426 0.009349182
>>> 4885 0.7003556 1.1253132
>>> 11058 0.08361482 0.16489004
>>> 3313 -0.9633958 -0.85764015
>>> 5805 -0.028106226 0.00025346875
>>> 5895 0.15677546 0.029679552
>>> 8424 -0.18446058 0.34226227
>>> 4758 0.41600874 0.5130612
>>> 6040 -1.2986891 -0.43161142
>>> 8737 0.8124113 0.6694468
>>> 341 -0.22925068 0.060849622
>>> 9100 -0.6102037 -0.4887491
>>> 9559 0.19575897 0.16823767
>>> 5641 -0.5225025 -0.5989166
>>> 10494 -0.14280643 -0.16157418
>>> 1966 0.17928626 0.57666826
>>> 3355 -0.41017774 -0.43775535
>>> 11505 0.37605894 0.8070856
>>> 8274 1.6917546 1.0494936
>>> 5184 0.0048075626 0.009898603
>>> 8869 -1.0507207 -1.1594087
>>> 10219 0.77713263 -0.81576174
>>> 10053 -0.5800862 -0.5395321
>>> 7938 1.9628468 1.6635365
>>> 5863 -0.23527639 -0.26785636
>>> 10705 1.2111475 0.96198267
>>> 8048 -1.0101465 -0.50072366
>>> 6775 1.3693539 1.4114256
>>> 10184 -0.57006454 -0.53939533
>>> 7261 0.50663316 0.5623331
>>> 5235 1.3537636 1.376956
>>> 7301 -2.1979675 -1.994729
>>> 10904 -0.6790659 -0.80919415
>>> 622 0.25206688 0.44035155
>>> 5651 -0.036809463 -0.11938208
>>> 2793 0.12295725 0.5012246
>>> 2169 0.6456663 0.4784698
>>> 7918 -0.8208178 -0.7703215
>>> 9686 0.82933825 0.61235076
>>> 703 0.042162817 0.06596458
>>> 5543 -0.42751682 -0.6388481
>>> 11843 -1.4454395 -0.87239784
>>> 9054 -0.93768996 -1.017084
>>> 5494 -0.59154665 -0.5661199
>>> 5015 0.06812401 -0.045453914
>>> 5046 0.64394224 0.5044984
>>> 3899 -0.4349842 -0.39955437
>>> 2741 -0.5221431 -0.6553125
>>> 5571 0.002537093 0.3254308

Mean MAE across splits 6.553009374520502 +- 0.0
delta MAE: 4.66e-08
