namespace(experiment_name='final-cv', wandb_name='cv10-LP-gdb-subset4xtb-ns64-nv64-d48-layers3-vector-diff-node-noH-crossattention', device='cuda', logdir='/scratch/izar/briling/cv', checkpoint=None, CV=1, num_epochs=512, seed=123, verbose=False, process=False, subset=None, max_neighbors=50, n_s=64, n_v=64, n_conv_layers=3, distance_emb_dim=48, radius=2.5, dropout_p=0.05, attention='cross', sum_mode='node', graph_mode='vector', dataset='gdb', combine_mode='diff', atom_mapping=False, rxnmapper=False, random_baseline=False, two_layers_atom_diff=False, noH=True, reverse=False, split_complexes=False, xtb=False, semiempirical=False, lr=0.0001, weight_decay=1e-05)

namespace(experiment_name=None, wandb_name=None, device='cuda', logdir='logs/evaluation', checkpoint='/home/briling/scratch/cv/final-cv-gdb-subset4xtb/231003-122350.506924-briling.best_checkpoint.pt', CV=1, num_epochs=377, seed=123, verbose=False, process=False, subset=None, max_neighbors=50, n_s=64, n_v=64, n_conv_layers=3, distance_emb_dim=48, radius=2.5, dropout_p=0.05, attention='cross', sum_mode='node', graph_mode='vector', dataset='gdb', combine_mode='diff', atom_mapping=False, rxnmapper=False, random_baseline=False, two_layers_atom_diff=False, noH=True, reverse=False, split_complexes=False, xtb=False, semiempirical=False, lr=0.0001, weight_decay=1e-05, eval_on_test_split=True)

Running on device cuda:0
csv_path='data/gdb7-22-ts/ccsdtf12_dz_cleaned.csv'
dataset_prefix='ccsdtf12_dz_cleaned.xtb-subset.noH.v10a'
Loading data into memory...
Coords and graphs successfully read from data/gdb7-22-ts/processed//
Data stdev 21.7884

CV iter 1/1
Using random splits
total / train / test / val: 10914 9823 546 545
trainable params in model:  14548230
Log directory: logs/evaluation
checkpoint: /home/briling/scratch/cv/final-cv-gdb-subset4xtb/231003-122350.506924-briling.best_checkpoint.pt
num epochs: 377
eval_per_epochs: 0
patience: 150
minimum_epochs: 0
models_to_save: []
clip_grad: 100
log_iterations: 100
lr: 0.0001
weight decay: 1e-05
lr scheduler: <class 'torch.optim.lr_scheduler.ReduceLROnPlateau'>
factor: 0.6
min_lr: 8e-06
mode: max
lr_scheduler_patience: 60
lr_verbose: True
In trainer, metrics is {'mae': MAE()} and std is 21.788405485631458
Statistics on val_best_checkpoint
mae: 5.943460161193224
MSELoss: 0.2011021510192275
mean_pred: -0.018359236149252323
std_pred: nan
mean_targets: 0.015272969258544237
std_targets: nan
Evaluating on test, with test size:  546
Statistics on test_split_1
mae: 6.337560952849755
MSELoss: 0.21879551176359688
mean_pred: -0.06355467179547185
std_pred: 0.8296668516552966
mean_targets: -0.01965971339655959
std_targets: 0.943966612867687
>>> 2993 -0.8098439 -0.7471529
>>> 3302 -0.034939535 -0.10521067
>>> 10517 -1.649233 -1.5277821
>>> 10355 -0.41970748 0.8220727
>>> 376 0.09146072 0.08277108
>>> 7376 -0.5395634 -0.36385912
>>> 1264 -0.97664267 -0.6459658
>>> 456 0.6605877 0.34980565
>>> 3424 -1.4116507 -1.3918067
>>> 8280 1.7085111 1.7461096
>>> 3046 -0.93971246 -0.86630106
>>> 10095 -0.5432755 -0.66111463
>>> 2934 1.1656834 1.067577
>>> 5169 -0.49847826 -0.70769405
>>> 3207 0.58173203 0.54829496
>>> 8640 -0.25589237 -0.5325883
>>> 10447 0.2676379 0.2750944
>>> 10415 -0.81550837 -0.7451483
>>> 8200 1.7030637 1.2285767
>>> 2105 0.79779094 0.8526083
>>> 9394 -0.4161354 0.25750834
>>> 5766 2.1172984 1.3172351
>>> 10456 -0.77360076 -0.66516113
>>> 6163 1.2641721 1.7848594
>>> 676 -0.3451495 -0.325939
>>> 2459 -0.34325993 -0.54084563
>>> 7678 -0.21744394 -0.2967415
>>> 6447 -0.16649987 0.5633501
>>> 5011 0.30915952 0.7807239
>>> 526 -1.4019749 -1.2864498
>>> 3052 0.239718 0.08305889
>>> 3199 -0.8587731 -0.54977787
>>> 4817 0.7146532 0.8422996
>>> 6980 -1.2184681 -1.1692848
>>> 5529 -0.21491691 -0.32126746
>>> 1874 -0.4404947 0.015208676
>>> 7616 -0.18139634 -0.40337676
>>> 10559 0.51254845 0.93992937
>>> 3579 0.4485814 -0.32816786
>>> 10832 -0.1509205 -0.12973204
>>> 6122 -0.43073168 -0.38707733
>>> 6752 -0.72882605 -0.7749781
>>> 4098 2.4368596 0.2967317
>>> 7346 -0.72216743 -0.6507147
>>> 5840 -1.3898983 -0.46841156
>>> 3712 0.49752668 0.29117823
>>> 7045 -0.23625854 -0.2540936
>>> 4090 -0.57790816 -0.566816
>>> 5506 -1.1956408 -1.1079351
>>> 7612 0.9219171 -0.71240187
>>> 10318 2.2040503 2.2391608
>>> 9099 -0.24159211 -1.2443554
>>> 2944 1.9859949 1.7462589
>>> 3797 -0.1530317 -0.0821402
>>> 2292 -0.048776254 0.077791214
>>> 27 1.8389268 1.2269559
>>> 2888 0.80037767 0.12791619
>>> 4674 -0.14835124 0.070760846
>>> 10105 0.47955015 0.4390735
>>> 8432 -1.400737 -1.5678712
>>> 5201 2.3148854 2.5036948
>>> 10410 0.14517783 0.070738584
>>> 274 -0.5245293 -0.53153706
>>> 2392 -0.937269 -0.9766714
>>> 10282 0.42760694 0.32753944
>>> 10578 -1.143044 -1.1064807
>>> 2103 -0.17319013 -0.3938061
>>> 8397 -0.1103613 -0.24309441
>>> 907 2.512221 1.0581636
>>> 3897 -0.0028353056 0.052993104
>>> 9402 0.1580365 0.15591787
>>> 7629 -0.23911831 -0.391993
>>> 4788 -1.6385479 -1.4757257
>>> 4163 -1.5834236 -1.6664528
>>> 83 -1.409656 -0.5925805
>>> 57 0.5657754 1.1675413
>>> 7828 2.5400424 2.045256
>>> 6862 -0.4170019 -0.4451337
>>> 9541 -0.53558517 -0.63798416
>>> 9213 -0.11237154 0.07780674
>>> 7333 0.5800729 0.6731439
>>> 1857 0.7286216 0.48263067
>>> 10814 -0.2136869 0.007015586
>>> 3458 0.28232783 0.26437002
>>> 4053 -0.9531086 -1.0260935
>>> 1709 1.9539462 1.4758416
>>> 7817 0.256191 0.19733407
>>> 10375 -0.24194734 0.04474573
>>> 962 -0.57515436 0.14416695
>>> 10529 0.76832116 0.1063035
>>> 1634 -0.22325712 -0.19505215
>>> 1870 0.75070816 0.16338389
>>> 6614 -0.10218494 -0.22090533
>>> 4890 0.44768092 0.28196645
>>> 9887 -2.0598102 -1.2920735
>>> 1830 -0.08143399 -0.1530598
>>> 359 1.0420277 -1.5935024
>>> 2991 0.40939128 0.48943192
>>> 2817 0.2872465 0.64854383
>>> 8559 0.62440884 -0.112601735
>>> 2043 0.39625952 0.5134187
>>> 7453 -1.0858732 -0.87741345
>>> 6572 -1.5944543 -1.5296559
>>> 6227 -2.24202 -1.5191534
>>> 2553 -0.84091085 -0.5828415
>>> 3542 -2.2202003 -2.1802063
>>> 7060 -0.8220348 -0.8529844
>>> 8194 0.059140775 0.32351625
>>> 933 -1.206385 -1.2229942
>>> 7833 0.36615086 0.36872375
>>> 747 -0.6326106 -0.6547006
>>> 2275 -1.1040839 -1.1516156
>>> 531 0.36479968 -0.17442456
>>> 1937 -1.2560968 -1.4569873
>>> 7669 -0.08188423 -0.03674154
>>> 3470 -2.1377254 -2.0266778
>>> 8583 -0.44616008 -0.49854463
>>> 1307 1.4709985 1.4736936
>>> 6034 1.3041433 0.2764086
>>> 8764 1.1208596 0.24372803
>>> 1730 0.9377287 0.8181793
>>> 7654 -1.893104 -1.8459524
>>> 5399 -0.2974039 -0.24476601
>>> 2172 -1.125896 -0.66620284
>>> 6031 0.052567557 -0.12585172
>>> 3981 -0.12640285 -0.28712675
>>> 3601 0.07185855 0.89746445
>>> 10500 -0.0492678 -0.26823723
>>> 4984 -0.44767466 -0.23086078
>>> 3834 -0.7925824 -0.79588944
>>> 8108 1.4800713 1.8148284
>>> 3862 0.6278093 0.3437199
>>> 5034 0.32569218 0.038015902
>>> 848 -0.8164511 -0.72962034
>>> 9823 1.2280189 1.0895021
>>> 9376 -0.08141242 -0.0004087612
>>> 7460 -1.230928 -1.3300834
>>> 8804 -1.4390543 -1.1794513
>>> 5060 -1.4105105 -1.5724372
>>> 10801 -1.4156262 -1.1581053
>>> 8105 -0.32604253 -0.45571768
>>> 7780 -0.80259967 -0.52362746
>>> 4001 -0.5910739 -0.6905942
>>> 2365 -1.8157394 -0.6309113
>>> 9833 0.27931935 0.3272028
>>> 5596 -0.06512164 0.008381955
>>> 2037 -1.1118573 -1.0819683
>>> 2462 -0.3673365 -0.288127
>>> 9720 0.34625587 -0.7768447
>>> 7355 -0.21121402 -0.33698916
>>> 2920 0.18502884 -0.70931387
>>> 7537 0.017538374 -0.38860255
>>> 4492 -0.541883 -0.56594247
>>> 7448 0.11471162 -0.4803025
>>> 51 0.9654953 0.908226
>>> 3262 -0.5418243 -0.5319482
>>> 5919 -0.2971129 -0.36957383
>>> 4790 -0.637963 -0.6474716
>>> 2575 0.9680985 0.88688356
>>> 1560 0.6092581 0.64322346
>>> 201 -0.14187394 -0.46470731
>>> 7872 -0.9750905 -0.7435683
>>> 4297 0.7692455 -0.37997973
>>> 3786 0.42687994 0.26716226
>>> 6736 -0.7885757 -0.747608
>>> 6416 2.0714593 0.77551645
>>> 4092 0.84403986 0.79879177
>>> 10071 0.5158176 0.3830366
>>> 3970 0.408729 0.69900244
>>> 1958 -0.825225 -0.7351267
>>> 2021 1.0915537 0.5717799
>>> 10479 0.23404802 0.28345197
>>> 6395 -0.12354125 -0.12618767
>>> 1718 0.39999822 0.4672125
>>> 6770 -0.20489047 0.055617288
>>> 4765 -0.6624256 -0.72725475
>>> 8648 -1.506049 -1.39451
>>> 1550 -0.87482154 -0.9350817
>>> 10823 -0.6983997 -0.21093625
>>> 3623 0.48527706 0.5101592
>>> 4198 -1.8042191 -1.5791472
>>> 1911 0.15285392 -0.15904129
>>> 4256 -0.51973546 -0.56482613
>>> 4500 -0.62569183 -0.67004395
>>> 7457 -0.17676084 -0.3946802
>>> 10567 0.72759354 0.4239201
>>> 2278 -1.1111265 -0.38332057
>>> 2165 -0.6582334 -0.6263279
>>> 4224 0.50577784 0.9558743
>>> 2844 0.9326847 1.1615119
>>> 4034 -0.8752213 -0.7899554
>>> 2387 1.8122076 1.4850523
>>> 3315 0.17119211 -0.032135412
>>> 3359 0.58967525 0.54366904
>>> 7028 -0.27642578 -0.4006918
>>> 10746 -0.18505195 1.100401
>>> 6714 0.060755398 -0.07896895
>>> 10321 -1.3674124 -1.3150443
>>> 6443 -0.5217723 -0.3641718
>>> 4879 1.0594145 0.0744912
>>> 6808 -0.32158786 -0.21122912
>>> 5035 -0.32974908 0.14831026
>>> 1826 0.3795332 0.4926924
>>> 695 -0.6427702 -0.65755504
>>> 1921 0.033340357 -0.12915084
>>> 2618 -0.9878252 -0.7494128
>>> 705 -0.88922185 -0.5043178
>>> 3486 -0.55527776 -0.5557193
>>> 6641 -0.5246353 -0.50106317
>>> 3634 -0.13372189 -0.22737706
>>> 8492 -1.2061307 -1.0224112
>>> 10815 -1.4834063 -1.4536533
>>> 2065 -1.5997273 -1.707168
>>> 10076 -0.26943076 -0.2998848
>>> 4580 -0.38344416 -0.95175093
>>> 5039 -0.042541288 0.051738545
>>> 2936 -1.3452833 -1.3347878
>>> 10167 -0.53635573 -0.31574523
>>> 1787 0.7667777 0.953181
>>> 2224 0.0456033 0.033844396
>>> 8708 -0.97070146 -0.77695155
>>> 10376 -1.8686235 -1.3508002
>>> 9874 0.84633195 1.1372468
>>> 7174 0.053931125 0.0016447231
>>> 7736 -1.1102835 0.04354213
>>> 7964 -2.6915276 -1.4618175
>>> 3728 -0.44733182 0.5850153
>>> 1517 1.4461147 -0.1539906
>>> 10900 2.1709085 2.1017926
>>> 109 -0.7068386 -0.41958225
>>> 2447 -0.5433806 -0.84132063
>>> 10825 0.49968565 0.53380615
>>> 1951 0.4507633 0.34690344
>>> 3946 0.9655233 0.60574377
>>> 6224 -1.1251396 -1.2035692
>>> 699 0.9856147 0.8758591
>>> 6319 0.44102323 0.830572
>>> 3741 0.3001249 -0.033765905
>>> 1950 1.7392343 -0.15786752
>>> 10354 -0.021067938 0.11765391
>>> 1601 -0.08701999 0.3564592
>>> 9406 0.97060263 1.0876417
>>> 3444 -0.21002348 -0.46402723
>>> 1862 1.2456751 1.3629502
>>> 1267 -0.88065445 -0.8145941
>>> 8726 1.1349043 -0.25747
>>> 8034 0.21608342 0.50875664
>>> 5321 1.0831317 0.9946673
>>> 1444 -1.8145788 -1.9750379
>>> 2854 0.43627486 0.46224403
>>> 9341 0.36289775 0.16284661
>>> 2212 -0.11249822 -0.11595689
>>> 4229 0.021040695 0.13434735
>>> 8699 -0.110944636 0.0066760927
>>> 8946 0.27198517 0.2457468
>>> 9124 3.1992476 1.3865013
>>> 7915 1.3994095 1.5377549
>>> 3526 -0.36689866 -0.32113308
>>> 10840 2.301874 1.299432
>>> 3592 -0.3378699 -0.4198181
>>> 1928 0.5641121 0.41911328
>>> 1359 1.4546169 1.0886554
>>> 7205 0.39552152 1.3733242
>>> 8828 0.82750267 0.85240495
>>> 592 -0.3037715 -0.08662875
>>> 9754 1.6163341 1.6716781
>>> 4188 -0.77132475 -0.7751545
>>> 8880 0.15366903 0.057030022
>>> 10323 1.5544723 2.6368215
>>> 3600 0.12040639 0.3923316
>>> 8282 0.06627163 0.22949465
>>> 9542 0.101404995 0.33765835
>>> 2110 1.2881835 0.78990334
>>> 1081 1.2672513 -0.823769
>>> 5672 1.4331151 1.372482
>>> 1803 0.023760032 0.08729416
>>> 7910 -0.6114755 -0.50003296
>>> 99 -1.3112551 -1.2546349
>>> 3093 1.6550841 0.5342098
>>> 7991 -1.7876625 -1.8529011
>>> 8634 -0.74932957 -1.012809
>>> 5762 -0.6189515 -0.63308764
>>> 1919 2.2979746 2.0630581
>>> 3136 -1.8283315 -1.6540151
>>> 8897 -0.25190356 -0.5091593
>>> 5403 0.7365956 0.567714
>>> 6711 -1.2712177 -1.3561954
>>> 5328 -0.45097458 -0.49487835
>>> 930 1.7840922 1.6119531
>>> 9069 -0.5810561 -0.65869486
>>> 3186 2.5994768 1.9668082
>>> 2170 -0.31637958 -0.31374407
>>> 8336 0.07387201 0.039358422
>>> 7064 1.1837462 1.208231
>>> 4429 1.210247 1.6975052
>>> 10427 0.46590117 0.21434574
>>> 6805 -0.6791813 -0.7146408
>>> 5271 -0.6940892 -0.67862964
>>> 10359 -1.0315287 -0.9999151
>>> 4908 0.51391846 -0.4693038
>>> 1575 -0.09368317 -0.048395358
>>> 2262 1.017808 0.9316814
>>> 8978 -0.27617565 -0.032403313
>>> 9531 0.060163796 -0.19701785
>>> 6917 -0.31036997 -0.13894728
>>> 10716 -1.1832379 -1.0014518
>>> 8208 1.1320288 0.85095316
>>> 1585 -0.7015335 -0.7179669
>>> 2267 -0.90486366 -0.7978738
>>> 460 1.002638 1.2121706
>>> 1960 0.5806452 0.6186512
>>> 9021 -0.50229037 0.058878973
>>> 342 -0.13419966 0.44845843
>>> 1406 0.40030205 0.8655231
>>> 8811 1.0832552 0.8478994
>>> 1899 0.52173775 0.4033414
>>> 10077 0.964688 0.70172226
>>> 377 0.52891403 0.5507903
>>> 291 0.10556272 0.060618475
>>> 8075 0.80764073 0.69488525
>>> 7314 -0.12507418 0.120835945
>>> 2608 -1.2868273 -1.3422817
>>> 570 0.6407368 0.71615356
>>> 810 -0.3724034 -0.41093308
>>> 4647 0.85050523 0.9903282
>>> 5473 0.072945826 0.15755995
>>> 2393 -0.85218614 -0.8136792
>>> 4327 1.9242235 1.4262991
>>> 7948 0.12259012 0.14845924
>>> 1782 0.3776588 0.23780535
>>> 3491 -1.9230919 -1.467449
>>> 1763 1.8238881 1.3683512
>>> 5517 0.12836476 0.40360212
>>> 7063 0.7046855 0.13958651
>>> 5940 0.91816276 0.27575243
>>> 5418 -0.6600931 0.15320595
>>> 10802 1.0911869 1.0104593
>>> 2052 -0.03781033 0.055274993
>>> 3035 -0.32049462 -0.29210925
>>> 8215 -1.6429205 -1.5171889
>>> 3373 1.6922561 1.3296679
>>> 3924 0.1612079 0.10513334
>>> 2994 0.10023189 0.119055524
>>> 1297 -1.575681 -1.6258942
>>> 4563 0.07655325 0.08566435
>>> 5947 2.0069313 0.8326262
>>> 5859 0.6017004 0.6601247
>>> 480 -1.1036034 -0.6536359
>>> 8219 2.2924414 1.7593439
>>> 1348 -0.1694106 0.30102903
>>> 9549 0.8714705 0.49305016
>>> 1311 -0.57994044 -0.5737531
>>> 6070 -0.61648464 -0.83765775
>>> 2223 -0.6514858 -0.69890755
>>> 6068 0.176427 -1.1639841
>>> 10380 1.3458545 1.1631789
>>> 7539 -0.93004453 -0.5382826
>>> 7133 0.13591234 0.61394274
>>> 8759 -0.04424678 0.07967171
>>> 6946 -0.4815312 -0.5124401
>>> 1190 2.274526 1.8599868
>>> 1487 -1.0640911 -1.3557557
>>> 5106 1.4829664 1.5215024
>>> 5907 0.06923651 0.17290549
>>> 4945 1.9201058 1.9049071
>>> 10440 2.345198 2.4027715
>>> 9908 -1.3677461 -1.3447299
>>> 7222 -1.2934791 -0.31678408
>>> 9333 0.16453904 0.21580483
>>> 1197 -1.094481 -1.1293914
>>> 2171 -1.1291866 -1.1840668
>>> 3871 1.343606 1.4381149
>>> 3003 1.9751084 1.3675973
>>> 2777 -1.2849392 -1.0494925
>>> 5359 0.038585808 0.121556684
>>> 7330 -0.98690593 -0.8954027
>>> 9611 1.2387953 0.5305867
>>> 1904 0.94303614 0.9014183
>>> 8974 -1.4898615 -1.2795825
>>> 3767 0.23848203 -0.22329815
>>> 4988 1.7908467 1.4437811
>>> 5561 -1.2848662 -0.76642865
>>> 10584 0.6632809 0.51606005
>>> 6312 0.22715123 0.24708389
>>> 5055 -0.07200512 -0.3047688
>>> 6244 -0.60845697 0.35561806
>>> 10169 -0.64204544 -1.2520849
>>> 6841 -1.5948393 -1.4047153
>>> 2239 -0.17212214 -0.9508146
>>> 1687 -0.40490648 -0.33100888
>>> 1679 -0.17694993 -0.166141
>>> 5334 -1.6367048 -1.4599816
>>> 3840 -0.47594243 -0.3406878
>>> 2643 -0.18693689 0.15972178
>>> 4434 1.7314477 1.5083195
>>> 1393 1.4190618 1.0242264
>>> 3218 -0.5502136 -0.362895
>>> 2489 -0.3863572 -0.82876444
>>> 6570 -0.44956464 0.14073522
>>> 2192 -1.7097908 -1.5739405
>>> 9806 0.44630817 0.17694496
>>> 760 -1.0129868 -0.89679956
>>> 1056 -0.68419355 -0.5628579
>>> 1944 0.9304051 0.7042887
>>> 6223 -0.4059598 -0.6004775
>>> 4017 1.0170691 0.6739091
>>> 6613 0.7620949 1.2046406
>>> 8682 3.5062926 3.0720623
>>> 1470 -0.10251126 0.2504713
>>> 2379 -0.76223093 -0.35224354
>>> 3465 -0.69694024 -0.7796957
>>> 4799 0.8815874 0.3844537
>>> 3349 -0.6841087 -0.026207365
>>> 5211 -1.0634816 -0.9042329
>>> 4266 -0.1346747 -0.048621442
>>> 272 -1.1297425 -1.2357278
>>> 7002 -0.9474506 -1.1830914
>>> 7243 0.1326808 -0.33885002
>>> 6563 0.8667997 0.87887955
>>> 1163 -0.35865667 0.2574088
>>> 10050 1.2181292 1.302786
>>> 1705 1.5727885 1.032243
>>> 6200 -0.6761342 -1.0622387
>>> 17 0.6359609 0.4405346
>>> 7835 0.23817407 0.2542953
>>> 4203 0.30133656 0.4815392
>>> 5996 -0.38452777 -0.7266802
>>> 6380 0.28379375 0.11113556
>>> 1735 1.1951326 1.032129
>>> 7666 1.1520863 1.0503297
>>> 6413 1.0263093 0.1280618
>>> 4433 1.1352558 0.9785459
>>> 4365 -0.396625 -0.4362433
>>> 461 0.011729781 -0.005624719
>>> 6203 -1.1418586 -1.3716131
>>> 10643 -0.06618368 -0.024936818
>>> 492 0.07902245 -0.06738893
>>> 6715 -0.42857045 0.06431672
>>> 1192 0.5004053 -0.47032875
>>> 10594 0.050365467 -0.24058685
>>> 7749 1.1572024 1.1231496
>>> 1431 -0.6825923 -0.6430905
>>> 739 -0.60599464 -0.4618714
>>> 70 1.0907542 0.08239554
>>> 6155 2.7416642 2.3599567
>>> 7182 0.2715611 0.19858266
>>> 10008 -0.8245136 -0.71810013
>>> 4419 -1.2198615 -1.5474563
>>> 6128 0.414796 0.57585603
>>> 2074 2.0669076 1.6534758
>>> 6671 -0.295921 0.10264005
>>> 5987 -0.118373364 -0.05226762
>>> 6386 -0.90246516 -0.9779986
>>> 6871 -1.6808314 -1.8270341
>>> 8195 0.09422182 0.16274594
>>> 9593 -0.1737037 0.29728895
>>> 7245 0.3955789 0.027640194
>>> 4973 -0.36364233 -0.72279644
>>> 3451 0.091590144 0.1187388
>>> 3469 -0.8913868 -0.75304794
>>> 8263 -0.5853194 -0.8172749
>>> 2623 0.22275348 0.36664438
>>> 8214 0.7402136 -1.046024
>>> 505 -0.6137171 0.012655117
>>> 7806 -1.4408543 -1.2396557
>>> 3565 -0.5074367 -0.39234275
>>> 3119 -1.0652802 -1.0694565
>>> 22 1.2391849 0.86716574
>>> 7647 -0.73246646 -0.48119098
>>> 10027 -0.088716306 0.0065061897
>>> 2329 -0.9289843 -0.7062888
>>> 7650 -0.70593125 -0.56401426
>>> 10140 -0.8191842 -0.98895466
>>> 7406 0.9871302 0.5210355
>>> 2402 1.2706081 1.2363378
>>> 625 -1.5960974 -1.6441858
>>> 3926 -0.38396278 -0.2956475
>>> 9968 0.23877898 0.39234692
>>> 6631 -0.60444474 -0.68134224
>>> 10810 1.2874032 0.18881811
>>> 894 -0.8289637 -0.9666008
>>> 8555 -0.7812695 -0.5944943
>>> 5221 -1.3337092 -1.46918
>>> 10127 -0.4678551 -0.52036357
>>> 199 -0.10579557 -0.8436926
>>> 10341 0.22983661 0.21677299
>>> 9056 0.7741784 1.0567642
>>> 6670 0.74377555 1.0689102
>>> 3058 -2.2347677 -1.3465245
>>> 9134 0.28186014 0.16584693
>>> 3166 -0.6574688 -0.73030823
>>> 6428 -0.92484355 -0.8779773
>>> 8186 -1.5107222 -1.5736251
>>> 3135 -0.44474006 -0.740458
>>> 4461 -2.0715585 -1.4399498
>>> 7639 -1.3056209 -2.2783694
>>> 1539 0.16119964 -0.5773005
>>> 430 0.58441466 0.5082933
>>> 3693 -0.23342216 -0.28782207
>>> 3017 1.2278578 0.7832276
>>> 6043 0.25311458 0.12489928
>>> 7677 0.1862997 -0.4404425
>>> 496 -0.688164 -0.45172697
>>> 8013 -0.86193764 -0.8415462
>>> 2757 2.6532903 1.4281585
>>> 9061 0.14805366 0.15999322
>>> 10764 -0.89326805 -0.21286044
>>> 1978 -0.18167032 -0.14986646
>>> 7452 -1.309198 -0.6762514
>>> 9065 -0.7530338 -0.7488129
>>> 4635 0.38159484 0.40899092
>>> 690 0.37125403 0.5824794
>>> 3707 -0.54327136 -0.3481901
>>> 4851 -1.5922523 -1.4592668
>>> 2480 -0.71963304 -0.7140502
>>> 9878 0.13378002 -0.0072148517
>>> 10028 1.4829178 0.79689586
>>> 4885 -0.4186037 -0.60323876
>>> 3313 -0.22225751 -0.23178631
>>> 5805 0.46864113 0.31688887
>>> 5895 -0.3859877 -0.4858896
>>> 8424 -0.2545325 0.18328176
>>> 4758 0.13031992 -0.0731317
>>> 6040 -1.6260909 -1.6436363
>>> 8737 0.0043841302 0.10685912
>>> 341 1.2024925 1.1281146
>>> 9100 0.7724569 -0.6807208
>>> 9559 -0.33320045 -0.28977126
>>> 5641 2.1526937 1.9350234
>>> 1966 -0.6886923 -0.7682799
>>> 3355 -0.083684266 -0.027607992
>>> 10579 0.33156273 -0.3009753
>>> 8274 -0.6103667 0.9457967
>>> 5184 -1.7197269 -1.5823531
>>> 8869 -1.4088647 -1.4000697
>>> 10219 0.59795487 0.44399375
>>> 10053 -2.362629 -1.853329
>>> 7938 -0.17230067 -0.054248523
>>> 5863 -0.21851286 0.26004606
>>> 8048 0.055811025 1.3222132
>>> 6775 0.25977594 0.42652816
>>> 10184 -0.6795264 -0.6544608
>>> 7261 -1.9299359 0.047794953
>>> 5235 -0.6126987 -0.64188063
>>> 7301 -0.14110518 0.007827789
>>> 622 1.2932453 1.1320407

Mean MAE across splits 6.337560952849755 +- 0.0
delta MAE: 1.18e-07
