namespace(experiment_name='final-cv', wandb_name='cv10-LP-cyclo-subset4xtb-noH-ns64-nv48-d48-layers3-energy-mlp-both', device='cuda', logdir='/scratch/izar/briling/cv', checkpoint=None, CV=1, num_epochs=512, seed=123, verbose=False, process=False, subset=None, max_neighbors=10, n_s=64, n_v=48, n_conv_layers=3, distance_emb_dim=48, radius=2.5, dropout_p=0.05, attention=None, sum_mode='both', graph_mode='energy', dataset='cyclo', combine_mode='mlp', atom_mapping=False, rxnmapper=False, random_baseline=False, two_layers_atom_diff=False, noH=True, reverse=False, split_complexes=False, xtb=False, semiempirical=False, lr=0.0005, weight_decay=0.0001)

namespace(experiment_name=None, wandb_name=None, device='cuda', logdir='logs/evaluation', checkpoint='/home/briling/scratch/cv/final-cv-cyclo-subset4xtb/231005-222353.709666-briling.best_checkpoint.pt', CV=1, num_epochs=151, seed=123, verbose=False, process=False, subset=None, max_neighbors=10, n_s=64, n_v=48, n_conv_layers=3, distance_emb_dim=48, radius=2.5, dropout_p=0.05, attention=None, sum_mode='both', graph_mode='energy', dataset='cyclo', combine_mode='mlp', atom_mapping=False, rxnmapper=False, random_baseline=False, two_layers_atom_diff=False, noH=True, reverse=False, split_complexes=False, xtb=False, semiempirical=False, lr=0.0005, weight_decay=0.0001, eval_on_test_split=True)

Running on device cuda:0
dataset_prefix='cyclo.rxn_smiles_mapped.xtb-subset.noH.v6a'
Loading data into memory...
Coords and graphs successfully read from data/cyclo/processed//
Data stdev 9.2056

CV iter 1/1
Using random splits
total / train / test / val: 4774 4297 239 238
trainable params in model:  10352166
Log directory: logs/evaluation
checkpoint: /home/briling/scratch/cv/final-cv-cyclo-subset4xtb/231005-222353.709666-briling.best_checkpoint.pt
num epochs: 151
eval_per_epochs: 0
patience: 150
minimum_epochs: 0
models_to_save: []
clip_grad: 100
log_iterations: 100
lr: 0.0005
weight decay: 0.0001
lr scheduler: <class 'torch.optim.lr_scheduler.ReduceLROnPlateau'>
factor: 0.6
min_lr: 8e-06
mode: max
lr_scheduler_patience: 60
lr_verbose: True
In trainer, metrics is {'mae': MAE()} and std is 9.205589010570657
Statistics on val_best_checkpoint
mae: 2.2415445934218856
MSELoss: 0.128027587197721
mean_pred: -0.030991695076227187
std_pred: 0.8459981550772985
mean_targets: -0.018896354362368584
std_targets: 0.936119427283605
Evaluating on test, with test size:  239
Statistics on test_split_1
mae: 2.345816976522741
MSELoss: 0.12637137932082018
mean_pred: 0.029137007147073745
std_pred: 0.9895342330137888
mean_targets: 0.03807484780748685
std_targets: 1.0444153835376104
>>> 1873 -0.804314 -0.6397729
>>> 3891 0.5844579 0.9597024
>>> 389 -0.7753813 -0.5949636
>>> 1734 -1.0032009 -1.1445793
>>> 3741 0.440619 0.6319859
>>> 762 -0.5636414 -0.3640925
>>> 3708 0.16183676 0.15011448
>>> 1406 -0.96252686 -1.0340486
>>> 2884 -1.0465598 -1.1993049
>>> 329 -0.20168936 -0.8871932
>>> 2397 3.243885 3.8008792
>>> 4317 -1.0641034 -0.8841849
>>> 3753 0.048048876 -0.33503705
>>> 4118 -0.91082746 -0.9983804
>>> 34 -1.3283527 -1.1506492
>>> 3348 -0.63610536 -0.7806313
>>> 821 -1.0399052 -0.6994554
>>> 1438 1.1579788 0.5823868
>>> 287 0.5642161 0.5571821
>>> 2414 0.96883076 0.9694413
>>> 4731 1.4760131 1.1922096
>>> 3943 -0.4632675 -0.3677859
>>> 4413 -0.6153543 -0.9317995
>>> 2161 2.7869306 1.8368206
>>> 2040 1.2396694 1.2883914
>>> 1656 -2.092463 -1.1460675
>>> 4102 -0.9908664 -0.976069
>>> 2989 -0.015770208 0.78016764
>>> 581 -0.76243174 -0.7410471
>>> 1104 -0.62488604 -0.31444317
>>> 2080 2.2162127 1.9183425
>>> 2412 0.20095208 0.26746306
>>> 1439 1.7077768 1.038603
>>> 1684 -0.21150896 -0.1478914
>>> 2240 1.0845501 1.6797063
>>> 1558 -1.0452496 -1.0927109
>>> 4277 2.5911071 2.0912473
>>> 4310 -0.23622583 -0.31765202
>>> 2533 -0.8236275 -0.24774525
>>> 1146 0.47433674 0.33794492
>>> 2856 -0.5063084 -0.6050911
>>> 416 -0.8424915 -0.8118746
>>> 3796 -0.49416366 -0.3730988
>>> 1602 -0.00540107 0.13559008
>>> 3356 0.28803214 0.9557446
>>> 3458 1.517466 1.8087991
>>> 2478 1.3284727 1.8493645
>>> 2495 0.3790082 0.12190873
>>> 3518 -0.5543066 -0.6684998
>>> 4589 1.201527 1.1298249
>>> 3866 -0.8928671 -0.028011642
>>> 60 -0.8041529 -0.65925723
>>> 2255 -0.55653214 -0.20643166
>>> 788 -0.6885363 -0.73981434
>>> 1118 -0.6767394 -1.0685773
>>> 1792 -0.24646327 -0.10719725
>>> 4104 -0.36181694 -0.51366603
>>> 713 1.3276731 1.3936428
>>> 3561 1.1067414 1.3146553
>>> 4410 -1.4161736 -1.2627668
>>> 4372 0.93627024 1.0180031
>>> 3727 -0.1570477 -0.3637531
>>> 2301 -0.3885044 0.013151027
>>> 4557 -1.1161851 -1.2063203
>>> 3881 3.6827636 2.071765
>>> 936 -1.1071701 -0.9582946
>>> 455 -0.8120595 -0.98586166
>>> 538 0.874878 0.71923375
>>> 874 0.6014724 0.51853734
>>> 268 -0.8192963 -1.0151769
>>> 3815 -1.5794114 -1.3777024
>>> 545 -0.5305388 -0.5325897
>>> 2388 0.8287904 0.96195316
>>> 4701 1.1278222 2.1821935
>>> 1551 -0.24893416 -0.39610615
>>> 1258 -0.9594762 -0.77048725
>>> 413 -0.6315382 -0.6446763
>>> 4489 0.060007297 0.12503049
>>> 4011 -0.548491 -0.5623922
>>> 3556 0.2860971 0.0276201
>>> 3527 -0.6803107 -0.55759585
>>> 93 -1.51474 -1.6341683
>>> 1524 -0.5053028 -0.49969128
>>> 1007 -0.8441268 -0.92612755
>>> 2359 0.16999826 0.2753934
>>> 2023 0.09211625 0.58325875
>>> 2566 1.6088505 0.79963183
>>> 126 -1.0538303 -1.1447235
>>> 2201 -1.2115248 -1.2745501
>>> 443 1.5913395 0.99303174
>>> 4477 -0.6345279 -0.53776985
>>> 3132 0.02297899 0.13349006
>>> 2578 2.163856 0.54688245
>>> 3095 0.8313305 0.76862574
>>> 3860 -0.99577105 -1.111699
>>> 4321 -0.5251936 -0.16071665
>>> 3072 0.2771404 -0.29747003
>>> 3656 1.0584921 1.4390949
>>> 1649 -1.1788175 -0.64308625
>>> 2483 -0.48046637 -0.28828064
>>> 2227 0.4091365 0.8897506
>>> 1647 -1.4550912 -1.6397334
>>> 434 -1.0769453 -1.0371833
>>> 508 0.71550345 0.08218334
>>> 4030 -0.9724724 -1.0465074
>>> 32 -1.0144738 -0.68164647
>>> 2378 1.2554752 1.2563788
>>> 2072 -0.29621848 -0.5353762
>>> 4295 -1.2732406 -1.3819073
>>> 2880 -0.84800845 -1.253631
>>> 3895 0.21886146 0.1914368
>>> 3367 -0.6830394 -0.77517945
>>> 2819 0.9916661 1.1503061
>>> 180 -0.6034696 -0.65380883
>>> 2871 -0.02298058 -0.29880112
>>> 1282 -0.13555674 -0.25788406
>>> 4726 3.3202038 2.4415247
>>> 2046 -0.3958796 -0.85822254
>>> 4360 -0.20757169 -0.22126317
>>> 2174 -0.8792157 -1.0403459
>>> 4391 -0.92508626 -0.92641175
>>> 719 0.05733386 0.19243994
>>> 3892 0.99644536 0.7019051
>>> 295 0.9211319 1.1204125
>>> 3963 0.2800864 0.6284583
>>> 794 -0.72247225 -0.7949967
>>> 3665 -1.074838 -0.59811294
>>> 4201 1.6159328 1.1964557
>>> 3143 0.051522993 0.11201043
>>> 3306 -0.6112049 -0.34976575
>>> 2395 -1.1038252 -0.50118536
>>> 922 -0.41235054 -1.1080331
>>> 4007 0.023495713 -0.5783522
>>> 2467 -1.4061968 -1.2097299
>>> 2557 0.84699005 0.72989696
>>> 3121 -0.81999934 -0.6382921
>>> 1326 0.29189464 0.53443813
>>> 4542 2.3729944 1.878465
>>> 3273 -1.0975051 -0.99328715
>>> 915 -1.7742411 -1.4829501
>>> 1425 1.2771043 1.1804851
>>> 231 -0.001554758 -0.13403377
>>> 2778 -0.15709233 -0.544527
>>> 1474 0.5618798 0.13981372
>>> 1221 0.4606435 0.56892604
>>> 2751 -0.4219523 -0.28450158
>>> 2917 0.36709163 0.83576596
>>> 1100 -0.36901727 -0.75791454
>>> 1257 -0.40747365 -0.43491736
>>> 1888 0.41414487 1.223267
>>> 1922 -0.011388625 0.05401609
>>> 687 -0.6026876 -0.9868243
>>> 4610 -1.4597112 -1.4624476
>>> 2599 -0.7272424 -0.8339872
>>> 2795 -0.29068187 -0.17997828
>>> 4063 1.4626462 1.3500352
>>> 3092 1.1195902 0.9692379
>>> 4028 1.6125013 0.9482428
>>> 2625 1.2405812 1.7660378
>>> 89 0.5569525 0.39354694
>>> 2446 0.71012634 0.5750847
>>> 113 -1.1779362 -1.242135
>>> 1235 -1.0765408 -1.4118016
>>> 3476 -0.1699354 -0.6125992
>>> 2936 -0.046598837 -0.101067625
>>> 191 -1.0875645 -0.83547366
>>> 3839 -1.6475681 -1.5505289
>>> 2341 1.0695937 0.51221585
>>> 2945 -0.057609595 -0.28797263
>>> 16 -1.534198 -1.2642689
>>> 4576 3.9572244 3.6414363
>>> 3295 -0.20201539 -0.045931555
>>> 4344 0.8414983 0.49934867
>>> 3261 -0.38751996 -0.24515009
>>> 3463 0.50136656 0.008108221
>>> 1760 -0.41102144 -0.45357084
>>> 4166 -0.2991508 -0.60715
>>> 2747 2.3169615 2.532572
>>> 4254 -0.8023183 -0.4087138
>>> 1557 -0.27081808 -0.4877942
>>> 2159 2.4671519 2.6776388
>>> 1755 -0.2257704 0.010410227
>>> 3178 0.34864894 0.12467567
>>> 1871 -0.7672431 -0.6506076
>>> 1759 -0.46570793 -0.86595285
>>> 3486 0.5275994 0.547099
>>> 1312 -0.6152286 -0.592648
>>> 2425 -0.8782206 -0.33444172
>>> 2999 0.842043 0.86073565
>>> 4050 1.3270625 1.251921
>>> 672 1.2893723 1.2989597
>>> 3310 -0.41426003 -0.22612822
>>> 4462 1.2846575 1.4011803
>>> 3034 -0.11991107 -0.41307384
>>> 1248 -0.5823968 -0.74754953
>>> 1794 -1.3655338 -1.3192705
>>> 2213 0.9052141 1.1445262
>>> 2654 0.5142607 0.104335465
>>> 1662 0.63029563 0.5950503
>>> 1128 0.5356618 1.0041991
>>> 3200 1.197928 0.9165914
>>> 4747 -0.6134806 -0.4646083
>>> 3918 1.4647708 1.3887464
>>> 2289 -0.73930174 -0.9629663
>>> 845 0.22633392 -0.4090543
>>> 3655 0.9034063 0.94862854
>>> 2010 -0.13900235 -0.28483295
>>> 3940 -0.7778068 -0.7584504
>>> 3078 0.36089557 0.6201831
>>> 4525 0.506575 0.5766269
>>> 1427 1.403242 1.5899388
>>> 2270 -0.07931965 0.4520904
>>> 1105 -0.6805163 -0.70031196
>>> 361 -0.16465278 0.07950839
>>> 892 1.4800932 1.4867793
>>> 2574 -0.6513742 -0.546315
>>> 1061 -0.42918256 -0.09172981
>>> 14 0.3766624 0.48375258
>>> 2666 -1.1571989 -0.4305243
>>> 1543 1.1789078 1.0385635
>>> 1378 -0.045034282 -0.007233463
>>> 3622 1.7089394 1.7034878
>>> 3539 -0.7119147 -0.8106473
>>> 3084 -0.56938964 -0.54013616
>>> 3230 0.86108834 0.71530664
>>> 464 0.7673291 0.50877434
>>> 3358 0.012351639 -0.23651063
>>> 4501 -1.6101024 -1.0961915
>>> 2490 0.80881894 0.92245567
>>> 609 -1.3579831 -1.1000358
>>> 2637 1.1453823 0.77432346
>>> 133 1.0549593 0.6627102
>>> 4097 -0.56959474 0.06360365
>>> 293 -1.3388032 -1.0019016
>>> 3101 0.62499917 0.660953
>>> 3406 0.0786676 -0.089350544
>>> 3573 0.38165322 0.3691915
>>> 3155 1.1103164 1.3153306
>>> 881 -0.9533992 -0.98128957

Mean MAE across splits 2.345816976522741 +- 0.0
delta MAE: 1.42e-07
