namespace(experiment_name='final-cv', wandb_name='cv10-LP-gdb-ns64-nv64-d48-layers3-vector-diff-node-rxnmapper', device='cuda', logdir='/scratch/izar/briling/cv', checkpoint=None, CV=1, num_epochs=512, seed=123, verbose=False, process=False, subset=None, max_neighbors=50, n_s=64, n_v=64, n_conv_layers=3, distance_emb_dim=48, radius=2.5, dropout_p=0.05, attention=None, sum_mode='node', graph_mode='vector', dataset='gdb', combine_mode='diff', atom_mapping=True, rxnmapper=True, random_baseline=False, two_layers_atom_diff=True, noH=False, reverse=False, split_complexes=False, xtb=False, semiempirical=False, lr=0.001, weight_decay=1e-05)

namespace(experiment_name=None, wandb_name=None, device='cuda', logdir='logs/evaluation', checkpoint='/home/briling/scratch/cv/final-cv-gdb/230929-153611.490810-briling.best_checkpoint.pt', CV=1, num_epochs=353, seed=123, verbose=False, process=False, subset=None, max_neighbors=50, n_s=64, n_v=64, n_conv_layers=3, distance_emb_dim=48, radius=2.5, dropout_p=0.05, attention=None, sum_mode='node', graph_mode='vector', dataset='gdb', combine_mode='diff', atom_mapping=True, rxnmapper=True, random_baseline=False, two_layers_atom_diff=True, noH=False, reverse=False, split_complexes=False, xtb=False, semiempirical=False, lr=0.001, weight_decay=1e-05, eval_on_test_split=True)

Running on device cuda:0
csv_path='data/gdb7-22-ts/rxnmapper.csv'
dataset_prefix='rxnmapper.v10'
Loading data into memory...
Coords and graphs successfully read from data/gdb7-22-ts/processed//
Data stdev 21.8149

CV iter 1/1
Using random splits
total / train / test / val: 11883 10695 594 594
trainable params in model:  14564742
Log directory: logs/evaluation
checkpoint: /home/briling/scratch/cv/final-cv-gdb/230929-153611.490810-briling.best_checkpoint.pt
num epochs: 353
eval_per_epochs: 0
patience: 150
minimum_epochs: 0
models_to_save: []
clip_grad: 100
log_iterations: 100
lr: 0.001
weight decay: 1e-05
lr scheduler: <class 'torch.optim.lr_scheduler.ReduceLROnPlateau'>
factor: 0.6
min_lr: 8e-06
mode: max
lr_scheduler_patience: 60
lr_verbose: True
In trainer, metrics is {'mae': MAE()} and std is 21.81486949294456
Statistics on val_best_checkpoint
mae: 6.197463327966758
MSELoss: 0.21822330102324486
mean_pred: -0.011883339881896972
std_pred: 0.8624740102887154
mean_targets: 0.00898733968536059
std_targets: 0.9710322751601537
Evaluating on test, with test size:  594
Statistics on test_split_1
mae: 6.324513859098254
MSELoss: 0.21036817509680986
mean_pred: -0.02934925690293312
std_pred: 0.8514251971244812
mean_targets: -0.02112169032295545
std_targets: 0.9307611461480458
>>> 10977 1.2106901 0.25956532
>>> 2934 1.1796814 0.86549205
>>> 5169 -1.7158455 -1.328808
>>> 3207 0.70273244 0.4050539
>>> 8640 0.0401188 -0.022251278
>>> 11359 1.3016707 1.4282316
>>> 11324 0.29032567 0.07794212
>>> 8200 -0.91119885 -1.0012369
>>> 2105 0.2688802 0.32657284
>>> 9394 -0.05252764 -0.31658313
>>> 5766 -0.1755694 -0.32965633
>>> 11368 -0.39927873 0.090863466
>>> 6163 -0.5495684 -0.59058344
>>> 676 1.7629051 1.5044274
>>> 2459 -1.1251602 -0.29202247
>>> 7678 0.6884491 0.6948639
>>> 6447 -0.3279164 -0.9660499
>>> 5011 -0.011985112 -0.11326871
>>> 526 -0.3058828 -0.8076578
>>> 3052 -0.9277412 -0.92708826
>>> 3199 1.1345439 1.3044609
>>> 4817 1.3646979 1.1175495
>>> 6980 1.5862817 1.2417783
>>> 5529 -1.1994128 -1.1192987
>>> 1874 1.8751149 1.4652479
>>> 7616 0.8934193 0.15329799
>>> 11484 0.6927842 -0.2685321
>>> 3579 0.6136276 0.25065666
>>> 11796 -0.68719155 0.90917015
>>> 6122 0.034782987 0.016096056
>>> 6752 -1.1035099 -0.7468236
>>> 10385 0.44757894 0.47235662
>>> 4098 -0.020859335 -0.07160005
>>> 7346 -0.12547009 -0.8065917
>>> 5840 -0.64046925 -0.94230425
>>> 3712 0.05404233 0.05441083
>>> 7045 0.32073885 0.20006925
>>> 4090 0.51054335 0.2729482
>>> 5506 1.4755461 1.4674397
>>> 7612 0.5814404 0.67524064
>>> 11218 2.3031592 2.008334
>>> 9099 -0.7578346 -0.8833352
>>> 2944 -0.25623596 -0.12574428
>>> 3797 0.018838359 0.26664144
>>> 2292 -0.11920739 -0.15206584
>>> 27 1.1990279 1.5741111
>>> 2888 -0.13412704 0.86366624
>>> 4674 0.08483967 0.05616705
>>> 10988 0.064738706 -1.418444
>>> 8432 0.36677948 0.29723847
>>> 5201 3.3102374 2.076625
>>> 11318 0.42853644 -0.7425306
>>> 274 -0.6015628 -0.56249034
>>> 2392 -0.3233278 -0.34385535
>>> 11180 -0.29007342 0.118152425
>>> 11504 0.71132934 0.5869128
>>> 2103 0.61182517 1.0656525
>>> 8397 -0.7093255 -1.502025
>>> 907 2.0475523 2.030007
>>> 3897 1.108778 1.1892761
>>> 9402 -1.638808 -1.552529
>>> 7629 0.33292046 0.5513484
>>> 4788 -0.41672555 -0.08460824
>>> 4163 0.30391732 0.020370126
>>> 83 1.6590439 1.3220717
>>> 57 0.36522824 0.330194
>>> 7828 -0.9943408 -1.0075903
>>> 6862 1.2359004 0.6513399
>>> 9541 -0.09305367 -0.61887383
>>> 9213 -1.012499 -1.0916765
>>> 7333 0.16937055 -0.9671273
>>> 9944 0.027712582 -0.03650827
>>> 11669 -1.2482034 -1.0719333
>>> 1857 1.7360973 1.5106797
>>> 11774 -1.2941427 -1.2888827
>>> 10417 3.6842103 3.2880058
>>> 3458 1.1091869 1.4485798
>>> 4053 -0.13452354 -0.16379407
>>> 1709 0.06676576 -0.06652224
>>> 7817 -0.6376304 -0.92945075
>>> 11280 -0.036423948 0.03223434
>>> 10062 -0.43228742 -0.40743303
>>> 962 1.0647873 0.8975389
>>> 11450 1.8182211 1.6988826
>>> 1634 -1.0408229 -0.9995011
>>> 1870 0.3027369 0.16472447
>>> 6614 0.21201532 0.20120645
>>> 10157 -0.56786466 -0.511961
>>> 4890 -0.17153317 -0.34974277
>>> 9887 -0.8656056 -0.99614555
>>> 1830 -0.06424305 0.0026491135
>>> 359 1.7700058 1.3126676
>>> 2991 1.8209742 1.5599495
>>> 2817 0.9279449 0.7925077
>>> 8559 0.5087794 0.44200516
>>> 2043 0.31758735 0.29442307
>>> 7453 -0.888281 -0.74441445
>>> 6572 -0.8893972 -0.74653167
>>> 6227 -0.2257902 -0.22439587
>>> 2553 -1.4405001 -1.5425768
>>> 3542 -0.23900549 0.9717988
>>> 7060 1.9558511 1.775678
>>> 8194 1.4697006 0.33663863
>>> 10117 0.6979701 0.97008765
>>> 933 -1.7055272 -1.4915476
>>> 10177 0.14895786 -0.043550804
>>> 7833 1.5488352 1.420568
>>> 747 0.055294685 0.12785614
>>> 2275 0.19730286 0.28013813
>>> 531 -0.71842897 -0.706069
>>> 1937 0.7402724 0.6394972
>>> 10440 -0.50719136 0.02900502
>>> 7669 0.02281913 0.29743794
>>> 3470 -1.9525166 -1.5597824
>>> 8583 0.96055156 1.0652219
>>> 1307 1.2240094 0.9040805
>>> 6034 0.14256406 0.038912237
>>> 8764 1.2490089 1.3990277
>>> 1730 -1.5153221 -0.9243119
>>> 7654 0.966288 -0.16475543
>>> 5399 -0.054953508 0.077888995
>>> 2172 0.33114186 0.2302478
>>> 6031 1.1564789 1.0028752
>>> 3981 -0.90599644 -1.1962773
>>> 3601 -1.1220944 -1.0610634
>>> 11822 -0.33123386 -0.5386621
>>> 4984 -0.66796243 -1.1637063
>>> 3834 -0.33887085 -0.3407702
>>> 8108 -0.7044142 -0.6001313
>>> 3862 -1.6814904 -1.1961673
>>> 5034 0.38815022 0.3815812
>>> 848 0.5333713 -0.97051835
>>> 9823 -0.1468523 -0.13805588
>>> 9376 -1.20421 -0.43502733
>>> 7460 -0.4318776 0.037039816
>>> 8804 -1.5730754 -1.1622906
>>> 5060 -0.53372467 -0.5059216
>>> 11759 -1.892067 -1.5472063
>>> 8105 -1.2970728 -1.1735638
>>> 7780 0.2370487 0.17657474
>>> 4001 2.0615919 1.7854066
>>> 2365 0.09737791 -0.74623597
>>> 9833 -0.23006801 -0.5648266
>>> 5596 -1.3855408 -0.8623519
>>> 2037 0.10413981 0.846219
>>> 2462 1.3924276 0.3620906
>>> 9720 -0.8576771 -0.8103338
>>> 7355 -0.012402258 0.17052954
>>> 2920 -0.53946614 -0.1176087
>>> 7537 0.022878265 -0.18472704
>>> 4492 -0.85230184 -0.4704915
>>> 7448 -0.8642813 -1.1524047
>>> 51 -0.9289615 -0.99634117
>>> 3262 -0.4760617 -0.3534128
>>> 5919 1.3063748 1.2321608
>>> 10485 -2.0222354 -1.9070855
>>> 4790 0.015357248 0.00033651292
>>> 2575 -1.3995818 -1.4427388
>>> 1560 0.049143836 0.09003353
>>> 201 -0.4893957 -0.4728499
>>> 7872 -0.15179984 -0.20422837
>>> 4297 -0.09217537 0.048097283
>>> 3786 -0.5699857 -0.5532967
>>> 6736 -1.155855 -1.0622408
>>> 6416 -0.06587129 -0.1254638
>>> 4092 0.55327886 -0.0066707656
>>> 10951 -2.3751442 -1.5961403
>>> 3970 -0.022687903 -0.18905723
>>> 10068 0.8486274 0.7293111
>>> 1958 0.41504976 0.34713462
>>> 2021 1.3226991 0.6620815
>>> 11393 -0.2727412 -0.6585412
>>> 6395 -1.1861389 -1.2399218
>>> 1718 -0.12791246 0.2444185
>>> 6770 0.88457537 0.91769814
>>> 11191 -0.6136619 -0.6243359
>>> 4765 0.42409405 1.0669727
>>> 8648 -1.1203222 -1.550509
>>> 1550 -0.19876643 -0.21236348
>>> 11784 -0.06536017 0.9418125
>>> 3623 1.8313338 1.6796291
>>> 10168 0.7258703 -0.1249865
>>> 4198 0.6047456 0.5938722
>>> 1911 1.806294 1.5552666
>>> 4256 0.14563078 0.13581568
>>> 4500 0.21860944 -0.10840336
>>> 7457 -0.28347057 -0.1634876
>>> 11492 0.6500913 0.44719446
>>> 2278 0.17493464 0.13526425
>>> 2165 0.28036273 0.053605363
>>> 10602 0.050964154 -0.21740961
>>> 4224 -0.9175014 -0.86138046
>>> 2844 -0.82206607 -0.24393365
>>> 4034 0.48154157 0.34318978
>>> 10641 -1.1999867 -0.760993
>>> 2387 -1.2159429 -1.1417264
>>> 3315 -0.8764148 -0.8514612
>>> 3359 0.33467522 0.4292311
>>> 7028 0.83587146 1.3540415
>>> 11699 0.7260725 0.44332337
>>> 6714 -1.682999 -0.21313955
>>> 11221 -0.7704361 -0.772503
>>> 6443 0.33774516 0.42236012
>>> 4879 0.056792747 0.124213815
>>> 6808 -0.07884226 0.043853268
>>> 5035 0.46551168 0.52982354
>>> 1826 0.50176674 0.8899702
>>> 695 0.27006793 0.27819958
>>> 10577 -0.25633496 -0.345952
>>> 1921 0.41531792 -0.5885767
>>> 2618 0.5598336 0.36013663
>>> 705 -0.8872569 -0.3620898
>>> 3486 0.6246531 0.59004086
>>> 6641 -0.3283363 0.36747366
>>> 3634 -0.025347099 0.23947582
>>> 8492 1.3224437 1.1015685
>>> 11775 -0.46791038 0.85844505
>>> 2065 0.13728693 0.036935538
>>> 10956 0.14809927 0.13987613
>>> 4580 0.48978272 1.2539886
>>> 5039 1.0985693 0.74296844
>>> 10613 -1.3133612 -1.2553575
>>> 2936 -0.48051506 -0.9959432
>>> 11057 1.3198537 1.6101015
>>> 1787 0.17930505 0.29130155
>>> 10719 0.40558282 1.0715913
>>> 2224 -1.6131682 -1.1255472
>>> 8708 -0.5310641 -0.410196
>>> 11281 -0.43457988 0.6540807
>>> 9874 -0.55400854 0.18240881
>>> 7174 0.05967335 0.22369713
>>> 7736 1.8376739 1.8201084
>>> 7964 0.5702127 0.15287557
>>> 3728 -1.1985826 -1.2290332
>>> 1517 -0.92825186 -0.8178456
>>> 11868 -0.28904337 -0.355264
>>> 10658 0.6759516 0.6827924
>>> 109 -1.6996752 -1.5737437
>>> 2447 -0.91914755 -0.89776963
>>> 11787 -0.7129341 -0.34511626
>>> 1951 1.1321267 0.9661912
>>> 3946 -1.160217 -1.2044193
>>> 6224 -0.4767493 -0.45052382
>>> 699 -0.20904931 -0.1908413
>>> 6319 -0.82228565 -0.8000332
>>> 3741 2.3427303 2.115319
>>> 1950 -1.1083703 -1.1512417
>>> 11257 2.9170403 1.4963254
>>> 1601 -1.1904731 -1.0479674
>>> 9406 0.42778373 0.3462628
>>> 3444 0.59998786 0.7321142
>>> 1862 0.91250724 0.9545826
>>> 1267 1.3404231 1.4733053
>>> 8726 -0.4006113 0.61614907
>>> 8034 -0.5897479 -0.41419548
>>> 5321 -0.052329153 0.020707816
>>> 1444 -0.96367496 -0.95545626
>>> 2854 2.1192846 1.2319013
>>> 9341 1.7176819 0.09981014
>>> 2212 0.048759237 0.06715937
>>> 4229 -0.21458362 -0.09758812
>>> 8699 -1.4442761 -0.84440154
>>> 8946 -0.96849185 -0.85786605
>>> 9124 1.5122142 0.92401946
>>> 7915 0.10757875 0.12191501
>>> 3526 -0.92880565 -0.9001651
>>> 11805 0.12982458 0.19178593
>>> 3592 -0.262522 -0.3065135
>>> 1928 -0.1484214 -0.12609607
>>> 1359 0.71242034 1.6423248
>>> 7205 -0.49259216 -0.4648419
>>> 8828 -1.1950823 -0.9303568
>>> 592 -1.1759343 -1.2344868
>>> 9754 0.3103079 1.3070375
>>> 4188 0.41252854 0.4907229
>>> 8880 -0.0006107599 0.043523595
>>> 10138 -1.2410839 -1.0467744
>>> 10102 1.0276525 0.29755995
>>> 11223 -0.4213261 -0.45454285
>>> 3600 -0.9487214 -0.81812114
>>> 8282 1.5365087 1.3182795
>>> 9542 -1.0051705 -1.0342014
>>> 2110 -0.12751731 -0.15997726
>>> 1081 -1.3466734 -1.2357432
>>> 5672 0.07163125 -0.0075966865
>>> 1803 -1.1470504 -1.0595787
>>> 7910 -1.3211211 -1.2968941
>>> 99 -1.2507544 -1.1382674
>>> 10627 -0.3948359 -0.42113814
>>> 3093 -0.46813133 -0.54455686
>>> 7991 -0.18678011 -0.015823856
>>> 8634 -0.41458207 -0.6648842
>>> 5762 -1.6336528 -1.3130093
>>> 1919 0.69361067 0.53362656
>>> 10862 0.22310774 0.2759546
>>> 3136 -0.34134075 -0.6733188
>>> 8897 -0.032409254 -0.11148215
>>> 5403 0.17952417 0.16849434
>>> 6711 -1.6845832 -0.8297111
>>> 5328 -1.1408986 -0.94679445
>>> 930 -0.8308422 -0.64092726
>>> 9069 -0.6593582 -0.5877956
>>> 3186 1.1488878 1.1300212
>>> 2170 -0.0010338657 0.34829512
>>> 8336 1.5178888 1.1448834
>>> 7064 0.03869775 0.015198618
>>> 4429 0.048535533 0.018524185
>>> 11338 0.81575537 1.1513622
>>> 6805 1.7760192 1.9353962
>>> 5271 -0.75753665 -0.7026823
>>> 11262 0.60517603 0.56958854
>>> 4908 -0.19813521 -0.19588014
>>> 1575 -0.53231966 -0.60613835
>>> 2262 0.5016861 0.46579975
>>> 10937 0.107823536 0.0735652
>>> 8978 -0.4533657 -0.61583453
>>> 9531 1.2131686 1.3798397
>>> 6917 1.2258174 1.1626731
>>> 11661 -1.3255423 -1.2791735
>>> 8208 1.5839378 -1.4189202
>>> 10921 -0.47587055 -0.4339965
>>> 1585 -0.51066655 -0.33411312
>>> 2267 0.78144157 1.0359756
>>> 460 0.11156318 -0.4324793
>>> 1960 1.5125227 1.3925062
>>> 9021 3.2925408 2.0610135
>>> 342 -0.5298021 -0.52262414
>>> 1406 -1.1678568 -0.9216715
>>> 8811 0.2104164 0.06548935
>>> 10272 1.0257703 0.97010565
>>> 1899 0.6980301 0.77187085
>>> 10077 1.2383515 -0.07559927
>>> 377 0.21783061 0.11182268
>>> 291 -0.13910162 0.15383863
>>> 8075 0.48981574 0.2890067
>>> 7314 1.1012615 0.9332384
>>> 10414 0.3541257 0.33247006
>>> 2608 -0.0706726 -0.11084323
>>> 570 -0.26018876 -0.03942378
>>> 810 -1.4004724 -0.60332465
>>> 4647 -0.5363018 -0.8090536
>>> 5473 -0.21910714 -0.17504434
>>> 2393 -0.335938 -0.41502154
>>> 11028 0.2828271 0.19479775
>>> 4327 -0.93468374 -0.5923897
>>> 7948 0.102911286 0.2438497
>>> 1782 1.4307253 1.2339547
>>> 3491 -1.9638226 -1.7446444
>>> 1763 1.3400527 1.4657232
>>> 5517 1.0810574 1.1057405
>>> 7063 0.5899557 0.4013428
>>> 5940 0.07357809 -0.273304
>>> 5418 1.0887389 0.56768733
>>> 11760 -1.4292904 -1.1397206
>>> 2052 0.53773123 0.34086293
>>> 3035 -0.73905295 -0.6997543
>>> 8215 -0.9442978 -0.803619
>>> 3373 -1.6124787 -1.0209633
>>> 3924 -1.0492648 -0.93789893
>>> 10976 0.94813615 0.9437028
>>> 2994 -0.5555066 -0.40064216
>>> 1297 0.09885947 -0.024625376
>>> 4563 -1.6582072 -1.618881
>>> 5947 0.7015319 -0.60258126
>>> 5859 0.6189643 0.843271
>>> 480 -0.9412554 0.83172613
>>> 8219 0.6115726 0.39053166
>>> 1348 -0.5529239 -0.64620256
>>> 9549 -0.05957467 -0.22879392
>>> 1311 -0.09524942 -0.21874386
>>> 6070 -0.5676951 -0.5845932
>>> 2223 -1.6619569 -1.6988561
>>> 6068 1.0676014 0.90503967
>>> 11285 -1.045659 -0.84269816
>>> 7539 1.5676049 2.0194936
>>> 7133 -1.0692754 -1.0677606
>>> 8759 -1.7291304 -1.6115991
>>> 10780 -2.1161466 -1.5909799
>>> 6946 1.2927259 -0.04329206
>>> 1190 -0.32740116 -0.06610181
>>> 1487 0.8346544 0.6437832
>>> 5106 -0.5112464 -0.46759933
>>> 5907 1.1530459 0.14306986
>>> 4945 0.16862793 0.35618424
>>> 11352 -0.7582509 -0.665435
>>> 9908 -0.73302954 -0.66554034
>>> 7222 2.1384697 1.6550795
>>> 9333 0.6082698 0.44694906
>>> 1197 -1.3072278 -1.2256743
>>> 2171 0.35126713 0.36265904
>>> 3871 0.021534227 0.2548513
>>> 3003 1.1161541 0.9612403
>>> 2777 0.95261014 0.83886456
>>> 5359 -0.37198496 0.7238399
>>> 7330 0.7098826 0.9196148
>>> 9611 -0.5134023 -0.5360873
>>> 1904 0.20461164 0.18544763
>>> 8974 -1.8638624 -0.9231254
>>> 3767 -0.08102609 0.6458217
>>> 4988 0.29241186 -0.44505256
>>> 5561 1.1097461 0.6240178
>>> 11510 -1.327105 -1.2835784
>>> 6312 -1.4008603 -1.2654496
>>> 5055 -1.1530155 -1.2081716
>>> 6244 0.0019801334 0.22193101
>>> 10169 -1.4996369 -1.1982982
>>> 6841 -1.2011437 -1.0440593
>>> 2239 0.5479009 1.1971071
>>> 1687 -0.88914186 0.13377172
>>> 1679 -0.21920249 -0.3419754
>>> 5334 -1.4982333 -1.3011878
>>> 3840 -0.17867188 -0.59640163
>>> 2643 -0.55810297 -0.7251079
>>> 4434 1.0318364 1.0483876
>>> 1393 0.09049591 0.21069437
>>> 3218 1.6153206 1.6511767
>>> 2489 -0.3484258 -0.4553239
>>> 6570 0.59867316 0.9464134
>>> 2192 -0.3438129 -0.28971052
>>> 9806 0.06768899 0.24768183
>>> 760 -0.65737194 -0.4463418
>>> 1056 -0.966551 -0.9108415
>>> 1944 -0.090506785 -0.19228704
>>> 6223 -1.0284991 -1.4761841
>>> 4017 0.10947241 0.16508242
>>> 6613 0.030435495 -0.2552035
>>> 8682 1.0105816 1.0213177
>>> 1470 -0.92218584 -0.8101226
>>> 2379 -0.008586512 -0.9544291
>>> 10600 -0.09145338 -0.624632
>>> 3465 1.336921 1.1184813
>>> 4799 2.7511325 2.502779
>>> 3349 -0.6400278 -0.6682035
>>> 5211 -0.13695583 -0.08501501
>>> 4266 -1.7686846 -1.6285158
>>> 272 0.40640703 0.19103071
>>> 7002 -0.041470047 -0.15366092
>>> 7243 -0.41721514 -0.2601361
>>> 10322 1.3275741 1.3983256
>>> 10564 -1.2515658 -1.0766875
>>> 6563 -0.5781228 -0.58661366
>>> 1163 1.2132893 1.2139028
>>> 10050 0.31430656 0.14858091
>>> 1705 -0.17354831 0.023941964
>>> 6200 -1.3881762 -1.3847252
>>> 17 1.3301536 0.82322896
>>> 7835 0.47721836 0.46202648
>>> 4203 -0.47708988 -0.56810313
>>> 5996 1.5513119 1.6810728
>>> 10776 -2.0573194 -1.0445223
>>> 6380 -1.6910444 -1.1691667
>>> 1735 0.302868 -0.08021631
>>> 7666 0.45115998 0.21337953
>>> 6413 -1.0573766 -1.0679309
>>> 4433 0.26453865 0.45563185
>>> 4365 1.6523846 -0.02844134
>>> 461 -1.0521903 -0.8967177
>>> 10314 -0.3546688 -0.41770414
>>> 6203 0.16810215 0.18823332
>>> 10644 -0.45509663 0.3213081
>>> 11577 0.46731046 0.5068762
>>> 492 -0.98959213 -1.0238094
>>> 6715 -0.7813145 -0.6937399
>>> 1192 0.21457778 0.026623249
>>> 11520 1.1543679 0.9525056
>>> 7749 -0.47072956 -0.6305516
>>> 1431 -0.36561316 0.0362055
>>> 739 0.3999573 0.4300316
>>> 70 -0.96731013 -0.8931049
>>> 6155 -0.8261564 -0.86594635
>>> 7182 -0.11744254 -0.18232222
>>> 10008 -0.5810745 -0.47339767
>>> 10467 0.6696825 -0.06459449
>>> 4419 -1.5016763 -1.3882862
>>> 6128 2.0674329 1.7894505
>>> 2074 -1.6148932 -1.4378023
>>> 6671 0.7930369 0.8097866
>>> 5987 -0.43601698 1.1327739
>>> 6386 0.58937764 0.45019984
>>> 6871 -0.51650935 -0.55635023
>>> 8195 -0.7815744 -1.1475257
>>> 9593 -0.50384593 0.22904146
>>> 7245 -0.087258995 0.415277
>>> 4973 -1.9920639 -1.0757554
>>> 3451 -1.0664145 -0.41817594
>>> 3469 0.3340894 0.19700712
>>> 8263 -0.7746933 -0.7776052
>>> 2623 -0.3967598 -0.52756286
>>> 11206 0.42817155 -0.7486079
>>> 8214 0.698825 -0.56233907
>>> 505 2.644325 1.9956105
>>> 7806 -1.8994606 -1.4677497
>>> 3565 0.9948474 1.3496581
>>> 3119 0.5308928 1.8484643
>>> 22 1.2723018 1.448763
>>> 7647 -0.53054655 -0.53095937
>>> 10027 -0.13943624 -1.1443881
>>> 2329 -1.9333136 -1.3845323
>>> 7650 -0.5293804 -0.088352636
>>> 10140 0.99388295 0.8780627
>>> 7406 -0.20440066 -0.1597018
>>> 2402 -0.6930884 -0.63811797
>>> 625 -0.5527291 -0.700159
>>> 3926 0.12100766 0.07956122
>>> 9968 -0.31678364 -0.34774238
>>> 6631 -0.5596753 -0.61049414
>>> 11770 -0.95456743 -0.2331432
>>> 894 0.36992458 0.5255959
>>> 8555 0.33714876 -1.0605812
>>> 5221 -0.36332023 -0.6678512
>>> 10127 -0.80971986 0.2706594
>>> 10791 -0.5779935 -0.6076582
>>> 199 -1.0262864 -1.0283595
>>> 11243 1.537205 2.2889662
>>> 9056 -0.2332915 -0.16204233
>>> 6670 -0.894193 -0.8625821
>>> 3058 0.5539353 -0.21778229
>>> 9134 -0.9319319 -0.58728915
>>> 3166 0.027630987 -0.10745842
>>> 6428 0.7479823 0.41284615
>>> 8186 0.236577 -0.48786
>>> 3135 2.5055285 1.4298041
>>> 4461 0.2753432 0.57076496
>>> 7639 -0.291472 -0.054378994
>>> 1539 0.10324272 -0.07265867
>>> 430 1.1846904 -0.19166009
>>> 3693 -0.3376648 0.21905008
>>> 3017 -0.68646866 -0.7058515
>>> 6043 0.1696002 0.40135473
>>> 7677 1.2640184 1.3618305
>>> 496 -0.322598 -0.17808172
>>> 10460 -0.8759637 -0.2082925
>>> 8013 -0.66119874 -0.7418107
>>> 2757 -1.6182579 -0.74852186
>>> 9061 0.18090764 0.24361488
>>> 11720 -1.1185721 -0.978759
>>> 1978 0.3636912 0.4686032
>>> 7452 -0.29187357 -1.1035773
>>> 9065 -0.39754048 -0.3856216
>>> 4635 0.13181177 -0.19842707
>>> 690 0.011542418 0.081648976
>>> 3707 -0.47442245 0.6963245
>>> 4851 0.76998425 0.8194588
>>> 2480 0.9593991 1.8777752
>>> 9878 0.7578577 0.81286687
>>> 10028 0.20319426 -0.24550891
>>> 4885 0.7003556 1.2755709
>>> 11058 0.08361482 0.060836777
>>> 3313 -0.9633958 -0.8121714
>>> 5805 -0.028106226 -0.25992948
>>> 5895 0.15677546 0.23042756
>>> 8424 -0.18446058 0.24551833
>>> 4758 0.41600874 0.48768407
>>> 6040 -1.2986891 -1.1249597
>>> 8737 0.8124113 0.34477547
>>> 341 -0.22925068 0.06891121
>>> 9100 -0.6102037 -0.62384963
>>> 9559 0.19575897 0.15349102
>>> 5641 -0.5225025 -0.4454477
>>> 10494 -0.14280643 -0.027594596
>>> 1966 0.17928626 0.52709234
>>> 3355 -0.41017774 -0.4345489
>>> 11505 0.37605894 0.7387298
>>> 8274 1.6917546 1.2920215
>>> 5184 0.0048075626 -0.19701971
>>> 8869 -1.0507207 -1.0540452
>>> 10219 0.77713263 0.0903077
>>> 10053 -0.5800862 -0.5202257
>>> 7938 1.9628468 1.6349481
>>> 5863 -0.23527639 -0.1932851
>>> 10705 1.2111475 1.1197886
>>> 8048 -1.0101465 -0.9384281
>>> 6775 1.3693539 1.2361746
>>> 10184 -0.57006454 -0.7982454
>>> 7261 0.50663316 0.35768712
>>> 5235 1.3537636 1.3109043
>>> 7301 -2.1979675 -1.6205302
>>> 10904 -0.6790659 -0.83365846
>>> 622 0.25206688 1.1408982
>>> 5651 -0.036809463 0.11441837
>>> 2793 0.12295725 0.08221108
>>> 2169 0.6456663 0.3653363
>>> 7918 -0.8208178 -0.82368124
>>> 9686 0.82933825 0.667759
>>> 703 0.042162817 0.13656643
>>> 5543 -0.42751682 -0.5630541
>>> 11843 -1.4454395 -0.8660383
>>> 9054 -0.93768996 -1.024516
>>> 5494 -0.59154665 -0.56905174
>>> 5015 0.06812401 0.073928535
>>> 5046 0.64394224 0.45105362
>>> 3899 -0.4349842 -0.21301305
>>> 2741 -0.5221431 -0.98665047
>>> 5571 0.002537093 0.0944117

Mean MAE across splits 6.324513859098254 +- 0.0
delta MAE: 1.41e-08
