namespace(experiment_name='final-cv', wandb_name='cv10-LP-proparg-ns64-nv16-d16-layers3-vector-diff-node-crossattention', device='cuda', logdir='/scratch/izar/briling/cv', checkpoint=None, CV=1, num_epochs=512, seed=123, verbose=False, process=False, subset=None, max_neighbors=50, n_s=64, n_v=16, n_conv_layers=3, distance_emb_dim=16, radius=5.0, dropout_p=0.1, attention='cross', sum_mode='node', graph_mode='vector', dataset='proparg', combine_mode='diff', atom_mapping=False, rxnmapper=False, random_baseline=False, two_layers_atom_diff=False, noH=False, reverse=False, split_complexes=False, xtb=False, semiempirical=False, lr=0.0005, weight_decay=0.0)

namespace(experiment_name=None, wandb_name=None, device='cuda', logdir='logs/evaluation', checkpoint='/home/briling/scratch/cv/final-cv-proparg/230929-211758.740452-briling.best_checkpoint.pt', CV=1, num_epochs=242, seed=123, verbose=False, process=False, subset=None, max_neighbors=50, n_s=64, n_v=16, n_conv_layers=3, distance_emb_dim=16, radius=5.0, dropout_p=0.1, attention='cross', sum_mode='node', graph_mode='vector', dataset='proparg', combine_mode='diff', atom_mapping=False, rxnmapper=False, random_baseline=False, two_layers_atom_diff=False, noH=False, reverse=False, split_complexes=False, xtb=False, semiempirical=False, lr=0.0005, weight_decay=0.0, eval_on_test_split=True)

Running on device cuda:0
Loading data into memory...
dataset_prefix='data_fixarom_smiles'
Coords and graphs successfully read from data/proparg/processed//
Data stdev 2.1798

CV iter 1/1
Using random splits
total / train / test / val: 753 678 38 37
trainable params in model:  4312582
Log directory: logs/evaluation
checkpoint: /home/briling/scratch/cv/final-cv-proparg/230929-211758.740452-briling.best_checkpoint.pt
num epochs: 242
eval_per_epochs: 0
patience: 150
minimum_epochs: 0
models_to_save: []
clip_grad: 100
log_iterations: 100
lr: 0.0005
weight decay: 0.0
lr scheduler: <class 'torch.optim.lr_scheduler.ReduceLROnPlateau'>
factor: 0.6
min_lr: 8e-06
mode: max
lr_scheduler_patience: 60
lr_verbose: True
In trainer, metrics is {'mae': MAE()} and std is 2.1798295067663513
Statistics on val_best_checkpoint
mae: 0.35307939651208925
MSELoss: 0.08077869452536106
mean_pred: -0.04639487564563751
std_pred: 1.0114806532859801
mean_targets: -0.030800524353981017
std_targets: 1.106097400188446
Evaluating on test, with test size:  38
Statistics on test_split_1
mae: 0.25515242737701044
MSELoss: 0.030486071202903985
mean_pred: 0.2672491669654846
std_pred: 1.1090434670448304
mean_targets: 0.26718281507492064
std_targets: 1.1969885110855103
>>> 465 0.7463919 1.0331867
>>> 530 2.6719604 2.5655336
>>> 305 -0.5075737 -0.5446162
>>> 434 -1.307567 -1.3242948
>>> 537 0.10300043 0.19509932
>>> 357 -0.97104585 -0.43397456
>>> 186 1.6552004 1.3994619
>>> 555 2.1506262 2.0133703
>>> 129 -1.3447022 -1.2852296
>>> 359 -0.03690482 0.10445458
>>> 244 -1.3343389 -1.3041432
>>> 255 -0.42121246 -0.5301382
>>> 390 0.6709697 0.6411532
>>> 154 -1.4549569 -1.326479
>>> 371 -0.5317549 -0.4509384
>>> 751 0.79101187 0.748614
>>> 582 0.6542732 0.68316674
>>> 712 1.9076631 1.9729413
>>> 158 -0.28303444 -0.25682673
>>> 708 0.044274773 0.007854253
>>> 271 -0.038919915 -0.02176293
>>> 484 -0.9670157 -0.72060645
>>> 146 0.13639346 0.19585672
>>> 394 1.6649879 1.3748305
>>> 418 -0.43359092 -0.34397477
>>> 576 1.9534346 1.3720095
>>> 744 -1.3280058 -1.3341253
>>> 680 -0.5464363 -0.4467649
>>> 588 -0.04064714 -0.0086962655
>>> 290 1.3972679 1.4423727
>>> 411 0.46370268 0.1974197
>>> 630 1.5748843 1.3374698
>>> 213 0.024411682 0.12585339
>>> 358 1.8152565 1.7795086
>>> 180 -1.1630558 -1.1786405
>>> 380 1.4571451 1.4670087
>>> 99 -1.285113 -1.1891792
>>> 135 1.8880879 1.7987561

Mean MAE across splits 0.25515242737701044 +- 0.0
delta MAE: 2.27e-08
