Fold 0
Model 0 best validation mae = 2.917351 on epoch 34
Model 0 test mae = 3.516246
Ensemble test mae = 3.516246
Fold 1
Model 0 best validation mae = 2.970772 on epoch 132
Model 0 test mae = 3.066875
Ensemble test mae = 3.066875
Fold 2
Model 0 best validation mae = 3.035889 on epoch 76
Model 0 test mae = 3.394128
Ensemble test mae = 3.394128
Fold 3
Model 0 best validation mae = 2.669725 on epoch 36
Model 0 test mae = 3.578032
Ensemble test mae = 3.578032
Fold 4
Model 0 best validation mae = 2.773330 on epoch 52
Model 0 test mae = 3.317266
Ensemble test mae = 3.317266
Fold 5
Model 0 best validation mae = 2.311572 on epoch 29
Model 0 test mae = 3.080886
Ensemble test mae = 3.080886
Fold 6
Model 0 best validation mae = 2.804171 on epoch 56
Model 0 test mae = 3.378821
Ensemble test mae = 3.378821
Fold 7
Model 0 best validation mae = 2.957640 on epoch 56
Model 0 test mae = 2.737861
Ensemble test mae = 2.737861
Fold 8
Model 0 best validation mae = 2.907494 on epoch 47
Model 0 test mae = 3.633301
Ensemble test mae = 3.633301
Fold 9
Model 0 best validation mae = 3.230609 on epoch 71
Model 0 test mae = 2.589750
Ensemble test mae = 2.589750
10-fold cross validation
	Seed 0 ==> test mae = 3.516246
	Seed 1 ==> test mae = 3.066875
	Seed 2 ==> test mae = 3.394128
	Seed 3 ==> test mae = 3.578032
	Seed 4 ==> test mae = 3.317266
	Seed 5 ==> test mae = 3.080886
	Seed 6 ==> test mae = 3.378821
	Seed 7 ==> test mae = 2.737861
	Seed 8 ==> test mae = 3.633301
	Seed 9 ==> test mae = 2.589750
Overall test mae = 3.229317 +/- 0.335168
Elapsed time = 7:55:08
