wandb: Currently logged in as: briling (equireact). Use `wandb login --relogin` to force relogin
wandb: wandb version 0.15.3 is available!  To upgrade, please run:
wandb:  $ pip install wandb --upgrade
wandb: Tracking run with wandb version 0.15.0
wandb: Run data is saved locally in /home/briling/n/NequiReact/wandb/run-20230526_210326-b04q2idh
wandb: Run `wandb offline` to turn off syncing.
wandb: Syncing run rich-bee-109
wandb:  View project at https://wandb.ai/equireact/nequireact
wandb:  View run at https://wandb.ai/equireact/nequireact/runs/b04q2idh
wandb name attention-cross-cyclo-ns48-nv48-emb16-2conv
input args Namespace(experiment_name='attention', num_epochs=3000, checkpoint=None, device='cuda', subset=None, wandb_name='attention-cross-cyclo-ns48-nv48-emb16-2conv', logdir='logs', process=False, verbose=False, radius=5.0, max_neighbors=20, sum_mode='node', n_s=48, n_v=48, n_conv_layers=2, distance_emb_dim=16, graph_mode='energy', dropout_p=0.05, dataset='cyclo', random_baseline=False, combine_mode='mean', atom_mapping=False, CV=1, attention=True)
Running on device cuda:0
Loading data into memory...
Coords and graphs successfully read from data/cyclo/processed//
Data stdev tensor(9.7629, dtype=torch.float64)
CV iter 1/1
total / train / test / val: 5203 4683 260 260
trainable params in model:  2749733
Log directory: logs/attention
checkpoint: None
num epochs: 3000
eval_per_epochs: 0
patience: 150
minimum_epochs: 0
models_to_save: []
clip_grad: 100
log_iterations: 100
lr: 0.0001
weight decay: 0.0001
lr scheduler: <class 'torch.optim.lr_scheduler.ReduceLROnPlateau'>
factor: 0.6
min_lr: 8e-06
mode: max
lr_scheduler_patience: 60
lr_verbose: True
In trainer, metrics is {'mae': MAE()} and std is 9.762939402167014
[Epoch 1; Iter   100/  586] train: loss: 0.6002384
[Epoch 1; Iter   200/  586] train: loss: 0.9139054
[Epoch 1; Iter   300/  586] train: loss: 0.8650689
[Epoch 1; Iter   400/  586] train: loss: 1.5001508
[Epoch 1; Iter   500/  586] train: loss: 0.6976580
[Epoch 1] mae: 7.375917 val loss: 0.909039
Epochs with no improvement: [ 0 ] and the best   mae  was in  1
[Epoch 2; Iter    14/  586] train: loss: 0.4616401
[Epoch 2; Iter   114/  586] train: loss: 1.4871497
[Epoch 2; Iter   214/  586] train: loss: 0.5692167
[Epoch 2; Iter   314/  586] train: loss: 1.0832647
[Epoch 2; Iter   414/  586] train: loss: 0.4488653
[Epoch 2; Iter   514/  586] train: loss: 1.7089083
[Epoch 2] mae: 7.589480 val loss: 0.940092
Epochs with no improvement: [ 1 ] and the best   mae  was in  1
[Epoch 3; Iter    28/  586] train: loss: 1.1793121
[Epoch 3; Iter   128/  586] train: loss: 0.3022597
[Epoch 3; Iter   228/  586] train: loss: 1.6887586
[Epoch 3; Iter   328/  586] train: loss: 2.0981221
[Epoch 3; Iter   428/  586] train: loss: 0.2879231
[Epoch 3; Iter   528/  586] train: loss: 3.7080131
[Epoch 3] mae: 9.393754 val loss: 1.298969
Epochs with no improvement: [ 2 ] and the best   mae  was in  1
[Epoch 4; Iter    42/  586] train: loss: 1.4431505
[Epoch 4; Iter   142/  586] train: loss: 0.8969347
[Epoch 4; Iter   242/  586] train: loss: 1.4625049
[Epoch 4; Iter   342/  586] train: loss: 0.3299434
[Epoch 4; Iter   442/  586] train: loss: 0.6795228
[Epoch 4; Iter   542/  586] train: loss: 1.0671345
[Epoch 4] mae: 7.171686 val loss: 0.910023
Epochs with no improvement: [ 0 ] and the best   mae  was in  4
[Epoch 5; Iter    56/  586] train: loss: 0.7015654
[Epoch 5; Iter   156/  586] train: loss: 1.0534443
[Epoch 5; Iter   256/  586] train: loss: 1.3509488
[Epoch 5; Iter   356/  586] train: loss: 0.8725888
[Epoch 5; Iter   456/  586] train: loss: 0.8812078
[Epoch 5; Iter   556/  586] train: loss: 0.4704840
[Epoch 5] mae: 7.168722 val loss: 0.887663
Epochs with no improvement: [ 0 ] and the best   mae  was in  5
[Epoch 6; Iter    70/  586] train: loss: 0.5022981
[Epoch 6; Iter   170/  586] train: loss: 0.3545403
[Epoch 6; Iter   270/  586] train: loss: 0.8289644
[Epoch 6; Iter   370/  586] train: loss: 0.8895271
[Epoch 6; Iter   470/  586] train: loss: 1.0028256
[Epoch 6; Iter   570/  586] train: loss: 0.7174763
[Epoch 6] mae: 7.354961 val loss: 0.907251
Epochs with no improvement: [ 1 ] and the best   mae  was in  5
[Epoch 7; Iter    84/  586] train: loss: 0.8479668
[Epoch 7; Iter   184/  586] train: loss: 0.7578402
[Epoch 7; Iter   284/  586] train: loss: 0.4988978
[Epoch 7; Iter   384/  586] train: loss: 1.0350868
[Epoch 7; Iter   484/  586] train: loss: 1.1772776
[Epoch 7; Iter   584/  586] train: loss: 0.5137614
[Epoch 7] mae: 7.151286 val loss: 0.952272
Epochs with no improvement: [ 0 ] and the best   mae  was in  7
[Epoch 8; Iter    98/  586] train: loss: 0.4526474
[Epoch 8; Iter   198/  586] train: loss: 0.4397989
[Epoch 8; Iter   298/  586] train: loss: 4.1739135
[Epoch 8; Iter   398/  586] train: loss: 0.6608389
[Epoch 8; Iter   498/  586] train: loss: 0.4320547
[Epoch 8] mae: 6.994962 val loss: 0.862605
Epochs with no improvement: [ 0 ] and the best   mae  was in  8
[Epoch 9; Iter    12/  586] train: loss: 1.0822769
[Epoch 9; Iter   112/  586] train: loss: 0.4540592
[Epoch 9; Iter   212/  586] train: loss: 0.6740422
[Epoch 9; Iter   312/  586] train: loss: 0.5492307
[Epoch 9; Iter   412/  586] train: loss: 0.6708990
[Epoch 9; Iter   512/  586] train: loss: 0.6045519
[Epoch 9] mae: 7.435320 val loss: 0.913456
Epochs with no improvement: [ 1 ] and the best   mae  was in  8
[Epoch 10; Iter    26/  586] train: loss: 0.6724403
[Epoch 10; Iter   126/  586] train: loss: 0.4967464
[Epoch 10; Iter   226/  586] train: loss: 0.7250695
[Epoch 10; Iter   326/  586] train: loss: 0.6066080
[Epoch 10; Iter   426/  586] train: loss: 1.0182041
[Epoch 10; Iter   526/  586] train: loss: 0.5526903
[Epoch 10] mae: 6.797014 val loss: 0.844884
Epochs with no improvement: [ 0 ] and the best   mae  was in  10
[Epoch 11; Iter    40/  586] train: loss: 1.7354447
[Epoch 11; Iter   140/  586] train: loss: 1.1842104
[Epoch 11; Iter   240/  586] train: loss: 0.9747981
[Epoch 11; Iter   340/  586] train: loss: 0.8026061
[Epoch 11; Iter   440/  586] train: loss: 0.8257722
[Epoch 11; Iter   540/  586] train: loss: 0.9790024
[Epoch 11] mae: 7.768155 val loss: 0.958952
Epochs with no improvement: [ 1 ] and the best   mae  was in  10
[Epoch 12; Iter    54/  586] train: loss: 0.8799431
[Epoch 12; Iter   154/  586] train: loss: 2.4237165
[Epoch 12; Iter   254/  586] train: loss: 1.9231139
[Epoch 12; Iter   354/  586] train: loss: 0.8042440
[Epoch 12; Iter   454/  586] train: loss: 0.9557561
[Epoch 12; Iter   554/  586] train: loss: 1.0704491
[Epoch 12] mae: 7.579809 val loss: 0.925054
Epochs with no improvement: [ 2 ] and the best   mae  was in  10
[Epoch 13; Iter    68/  586] train: loss: 0.5854792
[Epoch 13; Iter   168/  586] train: loss: 0.5020767
[Epoch 13; Iter   268/  586] train: loss: 0.4683757
[Epoch 13; Iter   368/  586] train: loss: 0.4054076
[Epoch 13; Iter   468/  586] train: loss: 1.1150333
[Epoch 13; Iter   568/  586] train: loss: 1.1996502
[Epoch 13] mae: 6.497226 val loss: 0.799159
Epochs with no improvement: [ 0 ] and the best   mae  was in  13
[Epoch 14; Iter    82/  586] train: loss: 0.4482332
[Epoch 14; Iter   182/  586] train: loss: 0.9810485
[Epoch 14; Iter   282/  586] train: loss: 0.5372565
[Epoch 14; Iter   382/  586] train: loss: 0.8128891
[Epoch 14; Iter   482/  586] train: loss: 0.5457420
[Epoch 14; Iter   582/  586] train: loss: 0.4935036
[Epoch 14] mae: 6.538197 val loss: 0.767015
Epochs with no improvement: [ 1 ] and the best   mae  was in  13
[Epoch 15; Iter    96/  586] train: loss: 0.5179490
[Epoch 15; Iter   196/  586] train: loss: 0.3423632
[Epoch 15; Iter   296/  586] train: loss: 1.0063996
[Epoch 15; Iter   396/  586] train: loss: 0.4426862
[Epoch 15; Iter   496/  586] train: loss: 0.6374317
[Epoch 15] mae: 6.817304 val loss: 0.796549
Epochs with no improvement: [ 2 ] and the best   mae  was in  13
[Epoch 16; Iter    10/  586] train: loss: 0.4002396
[Epoch 16; Iter   110/  586] train: loss: 1.5590547
[Epoch 16; Iter   210/  586] train: loss: 0.9839323
[Epoch 16; Iter   310/  586] train: loss: 0.8877181
[Epoch 16; Iter   410/  586] train: loss: 0.5089397
[Epoch 16; Iter   510/  586] train: loss: 0.2936461
[Epoch 16] mae: 6.223341 val loss: 0.731982
Epochs with no improvement: [ 0 ] and the best   mae  was in  16
[Epoch 17; Iter    24/  586] train: loss: 0.6847590
[Epoch 17; Iter   124/  586] train: loss: 1.1284353
[Epoch 17; Iter   224/  586] train: loss: 0.9385471
[Epoch 17; Iter   324/  586] train: loss: 0.6114353
[Epoch 17; Iter   424/  586] train: loss: 3.2477007
[Epoch 17; Iter   524/  586] train: loss: 0.3445108
[Epoch 17] mae: 6.273445 val loss: 0.753847
Epochs with no improvement: [ 1 ] and the best   mae  was in  16
[Epoch 18; Iter    38/  586] train: loss: 0.5579233
[Epoch 18; Iter   138/  586] train: loss: 0.6911175
[Epoch 18; Iter   238/  586] train: loss: 0.6246786
[Epoch 18; Iter   338/  586] train: loss: 0.7081516
[Epoch 18; Iter   438/  586] train: loss: 1.2531109
[Epoch 18; Iter   538/  586] train: loss: 0.5911124
[Epoch 18] mae: 6.285062 val loss: 0.757675
Epochs with no improvement: [ 2 ] and the best   mae  was in  16
[Epoch 19; Iter    52/  586] train: loss: 0.9210436
[Epoch 19; Iter   152/  586] train: loss: 1.2118528
[Epoch 19; Iter   252/  586] train: loss: 0.4361325
[Epoch 19; Iter   352/  586] train: loss: 0.5148008
[Epoch 19; Iter   452/  586] train: loss: 0.7594790
[Epoch 19; Iter   552/  586] train: loss: 0.7939649
[Epoch 19] mae: 6.739041 val loss: 0.759759
Epochs with no improvement: [ 3 ] and the best   mae  was in  16
[Epoch 20; Iter    66/  586] train: loss: 0.5747171
[Epoch 20; Iter   166/  586] train: loss: 0.7328045
[Epoch 20; Iter   266/  586] train: loss: 0.5171376
[Epoch 20; Iter   366/  586] train: loss: 0.5388048
[Epoch 20; Iter   466/  586] train: loss: 0.8792945
[Epoch 20; Iter   566/  586] train: loss: 0.5464908
[Epoch 20] mae: 6.170977 val loss: 0.679407
Epochs with no improvement: [ 0 ] and the best   mae  was in  20
[Epoch 21; Iter    80/  586] train: loss: 0.6352226
[Epoch 21; Iter   180/  586] train: loss: 0.3318565
[Epoch 21; Iter   280/  586] train: loss: 0.4315523
[Epoch 21; Iter   380/  586] train: loss: 0.7562107
[Epoch 21; Iter   480/  586] train: loss: 0.8482712
[Epoch 21; Iter   580/  586] train: loss: 0.9679903
[Epoch 21] mae: 6.119515 val loss: 0.664741
Epochs with no improvement: [ 0 ] and the best   mae  was in  21
[Epoch 22; Iter    94/  586] train: loss: 0.7422822
[Epoch 22; Iter   194/  586] train: loss: 0.8529891
[Epoch 22; Iter   294/  586] train: loss: 0.3105185
[Epoch 22; Iter   394/  586] train: loss: 1.4901215
[Epoch 22; Iter   494/  586] train: loss: 1.4470519
[Epoch 22] mae: 5.925623 val loss: 0.641714
Epochs with no improvement: [ 0 ] and the best   mae  was in  22
[Epoch 23; Iter     8/  586] train: loss: 0.6029709
[Epoch 23; Iter   108/  586] train: loss: 0.4758728
[Epoch 23; Iter   208/  586] train: loss: 2.3518381
[Epoch 23; Iter   308/  586] train: loss: 0.3046587
[Epoch 23; Iter   408/  586] train: loss: 0.8222700
[Epoch 23; Iter   508/  586] train: loss: 0.4494737
[Epoch 23] mae: 6.333724 val loss: 0.697438
Epochs with no improvement: [ 1 ] and the best   mae  was in  22
[Epoch 24; Iter    22/  586] train: loss: 0.6917557
[Epoch 24; Iter   122/  586] train: loss: 0.2973395
[Epoch 24; Iter   222/  586] train: loss: 1.7620606
[Epoch 24; Iter   322/  586] train: loss: 1.1009831
[Epoch 24; Iter   422/  586] train: loss: 0.2126185
[Epoch 24; Iter   522/  586] train: loss: 0.7288496
[Epoch 24] mae: 6.782214 val loss: 0.746086
Epochs with no improvement: [ 2 ] and the best   mae  was in  22
[Epoch 25; Iter    36/  586] train: loss: 0.8421643
[Epoch 25; Iter   136/  586] train: loss: 0.6238807
[Epoch 25; Iter   236/  586] train: loss: 0.6907257
[Epoch 25; Iter   336/  586] train: loss: 1.2552415
[Epoch 25; Iter   436/  586] train: loss: 0.4427330
[Epoch 25; Iter   536/  586] train: loss: 1.2010387
[Epoch 25] mae: 6.099593 val loss: 0.690977
Epochs with no improvement: [ 3 ] and the best   mae  was in  22
[Epoch 26; Iter    50/  586] train: loss: 0.3802676
[Epoch 26; Iter   150/  586] train: loss: 1.1307859
[Epoch 26; Iter   250/  586] train: loss: 0.1078191
[Epoch 26; Iter   350/  586] train: loss: 0.3750414
[Epoch 26; Iter   450/  586] train: loss: 0.2937022
[Epoch 26; Iter   550/  586] train: loss: 0.5489733
[Epoch 26] mae: 6.585986 val loss: 0.688123
Epochs with no improvement: [ 4 ] and the best   mae  was in  22
[Epoch 27; Iter    64/  586] train: loss: 0.4782238
[Epoch 27; Iter   164/  586] train: loss: 0.2882204
[Epoch 27; Iter   264/  586] train: loss: 0.8882895
[Epoch 27; Iter   364/  586] train: loss: 0.3797817
[Epoch 27; Iter   464/  586] train: loss: 0.4385035
[Epoch 27; Iter   564/  586] train: loss: 0.9019586
[Epoch 27] mae: 5.604597 val loss: 0.543002
Epochs with no improvement: [ 0 ] and the best   mae  was in  27
[Epoch 28; Iter    78/  586] train: loss: 0.3732085
[Epoch 28; Iter   178/  586] train: loss: 1.0479922
[Epoch 28; Iter   278/  586] train: loss: 0.3495752
[Epoch 28; Iter   378/  586] train: loss: 1.3554515
[Epoch 28; Iter   478/  586] train: loss: 1.0553404
[Epoch 28; Iter   578/  586] train: loss: 0.7717178
[Epoch 28] mae: 5.640523 val loss: 0.550936
Epochs with no improvement: [ 1 ] and the best   mae  was in  27
[Epoch 29; Iter    92/  586] train: loss: 0.7851820
[Epoch 29; Iter   192/  586] train: loss: 0.2523220
[Epoch 29; Iter   292/  586] train: loss: 0.1702198
[Epoch 29; Iter   392/  586] train: loss: 0.2249278
[Epoch 29; Iter   492/  586] train: loss: 0.4815296
[Epoch 29] mae: 6.686426 val loss: 0.746668
Epochs with no improvement: [ 2 ] and the best   mae  was in  27
[Epoch 30; Iter     6/  586] train: loss: 1.3139231
[Epoch 30; Iter   106/  586] train: loss: 1.0597714
[Epoch 30; Iter   206/  586] train: loss: 0.4760257
[Epoch 30; Iter   306/  586] train: loss: 1.3356302
[Epoch 30; Iter   406/  586] train: loss: 0.6223204
[Epoch 30; Iter   506/  586] train: loss: 0.5556543
[Epoch 30] mae: 5.598865 val loss: 0.525145
Epochs with no improvement: [ 0 ] and the best   mae  was in  30
[Epoch 31; Iter    20/  586] train: loss: 0.4654937
[Epoch 31; Iter   120/  586] train: loss: 1.9196947
[Epoch 31; Iter   220/  586] train: loss: 0.7200145
[Epoch 31; Iter   320/  586] train: loss: 0.2095228
[Epoch 31; Iter   420/  586] train: loss: 0.1266088
[Epoch 31; Iter   520/  586] train: loss: 0.1456696
[Epoch 31] mae: 7.023270 val loss: 0.772212
Epochs with no improvement: [ 1 ] and the best   mae  was in  30
[Epoch 32; Iter    34/  586] train: loss: 0.6016304
[Epoch 32; Iter   134/  586] train: loss: 0.4984642
[Epoch 32; Iter   234/  586] train: loss: 0.4856392
[Epoch 32; Iter   334/  586] train: loss: 1.0549873
[Epoch 32; Iter   434/  586] train: loss: 0.1557673
[Epoch 32; Iter   534/  586] train: loss: 0.9891772
[Epoch 32] mae: 6.020995 val loss: 0.569665
Epochs with no improvement: [ 2 ] and the best   mae  was in  30
[Epoch 33; Iter    48/  586] train: loss: 0.7971354
[Epoch 33; Iter   148/  586] train: loss: 0.6461136
[Epoch 33; Iter   248/  586] train: loss: 0.9567527
[Epoch 33; Iter   348/  586] train: loss: 0.4846754
[Epoch 33; Iter   448/  586] train: loss: 0.2910877
[Epoch 33; Iter   548/  586] train: loss: 0.5482316
[Epoch 33] mae: 5.063586 val loss: 0.434383
Epochs with no improvement: [ 0 ] and the best   mae  was in  33
[Epoch 34; Iter    62/  586] train: loss: 1.0516930
[Epoch 34; Iter   162/  586] train: loss: 0.8001179
[Epoch 34; Iter   262/  586] train: loss: 0.8657498
[Epoch 34; Iter   362/  586] train: loss: 0.5084383
[Epoch 34; Iter   462/  586] train: loss: 0.3575390
[Epoch 34; Iter   562/  586] train: loss: 0.4863456
[Epoch 34] mae: 5.054197 val loss: 0.424488
Epochs with no improvement: [ 0 ] and the best   mae  was in  34
[Epoch 35; Iter    76/  586] train: loss: 0.8520414
[Epoch 35; Iter   176/  586] train: loss: 0.3145504
[Epoch 35; Iter   276/  586] train: loss: 0.3929001
[Epoch 35; Iter   376/  586] train: loss: 0.2688503
[Epoch 35; Iter   476/  586] train: loss: 0.5231043
[Epoch 35; Iter   576/  586] train: loss: 0.2799524
[Epoch 35] mae: 5.515063 val loss: 0.492847
Epochs with no improvement: [ 1 ] and the best   mae  was in  34
[Epoch 36; Iter    90/  586] train: loss: 0.3801567
[Epoch 36; Iter   190/  586] train: loss: 0.2228701
[Epoch 36; Iter   290/  586] train: loss: 0.3993509
[Epoch 36; Iter   390/  586] train: loss: 0.3648234
[Epoch 36; Iter   490/  586] train: loss: 0.5962434
[Epoch 36] mae: 4.784331 val loss: 0.386520
Epochs with no improvement: [ 0 ] and the best   mae  was in  36
[Epoch 37; Iter     4/  586] train: loss: 0.3234344
[Epoch 37; Iter   104/  586] train: loss: 0.3288146
[Epoch 37; Iter   204/  586] train: loss: 0.3248904
[Epoch 37; Iter   304/  586] train: loss: 0.2596365
[Epoch 37; Iter   404/  586] train: loss: 0.8536548
[Epoch 37; Iter   504/  586] train: loss: 1.1142421
[Epoch 37] mae: 4.672238 val loss: 0.377623
Epochs with no improvement: [ 0 ] and the best   mae  was in  37
[Epoch 38; Iter    18/  586] train: loss: 0.2867583
[Epoch 38; Iter   118/  586] train: loss: 0.1400863
[Epoch 38; Iter   218/  586] train: loss: 0.6797478
[Epoch 38; Iter   318/  586] train: loss: 0.5079465
[Epoch 38; Iter   418/  586] train: loss: 0.1591478
[Epoch 38; Iter   518/  586] train: loss: 0.3175699
[Epoch 38] mae: 4.703298 val loss: 0.369505
Epochs with no improvement: [ 1 ] and the best   mae  was in  37
[Epoch 39; Iter    32/  586] train: loss: 0.4975428
[Epoch 39; Iter   132/  586] train: loss: 0.3165672
[Epoch 39; Iter   232/  586] train: loss: 0.2666540
[Epoch 39; Iter   332/  586] train: loss: 0.8583411
[Epoch 39; Iter   432/  586] train: loss: 0.4876001
[Epoch 39; Iter   532/  586] train: loss: 0.1287827
[Epoch 39] mae: 5.264802 val loss: 0.440340
Epochs with no improvement: [ 2 ] and the best   mae  was in  37
[Epoch 40; Iter    46/  586] train: loss: 0.1243064
[Epoch 40; Iter   146/  586] train: loss: 0.1907924
[Epoch 40; Iter   246/  586] train: loss: 0.4330545
[Epoch 40; Iter   346/  586] train: loss: 0.3368169
[Epoch 40; Iter   446/  586] train: loss: 0.7959187
[Epoch 40; Iter   546/  586] train: loss: 0.2308567
[Epoch 40] mae: 4.675712 val loss: 0.362138
Epochs with no improvement: [ 3 ] and the best   mae  was in  37
[Epoch 41; Iter    60/  586] train: loss: 0.1809296
[Epoch 41; Iter   160/  586] train: loss: 0.6079038
[Epoch 41; Iter   260/  586] train: loss: 0.1395609
[Epoch 41; Iter   360/  586] train: loss: 0.3132010
[Epoch 41; Iter   460/  586] train: loss: 0.3121212
[Epoch 41; Iter   560/  586] train: loss: 0.5129519
[Epoch 41] mae: 4.533170 val loss: 0.346389
Epochs with no improvement: [ 0 ] and the best   mae  was in  41
[Epoch 42; Iter    74/  586] train: loss: 0.2964787
[Epoch 42; Iter   174/  586] train: loss: 0.1536340
[Epoch 42; Iter   274/  586] train: loss: 0.3156592
[Epoch 42; Iter   374/  586] train: loss: 0.0952961
[Epoch 42; Iter   474/  586] train: loss: 0.2891911
[Epoch 42; Iter   574/  586] train: loss: 0.2788047
[Epoch 42] mae: 4.474163 val loss: 0.327007
Epochs with no improvement: [ 0 ] and the best   mae  was in  42
[Epoch 43; Iter    88/  586] train: loss: 0.4751630
[Epoch 43; Iter   188/  586] train: loss: 0.3593941
[Epoch 43; Iter   288/  586] train: loss: 0.1020271
[Epoch 43; Iter   388/  586] train: loss: 0.2689170
[Epoch 43; Iter   488/  586] train: loss: 0.5052925
[Epoch 43] mae: 4.359070 val loss: 0.317667
Epochs with no improvement: [ 0 ] and the best   mae  was in  43
[Epoch 44; Iter     2/  586] train: loss: 0.5356271
[Epoch 44; Iter   102/  586] train: loss: 0.2135373
[Epoch 44; Iter   202/  586] train: loss: 0.3724277
[Epoch 44; Iter   302/  586] train: loss: 0.2327882
[Epoch 44; Iter   402/  586] train: loss: 0.4585868
[Epoch 44; Iter   502/  586] train: loss: 0.1160687
[Epoch 44] mae: 4.678290 val loss: 0.363137
Epochs with no improvement: [ 1 ] and the best   mae  was in  43
[Epoch 45; Iter    16/  586] train: loss: 0.3404160
[Epoch 45; Iter   116/  586] train: loss: 0.7580540
[Epoch 45; Iter   216/  586] train: loss: 0.1648086
[Epoch 45; Iter   316/  586] train: loss: 0.1775703
[Epoch 45; Iter   416/  586] train: loss: 0.2486407
[Epoch 45; Iter   516/  586] train: loss: 0.3537741
[Epoch 45] mae: 4.394765 val loss: 0.320392
Epochs with no improvement: [ 2 ] and the best   mae  was in  43
[Epoch 46; Iter    30/  586] train: loss: 0.5726971
[Epoch 46; Iter   130/  586] train: loss: 0.3890072
[Epoch 46; Iter   230/  586] train: loss: 0.3865833
[Epoch 46; Iter   330/  586] train: loss: 0.5132825
[Epoch 46; Iter   430/  586] train: loss: 0.5741431
[Epoch 46; Iter   530/  586] train: loss: 0.7851763
[Epoch 46] mae: 4.457718 val loss: 0.339863
Epochs with no improvement: [ 3 ] and the best   mae  was in  43
[Epoch 47; Iter    44/  586] train: loss: 0.5347047
[Epoch 47; Iter   144/  586] train: loss: 0.4172983
[Epoch 47; Iter   244/  586] train: loss: 0.8870486
[Epoch 47; Iter   344/  586] train: loss: 0.3921676
[Epoch 47; Iter   444/  586] train: loss: 0.5002775
[Epoch 47; Iter   544/  586] train: loss: 0.1395252
[Epoch 47] mae: 4.379967 val loss: 0.306885
Epochs with no improvement: [ 4 ] and the best   mae  was in  43
[Epoch 48; Iter    58/  586] train: loss: 0.5705749
[Epoch 48; Iter   158/  586] train: loss: 0.3234590
[Epoch 48; Iter   258/  586] train: loss: 0.7747647
[Epoch 48; Iter   358/  586] train: loss: 0.5021566
[Epoch 48; Iter   458/  586] train: loss: 0.0925138
[Epoch 48; Iter   558/  586] train: loss: 0.7919960
[Epoch 48] mae: 4.265996 val loss: 0.300739
Epochs with no improvement: [ 0 ] and the best   mae  was in  48
[Epoch 49; Iter    72/  586] train: loss: 0.4576870
[Epoch 49; Iter   172/  586] train: loss: 0.3524498
[Epoch 49; Iter   272/  586] train: loss: 0.4808546
[Epoch 49; Iter   372/  586] train: loss: 0.2207706
[Epoch 49; Iter   472/  586] train: loss: 0.4210054
[Epoch 49; Iter   572/  586] train: loss: 0.4337772
[Epoch 49] mae: 4.337306 val loss: 0.307920
Epochs with no improvement: [ 1 ] and the best   mae  was in  48
[Epoch 50; Iter    86/  586] train: loss: 0.4147825
[Epoch 50; Iter   186/  586] train: loss: 0.3210444
[Epoch 50; Iter   286/  586] train: loss: 0.0920307
[Epoch 50; Iter   386/  586] train: loss: 0.1354159
[Epoch 50; Iter   486/  586] train: loss: 0.2488870
[Epoch 50; Iter   586/  586] train: loss: 0.2365357
[Epoch 50] mae: 4.713125 val loss: 0.343138
Epochs with no improvement: [ 2 ] and the best   mae  was in  48
[Epoch 51; Iter   100/  586] train: loss: 0.5968969
[Epoch 51; Iter   200/  586] train: loss: 0.1785843
[Epoch 51; Iter   300/  586] train: loss: 0.2600420
[Epoch 51; Iter   400/  586] train: loss: 0.3058945
[Epoch 51; Iter   500/  586] train: loss: 0.1831295
[Epoch 51] mae: 4.250133 val loss: 0.300227
Epochs with no improvement: [ 0 ] and the best   mae  was in  51
[Epoch 52; Iter    14/  586] train: loss: 0.1594083
[Epoch 52; Iter   114/  586] train: loss: 0.0693347
[Epoch 52; Iter   214/  586] train: loss: 0.1075905
[Epoch 52; Iter   314/  586] train: loss: 0.4214954
[Epoch 52; Iter   414/  586] train: loss: 0.9595811
[Epoch 52; Iter   514/  586] train: loss: 0.2305374
[Epoch 52] mae: 4.192111 val loss: 0.294492
Epochs with no improvement: [ 0 ] and the best   mae  was in  52
[Epoch 53; Iter    28/  586] train: loss: 0.0716738
[Epoch 53; Iter   128/  586] train: loss: 0.6145297
[Epoch 53; Iter   228/  586] train: loss: 0.8691486
