wandb: Currently logged in as: briling (equireact). Use `wandb login --relogin` to force relogin
wandb: wandb version 0.15.3 is available!  To upgrade, please run:
wandb:  $ pip install wandb --upgrade
wandb: Tracking run with wandb version 0.15.0
wandb: Run data is saved locally in /home/briling/n/NequiReact/wandb/run-20230526_235202-90klyjj3
wandb: Run `wandb offline` to turn off syncing.
wandb: Syncing run lyric-sound-110
wandb:  View project at https://wandb.ai/equireact/nequireact
wandb:  View run at https://wandb.ai/equireact/nequireact/runs/90klyjj3
wandb name attention-self-v1-cyclo-ns48-nv48-emb16-2conv
input args Namespace(experiment_name='attention', num_epochs=3000, checkpoint=None, device='cuda', subset=None, wandb_name='attention-self-v1-cyclo-ns48-nv48-emb16-2conv', logdir='logs', process=False, verbose=False, radius=5.0, max_neighbors=20, sum_mode='node', n_s=48, n_v=48, n_conv_layers=2, distance_emb_dim=16, graph_mode='energy', dropout_p=0.05, dataset='cyclo', random_baseline=False, combine_mode='mean', atom_mapping=False, CV=1, attention=True)
Running on device cuda:0
Loading data into memory...
Coords and graphs successfully read from data/cyclo/processed//
Data stdev tensor(9.7629, dtype=torch.float64)
CV iter 1/1
total / train / test / val: 5203 4683 260 260
trainable params in model:  2749733
Log directory: logs/attention
checkpoint: None
num epochs: 3000
eval_per_epochs: 0
patience: 150
minimum_epochs: 0
models_to_save: []
clip_grad: 100
log_iterations: 100
lr: 0.0001
weight decay: 0.0001
lr scheduler: <class 'torch.optim.lr_scheduler.ReduceLROnPlateau'>
factor: 0.6
min_lr: 8e-06
mode: max
lr_scheduler_patience: 60
lr_verbose: True
In trainer, metrics is {'mae': MAE()} and std is 9.762939402167014
[Epoch 1; Iter   100/  586] train: loss: 0.4743789
[Epoch 1; Iter   200/  586] train: loss: 1.0045372
[Epoch 1; Iter   300/  586] train: loss: 0.8199031
[Epoch 1; Iter   400/  586] train: loss: 1.6630127
[Epoch 1; Iter   500/  586] train: loss: 0.5709807
[Epoch 1] mae: 7.491275 val loss: 0.920885
Epochs with no improvement: [ 0 ] and the best   mae  was in  1
[Epoch 2; Iter    14/  586] train: loss: 0.4292113
[Epoch 2; Iter   114/  586] train: loss: 1.2564055
[Epoch 2; Iter   214/  586] train: loss: 0.5105666
[Epoch 2; Iter   314/  586] train: loss: 1.0684112
[Epoch 2; Iter   414/  586] train: loss: 0.4580972
[Epoch 2; Iter   514/  586] train: loss: 1.7849592
[Epoch 2] mae: 7.826443 val loss: 0.980794
Epochs with no improvement: [ 1 ] and the best   mae  was in  1
[Epoch 3; Iter    28/  586] train: loss: 1.1199710
[Epoch 3; Iter   128/  586] train: loss: 0.4997071
[Epoch 3; Iter   228/  586] train: loss: 1.4741271
[Epoch 3; Iter   328/  586] train: loss: 2.1506505
[Epoch 3; Iter   428/  586] train: loss: 0.3837222
[Epoch 3; Iter   528/  586] train: loss: 3.7614222
[Epoch 3] mae: 9.905085 val loss: 1.415326
Epochs with no improvement: [ 2 ] and the best   mae  was in  1
[Epoch 4; Iter    42/  586] train: loss: 1.4716499
[Epoch 4; Iter   142/  586] train: loss: 0.8581854
[Epoch 4; Iter   242/  586] train: loss: 1.4751370
[Epoch 4; Iter   342/  586] train: loss: 0.3880380
[Epoch 4; Iter   442/  586] train: loss: 0.6919649
[Epoch 4; Iter   542/  586] train: loss: 1.1374830
[Epoch 4] mae: 7.199355 val loss: 0.889571
Epochs with no improvement: [ 0 ] and the best   mae  was in  4
[Epoch 5; Iter    56/  586] train: loss: 0.6625304
[Epoch 5; Iter   156/  586] train: loss: 1.1297815
[Epoch 5; Iter   256/  586] train: loss: 1.4485477
[Epoch 5; Iter   356/  586] train: loss: 0.9451507
[Epoch 5; Iter   456/  586] train: loss: 0.8327729
[Epoch 5; Iter   556/  586] train: loss: 0.4221063
[Epoch 5] mae: 7.278175 val loss: 0.886847
Epochs with no improvement: [ 1 ] and the best   mae  was in  4
[Epoch 6; Iter    70/  586] train: loss: 0.4997879
[Epoch 6; Iter   170/  586] train: loss: 0.3872497
[Epoch 6; Iter   270/  586] train: loss: 0.7432288
[Epoch 6; Iter   370/  586] train: loss: 0.7629927
[Epoch 6; Iter   470/  586] train: loss: 0.8993381
[Epoch 6; Iter   570/  586] train: loss: 0.8560712
[Epoch 6] mae: 7.515382 val loss: 0.920891
Epochs with no improvement: [ 2 ] and the best   mae  was in  4
[Epoch 7; Iter    84/  586] train: loss: 0.8503880
[Epoch 7; Iter   184/  586] train: loss: 0.5383197
[Epoch 7; Iter   284/  586] train: loss: 0.3667455
[Epoch 7; Iter   384/  586] train: loss: 0.7791889
[Epoch 7; Iter   484/  586] train: loss: 0.8579893
[Epoch 7; Iter   584/  586] train: loss: 0.5373662
[Epoch 7] mae: 6.445679 val loss: 0.744595
Epochs with no improvement: [ 0 ] and the best   mae  was in  7
[Epoch 8; Iter    98/  586] train: loss: 0.4642216
[Epoch 8; Iter   198/  586] train: loss: 0.4971101
[Epoch 8; Iter   298/  586] train: loss: 4.2681961
[Epoch 8; Iter   398/  586] train: loss: 0.7045195
[Epoch 8; Iter   498/  586] train: loss: 0.5578286
[Epoch 8] mae: 6.372631 val loss: 0.709724
Epochs with no improvement: [ 0 ] and the best   mae  was in  8
[Epoch 9; Iter    12/  586] train: loss: 1.6008877
[Epoch 9; Iter   112/  586] train: loss: 0.3080185
[Epoch 9; Iter   212/  586] train: loss: 0.5001343
[Epoch 9; Iter   312/  586] train: loss: 0.3832552
[Epoch 9; Iter   412/  586] train: loss: 1.0454562
[Epoch 9; Iter   512/  586] train: loss: 0.6171238
[Epoch 9] mae: 7.121003 val loss: 0.821182
Epochs with no improvement: [ 1 ] and the best   mae  was in  8
[Epoch 10; Iter    26/  586] train: loss: 0.5088406
[Epoch 10; Iter   126/  586] train: loss: 0.3176881
[Epoch 10; Iter   226/  586] train: loss: 0.6968451
[Epoch 10; Iter   326/  586] train: loss: 0.4832788
[Epoch 10; Iter   426/  586] train: loss: 0.7958324
[Epoch 10; Iter   526/  586] train: loss: 0.5520812
[Epoch 10] mae: 6.003144 val loss: 0.659091
Epochs with no improvement: [ 0 ] and the best   mae  was in  10
[Epoch 11; Iter    40/  586] train: loss: 1.8961222
[Epoch 11; Iter   140/  586] train: loss: 1.0610887
[Epoch 11; Iter   240/  586] train: loss: 0.6949520
[Epoch 11; Iter   340/  586] train: loss: 0.9095252
[Epoch 11; Iter   440/  586] train: loss: 0.9088882
[Epoch 11; Iter   540/  586] train: loss: 0.7954607
[Epoch 11] mae: 6.582638 val loss: 0.718918
Epochs with no improvement: [ 1 ] and the best   mae  was in  10
[Epoch 12; Iter    54/  586] train: loss: 0.8635345
[Epoch 12; Iter   154/  586] train: loss: 2.7459860
[Epoch 12; Iter   254/  586] train: loss: 1.3530891
[Epoch 12; Iter   354/  586] train: loss: 0.5721021
[Epoch 12; Iter   454/  586] train: loss: 0.7945842
[Epoch 12; Iter   554/  586] train: loss: 0.4664315
[Epoch 12] mae: 7.005036 val loss: 0.797495
Epochs with no improvement: [ 2 ] and the best   mae  was in  10
[Epoch 13; Iter    68/  586] train: loss: 0.3031967
[Epoch 13; Iter   168/  586] train: loss: 0.5403595
[Epoch 13; Iter   268/  586] train: loss: 0.1491893
[Epoch 13; Iter   368/  586] train: loss: 0.4733814
[Epoch 13; Iter   468/  586] train: loss: 0.8226376
[Epoch 13; Iter   568/  586] train: loss: 0.9536052
[Epoch 13] mae: 5.855711 val loss: 0.615509
Epochs with no improvement: [ 0 ] and the best   mae  was in  13
[Epoch 14; Iter    82/  586] train: loss: 0.2882252
[Epoch 14; Iter   182/  586] train: loss: 1.6559924
[Epoch 14; Iter   282/  586] train: loss: 0.8445971
[Epoch 14; Iter   382/  586] train: loss: 0.6933430
[Epoch 14; Iter   482/  586] train: loss: 0.7518895
[Epoch 14; Iter   582/  586] train: loss: 0.4343133
[Epoch 14] mae: 5.838030 val loss: 0.587183
Epochs with no improvement: [ 0 ] and the best   mae  was in  14
[Epoch 15; Iter    96/  586] train: loss: 0.4882000
[Epoch 15; Iter   196/  586] train: loss: 0.1810571
[Epoch 15; Iter   296/  586] train: loss: 1.0452067
[Epoch 15; Iter   396/  586] train: loss: 0.4502884
[Epoch 15; Iter   496/  586] train: loss: 0.3644110
[Epoch 15] mae: 5.693656 val loss: 0.571269
Epochs with no improvement: [ 0 ] and the best   mae  was in  15
[Epoch 16; Iter    10/  586] train: loss: 0.3176333
[Epoch 16; Iter   110/  586] train: loss: 1.0131382
[Epoch 16; Iter   210/  586] train: loss: 0.5979893
[Epoch 16; Iter   310/  586] train: loss: 0.7482977
[Epoch 16; Iter   410/  586] train: loss: 0.5242791
[Epoch 16; Iter   510/  586] train: loss: 0.0894906
[Epoch 16] mae: 5.555739 val loss: 0.552133
Epochs with no improvement: [ 0 ] and the best   mae  was in  16
[Epoch 17; Iter    24/  586] train: loss: 0.3075354
[Epoch 17; Iter   124/  586] train: loss: 0.8433577
[Epoch 17; Iter   224/  586] train: loss: 0.9862155
[Epoch 17; Iter   324/  586] train: loss: 0.6268879
[Epoch 17; Iter   424/  586] train: loss: 1.1519026
[Epoch 17; Iter   524/  586] train: loss: 0.2257611
[Epoch 17] mae: 5.600402 val loss: 0.559715
Epochs with no improvement: [ 1 ] and the best   mae  was in  16
[Epoch 18; Iter    38/  586] train: loss: 0.5243467
[Epoch 18; Iter   138/  586] train: loss: 0.3825366
[Epoch 18; Iter   238/  586] train: loss: 0.3663219
[Epoch 18; Iter   338/  586] train: loss: 0.2509502
[Epoch 18; Iter   438/  586] train: loss: 0.7306938
[Epoch 18; Iter   538/  586] train: loss: 0.7346338
[Epoch 18] mae: 5.646524 val loss: 0.578935
Epochs with no improvement: [ 2 ] and the best   mae  was in  16
[Epoch 19; Iter    52/  586] train: loss: 0.5911584
[Epoch 19; Iter   152/  586] train: loss: 0.6639798
[Epoch 19; Iter   252/  586] train: loss: 0.3976979
[Epoch 19; Iter   352/  586] train: loss: 0.3246413
[Epoch 19; Iter   452/  586] train: loss: 0.4164764
[Epoch 19; Iter   552/  586] train: loss: 0.5026344
[Epoch 19] mae: 5.666496 val loss: 0.546612
Epochs with no improvement: [ 3 ] and the best   mae  was in  16
[Epoch 20; Iter    66/  586] train: loss: 0.5896819
[Epoch 20; Iter   166/  586] train: loss: 0.8241256
[Epoch 20; Iter   266/  586] train: loss: 0.2760543
[Epoch 20; Iter   366/  586] train: loss: 0.2380145
[Epoch 20; Iter   466/  586] train: loss: 0.6249400
[Epoch 20; Iter   566/  586] train: loss: 0.2524238
[Epoch 20] mae: 5.543167 val loss: 0.528441
Epochs with no improvement: [ 0 ] and the best   mae  was in  20
[Epoch 21; Iter    80/  586] train: loss: 0.2375764
[Epoch 21; Iter   180/  586] train: loss: 0.1877028
[Epoch 21; Iter   280/  586] train: loss: 0.3005549
[Epoch 21; Iter   380/  586] train: loss: 0.7876060
[Epoch 21; Iter   480/  586] train: loss: 0.8720907
[Epoch 21; Iter   580/  586] train: loss: 0.7547762
[Epoch 21] mae: 5.473631 val loss: 0.512424
Epochs with no improvement: [ 0 ] and the best   mae  was in  21
[Epoch 22; Iter    94/  586] train: loss: 0.5820075
[Epoch 22; Iter   194/  586] train: loss: 0.9904285
[Epoch 22; Iter   294/  586] train: loss: 0.3623364
[Epoch 22; Iter   394/  586] train: loss: 0.7299250
[Epoch 22; Iter   494/  586] train: loss: 0.9619191
[Epoch 22] mae: 5.097541 val loss: 0.469779
Epochs with no improvement: [ 0 ] and the best   mae  was in  22
[Epoch 23; Iter     8/  586] train: loss: 0.9708426
[Epoch 23; Iter   108/  586] train: loss: 0.3376228
[Epoch 23; Iter   208/  586] train: loss: 1.1784494
[Epoch 23; Iter   308/  586] train: loss: 0.3871786
[Epoch 23; Iter   408/  586] train: loss: 0.8950180
[Epoch 23; Iter   508/  586] train: loss: 0.4360930
[Epoch 23] mae: 5.470164 val loss: 0.494671
Epochs with no improvement: [ 1 ] and the best   mae  was in  22
[Epoch 24; Iter    22/  586] train: loss: 0.4854941
[Epoch 24; Iter   122/  586] train: loss: 0.2234304
[Epoch 24; Iter   222/  586] train: loss: 1.1675422
[Epoch 24; Iter   322/  586] train: loss: 0.4238383
[Epoch 24; Iter   422/  586] train: loss: 0.3117185
[Epoch 24; Iter   522/  586] train: loss: 0.5515120
[Epoch 24] mae: 5.383044 val loss: 0.473964
Epochs with no improvement: [ 2 ] and the best   mae  was in  22
[Epoch 25; Iter    36/  586] train: loss: 0.7146110
[Epoch 25; Iter   136/  586] train: loss: 0.7062639
[Epoch 25; Iter   236/  586] train: loss: 0.7903657
[Epoch 25; Iter   336/  586] train: loss: 0.2586299
[Epoch 25; Iter   436/  586] train: loss: 0.6388389
[Epoch 25; Iter   536/  586] train: loss: 0.7808012
[Epoch 25] mae: 5.067646 val loss: 0.450276
Epochs with no improvement: [ 0 ] and the best   mae  was in  25
[Epoch 26; Iter    50/  586] train: loss: 0.2748283
[Epoch 26; Iter   150/  586] train: loss: 0.7348281
[Epoch 26; Iter   250/  586] train: loss: 0.2836903
[Epoch 26; Iter   350/  586] train: loss: 0.1858990
[Epoch 26; Iter   450/  586] train: loss: 0.2680825
[Epoch 26; Iter   550/  586] train: loss: 0.4195489
[Epoch 26] mae: 5.361214 val loss: 0.460927
Epochs with no improvement: [ 1 ] and the best   mae  was in  25
[Epoch 27; Iter    64/  586] train: loss: 0.5083742
[Epoch 27; Iter   164/  586] train: loss: 0.1367489
[Epoch 27; Iter   264/  586] train: loss: 0.4731748
[Epoch 27; Iter   364/  586] train: loss: 0.5028789
[Epoch 27; Iter   464/  586] train: loss: 0.3348774
[Epoch 27; Iter   564/  586] train: loss: 0.2452913
[Epoch 27] mae: 4.816373 val loss: 0.386637
Epochs with no improvement: [ 0 ] and the best   mae  was in  27
[Epoch 28; Iter    78/  586] train: loss: 0.1811221
[Epoch 28; Iter   178/  586] train: loss: 0.8950192
[Epoch 28; Iter   278/  586] train: loss: 0.3671072
[Epoch 28; Iter   378/  586] train: loss: 0.5282805
[Epoch 28; Iter   478/  586] train: loss: 0.7467075
[Epoch 28; Iter   578/  586] train: loss: 0.8224121
[Epoch 28] mae: 4.801678 val loss: 0.409469
Epochs with no improvement: [ 0 ] and the best   mae  was in  28
[Epoch 29; Iter    92/  586] train: loss: 0.2300490
[Epoch 29; Iter   192/  586] train: loss: 0.2925358
[Epoch 29; Iter   292/  586] train: loss: 0.4045363
[Epoch 29; Iter   392/  586] train: loss: 0.3139073
[Epoch 29; Iter   492/  586] train: loss: 0.2048512
[Epoch 29] mae: 5.492225 val loss: 0.488347
Epochs with no improvement: [ 1 ] and the best   mae  was in  28
[Epoch 30; Iter     6/  586] train: loss: 0.7328656
[Epoch 30; Iter   106/  586] train: loss: 0.5799795
[Epoch 30; Iter   206/  586] train: loss: 0.4030239
[Epoch 30; Iter   306/  586] train: loss: 0.7448665
[Epoch 30; Iter   406/  586] train: loss: 0.8103642
[Epoch 30; Iter   506/  586] train: loss: 0.9964683
[Epoch 30] mae: 4.776437 val loss: 0.381448
Epochs with no improvement: [ 0 ] and the best   mae  was in  30
[Epoch 31; Iter    20/  586] train: loss: 0.6805477
[Epoch 31; Iter   120/  586] train: loss: 0.5759891
[Epoch 31; Iter   220/  586] train: loss: 0.8074740
[Epoch 31; Iter   320/  586] train: loss: 0.2581600
[Epoch 31; Iter   420/  586] train: loss: 0.1953114
[Epoch 31; Iter   520/  586] train: loss: 0.2458143
[Epoch 31] mae: 5.468866 val loss: 0.484987
Epochs with no improvement: [ 1 ] and the best   mae  was in  30
[Epoch 32; Iter    34/  586] train: loss: 0.2805349
[Epoch 32; Iter   134/  586] train: loss: 0.2371964
[Epoch 32; Iter   234/  586] train: loss: 0.2215530
[Epoch 32; Iter   334/  586] train: loss: 0.5036042
[Epoch 32; Iter   434/  586] train: loss: 0.3020369
[Epoch 32; Iter   534/  586] train: loss: 0.8142369
[Epoch 32] mae: 5.441413 val loss: 0.485257
Epochs with no improvement: [ 2 ] and the best   mae  was in  30
[Epoch 33; Iter    48/  586] train: loss: 0.9537292
[Epoch 33; Iter   148/  586] train: loss: 0.3516772
[Epoch 33; Iter   248/  586] train: loss: 0.4935325
[Epoch 33; Iter   348/  586] train: loss: 0.2138164
[Epoch 33; Iter   448/  586] train: loss: 0.2819526
[Epoch 33; Iter   548/  586] train: loss: 0.3918086
[Epoch 33] mae: 4.453216 val loss: 0.334838
Epochs with no improvement: [ 0 ] and the best   mae  was in  33
[Epoch 34; Iter    62/  586] train: loss: 0.6800209
[Epoch 34; Iter   162/  586] train: loss: 0.5469072
[Epoch 34; Iter   262/  586] train: loss: 1.3410703
[Epoch 34; Iter   362/  586] train: loss: 0.5074881
[Epoch 34; Iter   462/  586] train: loss: 0.2001285
[Epoch 34; Iter   562/  586] train: loss: 0.3610991
[Epoch 34] mae: 4.445467 val loss: 0.322675
Epochs with no improvement: [ 0 ] and the best   mae  was in  34
[Epoch 35; Iter    76/  586] train: loss: 0.5709355
[Epoch 35; Iter   176/  586] train: loss: 0.1295875
[Epoch 35; Iter   276/  586] train: loss: 0.3629903
[Epoch 35; Iter   376/  586] train: loss: 0.3152553
[Epoch 35; Iter   476/  586] train: loss: 0.1922556
[Epoch 35; Iter   576/  586] train: loss: 0.2389736
[Epoch 35] mae: 4.973586 val loss: 0.399841
Epochs with no improvement: [ 1 ] and the best   mae  was in  34
[Epoch 36; Iter    90/  586] train: loss: 0.3567789
[Epoch 36; Iter   190/  586] train: loss: 0.1597449
[Epoch 36; Iter   290/  586] train: loss: 0.3165757
[Epoch 36; Iter   390/  586] train: loss: 0.1865685
[Epoch 36; Iter   490/  586] train: loss: 0.4527454
[Epoch 36] mae: 4.285342 val loss: 0.308515
Epochs with no improvement: [ 0 ] and the best   mae  was in  36
[Epoch 37; Iter     4/  586] train: loss: 0.3046888
[Epoch 37; Iter   104/  586] train: loss: 0.2087181
[Epoch 37; Iter   204/  586] train: loss: 0.3405836
[Epoch 37; Iter   304/  586] train: loss: 0.1919906
[Epoch 37; Iter   404/  586] train: loss: 0.6857759
[Epoch 37; Iter   504/  586] train: loss: 0.4065075
[Epoch 37] mae: 4.228559 val loss: 0.303688
Epochs with no improvement: [ 0 ] and the best   mae  was in  37
[Epoch 38; Iter    18/  586] train: loss: 0.5308045
[Epoch 38; Iter   118/  586] train: loss: 0.2341422
[Epoch 38; Iter   218/  586] train: loss: 0.4395048
[Epoch 38; Iter   318/  586] train: loss: 0.5872091
[Epoch 38; Iter   418/  586] train: loss: 0.2539701
[Epoch 38; Iter   518/  586] train: loss: 0.2375029
[Epoch 38] mae: 4.277206 val loss: 0.298639
Epochs with no improvement: [ 1 ] and the best   mae  was in  37
[Epoch 39; Iter    32/  586] train: loss: 0.6132470
[Epoch 39; Iter   132/  586] train: loss: 0.1279239
[Epoch 39; Iter   232/  586] train: loss: 0.2148871
[Epoch 39; Iter   332/  586] train: loss: 0.2686747
[Epoch 39; Iter   432/  586] train: loss: 0.3681980
[Epoch 39; Iter   532/  586] train: loss: 0.1699560
[Epoch 39] mae: 4.257226 val loss: 0.300088
Epochs with no improvement: [ 2 ] and the best   mae  was in  37
[Epoch 40; Iter    46/  586] train: loss: 0.1570675
[Epoch 40; Iter   146/  586] train: loss: 0.2243183
[Epoch 40; Iter   246/  586] train: loss: 0.2816763
[Epoch 40; Iter   346/  586] train: loss: 0.2241696
[Epoch 40; Iter   446/  586] train: loss: 0.2076939
[Epoch 40; Iter   546/  586] train: loss: 0.2431429
[Epoch 40] mae: 4.420807 val loss: 0.334619
Epochs with no improvement: [ 3 ] and the best   mae  was in  37
[Epoch 41; Iter    60/  586] train: loss: 0.1926121
[Epoch 41; Iter   160/  586] train: loss: 0.4065381
[Epoch 41; Iter   260/  586] train: loss: 0.1164932
[Epoch 41; Iter   360/  586] train: loss: 0.2189915
[Epoch 41; Iter   460/  586] train: loss: 0.3460115
[Epoch 41; Iter   560/  586] train: loss: 0.2351887
[Epoch 41] mae: 4.061134 val loss: 0.284116
Epochs with no improvement: [ 0 ] and the best   mae  was in  41
[Epoch 42; Iter    74/  586] train: loss: 0.2344210
[Epoch 42; Iter   174/  586] train: loss: 0.5863953
[Epoch 42; Iter   274/  586] train: loss: 0.2285444
[Epoch 42; Iter   374/  586] train: loss: 0.1652561
[Epoch 42; Iter   474/  586] train: loss: 0.3316188
[Epoch 42; Iter   574/  586] train: loss: 0.1181749
[Epoch 42] mae: 4.209487 val loss: 0.294401
Epochs with no improvement: [ 1 ] and the best   mae  was in  41
[Epoch 43; Iter    88/  586] train: loss: 0.4218778
[Epoch 43; Iter   188/  586] train: loss: 0.2604262
[Epoch 43; Iter   288/  586] train: loss: 0.0754982
[Epoch 43; Iter   388/  586] train: loss: 0.1883596
[Epoch 43; Iter   488/  586] train: loss: 0.2761400
[Epoch 43] mae: 4.160022 val loss: 0.289345
Epochs with no improvement: [ 2 ] and the best   mae  was in  41
[Epoch 44; Iter     2/  586] train: loss: 0.3308338
[Epoch 44; Iter   102/  586] train: loss: 0.1197110
[Epoch 44; Iter   202/  586] train: loss: 0.2649588
[Epoch 44; Iter   302/  586] train: loss: 0.2535515
[Epoch 44; Iter   402/  586] train: loss: 0.5653258
[Epoch 44; Iter   502/  586] train: loss: 0.0782139
[Epoch 44] mae: 4.177017 val loss: 0.287329
Epochs with no improvement: [ 3 ] and the best   mae  was in  41
[Epoch 45; Iter    16/  586] train: loss: 0.3271620
[Epoch 45; Iter   116/  586] train: loss: 0.4780756
[Epoch 45; Iter   216/  586] train: loss: 0.1516119
[Epoch 45; Iter   316/  586] train: loss: 0.3677772
[Epoch 45; Iter   416/  586] train: loss: 0.3403471
[Epoch 45; Iter   516/  586] train: loss: 0.5484498
[Epoch 45] mae: 4.126235 val loss: 0.281154
Epochs with no improvement: [ 4 ] and the best   mae  was in  41
[Epoch 46; Iter    30/  586] train: loss: 0.3776388
[Epoch 46; Iter   130/  586] train: loss: 0.1124297
[Epoch 46; Iter   230/  586] train: loss: 0.2439176
[Epoch 46; Iter   330/  586] train: loss: 0.8314416
[Epoch 46; Iter   430/  586] train: loss: 0.3050090
[Epoch 46; Iter   530/  586] train: loss: 0.5527094
[Epoch 46] mae: 4.163002 val loss: 0.283951
Epochs with no improvement: [ 5 ] and the best   mae  was in  41
[Epoch 47; Iter    44/  586] train: loss: 0.2485153
[Epoch 47; Iter   144/  586] train: loss: 0.5659510
[Epoch 47; Iter   244/  586] train: loss: 0.7955427
[Epoch 47; Iter   344/  586] train: loss: 0.7057837
[Epoch 47; Iter   444/  586] train: loss: 0.2211277
[Epoch 47; Iter   544/  586] train: loss: 0.5962951
[Epoch 47] mae: 4.218581 val loss: 0.290482
Epochs with no improvement: [ 6 ] and the best   mae  was in  41
[Epoch 48; Iter    58/  586] train: loss: 0.4900926
[Epoch 48; Iter   158/  586] train: loss: 0.2804065
[Epoch 48; Iter   258/  586] train: loss: 0.6254130
[Epoch 48; Iter   358/  586] train: loss: 0.4785666
[Epoch 48; Iter   458/  586] train: loss: 0.1681767
[Epoch 48; Iter   558/  586] train: loss: 0.5213693
[Epoch 48] mae: 4.387920 val loss: 0.307699
Epochs with no improvement: [ 7 ] and the best   mae  was in  41
[Epoch 49; Iter    72/  586] train: loss: 0.6673779
[Epoch 49; Iter   172/  586] train: loss: 0.3137343
[Epoch 49; Iter   272/  586] train: loss: 0.6167231
[Epoch 49; Iter   372/  586] train: loss: 0.3058385
[Epoch 49; Iter   472/  586] train: loss: 0.1355588
[Epoch 49; Iter   572/  586] train: loss: 0.4138547
[Epoch 49] mae: 4.308017 val loss: 0.298167
Epochs with no improvement: [ 8 ] and the best   mae  was in  41
[Epoch 50; Iter    86/  586] train: loss: 0.2636035
[Epoch 50; Iter   186/  586] train: loss: 0.3433976
[Epoch 50; Iter   286/  586] train: loss: 0.2757231
[Epoch 50; Iter   386/  586] train: loss: 0.3731302
[Epoch 50; Iter   486/  586] train: loss: 0.1806635
[Epoch 50; Iter   586/  586] train: loss: 0.0860720
[Epoch 50] mae: 4.224388 val loss: 0.290250
Epochs with no improvement: [ 9 ] and the best   mae  was in  41
[Epoch 51; Iter   100/  586] train: loss: 0.2227335
[Epoch 51; Iter   200/  586] train: loss: 0.0710296
[Epoch 51; Iter   300/  586] train: loss: 0.4363571
[Epoch 51; Iter   400/  586] train: loss: 0.3731397
[Epoch 51; Iter   500/  586] train: loss: 0.2600700
[Epoch 51] mae: 4.228511 val loss: 0.296210
Epochs with no improvement: [ 10 ] and the best   mae  was in  41
[Epoch 52; Iter    14/  586] train: loss: 0.1773406
[Epoch 52; Iter   114/  586] train: loss: 0.0846041
[Epoch 52; Iter   214/  586] train: loss: 0.1498067
[Epoch 52; Iter   314/  586] train: loss: 0.3504957
[Epoch 52; Iter   414/  586] train: loss: 1.0224179
[Epoch 52; Iter   514/  586] train: loss: 0.2104705
[Epoch 52] mae: 4.129647 val loss: 0.289312
Epochs with no improvement: [ 11 ] and the best   mae  was in  41
[Epoch 53; Iter    28/  586] train: loss: 0.1918258
[Epoch 53; Iter   128/  586] train: loss: 0.8286543
[Epoch 53; Iter   228/  586] train: loss: 0.7639363
[Epoch 53; Iter   328/  586] train: loss: 0.3322705
[Epoch 53; Iter   428/  586] train: loss: 0.2076245
[Epoch 53; Iter   528/  586] train: loss: 0.3216297
[Epoch 53] mae: 4.210219 val loss: 0.298572
Epochs with no improvement: [ 12 ] and the best   mae  was in  41
[Epoch 54; Iter    42/  586] train: loss: 0.3623118
[Epoch 54; Iter   142/  586] train: loss: 0.5904412
[Epoch 54; Iter   242/  586] train: loss: 0.1299890
[Epoch 54; Iter   342/  586] train: loss: 0.1769394
[Epoch 54; Iter   442/  586] train: loss: 0.1559175
[Epoch 54; Iter   542/  586] train: loss: 0.2047839
[Epoch 54] mae: 4.554294 val loss: 0.358838
Epochs with no improvement: [ 13 ] and the best   mae  was in  41
[Epoch 55; Iter    56/  586] train: loss: 0.3565850
[Epoch 55; Iter   156/  586] train: loss: 0.3888414
[Epoch 55; Iter   256/  586] train: loss: 0.1513780
[Epoch 55; Iter   356/  586] train: loss: 0.0517711
[Epoch 55; Iter   456/  586] train: loss: 0.2260937
[Epoch 55; Iter   556/  586] train: loss: 0.3732021
[Epoch 55] mae: 4.235241 val loss: 0.292966
Epochs with no improvement: [ 14 ] and the best   mae  was in  41
[Epoch 56; Iter    70/  586] train: loss: 1.2649400
[Epoch 56; Iter   170/  586] train: loss: 0.4025382
[Epoch 56; Iter   270/  586] train: loss: 0.1225248
[Epoch 56; Iter   370/  586] train: loss: 0.1071666
[Epoch 56; Iter   470/  586] train: loss: 0.1410702
[Epoch 56; Iter   570/  586] train: loss: 0.0625126
[Epoch 56] mae: 4.165580 val loss: 0.289139
Epochs with no improvement: [ 15 ] and the best   mae  was in  41
[Epoch 57; Iter    84/  586] train: loss: 0.3807798
[Epoch 57; Iter   184/  586] train: loss: 0.2914230
[Epoch 57; Iter   284/  586] train: loss: 0.3387272
[Epoch 57; Iter   384/  586] train: loss: 0.0262915
[Epoch 57; Iter   484/  586] train: loss: 0.3672124
[Epoch 57; Iter   584/  586] train: loss: 0.4704559
[Epoch 57] mae: 4.076775 val loss: 0.276745
Epochs with no improvement: [ 16 ] and the best   mae  was in  41
[Epoch 58; Iter    98/  586] train: loss: 0.1618877
[Epoch 58; Iter   198/  586] train: loss: 0.5867489
[Epoch 58; Iter   298/  586] train: loss: 0.4095092
[Epoch 58; Iter   398/  586] train: loss: 0.2470391
[Epoch 58; Iter   498/  586] train: loss: 0.2769711
[Epoch 58] mae: 4.349560 val loss: 0.331520
Epochs with no improvement: [ 17 ] and the best   mae  was in  41
[Epoch 59; Iter    12/  586] train: loss: 0.3566331
[Epoch 59; Iter   112/  586] train: loss: 0.3780724
[Epoch 59; Iter   212/  586] train: loss: 0.2768167
[Epoch 59; Iter   312/  586] train: loss: 0.9986261
[Epoch 59; Iter   412/  586] train: loss: 0.0491958
[Epoch 59; Iter   512/  586] train: loss: 0.6621760
[Epoch 59] mae: 4.063281 val loss: 0.273658
Epochs with no improvement: [ 18 ] and the best   mae  was in  41
[Epoch 60; Iter    26/  586] train: loss: 0.5022354
[Epoch 60; Iter   126/  586] train: loss: 0.0948916
[Epoch 60; Iter   226/  586] train: loss: 0.0620032
[Epoch 60; Iter   326/  586] train: loss: 0.0821776
[Epoch 60; Iter   426/  586] train: loss: 0.2944207
[Epoch 60; Iter   526/  586] train: loss: 0.1019250
[Epoch 60] mae: 4.142840 val loss: 0.283647
Epochs with no improvement: [ 19 ] and the best   mae  was in  41
[Epoch 61; Iter    40/  586] train: loss: 0.7257494
[Epoch 61; Iter   140/  586] train: loss: 0.4322751
[Epoch 61; Iter   240/  586] train: loss: 0.2699766
[Epoch 61; Iter   340/  586] train: loss: 0.1292008
[Epoch 61; Iter   440/  586] train: loss: 0.1854828
[Epoch 61; Iter   540/  586] train: loss: 0.2088047
[Epoch 61] mae: 4.135511 val loss: 0.277214
Epochs with no improvement: [ 20 ] and the best   mae  was in  41
[Epoch 62; Iter    54/  586] train: loss: 0.1236806
[Epoch 62; Iter   154/  586] train: loss: 0.1463103
[Epoch 62; Iter   254/  586] train: loss: 0.2679367
[Epoch 62; Iter   354/  586] train: loss: 0.8742505
[Epoch 62; Iter   454/  586] train: loss: 0.4072056
[Epoch 62; Iter   554/  586] train: loss: 0.1551325
[Epoch 62] mae: 4.046519 val loss: 0.276819
Epochs with no improvement: [ 0 ] and the best   mae  was in  62
[Epoch 63; Iter    68/  586] train: loss: 0.4384498
[Epoch 63; Iter   168/  586] train: loss: 0.2695279
[Epoch 63; Iter   268/  586] train: loss: 0.3031340
[Epoch 63; Iter   368/  586] train: loss: 0.4330922
[Epoch 63; Iter   468/  586] train: loss: 0.2930340
[Epoch 63; Iter   568/  586] train: loss: 0.2122346
[Epoch 63] mae: 4.601221 val loss: 0.374631
Epochs with no improvement: [ 1 ] and the best   mae  was in  62
[Epoch 64; Iter    82/  586] train: loss: 0.3076915
[Epoch 64; Iter   182/  586] train: loss: 0.4433472
[Epoch 64; Iter   282/  586] train: loss: 0.3888828
[Epoch 64; Iter   382/  586] train: loss: 0.5596616
[Epoch 64; Iter   482/  586] train: loss: 0.7431833
[Epoch 64; Iter   582/  586] train: loss: 0.2464287
Epoch 00064: reducing learning rate of group 0 to 6.0000e-05.
[Epoch 64] mae: 4.020930 val loss: 0.273731
Epochs with no improvement: [ 0 ] and the best   mae  was in  64
[Epoch 65; Iter    96/  586] train: loss: 0.3569819
[Epoch 65; Iter   196/  586] train: loss: 0.1460805
