wandb: Currently logged in as: briling (equireact). Use `wandb login --relogin` to force relogin
wandb: - Waiting for wandb.init()...wandb: \ Waiting for wandb.init()...wandb: | Waiting for wandb.init()...wandb: wandb version 0.15.3 is available!  To upgrade, please run:
wandb:  $ pip install wandb --upgrade
wandb: Tracking run with wandb version 0.15.0
wandb: Run data is saved locally in /home/briling/NequiReact/wandb/run-20230518_160339-lu4bnoji
wandb: Run `wandb offline` to turn off syncing.
wandb: Syncing run jolly-star-50
wandb:  View project at https://wandb.ai/equireact/nequireact
wandb:  View run at https://wandb.ai/equireact/nequireact/runs/lu4bnoji
wandb name new-cyclo-mapped-ns-48-nv-48-emb16
input args Namespace(experiment_name='new-cyclo-mapped', num_epochs=3000, checkpoint=None, device='cuda', subset=None, wandb_name='new-cyclo-mapped-ns-48-nv-48-emb16', logdir='logs', process=False, verbose=False, radius=5.0, max_neighbors=20, sum_mode='node', n_s=48, n_v=48, n_conv_layers=2, distance_emb_dim=16, graph_mode='energy', dropout_p=0.1, dataset='cyclo', random_baseline=False, combine_mode='diff', atom_mapping=True)
Running on device cuda:0
Loading data into memory...
Coords and graphs successfully read from data/cyclo/processed//
Data stdev tensor(9.7629, dtype=torch.float64)
total / train / test / val: 5203 3902 650 651
r0graph=Data(x=[6, 16], edge_index=[2, 30], edge_attr=[30], y=-1.3594611934014402, pos=[6, 3])
input_node_feats_dim=16
input_edge_feats_dim=1
trainable params in model:  2737973
Log directory: logs/new-cyclo-mapped
checkpoint: None
num epochs: 3000
eval_per_epochs: 0
patience: 150
minimum_epochs: 0
models_to_save: []
clip_grad: 100
log_iterations: 100
lr: 0.0001
weight decay: 0.0001
lr scheduler: <class 'torch.optim.lr_scheduler.ReduceLROnPlateau'>
factor: 0.6
min_lr: 8e-06
mode: max
lr_scheduler_patience: 60
lr_verbose: True
In trainer, metrics is {'mae': MAE()} and std is 9.762939402167014
[Epoch 1; Iter   100/  488] train: loss: 1.7713276
[Epoch 1; Iter   200/  488] train: loss: 1.1636887
[Epoch 1; Iter   300/  488] train: loss: 1.0279171
[Epoch 1; Iter   400/  488] train: loss: 0.8200634
[Epoch 1] mae: 12.916457 val loss: 2.321710
Epochs with no improvement: [ 0 ] and the best   mae  was in  1
[Epoch 2; Iter    12/  488] train: loss: 0.9867302
[Epoch 2; Iter   112/  488] train: loss: 4.2219996
[Epoch 2; Iter   212/  488] train: loss: 0.6764354
[Epoch 2; Iter   312/  488] train: loss: 0.5679012
[Epoch 2; Iter   412/  488] train: loss: 2.0518210
[Epoch 2] mae: 11.900942 val loss: 2.013262
Epochs with no improvement: [ 0 ] and the best   mae  was in  2
[Epoch 3; Iter    24/  488] train: loss: 0.6198825
[Epoch 3; Iter   124/  488] train: loss: 1.9801347
[Epoch 3; Iter   224/  488] train: loss: 0.6616207
[Epoch 3; Iter   324/  488] train: loss: 0.5844219
[Epoch 3; Iter   424/  488] train: loss: 0.7624182
[Epoch 3] mae: 10.808014 val loss: 1.696185
Epochs with no improvement: [ 0 ] and the best   mae  was in  3
[Epoch 4; Iter    36/  488] train: loss: 1.4438131
[Epoch 4; Iter   136/  488] train: loss: 1.1311214
[Epoch 4; Iter   236/  488] train: loss: 0.4089927
[Epoch 4; Iter   336/  488] train: loss: 1.6489835
[Epoch 4; Iter   436/  488] train: loss: 0.9341683
[Epoch 4] mae: 9.444177 val loss: 1.341385
Epochs with no improvement: [ 0 ] and the best   mae  was in  4
[Epoch 5; Iter    48/  488] train: loss: 0.7936492
[Epoch 5; Iter   148/  488] train: loss: 1.2855700
[Epoch 5; Iter   248/  488] train: loss: 0.3929742
[Epoch 5; Iter   348/  488] train: loss: 1.1666362
[Epoch 5; Iter   448/  488] train: loss: 0.5235270
[Epoch 5] mae: 9.309440 val loss: 1.318153
Epochs with no improvement: [ 0 ] and the best   mae  was in  5
[Epoch 6; Iter    60/  488] train: loss: 0.6644421
[Epoch 6; Iter   160/  488] train: loss: 1.3738644
[Epoch 6; Iter   260/  488] train: loss: 1.9303370
[Epoch 6; Iter   360/  488] train: loss: 0.9026339
[Epoch 6; Iter   460/  488] train: loss: 0.9478601
[Epoch 6] mae: 9.301552 val loss: 1.309260
Epochs with no improvement: [ 0 ] and the best   mae  was in  6
[Epoch 7; Iter    72/  488] train: loss: 0.2212234
[Epoch 7; Iter   172/  488] train: loss: 0.9521308
[Epoch 7; Iter   272/  488] train: loss: 1.0340726
[Epoch 7; Iter   372/  488] train: loss: 1.2544183
[Epoch 7; Iter   472/  488] train: loss: 0.7745340
[Epoch 7] mae: 8.722582 val loss: 1.176669
Epochs with no improvement: [ 0 ] and the best   mae  was in  7
[Epoch 8; Iter    84/  488] train: loss: 0.6365948
[Epoch 8; Iter   184/  488] train: loss: 0.9516199
[Epoch 8; Iter   284/  488] train: loss: 0.7966185
[Epoch 8; Iter   384/  488] train: loss: 1.5381393
[Epoch 8; Iter   484/  488] train: loss: 0.2945892
[Epoch 8] mae: 8.758319 val loss: 1.180840
Epochs with no improvement: [ 1 ] and the best   mae  was in  7
[Epoch 9; Iter    96/  488] train: loss: 0.5174932
[Epoch 9; Iter   196/  488] train: loss: 1.0374293
[Epoch 9; Iter   296/  488] train: loss: 1.2005802
[Epoch 9; Iter   396/  488] train: loss: 0.7642264
[Epoch 9] mae: 8.347322 val loss: 1.088064
Epochs with no improvement: [ 0 ] and the best   mae  was in  9
[Epoch 10; Iter     8/  488] train: loss: 0.5530604
[Epoch 10; Iter   108/  488] train: loss: 2.1951699
[Epoch 10; Iter   208/  488] train: loss: 1.4522160
[Epoch 10; Iter   308/  488] train: loss: 0.8685706
[Epoch 10; Iter   408/  488] train: loss: 1.3824848
[Epoch 10] mae: 8.406254 val loss: 1.100261
Epochs with no improvement: [ 1 ] and the best   mae  was in  9
[Epoch 11; Iter    20/  488] train: loss: 0.4210083
[Epoch 11; Iter   120/  488] train: loss: 0.6659265
[Epoch 11; Iter   220/  488] train: loss: 0.7753789
[Epoch 11; Iter   320/  488] train: loss: 0.9688939
[Epoch 11; Iter   420/  488] train: loss: 2.8468475
[Epoch 11] mae: 7.937257 val loss: 1.004042
Epochs with no improvement: [ 0 ] and the best   mae  was in  11
[Epoch 12; Iter    32/  488] train: loss: 0.8129299
[Epoch 12; Iter   132/  488] train: loss: 0.9722165
[Epoch 12; Iter   232/  488] train: loss: 1.2537546
[Epoch 12; Iter   332/  488] train: loss: 0.9033654
[Epoch 12; Iter   432/  488] train: loss: 0.7595631
[Epoch 12] mae: 8.119844 val loss: 1.039432
Epochs with no improvement: [ 1 ] and the best   mae  was in  11
[Epoch 13; Iter    44/  488] train: loss: 0.6410335
[Epoch 13; Iter   144/  488] train: loss: 0.3683787
[Epoch 13; Iter   244/  488] train: loss: 0.3202199
[Epoch 13; Iter   344/  488] train: loss: 1.2401342
[Epoch 13; Iter   444/  488] train: loss: 0.5790880
[Epoch 13] mae: 8.207807 val loss: 1.059883
Epochs with no improvement: [ 2 ] and the best   mae  was in  11
[Epoch 14; Iter    56/  488] train: loss: 1.6518204
[Epoch 14; Iter   156/  488] train: loss: 1.4373947
[Epoch 14; Iter   256/  488] train: loss: 0.4241112
[Epoch 14; Iter   356/  488] train: loss: 0.6619074
[Epoch 14; Iter   456/  488] train: loss: 0.8203907
[Epoch 14] mae: 7.952244 val loss: 1.011850
Epochs with no improvement: [ 3 ] and the best   mae  was in  11
[Epoch 15; Iter    68/  488] train: loss: 0.7620058
[Epoch 15; Iter   168/  488] train: loss: 1.9352713
[Epoch 15; Iter   268/  488] train: loss: 0.5597577
[Epoch 15; Iter   368/  488] train: loss: 0.5404708
[Epoch 15; Iter   468/  488] train: loss: 2.3735507
[Epoch 15] mae: 8.012841 val loss: 1.015655
Epochs with no improvement: [ 4 ] and the best   mae  was in  11
[Epoch 16; Iter    80/  488] train: loss: 0.3659401
[Epoch 16; Iter   180/  488] train: loss: 1.1579729
[Epoch 16; Iter   280/  488] train: loss: 2.4503105
[Epoch 16; Iter   380/  488] train: loss: 0.6679343
[Epoch 16; Iter   480/  488] train: loss: 0.2506614
[Epoch 16] mae: 7.631930 val loss: 0.947828
Epochs with no improvement: [ 0 ] and the best   mae  was in  16
[Epoch 17; Iter    92/  488] train: loss: 0.6276733
[Epoch 17; Iter   192/  488] train: loss: 0.6213413
[Epoch 17; Iter   292/  488] train: loss: 1.1398644
[Epoch 17; Iter   392/  488] train: loss: 0.4620605
[Epoch 17] mae: 8.046301 val loss: 1.025298
Epochs with no improvement: [ 1 ] and the best   mae  was in  16
[Epoch 18; Iter     4/  488] train: loss: 1.0931418
[Epoch 18; Iter   104/  488] train: loss: 1.3115925
[Epoch 18; Iter   204/  488] train: loss: 1.4434581
[Epoch 18; Iter   304/  488] train: loss: 0.6574739
[Epoch 18; Iter   404/  488] train: loss: 0.4622792
[Epoch 18] mae: 7.737234 val loss: 0.965020
Epochs with no improvement: [ 2 ] and the best   mae  was in  16
[Epoch 19; Iter    16/  488] train: loss: 0.8992134
[Epoch 19; Iter   116/  488] train: loss: 1.9743571
[Epoch 19; Iter   216/  488] train: loss: 0.6314843
[Epoch 19; Iter   316/  488] train: loss: 1.6053395
[Epoch 19; Iter   416/  488] train: loss: 1.0040907
[Epoch 19] mae: 7.833494 val loss: 0.981135
Epochs with no improvement: [ 3 ] and the best   mae  was in  16
[Epoch 20; Iter    28/  488] train: loss: 1.0938534
[Epoch 20; Iter   128/  488] train: loss: 0.9306746
[Epoch 20; Iter   228/  488] train: loss: 3.2500648
[Epoch 20; Iter   328/  488] train: loss: 0.9988691
[Epoch 20; Iter   428/  488] train: loss: 0.5841502
[Epoch 20] mae: 8.060627 val loss: 1.025258
Epochs with no improvement: [ 4 ] and the best   mae  was in  16
[Epoch 21; Iter    40/  488] train: loss: 0.5895340
[Epoch 21; Iter   140/  488] train: loss: 1.3173615
[Epoch 21; Iter   240/  488] train: loss: 1.1166642
[Epoch 21; Iter   340/  488] train: loss: 0.4515854
[Epoch 21; Iter   440/  488] train: loss: 0.4932438
[Epoch 21] mae: 7.652218 val loss: 0.952017
Epochs with no improvement: [ 5 ] and the best   mae  was in  16
[Epoch 22; Iter    52/  488] train: loss: 0.8084437
[Epoch 22; Iter   152/  488] train: loss: 1.3652899
[Epoch 22; Iter   252/  488] train: loss: 0.4016277
[Epoch 22; Iter   352/  488] train: loss: 0.7311140
[Epoch 22; Iter   452/  488] train: loss: 2.2123008
[Epoch 22] mae: 7.835086 val loss: 0.983977
Epochs with no improvement: [ 6 ] and the best   mae  was in  16
[Epoch 23; Iter    64/  488] train: loss: 0.9809121
[Epoch 23; Iter   164/  488] train: loss: 0.5325550
[Epoch 23; Iter   264/  488] train: loss: 0.4175870
[Epoch 23; Iter   364/  488] train: loss: 2.3832552
[Epoch 23; Iter   464/  488] train: loss: 2.0549061
[Epoch 23] mae: 7.631106 val loss: 0.946282
Epochs with no improvement: [ 0 ] and the best   mae  was in  23
[Epoch 24; Iter    76/  488] train: loss: 1.7420524
[Epoch 24; Iter   176/  488] train: loss: 1.0906534
[Epoch 24; Iter   276/  488] train: loss: 0.8816279
[Epoch 24; Iter   376/  488] train: loss: 0.9251468
[Epoch 24; Iter   476/  488] train: loss: 2.8559725
[Epoch 24] mae: 7.801435 val loss: 0.974419
Epochs with no improvement: [ 1 ] and the best   mae  was in  23
[Epoch 25; Iter    88/  488] train: loss: 0.5213939
[Epoch 25; Iter   188/  488] train: loss: 2.2623527
[Epoch 25; Iter   288/  488] train: loss: 0.4952475
[Epoch 25; Iter   388/  488] train: loss: 1.1489159
[Epoch 25; Iter   488/  488] train: loss: 0.5530720
[Epoch 25] mae: 7.710467 val loss: 0.958741
Epochs with no improvement: [ 2 ] and the best   mae  was in  23
[Epoch 26; Iter   100/  488] train: loss: 0.6991239
[Epoch 26; Iter   200/  488] train: loss: 0.3042518
[Epoch 26; Iter   300/  488] train: loss: 0.8726442
[Epoch 26; Iter   400/  488] train: loss: 0.6587880
[Epoch 26] mae: 7.668089 val loss: 0.953592
Epochs with no improvement: [ 3 ] and the best   mae  was in  23
[Epoch 27; Iter    12/  488] train: loss: 0.7238783
[Epoch 27; Iter   112/  488] train: loss: 0.9866905
[Epoch 27; Iter   212/  488] train: loss: 0.6024177
[Epoch 27; Iter   312/  488] train: loss: 1.1981523
[Epoch 27; Iter   412/  488] train: loss: 1.1219698
[Epoch 27] mae: 7.722227 val loss: 0.962146
Epochs with no improvement: [ 4 ] and the best   mae  was in  23
[Epoch 28; Iter    24/  488] train: loss: 1.2381291
[Epoch 28; Iter   124/  488] train: loss: 0.7923509
[Epoch 28; Iter   224/  488] train: loss: 0.7324415
[Epoch 28; Iter   324/  488] train: loss: 0.8202187
[Epoch 28; Iter   424/  488] train: loss: 0.6516497
[Epoch 28] mae: 7.944856 val loss: 1.003190
Epochs with no improvement: [ 5 ] and the best   mae  was in  23
[Epoch 29; Iter    36/  488] train: loss: 1.0549412
[Epoch 29; Iter   136/  488] train: loss: 0.5770520
[Epoch 29; Iter   236/  488] train: loss: 0.6209725
[Epoch 29; Iter   336/  488] train: loss: 0.9846298
[Epoch 29; Iter   436/  488] train: loss: 0.3977631
[Epoch 29] mae: 7.620410 val loss: 0.946138
Epochs with no improvement: [ 0 ] and the best   mae  was in  29
[Epoch 30; Iter    48/  488] train: loss: 0.5931192
[Epoch 30; Iter   148/  488] train: loss: 1.0974642
[Epoch 30; Iter   248/  488] train: loss: 1.1982009
[Epoch 30; Iter   348/  488] train: loss: 1.0101919
[Epoch 30; Iter   448/  488] train: loss: 0.7331551
[Epoch 30] mae: 7.672512 val loss: 0.953532
Epochs with no improvement: [ 1 ] and the best   mae  was in  29
[Epoch 31; Iter    60/  488] train: loss: 0.5208045
[Epoch 31; Iter   160/  488] train: loss: 1.1380084
[Epoch 31; Iter   260/  488] train: loss: 0.5090042
[Epoch 31; Iter   360/  488] train: loss: 1.1217271
[Epoch 31; Iter   460/  488] train: loss: 0.8765486
[Epoch 31] mae: 7.856023 val loss: 0.986259
Epochs with no improvement: [ 2 ] and the best   mae  was in  29
[Epoch 32; Iter    72/  488] train: loss: 1.7477615
[Epoch 32; Iter   172/  488] train: loss: 0.6204164
[Epoch 32; Iter   272/  488] train: loss: 0.3791970
[Epoch 32; Iter   372/  488] train: loss: 0.3536323
[Epoch 32; Iter   472/  488] train: loss: 3.7799842
[Epoch 32] mae: 7.685799 val loss: 0.956427
Epochs with no improvement: [ 3 ] and the best   mae  was in  29
[Epoch 33; Iter    84/  488] train: loss: 1.2423112
[Epoch 33; Iter   184/  488] train: loss: 0.3700479
[Epoch 33; Iter   284/  488] train: loss: 0.4755474
[Epoch 33; Iter   384/  488] train: loss: 0.4339954
[Epoch 33; Iter   484/  488] train: loss: 0.6340399
[Epoch 33] mae: 7.691802 val loss: 0.957121
Epochs with no improvement: [ 4 ] and the best   mae  was in  29
[Epoch 34; Iter    96/  488] train: loss: 0.9765196
[Epoch 34; Iter   196/  488] train: loss: 1.6720688
[Epoch 34; Iter   296/  488] train: loss: 1.1278069
[Epoch 34; Iter   396/  488] train: loss: 1.0923367
[Epoch 34] mae: 7.819512 val loss: 0.981474
Epochs with no improvement: [ 5 ] and the best   mae  was in  29
[Epoch 35; Iter     8/  488] train: loss: 0.7624444
[Epoch 35; Iter   108/  488] train: loss: 1.2403375
[Epoch 35; Iter   208/  488] train: loss: 1.9747587
[Epoch 35; Iter   308/  488] train: loss: 0.9445940
[Epoch 35; Iter   408/  488] train: loss: 0.9226143
[Epoch 35] mae: 7.635415 val loss: 0.946314
Epochs with no improvement: [ 6 ] and the best   mae  was in  29
[Epoch 36; Iter    20/  488] train: loss: 1.1716323
[Epoch 36; Iter   120/  488] train: loss: 0.5853083
[Epoch 36; Iter   220/  488] train: loss: 0.6138967
[Epoch 36; Iter   320/  488] train: loss: 0.4671590
[Epoch 36; Iter   420/  488] train: loss: 1.0328187
[Epoch 36] mae: 7.849334 val loss: 0.985271
Epochs with no improvement: [ 7 ] and the best   mae  was in  29
[Epoch 37; Iter    32/  488] train: loss: 0.5517294
[Epoch 37; Iter   132/  488] train: loss: 0.9309432
[Epoch 37; Iter   232/  488] train: loss: 0.9814116
[Epoch 37; Iter   332/  488] train: loss: 0.6942151
[Epoch 37; Iter   432/  488] train: loss: 1.1575556
[Epoch 37] mae: 7.477307 val loss: 0.925066
Epochs with no improvement: [ 0 ] and the best   mae  was in  37
[Epoch 38; Iter    44/  488] train: loss: 1.3183795
[Epoch 38; Iter   144/  488] train: loss: 1.0356318
[Epoch 38; Iter   244/  488] train: loss: 0.4493086
[Epoch 38; Iter   344/  488] train: loss: 1.7395985
[Epoch 38; Iter   444/  488] train: loss: 0.5294278
[Epoch 38] mae: 7.482289 val loss: 0.928497
Epochs with no improvement: [ 1 ] and the best   mae  was in  37
[Epoch 39; Iter    56/  488] train: loss: 1.5354961
[Epoch 39; Iter   156/  488] train: loss: 0.8527427
[Epoch 39; Iter   256/  488] train: loss: 1.2745345
[Epoch 39; Iter   356/  488] train: loss: 0.5441283
[Epoch 39; Iter   456/  488] train: loss: 1.0330840
[Epoch 39] mae: 7.659401 val loss: 0.949836
Epochs with no improvement: [ 2 ] and the best   mae  was in  37
[Epoch 40; Iter    68/  488] train: loss: 0.4341341
[Epoch 40; Iter   168/  488] train: loss: 0.5735168
[Epoch 40; Iter   268/  488] train: loss: 2.0352283
[Epoch 40; Iter   368/  488] train: loss: 1.0444579
[Epoch 40; Iter   468/  488] train: loss: 0.6213999
[Epoch 40] mae: 7.614662 val loss: 0.942771
Epochs with no improvement: [ 3 ] and the best   mae  was in  37
[Epoch 41; Iter    80/  488] train: loss: 0.7833453
[Epoch 41; Iter   180/  488] train: loss: 0.7524017
[Epoch 41; Iter   280/  488] train: loss: 1.2151749
[Epoch 41; Iter   380/  488] train: loss: 0.8629341
[Epoch 41; Iter   480/  488] train: loss: 0.7599726
[Epoch 41] mae: 7.525447 val loss: 0.929998
Epochs with no improvement: [ 4 ] and the best   mae  was in  37
[Epoch 42; Iter    92/  488] train: loss: 0.8990356
[Epoch 42; Iter   192/  488] train: loss: 0.5406528
[Epoch 42; Iter   292/  488] train: loss: 0.8209356
[Epoch 42; Iter   392/  488] train: loss: 0.6278430
[Epoch 42] mae: 7.598048 val loss: 0.940548
Epochs with no improvement: [ 5 ] and the best   mae  was in  37
[Epoch 43; Iter     4/  488] train: loss: 0.4482405
[Epoch 43; Iter   104/  488] train: loss: 1.8017827
[Epoch 43; Iter   204/  488] train: loss: 0.8715785
[Epoch 43; Iter   304/  488] train: loss: 0.4593503
[Epoch 43; Iter   404/  488] train: loss: 0.4208359
[Epoch 43] mae: 7.510327 val loss: 0.927601
Epochs with no improvement: [ 6 ] and the best   mae  was in  37
[Epoch 44; Iter    16/  488] train: loss: 0.8592122
[Epoch 44; Iter   116/  488] train: loss: 0.7430735
[Epoch 44; Iter   216/  488] train: loss: 1.0267103
[Epoch 44; Iter   316/  488] train: loss: 1.9282697
[Epoch 44; Iter   416/  488] train: loss: 0.8279278
[Epoch 44] mae: 7.499514 val loss: 0.927612
Epochs with no improvement: [ 7 ] and the best   mae  was in  37
[Epoch 45; Iter    28/  488] train: loss: 1.1110954
[Epoch 45; Iter   128/  488] train: loss: 1.7686872
[Epoch 45; Iter   228/  488] train: loss: 0.2948079
[Epoch 45; Iter   328/  488] train: loss: 0.7896690
[Epoch 45; Iter   428/  488] train: loss: 1.2587577
[Epoch 45] mae: 7.727755 val loss: 0.964436
Epochs with no improvement: [ 8 ] and the best   mae  was in  37
[Epoch 46; Iter    40/  488] train: loss: 0.6199000
[Epoch 46; Iter   140/  488] train: loss: 0.6486075
[Epoch 46; Iter   240/  488] train: loss: 0.6950585
[Epoch 46; Iter   340/  488] train: loss: 0.8404332
[Epoch 46; Iter   440/  488] train: loss: 0.6649351
[Epoch 46] mae: 7.782060 val loss: 0.972820
Epochs with no improvement: [ 9 ] and the best   mae  was in  37
[Epoch 47; Iter    52/  488] train: loss: 0.6052623
[Epoch 47; Iter   152/  488] train: loss: 1.0591674
[Epoch 47; Iter   252/  488] train: loss: 1.7803833
[Epoch 47; Iter   352/  488] train: loss: 0.7754827
[Epoch 47; Iter   452/  488] train: loss: 0.8444399
[Epoch 47] mae: 7.515964 val loss: 0.931460
Epochs with no improvement: [ 10 ] and the best   mae  was in  37
[Epoch 48; Iter    64/  488] train: loss: 1.0835712
[Epoch 48; Iter   164/  488] train: loss: 0.9657670
[Epoch 48; Iter   264/  488] train: loss: 0.5364163
[Epoch 48; Iter   364/  488] train: loss: 0.4322786
[Epoch 48; Iter   464/  488] train: loss: 1.0160736
[Epoch 48] mae: 7.672369 val loss: 0.954041
Epochs with no improvement: [ 11 ] and the best   mae  was in  37
[Epoch 49; Iter    76/  488] train: loss: 0.9200136
[Epoch 49; Iter   176/  488] train: loss: 0.6672404
[Epoch 49; Iter   276/  488] train: loss: 0.3561226
[Epoch 49; Iter   376/  488] train: loss: 0.7142351
[Epoch 49; Iter   476/  488] train: loss: 1.8437243
[Epoch 49] mae: 7.862698 val loss: 0.989154
Epochs with no improvement: [ 12 ] and the best   mae  was in  37
[Epoch 50; Iter    88/  488] train: loss: 0.4402006
[Epoch 50; Iter   188/  488] train: loss: 0.8871052
[Epoch 50; Iter   288/  488] train: loss: 0.3455341
[Epoch 50; Iter   388/  488] train: loss: 0.7290648
[Epoch 50; Iter   488/  488] train: loss: 0.4877253
[Epoch 50] mae: 7.608903 val loss: 0.943343
Epochs with no improvement: [ 13 ] and the best   mae  was in  37
[Epoch 51; Iter   100/  488] train: loss: 0.5348271
[Epoch 51; Iter   200/  488] train: loss: 0.4188988
[Epoch 51; Iter   300/  488] train: loss: 1.3236765
[Epoch 51; Iter   400/  488] train: loss: 0.6023709
[Epoch 51] mae: 7.588526 val loss: 0.940154
Epochs with no improvement: [ 14 ] and the best   mae  was in  37
[Epoch 52; Iter    12/  488] train: loss: 0.7650193
[Epoch 52; Iter   112/  488] train: loss: 1.0725292
[Epoch 52; Iter   212/  488] train: loss: 0.4764470
[Epoch 52; Iter   312/  488] train: loss: 0.9428360
[Epoch 52; Iter   412/  488] train: loss: 1.3501693
[Epoch 52] mae: 7.489018 val loss: 0.929050
Epochs with no improvement: [ 15 ] and the best   mae  was in  37
[Epoch 53; Iter    24/  488] train: loss: 1.3629031
[Epoch 53; Iter   124/  488] train: loss: 0.1806903
[Epoch 53; Iter   224/  488] train: loss: 1.0418471
[Epoch 53; Iter   324/  488] train: loss: 1.2633289
[Epoch 53; Iter   424/  488] train: loss: 0.7629133
[Epoch 53] mae: 7.781160 val loss: 0.972987
Epochs with no improvement: [ 16 ] and the best   mae  was in  37
[Epoch 54; Iter    36/  488] train: loss: 0.6487659
[Epoch 54; Iter   136/  488] train: loss: 1.0098112
[Epoch 54; Iter   236/  488] train: loss: 0.7122829
[Epoch 54; Iter   336/  488] train: loss: 0.4945912
[Epoch 54; Iter   436/  488] train: loss: 0.4863073
[Epoch 54] mae: 7.687683 val loss: 0.956297
Epochs with no improvement: [ 17 ] and the best   mae  was in  37
[Epoch 55; Iter    48/  488] train: loss: 1.1700732
[Epoch 55; Iter   148/  488] train: loss: 1.1651878
[Epoch 55; Iter   248/  488] train: loss: 0.6140198
[Epoch 55; Iter   348/  488] train: loss: 0.4996136
[Epoch 55; Iter   448/  488] train: loss: 1.0742359
[Epoch 55] mae: 7.457045 val loss: 0.930443
Epochs with no improvement: [ 0 ] and the best   mae  was in  55
[Epoch 56; Iter    60/  488] train: loss: 1.1012505
[Epoch 56; Iter   160/  488] train: loss: 0.6293328
[Epoch 56; Iter   260/  488] train: loss: 1.0372419
[Epoch 56; Iter   360/  488] train: loss: 0.9672037
[Epoch 56; Iter   460/  488] train: loss: 0.4246798
[Epoch 56] mae: 7.511074 val loss: 0.928730
Epochs with no improvement: [ 1 ] and the best   mae  was in  55
[Epoch 57; Iter    72/  488] train: loss: 0.2705757
[Epoch 57; Iter   172/  488] train: loss: 0.5461054
[Epoch 57; Iter   272/  488] train: loss: 0.3554477
[Epoch 57; Iter   372/  488] train: loss: 0.4779553
[Epoch 57; Iter   472/  488] train: loss: 0.4747136
[Epoch 57] mae: 7.487082 val loss: 0.924520
Epochs with no improvement: [ 2 ] and the best   mae  was in  55
[Epoch 58; Iter    84/  488] train: loss: 0.7232603
[Epoch 58; Iter   184/  488] train: loss: 0.7424031
[Epoch 58; Iter   284/  488] train: loss: 1.2503445
[Epoch 58; Iter   384/  488] train: loss: 0.5829593
[Epoch 58; Iter   484/  488] train: loss: 0.6996365
[Epoch 58] mae: 7.515322 val loss: 0.928700
Epochs with no improvement: [ 3 ] and the best   mae  was in  55
[Epoch 59; Iter    96/  488] train: loss: 1.6816115
[Epoch 59; Iter   196/  488] train: loss: 0.8957095
[Epoch 59; Iter   296/  488] train: loss: 2.1283212
[Epoch 59; Iter   396/  488] train: loss: 0.4152131
[Epoch 59] mae: 7.461076 val loss: 0.924053
Epochs with no improvement: [ 4 ] and the best   mae  was in  55
[Epoch 60; Iter     8/  488] train: loss: 0.9740823
[Epoch 60; Iter   108/  488] train: loss: 0.7155576
[Epoch 60; Iter   208/  488] train: loss: 2.5481045
[Epoch 60; Iter   308/  488] train: loss: 1.3675225
[Epoch 60; Iter   408/  488] train: loss: 0.8155106
[Epoch 60] mae: 7.703018 val loss: 0.959927
Epochs with no improvement: [ 5 ] and the best   mae  was in  55
[Epoch 61; Iter    20/  488] train: loss: 0.9009115
[Epoch 61; Iter   120/  488] train: loss: 0.7116452
[Epoch 61; Iter   220/  488] train: loss: 1.5904582
[Epoch 61; Iter   320/  488] train: loss: 0.5266877
[Epoch 61; Iter   420/  488] train: loss: 0.3559754
[Epoch 61] mae: 7.582930 val loss: 0.938069
Epochs with no improvement: [ 6 ] and the best   mae  was in  55
[Epoch 62; Iter    32/  488] train: loss: 1.3813654
[Epoch 62; Iter   132/  488] train: loss: 0.8429197
[Epoch 62; Iter   232/  488] train: loss: 0.6159332
[Epoch 62; Iter   332/  488] train: loss: 0.8147137
[Epoch 62; Iter   432/  488] train: loss: 0.3895696
Epoch 00062: reducing learning rate of group 0 to 6.0000e-05.
[Epoch 62] mae: 7.508857 val loss: 0.927914
Epochs with no improvement: [ 7 ] and the best   mae  was in  55
[Epoch 63; Iter    44/  488] train: loss: 0.6316026
[Epoch 63; Iter   144/  488] train: loss: 0.5576729
[Epoch 63; Iter   244/  488] train: loss: 0.7027661
[Epoch 63; Iter   344/  488] train: loss: 0.2607478
[Epoch 63; Iter   444/  488] train: loss: 0.6321788
[Epoch 63] mae: 7.541693 val loss: 0.932277
Epochs with no improvement: [ 8 ] and the best   mae  was in  55
[Epoch 64; Iter    56/  488] train: loss: 0.3436757
[Epoch 64; Iter   156/  488] train: loss: 1.3404282
[Epoch 64; Iter   256/  488] train: loss: 1.0504254
[Epoch 64; Iter   356/  488] train: loss: 1.7076635
[Epoch 64; Iter   456/  488] train: loss: 1.8785216
[Epoch 64] mae: 7.515446 val loss: 0.928505
Epochs with no improvement: [ 9 ] and the best   mae  was in  55
[Epoch 65; Iter    68/  488] train: loss: 0.4945918
[Epoch 65; Iter   168/  488] train: loss: 1.0460911
[Epoch 65; Iter   268/  488] train: loss: 0.3026970
[Epoch 65; Iter   368/  488] train: loss: 1.0319983
[Epoch 65; Iter   468/  488] train: loss: 0.3835752
[Epoch 65] mae: 7.517500 val loss: 0.927412
Epochs with no improvement: [ 10 ] and the best   mae  was in  55
[Epoch 66; Iter    80/  488] train: loss: 0.4628175
[Epoch 66; Iter   180/  488] train: loss: 0.3025033
[Epoch 66; Iter   280/  488] train: loss: 0.7667804
[Epoch 66; Iter   380/  488] train: loss: 0.3828082
[Epoch 66; Iter   480/  488] train: loss: 1.4544094
[Epoch 66] mae: 7.715740 val loss: 0.960217
Epochs with no improvement: [ 11 ] and the best   mae  was in  55
[Epoch 67; Iter    92/  488] train: loss: 1.0314090
