/usr/share/lmod/lmod/init/sh: line 20: /usr/share/lmod/lmod/libexec//clearMT_cmd: No such file or directory
True
W&B enabled.
wandb: Currently logged in as: puckvg (equireact). Use `wandb login --relogin` to force relogin
wandb: wandb version 0.15.1 is available!  To upgrade, please run:
wandb:  $ pip install wandb --upgrade
wandb: Tracking run with wandb version 0.14.2
wandb: Run data is saved locally in /home/vangerwe/NequiReact/wandb/run-20230503_120454-ybt9czco
wandb: Run `wandb offline` to turn off syncing.
wandb: Syncing run brisk-plasma-32
wandb:  View project at https://wandb.ai/equireact/nequireact
wandb:  View run at https://wandb.ai/equireact/nequireact/runs/ybt9czco
Traceback (most recent call last):
  File "/home/vangerwe/NequiReact/train.py", line 224, in <module>
    dropout_p=dropout_p)
NameError: name 'dropout_p' is not defined
wandb: Waiting for W&B process to finish... (failed 1). Press Control-C to abort syncing.
wandb: 🚀 View run brisk-plasma-32 at: https://wandb.ai/equireact/nequireact/runs/ybt9czco
wandb: Synced 6 W&B file(s), 0 media file(s), 2 artifact file(s) and 0 other file(s)
wandb: Find logs at: ./wandb/run-20230503_120454-ybt9czco/logs
