Fold 0
Model 0 best validation mae = 7.116951 on epoch 248
Model 0 test mae = 6.235914
Ensemble test mae = 6.235914
Fold 1
Model 0 best validation mae = 6.172328 on epoch 256
Model 0 test mae = 6.076014
Ensemble test mae = 6.076014
Fold 2
Model 0 best validation mae = 6.309722 on epoch 142
Model 0 test mae = 7.217670
Ensemble test mae = 7.217670
Fold 3
Model 0 best validation mae = 6.352687 on epoch 292
Model 0 test mae = 6.642890
Ensemble test mae = 6.642890
Fold 4
Model 0 best validation mae = 6.462443 on epoch 248
Model 0 test mae = 6.862419
Ensemble test mae = 6.862419
Fold 5
Model 0 best validation mae = 6.648231 on epoch 239
Model 0 test mae = 6.252922
Ensemble test mae = 6.252922
Fold 6
Model 0 best validation mae = 5.634423 on epoch 236
Model 0 test mae = 6.979986
Ensemble test mae = 6.979986
Fold 7
Model 0 best validation mae = 6.962532 on epoch 218
Model 0 test mae = 6.484037
Ensemble test mae = 6.484037
Fold 8
Model 0 best validation mae = 6.771233 on epoch 198
Model 0 test mae = 6.805157
Ensemble test mae = 6.805157
Fold 9
Model 0 best validation mae = 6.481066 on epoch 187
Model 0 test mae = 6.599329
Ensemble test mae = 6.599329
10-fold cross validation
	Seed 0 ==> test mae = 6.235914
	Seed 1 ==> test mae = 6.076014
	Seed 2 ==> test mae = 7.217670
	Seed 3 ==> test mae = 6.642890
	Seed 4 ==> test mae = 6.862419
	Seed 5 ==> test mae = 6.252922
	Seed 6 ==> test mae = 6.979986
	Seed 7 ==> test mae = 6.484037
	Seed 8 ==> test mae = 6.805157
	Seed 9 ==> test mae = 6.599329
Overall test mae = 6.615634 +/- 0.343116
Elapsed time = 20:25:29
