Fold 0
Model 0 best validation mae = 1.490430 on epoch 53
Model 0 test mae = 1.523112
Ensemble test mae = 1.523112
Fold 1
Model 0 best validation mae = 1.629196 on epoch 0
Model 0 test mae = 1.786103
Ensemble test mae = 1.786103
Fold 2
Model 0 best validation mae = 1.762449 on epoch 4
Model 0 test mae = 1.753659
Ensemble test mae = 1.753659
Fold 3
Model 0 best validation mae = 1.620082 on epoch 53
Model 0 test mae = 1.672339
Ensemble test mae = 1.672339
Fold 4
Model 0 best validation mae = 1.504050 on epoch 98
Model 0 test mae = 1.350169
Ensemble test mae = 1.350169
Fold 5
Model 0 best validation mae = 1.385913 on epoch 38
Model 0 test mae = 1.556306
Ensemble test mae = 1.556306
Fold 6
Model 0 best validation mae = 1.328933 on epoch 22
Model 0 test mae = 1.585716
Ensemble test mae = 1.585716
Fold 7
Model 0 best validation mae = 1.596990 on epoch 60
Model 0 test mae = 1.608647
Ensemble test mae = 1.608647
Fold 8
Model 0 best validation mae = 1.553693 on epoch 10
Model 0 test mae = 1.576725
Ensemble test mae = 1.576725
Fold 9
Model 0 best validation mae = 1.327343 on epoch 8
Model 0 test mae = 1.516096
Ensemble test mae = 1.516096
10-fold cross validation
	Seed 0 ==> test mae = 1.523112
	Seed 1 ==> test mae = 1.786103
	Seed 2 ==> test mae = 1.753659
	Seed 3 ==> test mae = 1.672339
	Seed 4 ==> test mae = 1.350169
	Seed 5 ==> test mae = 1.556306
	Seed 6 ==> test mae = 1.585716
	Seed 7 ==> test mae = 1.608647
	Seed 8 ==> test mae = 1.576725
	Seed 9 ==> test mae = 1.516096
Overall test mae = 1.592887 +/- 0.118773
Elapsed time = 1:19:52
