Fold 0
Model 0 best validation mae = 6.725954 on epoch 273
Model 0 test mae = 6.645503
Ensemble test mae = 6.645503
Fold 1
Model 0 best validation mae = 6.669178 on epoch 298
Model 0 test mae = 6.655048
Ensemble test mae = 6.655048
Fold 2
Model 0 best validation mae = 6.755453 on epoch 252
Model 0 test mae = 6.662522
Ensemble test mae = 6.662522
Fold 3
Model 0 best validation mae = 6.625950 on epoch 294
Model 0 test mae = 6.703399
Ensemble test mae = 6.703399
Fold 4
Model 0 best validation mae = 6.677730 on epoch 288
Model 0 test mae = 6.649495
Ensemble test mae = 6.649495
Fold 5
Model 0 best validation mae = 6.771711 on epoch 269
Model 0 test mae = 6.685031
Ensemble test mae = 6.685031
Fold 6
Model 0 best validation mae = 6.549927 on epoch 290
Model 0 test mae = 6.657184
Ensemble test mae = 6.657184
Fold 7
Model 0 best validation mae = 6.659530 on epoch 291
Model 0 test mae = 6.761195
Ensemble test mae = 6.761195
Fold 8
Model 0 best validation mae = 6.674846 on epoch 245
Model 0 test mae = 6.713438
Ensemble test mae = 6.713438
Fold 9
Model 0 best validation mae = 6.689493 on epoch 295
Model 0 test mae = 6.569643
Ensemble test mae = 6.569643
10-fold cross validation
	Seed 0 ==> test mae = 6.645503
	Seed 1 ==> test mae = 6.655048
	Seed 2 ==> test mae = 6.662522
	Seed 3 ==> test mae = 6.703399
	Seed 4 ==> test mae = 6.649495
	Seed 5 ==> test mae = 6.685031
	Seed 6 ==> test mae = 6.657184
	Seed 7 ==> test mae = 6.761195
	Seed 8 ==> test mae = 6.713438
	Seed 9 ==> test mae = 6.569643
Overall test mae = 6.670246 +/- 0.048042
Elapsed time = 1 day, 23:47:19
