Fold 0
Model 0 best validation mae = 1.128427 on epoch 22
Model 0 test mae = 1.740180
Ensemble test mae = 1.740180
Fold 1
Model 0 best validation mae = 1.567909 on epoch 14
Model 0 test mae = 1.922953
Ensemble test mae = 1.922953
Fold 2
Model 0 best validation mae = 1.660651 on epoch 85
Model 0 test mae = 1.501872
Ensemble test mae = 1.501872
Fold 3
Model 0 best validation mae = 1.401126 on epoch 84
Model 0 test mae = 1.239646
Ensemble test mae = 1.239646
Fold 4
Model 0 best validation mae = 1.502128 on epoch 121
Model 0 test mae = 1.418511
Ensemble test mae = 1.418511
Fold 5
Model 0 best validation mae = 1.322591 on epoch 152
Model 0 test mae = 1.670977
Ensemble test mae = 1.670977
Fold 6
Model 0 best validation mae = 1.380014 on epoch 6
Model 0 test mae = 1.363774
Ensemble test mae = 1.363774
Fold 7
Model 0 best validation mae = 1.070220 on epoch 22
Model 0 test mae = 1.963390
Ensemble test mae = 1.963390
Fold 8
Model 0 best validation mae = 1.272993 on epoch 36
Model 0 test mae = 1.567785
Ensemble test mae = 1.567785
Fold 9
Model 0 best validation mae = 1.694336 on epoch 0
Model 0 test mae = 1.987839
Ensemble test mae = 1.987839
10-fold cross validation
	Seed 0 ==> test mae = 1.740180
	Seed 1 ==> test mae = 1.922953
	Seed 2 ==> test mae = 1.501872
	Seed 3 ==> test mae = 1.239646
	Seed 4 ==> test mae = 1.418511
	Seed 5 ==> test mae = 1.670977
	Seed 6 ==> test mae = 1.363774
	Seed 7 ==> test mae = 1.963390
	Seed 8 ==> test mae = 1.567785
	Seed 9 ==> test mae = 1.987839
Overall test mae = 1.637693 +/- 0.250303
Elapsed time = 1:01:49
