Fold 0
Model 0 best validation mae = 6.423726 on epoch 132
Model 0 test mae = 7.592303
Ensemble test mae = 7.592303
Fold 1
Model 0 best validation mae = 6.506903 on epoch 265
Model 0 test mae = 7.211683
Ensemble test mae = 7.211683
Fold 2
Model 0 best validation mae = 6.865132 on epoch 231
Model 0 test mae = 5.912298
Ensemble test mae = 5.912298
Fold 3
Model 0 best validation mae = 6.849038 on epoch 198
Model 0 test mae = 6.667590
Ensemble test mae = 6.667590
Fold 4
Model 0 best validation mae = 6.893985 on epoch 269
Model 0 test mae = 7.087493
Ensemble test mae = 7.087493
Fold 5
Model 0 best validation mae = 6.186728 on epoch 290
Model 0 test mae = 7.018731
Ensemble test mae = 7.018731
Fold 6
Model 0 best validation mae = 6.488792 on epoch 293
Model 0 test mae = 6.415662
Ensemble test mae = 6.415662
Fold 7
Model 0 best validation mae = 6.645111 on epoch 218
Model 0 test mae = 6.884120
Ensemble test mae = 6.884120
Fold 8
Model 0 best validation mae = 6.063500 on epoch 277
Model 0 test mae = 7.289408
Ensemble test mae = 7.289408
Fold 9
Model 0 best validation mae = 6.332076 on epoch 220
Model 0 test mae = 7.112564
Ensemble test mae = 7.112564
10-fold cross validation
	Seed 0 ==> test mae = 7.592303
	Seed 1 ==> test mae = 7.211683
	Seed 2 ==> test mae = 5.912298
	Seed 3 ==> test mae = 6.667590
	Seed 4 ==> test mae = 7.087493
	Seed 5 ==> test mae = 7.018731
	Seed 6 ==> test mae = 6.415662
	Seed 7 ==> test mae = 6.884120
	Seed 8 ==> test mae = 7.289408
	Seed 9 ==> test mae = 7.112564
Overall test mae = 6.919185 +/- 0.456424
Elapsed time = 1 day, 3:11:49
