Fold 0
Model 0 best validation mae = 9.751178 on epoch 295
Model 0 test mae = 9.956178
Ensemble test mae = 9.956178
Fold 1
Model 0 best validation mae = 9.861201 on epoch 292
Model 0 test mae = 10.192232
Ensemble test mae = 10.192232
Fold 2
Model 0 best validation mae = 9.911770 on epoch 277
Model 0 test mae = 9.741976
Ensemble test mae = 9.741976
Fold 3
Model 0 best validation mae = 9.697890 on epoch 294
Model 0 test mae = 9.689297
Ensemble test mae = 9.689297
Fold 4
Model 0 best validation mae = 9.688773 on epoch 296
Model 0 test mae = 9.797532
Ensemble test mae = 9.797532
Fold 5
Model 0 best validation mae = 9.929711 on epoch 279
Model 0 test mae = 9.815508
Ensemble test mae = 9.815508
Fold 6
Model 0 best validation mae = 9.597529 on epoch 288
Model 0 test mae = 9.545442
Ensemble test mae = 9.545442
Fold 7
Model 0 best validation mae = 9.980581 on epoch 229
Model 0 test mae = 9.886445
Ensemble test mae = 9.886445
Fold 8
Model 0 best validation mae = 9.436260 on epoch 253
Model 0 test mae = 9.483220
Ensemble test mae = 9.483220
Fold 9
Model 0 best validation mae = 9.625814 on epoch 153
Model 0 test mae = 9.834810
Ensemble test mae = 9.834810
10-fold cross validation
	Seed 0 ==> test mae = 9.956178
	Seed 1 ==> test mae = 10.192232
	Seed 2 ==> test mae = 9.741976
	Seed 3 ==> test mae = 9.689297
	Seed 4 ==> test mae = 9.797532
	Seed 5 ==> test mae = 9.815508
	Seed 6 ==> test mae = 9.545442
	Seed 7 ==> test mae = 9.886445
	Seed 8 ==> test mae = 9.483220
	Seed 9 ==> test mae = 9.834810
Overall test mae = 9.794264 +/- 0.191732
Elapsed time = 3:44:49
