Fold 0
Model 0 best validation mae = 5.953911 on epoch 209
Model 0 test mae = 6.482179
Ensemble test mae = 6.482179
Fold 1
Model 0 best validation mae = 6.088041 on epoch 294
Model 0 test mae = 6.324142
Ensemble test mae = 6.324142
Fold 2
Model 0 best validation mae = 6.151894 on epoch 244
Model 0 test mae = 6.043784
Ensemble test mae = 6.043784
Fold 3
Model 0 best validation mae = 6.080699 on epoch 288
Model 0 test mae = 6.122961
Ensemble test mae = 6.122961
Fold 4
Model 0 best validation mae = 6.290480 on epoch 269
Model 0 test mae = 6.327682
Ensemble test mae = 6.327682
Fold 5
Model 0 best validation mae = 6.260019 on epoch 238
Model 0 test mae = 6.139906
Ensemble test mae = 6.139906
Fold 6
Model 0 best validation mae = 6.230232 on epoch 139
Model 0 test mae = 5.920968
Ensemble test mae = 5.920968
Fold 7
Model 0 best validation mae = 6.161674 on epoch 266
Model 0 test mae = 6.218498
Ensemble test mae = 6.218498
Fold 8
Model 0 best validation mae = 6.200887 on epoch 202
Model 0 test mae = 6.521318
Ensemble test mae = 6.521318
Fold 9
Model 0 best validation mae = 6.287867 on epoch 285
Model 0 test mae = 6.268292
Ensemble test mae = 6.268292
10-fold cross validation
	Seed 0 ==> test mae = 6.482179
	Seed 1 ==> test mae = 6.324142
	Seed 2 ==> test mae = 6.043784
	Seed 3 ==> test mae = 6.122961
	Seed 4 ==> test mae = 6.327682
	Seed 5 ==> test mae = 6.139906
	Seed 6 ==> test mae = 5.920968
	Seed 7 ==> test mae = 6.218498
	Seed 8 ==> test mae = 6.521318
	Seed 9 ==> test mae = 6.268292
Overall test mae = 6.236973 +/- 0.178250
Elapsed time = 3:16:49
