Fold 0
Model 0 best validation mae = 1.476779 on epoch 37
Model 0 test mae = 1.513957
Ensemble test mae = 1.513957
Fold 1
Model 0 best validation mae = 1.633163 on epoch 3
Model 0 test mae = 1.791219
Ensemble test mae = 1.791219
Fold 2
Model 0 best validation mae = 1.758534 on epoch 4
Model 0 test mae = 1.782984
Ensemble test mae = 1.782984
Fold 3
Model 0 best validation mae = 1.627828 on epoch 92
Model 0 test mae = 1.672145
Ensemble test mae = 1.672145
Fold 4
Model 0 best validation mae = 1.504080 on epoch 2
Model 0 test mae = 1.334045
Ensemble test mae = 1.334045
Fold 5
Model 0 best validation mae = 1.350055 on epoch 18
Model 0 test mae = 1.597464
Ensemble test mae = 1.597464
Fold 6
Model 0 best validation mae = 1.346793 on epoch 65
Model 0 test mae = 1.631535
Ensemble test mae = 1.631535
Fold 7
Model 0 best validation mae = 1.585506 on epoch 91
Model 0 test mae = 1.601364
Ensemble test mae = 1.601364
Fold 8
Model 0 best validation mae = 1.546299 on epoch 110
Model 0 test mae = 1.614661
Ensemble test mae = 1.614661
Fold 9
Model 0 best validation mae = 1.343716 on epoch 157
Model 0 test mae = 1.516727
Ensemble test mae = 1.516727
10-fold cross validation
	Seed 0 ==> test mae = 1.513957
	Seed 1 ==> test mae = 1.791219
	Seed 2 ==> test mae = 1.782984
	Seed 3 ==> test mae = 1.672145
	Seed 4 ==> test mae = 1.334045
	Seed 5 ==> test mae = 1.597464
	Seed 6 ==> test mae = 1.631535
	Seed 7 ==> test mae = 1.601364
	Seed 8 ==> test mae = 1.614661
	Seed 9 ==> test mae = 1.516727
Overall test mae = 1.605610 +/- 0.126975
Elapsed time = 2:32:41
