Traceback (most recent call last):
  File "/home/puck/projects/NequiReact/train.py", line 186, in <module>
    #train(run_dir, CV=args.CV, device=args.device, num_epochs=args.num_epochs, checkpoint=args.checkpoint)
  File "/home/puck/projects/NequiReact/train.py", line 145, in train
  File "/home/puck/projects/NequiReact/trainer/trainer.py", line 130, in train
    self.predict(train_loader, optim=self.optim)
  File "/home/puck/projects/NequiReact/trainer/trainer.py", line 199, in predict
    for i, batch in enumerate(data_loader):
  File "/home/puck/anaconda3/envs/nequireact/lib/python3.10/site-packages/torch/utils/data/dataloader.py", line 634, in __next__
    data = self._next_data()
  File "/home/puck/anaconda3/envs/nequireact/lib/python3.10/site-packages/torch/utils/data/dataloader.py", line 678, in _next_data
    data = self._dataset_fetcher.fetch(index)  # may raise StopIteration
  File "/home/puck/anaconda3/envs/nequireact/lib/python3.10/site-packages/torch/utils/data/_utils/fetch.py", line 54, in fetch
    return self.collate_fn(data)
  File "/home/puck/projects/NequiReact/process/collate.py", line 8, in custom_collate
    return Batch.from_data_list(r_graph), r_atomtypes, r_coords, Batch.from_data_list(p_graph), p_atomtypes, p_coords, label, idx
  File "/home/puck/anaconda3/envs/nequireact/lib/python3.10/site-packages/torch_geometric/data/batch.py", line 76, in from_data_list
    batch, slice_dict, inc_dict = collate(
  File "/home/puck/anaconda3/envs/nequireact/lib/python3.10/site-packages/torch_geometric/data/collate.py", line 37, in collate
    out.stores_as(data_list[0])
AttributeError: 'listBatch' object has no attribute 'stores_as'
