Fold 0
Model 0 best validation mae = 2.755666 on epoch 249
Model 0 test mae = 2.893058
Ensemble test mae = 2.893058
Fold 1
Model 0 best validation mae = 2.627931 on epoch 35
Model 0 test mae = 2.827006
Ensemble test mae = 2.827006
Fold 2
Model 0 best validation mae = 2.758151 on epoch 42
Model 0 test mae = 2.567704
Ensemble test mae = 2.567704
Fold 3
Model 0 best validation mae = 2.707849 on epoch 95
Model 0 test mae = 2.712022
Ensemble test mae = 2.712022
Fold 4
Model 0 best validation mae = 2.742685 on epoch 56
Model 0 test mae = 2.646683
Ensemble test mae = 2.646683
Fold 5
Model 0 best validation mae = 2.692697 on epoch 78
Model 0 test mae = 2.743654
Ensemble test mae = 2.743654
Fold 6
Model 0 best validation mae = 2.677466 on epoch 225
Model 0 test mae = 2.708702
Ensemble test mae = 2.708702
Fold 7
Model 0 best validation mae = 2.660015 on epoch 200
Model 0 test mae = 2.941745
Ensemble test mae = 2.941745
Fold 8
Model 0 best validation mae = 2.621488 on epoch 73
Model 0 test mae = 2.749123
Ensemble test mae = 2.749123
Fold 9
Model 0 best validation mae = 2.594841 on epoch 211
Model 0 test mae = 2.928366
Ensemble test mae = 2.928366
10-fold cross validation
	Seed 0 ==> test mae = 2.893058
	Seed 1 ==> test mae = 2.827006
	Seed 2 ==> test mae = 2.567704
	Seed 3 ==> test mae = 2.712022
	Seed 4 ==> test mae = 2.646683
	Seed 5 ==> test mae = 2.743654
	Seed 6 ==> test mae = 2.708702
	Seed 7 ==> test mae = 2.941745
	Seed 8 ==> test mae = 2.749123
	Seed 9 ==> test mae = 2.928366
Overall test mae = 2.771806 +/- 0.117182
Elapsed time = 4:42:57
