Fold 0
Model 0 best validation mae = 2.802173 on epoch 21
Model 0 test mae = 3.334459
Ensemble test mae = 3.334459
Fold 1
Model 0 best validation mae = 2.836238 on epoch 69
Model 0 test mae = 2.976212
Ensemble test mae = 2.976212
Fold 2
Model 0 best validation mae = 2.685187 on epoch 53
Model 0 test mae = 2.936049
Ensemble test mae = 2.936049
Fold 3
Model 0 best validation mae = 3.144870 on epoch 15
Model 0 test mae = 3.346070
Ensemble test mae = 3.346070
Fold 4
Model 0 best validation mae = 2.770447 on epoch 40
Model 0 test mae = 2.449479
Ensemble test mae = 2.449479
Fold 5
Model 0 best validation mae = 2.790630 on epoch 70
Model 0 test mae = 2.753659
Ensemble test mae = 2.753659
Fold 6
Model 0 best validation mae = 3.147034 on epoch 36
Model 0 test mae = 2.838960
Ensemble test mae = 2.838960
Fold 7
Model 0 best validation mae = 2.740271 on epoch 33
Model 0 test mae = 2.832066
Ensemble test mae = 2.832066
Fold 8
Model 0 best validation mae = 2.952233 on epoch 183
Model 0 test mae = 2.711037
Ensemble test mae = 2.711037
Fold 9
Model 0 best validation mae = 2.937191 on epoch 155
Model 0 test mae = 3.024610
Ensemble test mae = 3.024610
10-fold cross validation
	Seed 0 ==> test mae = 3.334459
	Seed 1 ==> test mae = 2.976212
	Seed 2 ==> test mae = 2.936049
	Seed 3 ==> test mae = 3.346070
	Seed 4 ==> test mae = 2.449479
	Seed 5 ==> test mae = 2.753659
	Seed 6 ==> test mae = 2.838960
	Seed 7 ==> test mae = 2.832066
	Seed 8 ==> test mae = 2.711037
	Seed 9 ==> test mae = 3.024610
Overall test mae = 2.920260 +/- 0.259749
Elapsed time = 4:17:54
