Fold 0
Model 0 best validation mae = 6.661048 on epoch 273
Model 0 test mae = 6.985498
Ensemble test mae = 6.985498
Fold 1
Model 0 best validation mae = 6.526131 on epoch 250
Model 0 test mae = 7.038400
Ensemble test mae = 7.038400
Fold 2
Model 0 best validation mae = 6.304856 on epoch 298
Model 0 test mae = 6.743691
Ensemble test mae = 6.743691
Fold 3
Model 0 best validation mae = 6.509527 on epoch 230
Model 0 test mae = 6.676589
Ensemble test mae = 6.676589
Fold 4
Model 0 best validation mae = 6.787282 on epoch 235
Model 0 test mae = 6.787956
Ensemble test mae = 6.787956
Fold 5
Model 0 best validation mae = 6.832571 on epoch 217
Model 0 test mae = 6.674906
Ensemble test mae = 6.674906
Fold 6
Model 0 best validation mae = 6.871992 on epoch 297
Model 0 test mae = 6.614598
Ensemble test mae = 6.614598
Fold 7
Model 0 best validation mae = 6.949322 on epoch 274
Model 0 test mae = 6.760169
Ensemble test mae = 6.760169
Fold 8
Model 0 best validation mae = 6.427044 on epoch 272
Model 0 test mae = 6.623239
Ensemble test mae = 6.623239
Fold 9
Model 0 best validation mae = 6.733033 on epoch 241
Model 0 test mae = 6.735433
Ensemble test mae = 6.735433
10-fold cross validation
	Seed 0 ==> test mae = 6.985498
	Seed 1 ==> test mae = 7.038400
	Seed 2 ==> test mae = 6.743691
	Seed 3 ==> test mae = 6.676589
	Seed 4 ==> test mae = 6.787956
	Seed 5 ==> test mae = 6.674906
	Seed 6 ==> test mae = 6.614598
	Seed 7 ==> test mae = 6.760169
	Seed 8 ==> test mae = 6.623239
	Seed 9 ==> test mae = 6.735433
Overall test mae = 6.764048 +/- 0.135605
Elapsed time = 3:31:19
