Fold 0
Model 0 best validation mae = 2.392458 on epoch 179
Model 0 test mae = 2.705596
Ensemble test mae = 2.705596
Fold 1
Model 0 best validation mae = 2.805357 on epoch 34
Model 0 test mae = 2.559130
Ensemble test mae = 2.559130
Fold 2
Model 0 best validation mae = 2.731574 on epoch 36
Model 0 test mae = 2.622760
Ensemble test mae = 2.622760
Fold 3
Model 0 best validation mae = 2.341858 on epoch 43
Model 0 test mae = 2.915168
Ensemble test mae = 2.915168
Fold 4
Model 0 best validation mae = 2.580129 on epoch 127
Model 0 test mae = 2.958489
Ensemble test mae = 2.958489
Fold 5
Model 0 best validation mae = 2.704105 on epoch 54
Model 0 test mae = 2.660306
Ensemble test mae = 2.660306
Fold 6
Model 0 best validation mae = 2.598216 on epoch 272
Model 0 test mae = 2.693312
Ensemble test mae = 2.693312
Fold 7
Model 0 best validation mae = 2.545588 on epoch 277
Model 0 test mae = 2.456339
Ensemble test mae = 2.456339
Fold 8
Model 0 best validation mae = 2.742808 on epoch 60
Model 0 test mae = 2.589574
Ensemble test mae = 2.589574
Fold 9
Model 0 best validation mae = 2.741116 on epoch 68
Model 0 test mae = 2.925604
Ensemble test mae = 2.925604
10-fold cross validation
	Seed 0 ==> test mae = 2.705596
	Seed 1 ==> test mae = 2.559130
	Seed 2 ==> test mae = 2.622760
	Seed 3 ==> test mae = 2.915168
	Seed 4 ==> test mae = 2.958489
	Seed 5 ==> test mae = 2.660306
	Seed 6 ==> test mae = 2.693312
	Seed 7 ==> test mae = 2.456339
	Seed 8 ==> test mae = 2.589574
	Seed 9 ==> test mae = 2.925604
Overall test mae = 2.708628 +/- 0.161955
Elapsed time = 4:26:21
