Fold 0
Model 0 best validation mae = 8.145345 on epoch 237
Model 0 test mae = 9.070875
Ensemble test mae = 9.070875
Fold 1
Model 0 best validation mae = 8.856813 on epoch 246
Model 0 test mae = 8.795282
Ensemble test mae = 8.795282
Fold 2
Model 0 best validation mae = 8.535301 on epoch 262
Model 0 test mae = 8.334511
Ensemble test mae = 8.334511
Fold 3
Model 0 best validation mae = 8.704793 on epoch 257
Model 0 test mae = 8.373909
Ensemble test mae = 8.373909
Fold 4
Model 0 best validation mae = 8.537421 on epoch 206
Model 0 test mae = 8.721743
Ensemble test mae = 8.721743
Fold 5
Model 0 best validation mae = 8.349919 on epoch 226
Model 0 test mae = 8.572531
Ensemble test mae = 8.572531
Fold 6
Model 0 best validation mae = 7.909934 on epoch 145
Model 0 test mae = 9.042760
Ensemble test mae = 9.042760
Fold 7
Model 0 best validation mae = 8.761249 on epoch 219
Model 0 test mae = 8.990572
Ensemble test mae = 8.990572
Fold 8
Model 0 best validation mae = 8.306530 on epoch 178
Model 0 test mae = 8.782145
Ensemble test mae = 8.782145
Fold 9
Model 0 best validation mae = 8.655962 on epoch 261
Model 0 test mae = 8.764769
Ensemble test mae = 8.764769
10-fold cross validation
	Seed 0 ==> test mae = 9.070875
	Seed 1 ==> test mae = 8.795282
	Seed 2 ==> test mae = 8.334511
	Seed 3 ==> test mae = 8.373909
	Seed 4 ==> test mae = 8.721743
	Seed 5 ==> test mae = 8.572531
	Seed 6 ==> test mae = 9.042760
	Seed 7 ==> test mae = 8.990572
	Seed 8 ==> test mae = 8.782145
	Seed 9 ==> test mae = 8.764769
Overall test mae = 8.744910 +/- 0.244122
Elapsed time = 23:28:41
