Fold 0
Model 0 best validation mae = 2.795625 on epoch 119
Model 0 test mae = 2.836435
Ensemble test mae = 2.836435
Fold 1
Model 0 best validation mae = 2.651693 on epoch 52
Model 0 test mae = 2.916582
Ensemble test mae = 2.916582
Fold 2
Model 0 best validation mae = 2.674335 on epoch 51
Model 0 test mae = 2.612299
Ensemble test mae = 2.612299
Fold 3
Model 0 best validation mae = 2.736301 on epoch 55
Model 0 test mae = 2.701530
Ensemble test mae = 2.701530
Fold 4
Model 0 best validation mae = 2.645896 on epoch 60
Model 0 test mae = 2.577492
Ensemble test mae = 2.577492
Fold 5
Model 0 best validation mae = 2.695382 on epoch 254
Model 0 test mae = 2.673053
Ensemble test mae = 2.673053
Fold 6
Model 0 best validation mae = 2.778221 on epoch 253
Model 0 test mae = 2.746305
Ensemble test mae = 2.746305
Fold 7
Model 0 best validation mae = 2.594956 on epoch 83
Model 0 test mae = 2.813396
Ensemble test mae = 2.813396
Fold 8
Model 0 best validation mae = 2.532131 on epoch 260
Model 0 test mae = 2.768143
Ensemble test mae = 2.768143
Fold 9
Model 0 best validation mae = 2.587059 on epoch 31
Model 0 test mae = 2.813352
Ensemble test mae = 2.813352
10-fold cross validation
	Seed 0 ==> test mae = 2.836435
	Seed 1 ==> test mae = 2.916582
	Seed 2 ==> test mae = 2.612299
	Seed 3 ==> test mae = 2.701530
	Seed 4 ==> test mae = 2.577492
	Seed 5 ==> test mae = 2.673053
	Seed 6 ==> test mae = 2.746305
	Seed 7 ==> test mae = 2.813396
	Seed 8 ==> test mae = 2.768143
	Seed 9 ==> test mae = 2.813352
Overall test mae = 2.745859 +/- 0.100207
Elapsed time = 5:14:36
