Fold 0
Model 0 best validation mae = 2.750246 on epoch 66
Model 0 test mae = 2.512190
Ensemble test mae = 2.512190
Fold 1
Model 0 best validation mae = 2.723434 on epoch 64
Model 0 test mae = 2.816852
Ensemble test mae = 2.816852
Fold 2
Model 0 best validation mae = 2.542975 on epoch 72
Model 0 test mae = 2.652646
Ensemble test mae = 2.652646
Fold 3
Model 0 best validation mae = 2.598869 on epoch 57
Model 0 test mae = 2.738937
Ensemble test mae = 2.738937
Fold 4
Model 0 best validation mae = 2.651296 on epoch 147
Model 0 test mae = 2.887058
Ensemble test mae = 2.887058
Fold 5
Model 0 best validation mae = 2.893083 on epoch 55
Model 0 test mae = 2.841935
Ensemble test mae = 2.841935
Fold 6
Model 0 best validation mae = 2.736525 on epoch 70
Model 0 test mae = 2.843278
Ensemble test mae = 2.843278
Fold 7
Model 0 best validation mae = 2.544534 on epoch 60
Model 0 test mae = 2.662073
Ensemble test mae = 2.662073
Fold 8
Model 0 best validation mae = 2.752554 on epoch 70
Model 0 test mae = 2.562742
Ensemble test mae = 2.562742
Fold 9
Model 0 best validation mae = 2.510886 on epoch 91
Model 0 test mae = 2.818521
Ensemble test mae = 2.818521
10-fold cross validation
	Seed 0 ==> test mae = 2.512190
	Seed 1 ==> test mae = 2.816852
	Seed 2 ==> test mae = 2.652646
	Seed 3 ==> test mae = 2.738937
	Seed 4 ==> test mae = 2.887058
	Seed 5 ==> test mae = 2.841935
	Seed 6 ==> test mae = 2.843278
	Seed 7 ==> test mae = 2.662073
	Seed 8 ==> test mae = 2.562742
	Seed 9 ==> test mae = 2.818521
Overall test mae = 2.733623 +/- 0.123033
Elapsed time = 10:33:43
