Fold 0
Model 0 best validation mae = 2.336604 on epoch 95
Model 0 test mae = 2.624495
Ensemble test mae = 2.624495
Fold 1
Model 0 best validation mae = 2.795600 on epoch 60
Model 0 test mae = 2.677227
Ensemble test mae = 2.677227
Fold 2
Model 0 best validation mae = 2.699119 on epoch 85
Model 0 test mae = 2.552021
Ensemble test mae = 2.552021
Fold 3
Model 0 best validation mae = 2.378649 on epoch 80
Model 0 test mae = 2.871262
Ensemble test mae = 2.871262
Fold 4
Model 0 best validation mae = 2.549280 on epoch 125
Model 0 test mae = 3.015531
Ensemble test mae = 3.015531
Fold 5
Model 0 best validation mae = 2.510334 on epoch 55
Model 0 test mae = 2.699590
Ensemble test mae = 2.699590
Fold 6
Model 0 best validation mae = 2.578894 on epoch 51
Model 0 test mae = 2.794935
Ensemble test mae = 2.794935
Fold 7
Model 0 best validation mae = 2.523362 on epoch 72
Model 0 test mae = 2.429569
Ensemble test mae = 2.429569
Fold 8
Model 0 best validation mae = 2.747429 on epoch 85
Model 0 test mae = 2.563390
Ensemble test mae = 2.563390
Fold 9
Model 0 best validation mae = 2.678277 on epoch 59
Model 0 test mae = 2.662239
Ensemble test mae = 2.662239
10-fold cross validation
	Seed 0 ==> test mae = 2.624495
	Seed 1 ==> test mae = 2.677227
	Seed 2 ==> test mae = 2.552021
	Seed 3 ==> test mae = 2.871262
	Seed 4 ==> test mae = 3.015531
	Seed 5 ==> test mae = 2.699590
	Seed 6 ==> test mae = 2.794935
	Seed 7 ==> test mae = 2.429569
	Seed 8 ==> test mae = 2.563390
	Seed 9 ==> test mae = 2.662239
Overall test mae = 2.689026 +/- 0.160635
Elapsed time = 8:00:14
