Fold 0
Model 0 best validation mae = inf on epoch 0
Model 0 test mae = 1.983589
Ensemble test mae = 1.983589
Fold 1
Model 0 best validation mae = inf on epoch 0
Model 0 test mae = 1.894108
Ensemble test mae = 1.894108
Fold 2
Model 0 best validation mae = inf on epoch 0
Model 0 test mae = 1.894267
Ensemble test mae = 1.894267
Fold 3
Model 0 best validation mae = inf on epoch 0
Model 0 test mae = 1.894108
Ensemble test mae = 1.894108
Fold 4
Model 0 best validation mae = inf on epoch 0
Model 0 test mae = 1.894108
Ensemble test mae = 1.894108
Fold 5
Model 0 best validation mae = inf on epoch 0
Model 0 test mae = 1.782102
Ensemble test mae = 1.782102
Fold 6
Model 0 best validation mae = inf on epoch 0
Model 0 test mae = 1.782102
Ensemble test mae = 1.782102
Fold 7
Model 0 best validation mae = inf on epoch 0
Model 0 test mae = 1.931498
Ensemble test mae = 1.931498
Fold 8
Model 0 best validation mae = inf on epoch 0
Model 0 test mae = 1.894108
Ensemble test mae = 1.894108
Fold 9
Model 0 best validation mae = inf on epoch 0
Model 0 test mae = 1.983589
Ensemble test mae = 1.983589
10-fold cross validation
	Seed 0 ==> test mae = 1.983589
	Seed 1 ==> test mae = 1.894108
	Seed 2 ==> test mae = 1.894267
	Seed 3 ==> test mae = 1.894108
	Seed 4 ==> test mae = 1.894108
	Seed 5 ==> test mae = 1.782102
	Seed 6 ==> test mae = 1.782102
	Seed 7 ==> test mae = 1.931498
	Seed 8 ==> test mae = 1.894108
	Seed 9 ==> test mae = 1.983589
Overall test mae = 1.893358 +/- 0.065190
Elapsed time = 1:42:14
